==========================================
SLURM_JOB_ID = 668829
SLURM_NODELIST = gnode39
SLURM_JOB_GPUS = 0
==========================================
got patterns
sorted patterns
started allocation
Allocation accuracy: 320
total views sold: 1262045
Allocation accuracy new method: 320
0.0
got patterns
sorted patterns
started allocation
Allocation accuracy: 160
total views sold: 660710
Allocation accuracy new method: 160
('META_DATA_FILE_PATH', '/home/preetham_sathineni/adslot/web_page_meta_dict_adslots_1_dataset_bmspostxt.pkl')
/tmp/1651687446624.txt
Allocation accuracy: 67
total views sold: 422024
('META_DATA_FILE_PATH', '/home/preetham_sathineni/adslot/web_page_meta_dict_adslots_3_dataset_bmspostxt.pkl')
/tmp/1651687447718.txt
Allocation accuracy: 266
total views sold: 1184378
###############     ARGUMENTS     ############
['plot_results.py', '../test1/bmspos_minfreq_0.002_maxcs_1_maxor_0.01/patterns.txt', '../CMineMR-Mapreduce-algorithm-to-extract-coverage-patterns-master/dataset/bmspos.txt', '320', '4000', '3000', '3']
##############################################
web_page_to_adv_json_file : ./1651687050846.json
allocated_adslots_file: ./1651687050853.json
python alloc_fresh.py ../test1/bmspos_minfreq_0.002_maxcs_1_maxor_0.01/patterns.txt /home/preetham_sathineni/adslot/web_page_meta_dict_adslots_3_dataset_bmspostxt.pkl /home/preetham_sathineni/adslot/web_page_freq_sorted_adslots_3_dataset_bmspostxt.pkl 5320,2368,1586,5981,3499,2734,1841,4266,5599,5447,1721,3625,3180,3809,5353,1270,2641,1940,1050,6051,1858,4462,4561,5193,6199,6818,3109,5620,1564,5258,3806,1998,1722,1685,5969,1204,5077,3708,2435,5587,1923,6438,5430,5412,2080,6430,5040,4203,6394,4865,5859,6850,6602,4358,1234,1491,2830,6122,1622,4085,1395,6780,5959,1659,6222,2649,5500,3909,5414,3723,5508,1504,5945,4506,4835,4855,3591,5932,6098,3824,3784,3333,4360,2244,2642,1933,2640,4927,3297,3282,1452,4195,1256,6248,3901,3315,4250,6383,4972,2908,3250,3219,4407,5381,1814,5246,2938,3292,1863,6025,2894,5213,4242,3459,5755,3114,4293,3292,1862,4453,5337,2336,3857,4358,4151,1173,6971,1235,3517,2396,2326,1399,5817,5767,5989,4538,1534,1972,4283,6979,4962,6592,1280,4414,6034,1783,5826,2898,4700,6173,6852,1820,6607,1499,5230,6081,4716,5484,2105,6675,5054,3879,4915,6156,6401,5563,5162,3101,4107,3850,1153,6310,4226,4330,4836,3098,2873,5837,2158,2672,4595,2146,4802,2726,6820,3919,4599,6892,3490,1149,2506,2112,2888,3010,2605,4866,1083,5491,4023,6037,1297,5829,6446,6316,1856,5475,1430,4562,1957,1246,6980,6999,3803,4653,4856,3632,5192,2248,2528,4567,2071,1388,3868,2258,6218,4828,4208,1372,1425,6565,4300,3685,6028,3476,3736,4984,2619,1237,5089,2783,4111,1600,3681,1853,4875,6020,4170,1341,2873,5777,3363,5089,6279,2625,5894,2290,6121,1133,6646,3157,3992,4987,6990,6899,6365,3880,5459,2828,1852,1717,1004,5950,6089,3425,4435,4565,5456,4033,5272,4255,3243,1610,6061,2135,1711,3105,5804,1611,6936,1474,2227,2076,3728,2317,3900,3752,5948,1367,5333,3567,4848,4676,2545,1129,1117,5384,4491,5356,2836,2933,6334,6542,1168,1041,1510,2323,2042,5095,5867,1912 /tmp/1651687050857.txt 2 ./1651687050853.json ./1651687050846.json
AD REPEATABILITY OF OUR NEW METHOD : 320
0.17912

ALLOCATING WITH OUR OLD METHOD: 320
python alloc_fresh.py ../test1/bmspos_minfreq_0.002_maxcs_1_maxor_0.01/patterns.txt /home/preetham_sathineni/adslot/web_page_meta_dict_adslots_1_dataset_bmspostxt.pkl /home/preetham_sathineni/adslot/web_page_freq_sorted_adslots_1_dataset_bmspostxt.pkl 5320,2368,1586,5981,3499,2734,1841,4266,5599,5447,1721,3625,3180,3809,5353,1270,2641,1940,1050,6051,1858,4462,4561,5193,6199,6818,3109,5620,1564,5258,3806,1998,1722,1685,5969,1204,5077,3708,2435,5587,1923,6438,5430,5412,2080,6430,5040,4203,6394,4865,5859,6850,6602,4358,1234,1491,2830,6122,1622,4085,1395,6780,5959,1659,6222,2649,5500,3909,5414,3723,5508,1504,5945,4506,4835,4855,3591,5932,6098,3824,3784,3333,4360,2244,2642,1933,2640,4927,3297,3282,1452,4195,1256,6248,3901,3315,4250,6383,4972,2908,3250,3219,4407,5381,1814,5246,2938,3292,1863,6025,2894,5213,4242,3459,5755,3114,4293,3292,1862,4453,5337,2336,3857,4358,4151,1173,6971,1235,3517,2396,2326,1399,5817,5767,5989,4538,1534,1972,4283,6979,4962,6592,1280,4414,6034,1783,5826,2898,4700,6173,6852,1820,6607,1499,5230,6081,4716,5484,2105,6675,5054,3879,4915,6156,6401,5563,5162,3101,4107,3850,1153,6310,4226,4330,4836,3098,2873,5837,2158,2672,4595,2146,4802,2726,6820,3919,4599,6892,3490,1149,2506,2112,2888,3010,2605,4866,1083,5491,4023,6037,1297,5829,6446,6316,1856,5475,1430,4562,1957,1246,6980,6999,3803,4653,4856,3632,5192,2248,2528,4567,2071,1388,3868,2258,6218,4828,4208,1372,1425,6565,4300,3685,6028,3476,3736,4984,2619,1237,5089,2783,4111,1600,3681,1853,4875,6020,4170,1341,2873,5777,3363,5089,6279,2625,5894,2290,6121,1133,6646,3157,3992,4987,6990,6899,6365,3880,5459,2828,1852,1717,1004,5950,6089,3425,4435,4565,5456,4033,5272,4255,3243,1610,6061,2135,1711,3105,5804,1611,6936,1474,2227,2076,3728,2317,3900,3752,5948,1367,5333,3567,4848,4676,2545,1129,1117,5384,4491,5356,2836,2933,6334,6542,1168,1041,1510,2323,2042,5095,5867,1912 /tmp/1651687317360.txt 2 ./1651687050853.json ./1651687050846.json
AD REPEATABILITY OF ONE-SLOT METHOD : 320
0.18362

[One slot] ALLOCATING WITH RANDOM METHOD: 320
0.35437

[Multi slots] ALLOCATING WITH RANDOM METHOD: 320
AD REPEATABILITY OF RANDOM METHOD: 320
0.89992

allocated
{'VFS_one_method': [0], 'VFS_multi_method': [0], 'new_method': [320], 'oneslot_method': [160]}
adrepp
{'VFS_one_method': ['0.35437'], 'VFS_multi_method': ['0.89992'], 'new_method': ['0.17912'], 'oneslot_method': ['0.18362']}
revenue
{'VFS_one_method': [], 'VFS_multi_method': [], 'new_method': [], 'oneslot_method': []}
got patterns
sorted patterns
started allocation
Allocation accuracy: 340
total views sold: 1361222
Allocation accuracy new method: 340
0.0
got patterns
sorted patterns
started allocation
Allocation accuracy: 151
total views sold: 653531
Allocation accuracy new method: 151
('META_DATA_FILE_PATH', '/home/preetham_sathineni/adslot/web_page_meta_dict_adslots_1_dataset_bmspostxt.pkl')
/tmp/1651687846606.txt
Allocation accuracy: 64
total views sold: 415228
('META_DATA_FILE_PATH', '/home/preetham_sathineni/adslot/web_page_meta_dict_adslots_3_dataset_bmspostxt.pkl')
/tmp/1651687847571.txt
Allocation accuracy: 247
total views sold: 1190723
###############     ARGUMENTS     ############
['plot_results.py', '../test1/bmspos_minfreq_0.002_maxcs_1_maxor_0.01/patterns.txt', '../CMineMR-Mapreduce-algorithm-to-extract-coverage-patterns-master/dataset/bmspos.txt', '340', '4000', '3000', '3']
##############################################
web_page_to_adv_json_file : ./1651687450195.json
allocated_adslots_file: ./1651687450200.json
python alloc_fresh.py ../test1/bmspos_minfreq_0.002_maxcs_1_maxor_0.01/patterns.txt /home/preetham_sathineni/adslot/web_page_meta_dict_adslots_3_dataset_bmspostxt.pkl /home/preetham_sathineni/adslot/web_page_freq_sorted_adslots_3_dataset_bmspostxt.pkl 6074,2693,2904,6305,4261,2934,6867,4923,3088,2373,3702,4934,3252,1288,1491,5398,2818,5743,3161,1997,3546,2027,4297,4568,3771,2152,4348,3114,2470,1905,5394,2696,4881,6563,6625,3423,5472,2944,2262,5875,2730,3170,4456,1023,6152,1309,4496,2619,2179,1462,6471,6205,4834,6792,6382,2309,3861,2233,2437,6277,6423,4779,4469,3366,1233,5079,6019,4737,3411,4530,6262,6673,3083,5150,2500,4202,5493,6030,1132,4744,1334,4524,4100,3267,5600,1953,2418,6281,3389,6766,4446,5604,5264,2674,1748,1450,4248,1100,2621,4887,4071,2128,4537,4778,5405,2589,6390,6981,4229,5212,6970,2193,2420,1752,5810,3812,5974,3939,3365,3650,2634,5953,3979,2051,3573,6758,2399,4309,4865,5732,2332,2473,1526,4374,6873,1848,4084,6032,6756,3505,3844,5016,4645,3019,3162,6687,3965,2527,4838,2734,3266,3666,4064,6757,3181,6785,1471,3184,1128,4924,6565,5249,2236,3743,5094,6468,3113,1786,4287,5152,4758,1179,6254,2855,3612,1996,1691,6276,3795,3958,2433,4310,3038,2626,5694,3462,1906,5684,6929,5131,1979,1029,6991,3708,4981,4247,5795,2458,1152,1583,3987,6355,1086,5917,6431,2350,5823,6250,1805,3807,1404,5944,6639,6814,1483,4993,1905,4514,1853,2247,1294,3335,1555,6032,6987,1846,1998,6514,4754,1283,2309,5203,5258,6931,6073,4777,6439,1013,4970,3492,5985,1401,2882,2666,2003,6346,6833,3449,5485,2126,1198,5404,4038,2232,1622,6378,6921,1414,5250,5004,3034,2132,1595,4383,1024,6637,2239,1304,4136,4832,4545,2352,2707,5813,2537,2869,5071,3954,6368,1601,3755,1774,1148,5796,4112,5805,2770,5196,5922,3337,6616,5985,3335,5835,2172,2029,6320,2026,1246,5536,6217,6687,2663,5862,6604,2433,3304,5945,3134,2159,5741,3344,2372,6921,2634,4930,4503,4068,5329,4626,3500,3509,4053,4957,5071,4226,4540,2443,6485,1091,4491,1345,4925,3636,4832,4585,6949,3558,4736,3407 /tmp/1651687450204.txt 2 ./1651687450200.json ./1651687450195.json
AD REPEATABILITY OF OUR NEW METHOD : 340
0.18552

ALLOCATING WITH OUR OLD METHOD: 340
python alloc_fresh.py ../test1/bmspos_minfreq_0.002_maxcs_1_maxor_0.01/patterns.txt /home/preetham_sathineni/adslot/web_page_meta_dict_adslots_1_dataset_bmspostxt.pkl /home/preetham_sathineni/adslot/web_page_freq_sorted_adslots_1_dataset_bmspostxt.pkl 6074,2693,2904,6305,4261,2934,6867,4923,3088,2373,3702,4934,3252,1288,1491,5398,2818,5743,3161,1997,3546,2027,4297,4568,3771,2152,4348,3114,2470,1905,5394,2696,4881,6563,6625,3423,5472,2944,2262,5875,2730,3170,4456,1023,6152,1309,4496,2619,2179,1462,6471,6205,4834,6792,6382,2309,3861,2233,2437,6277,6423,4779,4469,3366,1233,5079,6019,4737,3411,4530,6262,6673,3083,5150,2500,4202,5493,6030,1132,4744,1334,4524,4100,3267,5600,1953,2418,6281,3389,6766,4446,5604,5264,2674,1748,1450,4248,1100,2621,4887,4071,2128,4537,4778,5405,2589,6390,6981,4229,5212,6970,2193,2420,1752,5810,3812,5974,3939,3365,3650,2634,5953,3979,2051,3573,6758,2399,4309,4865,5732,2332,2473,1526,4374,6873,1848,4084,6032,6756,3505,3844,5016,4645,3019,3162,6687,3965,2527,4838,2734,3266,3666,4064,6757,3181,6785,1471,3184,1128,4924,6565,5249,2236,3743,5094,6468,3113,1786,4287,5152,4758,1179,6254,2855,3612,1996,1691,6276,3795,3958,2433,4310,3038,2626,5694,3462,1906,5684,6929,5131,1979,1029,6991,3708,4981,4247,5795,2458,1152,1583,3987,6355,1086,5917,6431,2350,5823,6250,1805,3807,1404,5944,6639,6814,1483,4993,1905,4514,1853,2247,1294,3335,1555,6032,6987,1846,1998,6514,4754,1283,2309,5203,5258,6931,6073,4777,6439,1013,4970,3492,5985,1401,2882,2666,2003,6346,6833,3449,5485,2126,1198,5404,4038,2232,1622,6378,6921,1414,5250,5004,3034,2132,1595,4383,1024,6637,2239,1304,4136,4832,4545,2352,2707,5813,2537,2869,5071,3954,6368,1601,3755,1774,1148,5796,4112,5805,2770,5196,5922,3337,6616,5985,3335,5835,2172,2029,6320,2026,1246,5536,6217,6687,2663,5862,6604,2433,3304,5945,3134,2159,5741,3344,2372,6921,2634,4930,4503,4068,5329,4626,3500,3509,4053,4957,5071,4226,4540,2443,6485,1091,4491,1345,4925,3636,4832,4585,6949,3558,4736,3407 /tmp/1651687729708.txt 2 ./1651687450200.json ./1651687450195.json
AD REPEATABILITY OF ONE-SLOT METHOD : 340
0.18949

[One slot] ALLOCATING WITH RANDOM METHOD: 340
0.39147

[Multi slots] ALLOCATING WITH RANDOM METHOD: 340
AD REPEATABILITY OF RANDOM METHOD: 340
0.97717

allocated
{'VFS_one_method': [0], 'VFS_multi_method': [0], 'new_method': [340], 'oneslot_method': [151]}
adrepp
{'VFS_one_method': ['0.39147'], 'VFS_multi_method': ['0.97717'], 'new_method': ['0.18552'], 'oneslot_method': ['0.18949']}
revenue
{'VFS_one_method': [], 'VFS_multi_method': [], 'new_method': [], 'oneslot_method': []}
got patterns
sorted patterns
started allocation
Allocation accuracy: 360
total views sold: 1473771
Allocation accuracy new method: 360
0.0
got patterns
sorted patterns
started allocation
Allocation accuracy: 152
total views sold: 652529
Allocation accuracy new method: 152
('META_DATA_FILE_PATH', '/home/preetham_sathineni/adslot/web_page_meta_dict_adslots_1_dataset_bmspostxt.pkl')
/tmp/1651688242623.txt
Allocation accuracy: 64
total views sold: 413636
('META_DATA_FILE_PATH', '/home/preetham_sathineni/adslot/web_page_meta_dict_adslots_3_dataset_bmspostxt.pkl')
/tmp/1651688243593.txt
Allocation accuracy: 221
total views sold: 1160104
###############     ARGUMENTS     ############
['plot_results.py', '../test1/bmspos_minfreq_0.002_maxcs_1_maxor_0.01/patterns.txt', '../CMineMR-Mapreduce-algorithm-to-extract-coverage-patterns-master/dataset/bmspos.txt', '360', '4000', '3000', '3']
##############################################
web_page_to_adv_json_file : ./1651687849979.json
allocated_adslots_file: ./1651687849982.json
python alloc_fresh.py ../test1/bmspos_minfreq_0.002_maxcs_1_maxor_0.01/patterns.txt /home/preetham_sathineni/adslot/web_page_meta_dict_adslots_3_dataset_bmspostxt.pkl /home/preetham_sathineni/adslot/web_page_freq_sorted_adslots_3_dataset_bmspostxt.pkl 4742,6625,5757,5019,2635,6896,3030,4850,6626,5699,1481,5437,4463,5877,2379,5581,2907,1269,6153,5033,6666,4441,1808,3647,2327,2753,2499,5894,1928,1834,1884,4404,2708,3515,6701,3154,4599,6660,6113,5604,4097,6924,4017,6397,5773,2140,5821,2958,3549,6111,5824,4354,3929,4847,2523,2359,6574,6787,1709,6426,6539,3743,3543,2453,3240,4658,4361,5540,4071,6602,1331,4575,2765,5267,5361,2441,5091,4574,1075,4415,6405,5670,5357,3850,5708,5215,2753,2170,3704,1650,3234,6317,3152,5540,6267,2334,3031,3817,2128,6182,6667,4496,6617,3797,3430,5705,5835,1602,4239,6564,1680,6897,4065,1711,5182,4836,3335,3338,2951,3271,2858,5696,5627,3637,4896,5626,5444,5667,2711,5788,4749,2629,6010,4228,1879,6003,5878,5367,2685,2240,2629,2940,6258,1742,5877,4635,4022,1964,6256,1868,2816,4241,5121,4251,2802,1307,6679,4901,2597,3037,6600,3144,6719,3840,3073,2801,2965,1214,6828,5145,4881,1975,2601,2354,5878,4313,2690,1396,6739,3989,6020,4546,2163,4064,5361,2108,6096,3261,1364,5964,5283,1815,4866,1111,2412,5958,5073,3887,6054,4125,2003,4426,5013,3142,3056,1937,3054,6624,6544,2471,2269,5805,2084,1397,1838,3459,1792,3494,2417,2022,5286,6175,4101,6263,1266,5999,2340,5846,3433,5561,3401,4300,3150,6570,6366,3131,4969,2604,4079,6933,2902,6377,4374,5367,1022,1516,5082,2657,2320,1972,5395,2697,1214,2317,2106,5994,3656,4408,4739,1623,1735,6094,1182,2029,3094,4581,1249,4707,1178,4475,6574,3615,3321,2390,5300,4914,5126,1071,6630,3104,6772,3320,6407,2046,4610,6140,1522,6405,3571,3482,5463,3852,4438,3163,5987,5677,2575,2964,3003,4996,4876,4130,6826,2247,6249,4095,5006,6138,3495,1941,1471,4808,1312,3091,3687,3565,6419,1249,4540,3682,1415,6414,3977,3765,4923,6779,5801,3069,3014,6316,4591,6382,5639,2835,1670,1563,4361,5752,6335,1270,1930,1451,2419,1600,1720,5475,1292,5844,4620,2533,4584,4737,6608,6445,5527,4852,6874,5924,2902,5315 /tmp/1651687849986.txt 2 ./1651687849982.json ./1651687849979.json
AD REPEATABILITY OF OUR NEW METHOD : 360
0.26757

ALLOCATING WITH OUR OLD METHOD: 360
python alloc_fresh.py ../test1/bmspos_minfreq_0.002_maxcs_1_maxor_0.01/patterns.txt /home/preetham_sathineni/adslot/web_page_meta_dict_adslots_1_dataset_bmspostxt.pkl /home/preetham_sathineni/adslot/web_page_freq_sorted_adslots_1_dataset_bmspostxt.pkl 4742,6625,5757,5019,2635,6896,3030,4850,6626,5699,1481,5437,4463,5877,2379,5581,2907,1269,6153,5033,6666,4441,1808,3647,2327,2753,2499,5894,1928,1834,1884,4404,2708,3515,6701,3154,4599,6660,6113,5604,4097,6924,4017,6397,5773,2140,5821,2958,3549,6111,5824,4354,3929,4847,2523,2359,6574,6787,1709,6426,6539,3743,3543,2453,3240,4658,4361,5540,4071,6602,1331,4575,2765,5267,5361,2441,5091,4574,1075,4415,6405,5670,5357,3850,5708,5215,2753,2170,3704,1650,3234,6317,3152,5540,6267,2334,3031,3817,2128,6182,6667,4496,6617,3797,3430,5705,5835,1602,4239,6564,1680,6897,4065,1711,5182,4836,3335,3338,2951,3271,2858,5696,5627,3637,4896,5626,5444,5667,2711,5788,4749,2629,6010,4228,1879,6003,5878,5367,2685,2240,2629,2940,6258,1742,5877,4635,4022,1964,6256,1868,2816,4241,5121,4251,2802,1307,6679,4901,2597,3037,6600,3144,6719,3840,3073,2801,2965,1214,6828,5145,4881,1975,2601,2354,5878,4313,2690,1396,6739,3989,6020,4546,2163,4064,5361,2108,6096,3261,1364,5964,5283,1815,4866,1111,2412,5958,5073,3887,6054,4125,2003,4426,5013,3142,3056,1937,3054,6624,6544,2471,2269,5805,2084,1397,1838,3459,1792,3494,2417,2022,5286,6175,4101,6263,1266,5999,2340,5846,3433,5561,3401,4300,3150,6570,6366,3131,4969,2604,4079,6933,2902,6377,4374,5367,1022,1516,5082,2657,2320,1972,5395,2697,1214,2317,2106,5994,3656,4408,4739,1623,1735,6094,1182,2029,3094,4581,1249,4707,1178,4475,6574,3615,3321,2390,5300,4914,5126,1071,6630,3104,6772,3320,6407,2046,4610,6140,1522,6405,3571,3482,5463,3852,4438,3163,5987,5677,2575,2964,3003,4996,4876,4130,6826,2247,6249,4095,5006,6138,3495,1941,1471,4808,1312,3091,3687,3565,6419,1249,4540,3682,1415,6414,3977,3765,4923,6779,5801,3069,3014,6316,4591,6382,5639,2835,1670,1563,4361,5752,6335,1270,1930,1451,2419,1600,1720,5475,1292,5844,4620,2533,4584,4737,6608,6445,5527,4852,6874,5924,2902,5315 /tmp/1651688124566.txt 2 ./1651687849982.json ./1651687849979.json
AD REPEATABILITY OF ONE-SLOT METHOD : 360
0.18925

[One slot] ALLOCATING WITH RANDOM METHOD: 360
0.37387

[Multi slots] ALLOCATING WITH RANDOM METHOD: 360
AD REPEATABILITY OF RANDOM METHOD: 360
1.10285

allocated
{'VFS_one_method': [0], 'VFS_multi_method': [0], 'new_method': [360], 'oneslot_method': [152]}
adrepp
{'VFS_one_method': ['0.37387'], 'VFS_multi_method': ['1.10285'], 'new_method': ['0.26757'], 'oneslot_method': ['0.18925']}
revenue
{'VFS_one_method': [], 'VFS_multi_method': [], 'new_method': [], 'oneslot_method': []}
got patterns
sorted patterns
started allocation
Allocation accuracy: 380
total views sold: 1465370
Allocation accuracy new method: 380
0.0
got patterns
sorted patterns
started allocation
Allocation accuracy: 168
total views sold: 671688
Allocation accuracy new method: 168
('META_DATA_FILE_PATH', '/home/preetham_sathineni/adslot/web_page_meta_dict_adslots_1_dataset_bmspostxt.pkl')
/tmp/1651688615414.txt
Allocation accuracy: 69
total views sold: 434158
('META_DATA_FILE_PATH', '/home/preetham_sathineni/adslot/web_page_meta_dict_adslots_3_dataset_bmspostxt.pkl')
/tmp/1651688616365.txt
Allocation accuracy: 237
total views sold: 1176543
###############     ARGUMENTS     ############
['plot_results.py', '../test1/bmspos_minfreq_0.002_maxcs_1_maxor_0.01/patterns.txt', '../CMineMR-Mapreduce-algorithm-to-extract-coverage-patterns-master/dataset/bmspos.txt', '380', '4000', '3000', '3']
##############################################
web_page_to_adv_json_file : ./1651688245955.json
allocated_adslots_file: ./1651688245960.json
python alloc_fresh.py ../test1/bmspos_minfreq_0.002_maxcs_1_maxor_0.01/patterns.txt /home/preetham_sathineni/adslot/web_page_meta_dict_adslots_3_dataset_bmspostxt.pkl /home/preetham_sathineni/adslot/web_page_freq_sorted_adslots_3_dataset_bmspostxt.pkl 3032,2144,4512,4399,5513,2041,4083,1935,6242,1696,6446,5375,3930,2796,1099,3665,2431,3887,3668,1069,4823,5228,2476,1859,3540,2297,2336,6347,6579,4115,4757,6263,4835,5679,2708,4250,2876,6965,2285,1667,5209,5827,2927,2870,3544,5372,4337,1842,2405,3620,3467,4244,3011,1482,3095,1157,3527,3706,4414,4592,1395,6217,5170,5158,5728,4103,2291,6893,2070,5017,1612,5945,5336,1088,4212,1402,2116,6061,4231,3359,5167,2826,4267,1944,6093,3363,6939,1818,1179,5626,3814,1316,5498,3868,3590,4167,1493,6661,1021,3039,5533,5834,4163,6427,5591,3817,4399,3064,4307,1009,3676,5855,5531,3359,6420,5086,1991,6426,1220,5106,3060,4112,4146,4140,4791,4473,1185,1695,3115,3718,4250,1009,1368,3046,3504,3432,2864,3010,5199,5382,4159,1275,5861,4575,1953,6710,1488,1145,5897,1582,5352,2314,6552,5118,4821,2822,4295,3682,4867,1748,1763,1455,4390,5658,2738,3305,5453,1975,2138,1130,6618,1132,2587,5144,3348,6584,3070,6395,1530,4300,2814,3939,5866,2056,5982,2386,1893,5630,4266,6450,1682,4580,6761,5988,4372,6594,4230,6118,4706,3320,6635,6011,5078,5384,4632,2259,2097,1742,2118,2885,6863,1400,6756,2046,6083,4789,6320,6569,5480,2310,1971,2407,5400,4028,1367,4244,1119,2665,2080,2093,5994,3571,3236,6560,5087,5009,2556,5145,3489,4840,4473,6862,5346,4764,3279,5702,1024,4114,6325,5546,4428,2623,5673,2758,1768,3097,3639,1079,1690,4189,2278,2392,3248,1659,3492,2324,5789,4441,2849,3347,4056,5175,4672,4451,2731,4297,1218,4985,2452,2636,6169,1276,3096,2482,3840,3419,2988,1679,5916,4674,5026,6648,4073,4770,2848,4195,1913,4277,1184,4151,4435,4058,2490,1274,4720,6225,3697,2130,2777,3773,1052,6167,3430,6853,1838,1864,5891,5675,4348,2463,1024,5394,1843,5304,2101,6077,2864,3440,4432,3654,1394,4539,6144,6810,4709,1750,3690,1614,4475,5197,4681,4888,6650,3172,1616,5570,1469,4960,3306,6379,2265,2061,5757,5628,6439,5010,5603,4945,1471,4972,2746,3443,5789,2269,1279,3311,4782,3005,1048,4043,5950,6433,1518,2250,1692,6821,5329,2255,6056,6617 /tmp/1651688245964.txt 2 ./1651688245960.json ./1651688245955.json
AD REPEATABILITY OF OUR NEW METHOD : 380
0.23807

ALLOCATING WITH OUR OLD METHOD: 380
python alloc_fresh.py ../test1/bmspos_minfreq_0.002_maxcs_1_maxor_0.01/patterns.txt /home/preetham_sathineni/adslot/web_page_meta_dict_adslots_1_dataset_bmspostxt.pkl /home/preetham_sathineni/adslot/web_page_freq_sorted_adslots_1_dataset_bmspostxt.pkl 3032,2144,4512,4399,5513,2041,4083,1935,6242,1696,6446,5375,3930,2796,1099,3665,2431,3887,3668,1069,4823,5228,2476,1859,3540,2297,2336,6347,6579,4115,4757,6263,4835,5679,2708,4250,2876,6965,2285,1667,5209,5827,2927,2870,3544,5372,4337,1842,2405,3620,3467,4244,3011,1482,3095,1157,3527,3706,4414,4592,1395,6217,5170,5158,5728,4103,2291,6893,2070,5017,1612,5945,5336,1088,4212,1402,2116,6061,4231,3359,5167,2826,4267,1944,6093,3363,6939,1818,1179,5626,3814,1316,5498,3868,3590,4167,1493,6661,1021,3039,5533,5834,4163,6427,5591,3817,4399,3064,4307,1009,3676,5855,5531,3359,6420,5086,1991,6426,1220,5106,3060,4112,4146,4140,4791,4473,1185,1695,3115,3718,4250,1009,1368,3046,3504,3432,2864,3010,5199,5382,4159,1275,5861,4575,1953,6710,1488,1145,5897,1582,5352,2314,6552,5118,4821,2822,4295,3682,4867,1748,1763,1455,4390,5658,2738,3305,5453,1975,2138,1130,6618,1132,2587,5144,3348,6584,3070,6395,1530,4300,2814,3939,5866,2056,5982,2386,1893,5630,4266,6450,1682,4580,6761,5988,4372,6594,4230,6118,4706,3320,6635,6011,5078,5384,4632,2259,2097,1742,2118,2885,6863,1400,6756,2046,6083,4789,6320,6569,5480,2310,1971,2407,5400,4028,1367,4244,1119,2665,2080,2093,5994,3571,3236,6560,5087,5009,2556,5145,3489,4840,4473,6862,5346,4764,3279,5702,1024,4114,6325,5546,4428,2623,5673,2758,1768,3097,3639,1079,1690,4189,2278,2392,3248,1659,3492,2324,5789,4441,2849,3347,4056,5175,4672,4451,2731,4297,1218,4985,2452,2636,6169,1276,3096,2482,3840,3419,2988,1679,5916,4674,5026,6648,4073,4770,2848,4195,1913,4277,1184,4151,4435,4058,2490,1274,4720,6225,3697,2130,2777,3773,1052,6167,3430,6853,1838,1864,5891,5675,4348,2463,1024,5394,1843,5304,2101,6077,2864,3440,4432,3654,1394,4539,6144,6810,4709,1750,3690,1614,4475,5197,4681,4888,6650,3172,1616,5570,1469,4960,3306,6379,2265,2061,5757,5628,6439,5010,5603,4945,1471,4972,2746,3443,5789,2269,1279,3311,4782,3005,1048,4043,5950,6433,1518,2250,1692,6821,5329,2255,6056,6617 /tmp/1651688498873.txt 2 ./1651688245960.json ./1651688245955.json
AD REPEATABILITY OF ONE-SLOT METHOD : 380
0.18177

[One slot] ALLOCATING WITH RANDOM METHOD: 380
0.31958

[Multi slots] ALLOCATING WITH RANDOM METHOD: 380
AD REPEATABILITY OF RANDOM METHOD: 380
0.97607

allocated
{'VFS_one_method': [0], 'VFS_multi_method': [0], 'new_method': [380], 'oneslot_method': [168]}
adrepp
{'VFS_one_method': ['0.31958'], 'VFS_multi_method': ['0.97607'], 'new_method': ['0.23807'], 'oneslot_method': ['0.18177']}
revenue
{'VFS_one_method': [], 'VFS_multi_method': [], 'new_method': [], 'oneslot_method': []}
got patterns
sorted patterns
started allocation
Allocation accuracy: 400
total views sold: 1649298
Allocation accuracy new method: 400
0.0
got patterns
sorted patterns
started allocation
Allocation accuracy: 155
total views sold: 653209
Allocation accuracy new method: 155
('META_DATA_FILE_PATH', '/home/preetham_sathineni/adslot/web_page_meta_dict_adslots_1_dataset_bmspostxt.pkl')
/tmp/1651689002918.txt
Allocation accuracy: 65
total views sold: 422688
('META_DATA_FILE_PATH', '/home/preetham_sathineni/adslot/web_page_meta_dict_adslots_3_dataset_bmspostxt.pkl')
/tmp/1651689003879.txt
Allocation accuracy: 222
total views sold: 1206499
###############     ARGUMENTS     ############
['plot_results.py', '../test1/bmspos_minfreq_0.002_maxcs_1_maxor_0.01/patterns.txt', '../CMineMR-Mapreduce-algorithm-to-extract-coverage-patterns-master/dataset/bmspos.txt', '400', '4000', '3000', '3']
##############################################
web_page_to_adv_json_file : ./1651688618617.json
allocated_adslots_file: ./1651688618622.json
python alloc_fresh.py ../test1/bmspos_minfreq_0.002_maxcs_1_maxor_0.01/patterns.txt /home/preetham_sathineni/adslot/web_page_meta_dict_adslots_3_dataset_bmspostxt.pkl /home/preetham_sathineni/adslot/web_page_freq_sorted_adslots_3_dataset_bmspostxt.pkl 4500,1305,2924,5510,1644,5689,2750,3622,1616,6651,4057,2701,5119,2886,3647,2130,3199,4234,4456,1735,6533,5957,5706,4377,1901,1889,5942,3611,1599,3590,1074,4299,4077,1967,1015,2925,1758,1607,1942,4616,3522,1517,5020,4676,3861,2163,5381,6820,3946,4687,1992,2678,4118,1444,5948,1952,2681,4650,2018,4250,6155,2794,6466,6537,5348,4141,3345,3682,5447,4613,5689,3361,4563,2143,4872,6203,5423,5916,5400,4060,3758,3120,6757,6708,3012,3500,1653,3549,4446,1656,4389,1088,4667,4293,2920,5893,3461,3669,1539,3479,1529,1889,1481,4253,5120,5112,4243,5225,3982,4092,1599,3728,6191,3579,2926,2395,3800,5539,2645,6153,2198,5903,3797,4665,6534,5329,4739,2902,3256,3747,1808,1596,5507,6046,6969,6936,5776,3287,2822,5940,2699,1362,1643,1923,1139,5119,2169,6476,2177,5417,6010,1951,4369,6397,5623,4220,3085,5107,2661,4614,2795,6553,5952,4285,1018,4977,6437,5232,4140,6695,6401,2699,1850,4064,4582,5455,3005,5673,3970,5498,4972,3397,3772,2137,4563,2031,2468,2723,2842,1226,4535,3920,4924,6997,4895,6322,3078,1167,2093,3372,2962,3972,3486,2585,3955,4526,2545,3017,6630,6084,4155,3820,6342,2027,2387,5834,5914,6133,1063,5909,5948,4215,3258,1458,1163,2876,1324,1938,4213,5045,3956,5794,6915,2711,4159,5139,4658,2297,3699,4482,2262,1451,2192,3432,6494,2916,6716,4982,5262,1918,4967,3100,5158,1499,2089,4405,6190,5501,6054,6160,4690,4340,4904,6308,2580,2480,6426,1628,3003,4924,6097,3758,2714,5835,3005,3279,2469,2298,5917,3419,6944,2332,3923,1842,5632,5164,4666,1028,5239,3564,5682,6886,5869,1848,6656,6737,5885,5176,4691,1347,1337,1775,3422,1612,6791,5228,5673,5189,5687,6223,1779,5631,6058,4147,4088,5829,6283,4464,3836,6159,5916,1342,5463,5368,2091,5587,3770,2116,6209,2411,2638,4556,5924,4418,5407,5786,4778,5091,4883,6937,6483,3129,1025,5730,6099,2898,6856,2240,4186,5157,3698,3717,4318,5460,5788,5883,6566,5885,5692,6748,2921,1002,3742,1979,5689,6985,6263,1260,2712,1929,6798,6741,1049,3712,6617,4074,1552,6682,5430,6782,5905,6647,4855,6231,4825,4758,5393,3267,6855,6950,4835,3867,3818,3868,1302,4243,2464,6006,3666,1724 /tmp/1651688618626.txt 2 ./1651688618622.json ./1651688618617.json
AD REPEATABILITY OF OUR NEW METHOD : 400
0.28197

ALLOCATING WITH OUR OLD METHOD: 400
python alloc_fresh.py ../test1/bmspos_minfreq_0.002_maxcs_1_maxor_0.01/patterns.txt /home/preetham_sathineni/adslot/web_page_meta_dict_adslots_1_dataset_bmspostxt.pkl /home/preetham_sathineni/adslot/web_page_freq_sorted_adslots_1_dataset_bmspostxt.pkl 4500,1305,2924,5510,1644,5689,2750,3622,1616,6651,4057,2701,5119,2886,3647,2130,3199,4234,4456,1735,6533,5957,5706,4377,1901,1889,5942,3611,1599,3590,1074,4299,4077,1967,1015,2925,1758,1607,1942,4616,3522,1517,5020,4676,3861,2163,5381,6820,3946,4687,1992,2678,4118,1444,5948,1952,2681,4650,2018,4250,6155,2794,6466,6537,5348,4141,3345,3682,5447,4613,5689,3361,4563,2143,4872,6203,5423,5916,5400,4060,3758,3120,6757,6708,3012,3500,1653,3549,4446,1656,4389,1088,4667,4293,2920,5893,3461,3669,1539,3479,1529,1889,1481,4253,5120,5112,4243,5225,3982,4092,1599,3728,6191,3579,2926,2395,3800,5539,2645,6153,2198,5903,3797,4665,6534,5329,4739,2902,3256,3747,1808,1596,5507,6046,6969,6936,5776,3287,2822,5940,2699,1362,1643,1923,1139,5119,2169,6476,2177,5417,6010,1951,4369,6397,5623,4220,3085,5107,2661,4614,2795,6553,5952,4285,1018,4977,6437,5232,4140,6695,6401,2699,1850,4064,4582,5455,3005,5673,3970,5498,4972,3397,3772,2137,4563,2031,2468,2723,2842,1226,4535,3920,4924,6997,4895,6322,3078,1167,2093,3372,2962,3972,3486,2585,3955,4526,2545,3017,6630,6084,4155,3820,6342,2027,2387,5834,5914,6133,1063,5909,5948,4215,3258,1458,1163,2876,1324,1938,4213,5045,3956,5794,6915,2711,4159,5139,4658,2297,3699,4482,2262,1451,2192,3432,6494,2916,6716,4982,5262,1918,4967,3100,5158,1499,2089,4405,6190,5501,6054,6160,4690,4340,4904,6308,2580,2480,6426,1628,3003,4924,6097,3758,2714,5835,3005,3279,2469,2298,5917,3419,6944,2332,3923,1842,5632,5164,4666,1028,5239,3564,5682,6886,5869,1848,6656,6737,5885,5176,4691,1347,1337,1775,3422,1612,6791,5228,5673,5189,5687,6223,1779,5631,6058,4147,4088,5829,6283,4464,3836,6159,5916,1342,5463,5368,2091,5587,3770,2116,6209,2411,2638,4556,5924,4418,5407,5786,4778,5091,4883,6937,6483,3129,1025,5730,6099,2898,6856,2240,4186,5157,3698,3717,4318,5460,5788,5883,6566,5885,5692,6748,2921,1002,3742,1979,5689,6985,6263,1260,2712,1929,6798,6741,1049,3712,6617,4074,1552,6682,5430,6782,5905,6647,4855,6231,4825,4758,5393,3267,6855,6950,4835,3867,3818,3868,1302,4243,2464,6006,3666,1724 /tmp/1651688882320.txt 2 ./1651688618622.json ./1651688618617.json
AD REPEATABILITY OF ONE-SLOT METHOD : 400
0.20693

[One slot] ALLOCATING WITH RANDOM METHOD: 400
0.42425

[Multi slots] ALLOCATING WITH RANDOM METHOD: 400
AD REPEATABILITY OF RANDOM METHOD: 400
1.01221

allocated
{'VFS_one_method': [0], 'VFS_multi_method': [0], 'new_method': [400], 'oneslot_method': [155]}
adrepp
{'VFS_one_method': ['0.42425'], 'VFS_multi_method': ['1.01221'], 'new_method': ['0.28197'], 'oneslot_method': ['0.20693']}
revenue
{'VFS_one_method': [], 'VFS_multi_method': [], 'new_method': [], 'oneslot_method': []}
