Loaded all files
got patterns
Required: 17995 Min: 502 Max: 28738 Allocate: 18250
Required: 17976 Min: 502 Max: 28738 Allocate: 18250
Required: 17939 Min: 502 Max: 28738 Allocate: 18250
Required: 17936 Min: 502 Max: 28738 Allocate: 18250
Required: 17925 Min: 502 Max: 28738 Allocate: 18250
Required: 17883 Min: 0 Max: 28738 Allocate: 18491
Required: 17876 Min: 0 Max: 28738 Allocate: 18491
Required: 17845 Min: 0 Max: 28738 Allocate: 18491
Required: 17810 Min: 0 Max: 28738 Allocate: 18491
Required: 17806 Min: 0 Max: 28738 Allocate: 18491
Required: 17790 Min: 0 Max: 28738 Allocate: 18921
Required: 17770 Min: 0 Max: 28738 Allocate: 18921
Required: 17737 Min: 0 Max: 28738 Allocate: 18921
Required: 17723 Min: 0 Max: 28738 Allocate: 18921
Required: 17713 Min: 0 Max: 28738 Allocate: 18921
Required: 17701 Min: 0 Max: 28738 Allocate: 19326
Required: 17691 Min: 0 Max: 28738 Allocate: 19326
Required: 17689 Min: 0 Max: 28738 Allocate: 19326
Required: 17649 Min: 0 Max: 28738 Allocate: 19326
Required: 17642 Min: 0 Max: 28738 Allocate: 19326
Required: 17642 Min: 0 Max: 28738 Allocate: 20125
Required: 17637 Min: 0 Max: 28738 Allocate: 20125
Required: 17577 Min: 0 Max: 28738 Allocate: 20125
Required: 17568 Min: 0 Max: 28738 Allocate: 20125
Required: 17556 Min: 0 Max: 28738 Allocate: 20125
Required: 17523 Min: 0 Max: 28738 Allocate: 20216
Required: 17492 Min: 0 Max: 28738 Allocate: 20216
Required: 17394 Min: 0 Max: 28738 Allocate: 17427
Required: 17382 Min: 0 Max: 28738 Allocate: 17427
Required: 17366 Min: 0 Max: 28738 Allocate: 17427
Required: 17360 Min: 0 Max: 28738 Allocate: 17427
Required: 17358 Min: 0 Max: 28738 Allocate: 17427
Required: 17357 Min: 0 Max: 28738 Allocate: 20216
Required: 17332 Min: 0 Max: 28738 Allocate: 17343
Required: 17317 Min: 0 Max: 28738 Allocate: 17343
Required: 17314 Min: 0 Max: 28738 Allocate: 17343
Required: 17309 Min: 0 Max: 28738 Allocate: 17343
Required: 17291 Min: 0 Max: 28738 Allocate: 17343
Required: 17266 Min: 0 Max: 28738 Allocate: 20216
Required: 17265 Min: 0 Max: 28738 Allocate: 20216
Required: 17265 Min: 0 Max: 28738 Allocate: 23121
Required: 17237 Min: 0 Max: 28738 Allocate: 23121
Required: 17227 Min: 0 Max: 28738 Allocate: 23121
Required: 17225 Min: 0 Max: 28738 Allocate: 23121
Required: 17210 Min: 0 Max: 28738 Allocate: 23121
Required: 17198 Min: 0 Max: 28738 Allocate: 17203
Required: 17196 Min: 0 Max: 28738 Allocate: 17203
Required: 17181 Min: 0 Max: 28738 Allocate: 17203
Required: 17181 Min: 0 Max: 28738 Allocate: 17203
Required: 17179 Min: 0 Max: 28738 Allocate: 17203
Required: 17171 Min: 0 Max: 28738 Allocate: 23384
Required: 17116 Min: 0 Max: 28738 Allocate: 17116
Required: 17092 Min: 0 Max: 28738 Allocate: 17116
Required: 17086 Min: 0 Max: 28738 Allocate: 17116
Required: 17067 Min: 0 Max: 28738 Allocate: 17116
Required: 17066 Min: 0 Max: 28738 Allocate: 17116
Required: 17059 Min: 0 Max: 28738 Allocate: 23384
Required: 16980 Min: 0 Max: 28738 Allocate: 23384
Required: 16935 Min: 0 Max: 28738 Allocate: 23384
Required: 16931 Min: 0 Max: 28738 Allocate: 23384
Required: 16905 Min: 0 Max: 28738 Allocate: 28738
Required: 16899 Min: 0 Max: 28738 Allocate: 28738
Required: 16850 Min: 0 Max: 28738 Allocate: 28738
Required: 16828 Min: 0 Max: 28738 Allocate: 28738
Required: 16815 Min: 0 Max: 28738 Allocate: 28738
Required: 16797 Min: 0 Max: 16638 Allocate: None
Required: 16794 Min: 0 Max: 16638 Allocate: None
Required: 16792 Min: 0 Max: 16638 Allocate: None
Required: 16783 Min: 0 Max: 16638 Allocate: None
Required: 16766 Min: 0 Max: 16638 Allocate: None
Required: 16725 Min: 0 Max: 16638 Allocate: None
Required: 16725 Min: 0 Max: 16638 Allocate: None
Required: 16695 Min: 0 Max: 16638 Allocate: None
Required: 16691 Min: 0 Max: 16638 Allocate: None
Required: 16687 Min: 0 Max: 16638 Allocate: None
Required: 16660 Min: 0 Max: 16638 Allocate: None
Required: 16642 Min: 0 Max: 16638 Allocate: None
Required: 16620 Min: 0 Max: 16638 Allocate: 16638
Required: 16596 Min: 0 Max: 16638 Allocate: 16638
Required: 16581 Min: 0 Max: 16638 Allocate: 16638
Required: 16534 Min: 0 Max: 16638 Allocate: 16638
Required: 16526 Min: 0 Max: 16638 Allocate: 16638
Required: 16499 Min: 0 Max: 16311 Allocate: None
Required: 16444 Min: 0 Max: 16311 Allocate: None
Required: 16435 Min: 0 Max: 16311 Allocate: None
Required: 16432 Min: 0 Max: 16311 Allocate: None
Required: 16398 Min: 0 Max: 16311 Allocate: None
Required: 16349 Min: 0 Max: 16311 Allocate: None
Required: 16316 Min: 0 Max: 16311 Allocate: None
Required: 16312 Min: 0 Max: 16311 Allocate: None
Required: 16311 Min: 0 Max: 16311 Allocate: 16311
Required: 16266 Min: 0 Max: 16311 Allocate: 16311
Required: 16219 Min: 0 Max: 16311 Allocate: 16311
Required: 16199 Min: 0 Max: 16311 Allocate: 16203
Required: 16153 Min: 0 Max: 16311 Allocate: 16203
Required: 16147 Min: 0 Max: 16311 Allocate: 16203
Required: 16128 Min: 0 Max: 16311 Allocate: 16203
Required: 16125 Min: 0 Max: 16311 Allocate: 16203
Required: 16119 Min: 0 Max: 16311 Allocate: 16311
Required: 16106 Min: 0 Max: 16311 Allocate: 16311
Required: 16081 Min: 0 Max: 16040 Allocate: None
Required: 16076 Min: 0 Max: 16040 Allocate: None
Required: 16064 Min: 0 Max: 16040 Allocate: None
Required: 16027 Min: 0 Max: 16040 Allocate: 16040
Required: 16002 Min: 0 Max: 16040 Allocate: 16040
Required: 15985 Min: 0 Max: 16040 Allocate: 16040
Required: 15969 Min: 0 Max: 16040 Allocate: 16040
Required: 15955 Min: 0 Max: 16040 Allocate: 16040
Required: 15906 Min: 0 Max: 15706 Allocate: None
Required: 15871 Min: 0 Max: 15706 Allocate: None
Required: 15831 Min: 0 Max: 15706 Allocate: None
Required: 15829 Min: 0 Max: 15706 Allocate: None
Required: 15819 Min: 0 Max: 15706 Allocate: None
Required: 15808 Min: 0 Max: 15706 Allocate: None
Required: 15807 Min: 0 Max: 15706 Allocate: None
Required: 15796 Min: 0 Max: 15706 Allocate: None
Required: 15776 Min: 0 Max: 15706 Allocate: None
Required: 15737 Min: 0 Max: 15706 Allocate: None
Required: 15708 Min: 0 Max: 15706 Allocate: None
Required: 15661 Min: 0 Max: 15706 Allocate: 15706
Required: 15625 Min: 0 Max: 15706 Allocate: 15706
Required: 15594 Min: 0 Max: 15706 Allocate: 15706
Required: 15588 Min: 0 Max: 15706 Allocate: 15706
Required: 15583 Min: 0 Max: 15706 Allocate: 15706
Required: 15566 Min: 0 Max: 15259 Allocate: None
Required: 15529 Min: 0 Max: 15259 Allocate: None
Required: 15524 Min: 0 Max: 15259 Allocate: None
Required: 15515 Min: 0 Max: 15259 Allocate: None
Required: 15480 Min: 0 Max: 15259 Allocate: None
Required: 15457 Min: 0 Max: 15259 Allocate: None
Required: 15448 Min: 0 Max: 15259 Allocate: None
Required: 15430 Min: 0 Max: 15259 Allocate: None
Required: 15399 Min: 0 Max: 15259 Allocate: None
Required: 15396 Min: 0 Max: 15259 Allocate: None
Required: 15389 Min: 0 Max: 15259 Allocate: None
Required: 15381 Min: 0 Max: 15259 Allocate: None
Required: 15359 Min: 0 Max: 15259 Allocate: None
Required: 15346 Min: 0 Max: 15259 Allocate: None
Required: 15338 Min: 0 Max: 15259 Allocate: None
Required: 15296 Min: 0 Max: 15259 Allocate: None
Required: 15244 Min: 0 Max: 15259 Allocate: 15259
Required: 15236 Min: 0 Max: 15259 Allocate: 15259
Required: 15233 Min: 0 Max: 15259 Allocate: 15259
Required: 15208 Min: 0 Max: 15259 Allocate: 15259
Required: 15192 Min: 0 Max: 15259 Allocate: 15259
Required: 15190 Min: 0 Max: 14992 Allocate: None
Required: 15130 Min: 0 Max: 14992 Allocate: None
Required: 15120 Min: 0 Max: 14992 Allocate: None
Required: 15111 Min: 0 Max: 14992 Allocate: None
Required: 15095 Min: 0 Max: 14992 Allocate: None
Required: 15083 Min: 0 Max: 14992 Allocate: None
Required: 15080 Min: 0 Max: 14992 Allocate: None
Required: 15070 Min: 0 Max: 14992 Allocate: None
Required: 15038 Min: 0 Max: 14992 Allocate: None
Required: 15015 Min: 0 Max: 14992 Allocate: None
Required: 15009 Min: 0 Max: 14992 Allocate: None
Required: 14998 Min: 0 Max: 14992 Allocate: None
Required: 14997 Min: 0 Max: 14992 Allocate: None
Required: 14988 Min: 0 Max: 14992 Allocate: 14992
Required: 14927 Min: 0 Max: 14992 Allocate: 14992
Required: 14920 Min: 0 Max: 14992 Allocate: 14992
Required: 14884 Min: 0 Max: 14992 Allocate: 14992
Required: 14875 Min: 0 Max: 14992 Allocate: 14992
Required: 14871 Min: 0 Max: 14727 Allocate: None
Required: 14860 Min: 0 Max: 14727 Allocate: None
Required: 14829 Min: 0 Max: 14727 Allocate: None
Required: 14815 Min: 0 Max: 14727 Allocate: None
Required: 14808 Min: 0 Max: 14727 Allocate: None
Required: 14805 Min: 0 Max: 14727 Allocate: None
Required: 14735 Min: 0 Max: 14727 Allocate: None
Required: 14734 Min: 0 Max: 14727 Allocate: None
Required: 14715 Min: 0 Max: 14727 Allocate: 14727
Required: 14705 Min: 0 Max: 14727 Allocate: 14727
Required: 14699 Min: 0 Max: 14727 Allocate: 14727
Required: 14672 Min: 0 Max: 14727 Allocate: 14680
Required: 14664 Min: 0 Max: 14727 Allocate: 14680
Required: 14623 Min: 0 Max: 14727 Allocate: 14680
Required: 14597 Min: 0 Max: 14727 Allocate: 14680
Required: 14596 Min: 0 Max: 14727 Allocate: 14680
Required: 14569 Min: 0 Max: 14727 Allocate: 14682
Required: 14505 Min: 0 Max: 14727 Allocate: 14682
Required: 14441 Min: 0 Max: 14727 Allocate: 14682
Required: 14419 Min: 0 Max: 14727 Allocate: 14682
Required: 14418 Min: 0 Max: 14727 Allocate: 14682
Required: 14412 Min: 0 Max: 14727 Allocate: 14727
Required: 14391 Min: 0 Max: 14727 Allocate: 14727
Required: 14369 Min: 0 Max: 14249 Allocate: None
Required: 14345 Min: 0 Max: 14249 Allocate: None
Required: 14277 Min: 0 Max: 14249 Allocate: None
Required: 14249 Min: 0 Max: 14249 Allocate: 14249
Required: 14227 Min: 0 Max: 14249 Allocate: 14249
Required: 14209 Min: 0 Max: 14249 Allocate: 14249
Required: 14165 Min: 0 Max: 14249 Allocate: 14249
Required: 14156 Min: 0 Max: 14249 Allocate: 14249
Required: 14122 Min: 0 Max: 13775 Allocate: None
Required: 14032 Min: 0 Max: 13775 Allocate: None
Required: 13990 Min: 0 Max: 13775 Allocate: None
Required: 13976 Min: 0 Max: 13775 Allocate: None
Required: 13973 Min: 0 Max: 13775 Allocate: None
Required: 13968 Min: 0 Max: 13775 Allocate: None
Required: 13966 Min: 0 Max: 13775 Allocate: None
Required: 13960 Min: 0 Max: 13775 Allocate: None
Required: 13936 Min: 0 Max: 13775 Allocate: None
Required: 13897 Min: 0 Max: 13775 Allocate: None
Required: 13894 Min: 0 Max: 13775 Allocate: None
Required: 13876 Min: 0 Max: 13775 Allocate: None
Required: 13870 Min: 0 Max: 13775 Allocate: None
Required: 13832 Min: 0 Max: 13775 Allocate: None
Required: 13822 Min: 0 Max: 13775 Allocate: None
Required: 13810 Min: 0 Max: 13775 Allocate: None
Required: 13804 Min: 0 Max: 13775 Allocate: None
Required: 13781 Min: 0 Max: 13775 Allocate: None
Required: 13773 Min: 0 Max: 13775 Allocate: 13775
Required: 13768 Min: 0 Max: 13775 Allocate: 13771
Required: 13751 Min: 0 Max: 13775 Allocate: 13771
Required: 13732 Min: 0 Max: 13775 Allocate: 13771
Required: 13686 Min: 0 Max: 13775 Allocate: 13771
Required: 13653 Min: 0 Max: 13775 Allocate: 13771
Required: 13639 Min: 0 Max: 13775 Allocate: 13775
Required: 13611 Min: 0 Max: 13775 Allocate: 13775
Required: 13607 Min: 0 Max: 13775 Allocate: 13775
Required: 13602 Min: 0 Max: 13775 Allocate: 13775
Required: 13599 Min: 0 Max: 13540 Allocate: None
Required: 13587 Min: 0 Max: 13540 Allocate: None
Required: 13586 Min: 0 Max: 13540 Allocate: None
Required: 13583 Min: 0 Max: 13540 Allocate: None
Required: 13572 Min: 0 Max: 13540 Allocate: None
Required: 13565 Min: 0 Max: 13540 Allocate: None
Required: 13553 Min: 0 Max: 13540 Allocate: None
Required: 13506 Min: 0 Max: 13540 Allocate: 13529
Required: 13499 Min: 0 Max: 13540 Allocate: 13529
Required: 13434 Min: 0 Max: 13540 Allocate: 13436
Required: 13430 Min: 0 Max: 13540 Allocate: 13436
Required: 13414 Min: 0 Max: 13540 Allocate: 13436
Required: 13399 Min: 0 Max: 13540 Allocate: 13436
Required: 13397 Min: 0 Max: 13540 Allocate: 13436
Required: 13391 Min: 0 Max: 13540 Allocate: 13478
Required: 13386 Min: 0 Max: 13540 Allocate: 13478
Required: 13373 Min: 0 Max: 13540 Allocate: 13384
Required: 13370 Min: 0 Max: 13540 Allocate: 13384
Required: 13362 Min: 0 Max: 13540 Allocate: 13384
Required: 13350 Min: 0 Max: 13540 Allocate: 13384
Required: 13343 Min: 0 Max: 13540 Allocate: 13343
Required: 13287 Min: 0 Max: 13540 Allocate: 13324
Required: 13284 Min: 0 Max: 13540 Allocate: 13324
Required: 13220 Min: 0 Max: 13540 Allocate: 13324
Required: 13192 Min: 0 Max: 13540 Allocate: 13204
Required: 13169 Min: 0 Max: 13540 Allocate: 13204
Required: 13168 Min: 0 Max: 13540 Allocate: 13204
Required: 13162 Min: 0 Max: 13540 Allocate: 13204
Required: 13137 Min: 0 Max: 13540 Allocate: 13204
Required: 13126 Min: 0 Max: 13540 Allocate: 13324
Required: 13124 Min: 0 Max: 13540 Allocate: 13324
Required: 13119 Min: 0 Max: 13540 Allocate: 13343
Required: 13086 Min: 0 Max: 13540 Allocate: 13343
Required: 13077 Min: 0 Max: 13540 Allocate: 13343
Required: 13064 Min: 0 Max: 13540 Allocate: 13343
Required: 13064 Min: 0 Max: 13540 Allocate: 13384
Required: 12992 Min: 0 Max: 13540 Allocate: 13014
Required: 12985 Min: 0 Max: 13540 Allocate: 13014
Required: 12980 Min: 0 Max: 13540 Allocate: 12980
Required: 12951 Min: 0 Max: 13540 Allocate: 12980
Required: 12951 Min: 0 Max: 13540 Allocate: 12980
Required: 12927 Min: 0 Max: 13540 Allocate: 12980
Required: 12919 Min: 0 Max: 13540 Allocate: 12980
Required: 12894 Min: 0 Max: 13540 Allocate: 13014
Required: 12878 Min: 0 Max: 13540 Allocate: 13014
Required: 12869 Min: 0 Max: 13540 Allocate: 13014
Required: 12866 Min: 0 Max: 13540 Allocate: 13478
Required: 12856 Min: 0 Max: 13540 Allocate: 13478
Required: 12736 Min: 0 Max: 13540 Allocate: 12819
Required: 12733 Min: 0 Max: 13540 Allocate: 12819
Required: 12722 Min: 0 Max: 13540 Allocate: 12724
Required: 12707 Min: 0 Max: 13540 Allocate: 12724
Required: 12706 Min: 0 Max: 13540 Allocate: 12724
Required: 12705 Min: 0 Max: 13540 Allocate: 12724
Required: 12700 Min: 0 Max: 13540 Allocate: 12724
Required: 12690 Min: 0 Max: 13540 Allocate: 12819
Required: 12682 Min: 0 Max: 13540 Allocate: 12819
Required: 12670 Min: 0 Max: 13540 Allocate: 12819
Required: 12626 Min: 0 Max: 13540 Allocate: 12637
Required: 12623 Min: 0 Max: 13540 Allocate: 12637
Required: 12618 Min: 0 Max: 13540 Allocate: 12637
Required: 12607 Min: 0 Max: 13540 Allocate: 12637
Required: 12532 Min: 0 Max: 13540 Allocate: 12540
Required: 12525 Min: 0 Max: 13540 Allocate: 12540
Required: 12523 Min: 0 Max: 13540 Allocate: 12540
Required: 12499 Min: 0 Max: 13540 Allocate: 12540
Required: 12458 Min: 0 Max: 13540 Allocate: 12494
Required: 12429 Min: 0 Max: 13540 Allocate: 12455
Required: 12424 Min: 0 Max: 13540 Allocate: 12455
Required: 12417 Min: 0 Max: 13540 Allocate: 12455
Required: 12378 Min: 0 Max: 13540 Allocate: 12455
Required: 12375 Min: 0 Max: 13540 Allocate: 12455
Required: 12373 Min: 0 Max: 13540 Allocate: 12494
Required: 12348 Min: 0 Max: 13540 Allocate: 12364
Required: 12332 Min: 0 Max: 13540 Allocate: 12364
Required: 12308 Min: 0 Max: 13540 Allocate: 12320
Required: 12300 Min: 0 Max: 13540 Allocate: 12303
Required: 12263 Min: 0 Max: 13540 Allocate: 12303
Required: 12257 Min: 0 Max: 13540 Allocate: 12303
Required: 12246 Min: 0 Max: 13540 Allocate: 12303
Required: 12233 Min: 0 Max: 13540 Allocate: 12303
Required: 12218 Min: 0 Max: 13540 Allocate: 12320
Required: 12204 Min: 0 Max: 13540 Allocate: 12212
Required: 12196 Min: 0 Max: 13540 Allocate: 12212
Required: 12166 Min: 0 Max: 13540 Allocate: 12212
Required: 12166 Min: 0 Max: 13540 Allocate: 12212
Required: 12152 Min: 0 Max: 13540 Allocate: 12212
Required: 12131 Min: 0 Max: 13540 Allocate: 12140
Required: 12122 Min: 0 Max: 13540 Allocate: 12140
Required: 12118 Min: 0 Max: 13540 Allocate: 12140
Required: 12107 Min: 0 Max: 13540 Allocate: 12140
Required: 12062 Min: 0 Max: 13540 Allocate: 12140
Required: 12037 Min: 0 Max: 13540 Allocate: 12140
Required: 12014 Min: 0 Max: 13540 Allocate: 12140
Required: 12014 Min: 0 Max: 13540 Allocate: 12140
Required: 12001 Min: 0 Max: 13540 Allocate: 12140
Required: 11965 Min: 0 Max: 13540 Allocate: 12140
Required: 11949 Min: 0 Max: 13540 Allocate: 12320
Required: 11946 Min: 0 Max: 13540 Allocate: 12320
Required: 11936 Min: 0 Max: 13540 Allocate: 12320
Required: 11925 Min: 0 Max: 13540 Allocate: 12364
Required: 11856 Min: 0 Max: 13540 Allocate: 11886
Required: 11829 Min: 0 Max: 13540 Allocate: 11886
Required: 11808 Min: 0 Max: 13540 Allocate: 11823
Required: 11805 Min: 0 Max: 13540 Allocate: 11823
Required: 11803 Min: 0 Max: 13540 Allocate: 11823
Required: 11801 Min: 0 Max: 13540 Allocate: 11823
Required: 11798 Min: 0 Max: 13540 Allocate: 11823
Required: 11779 Min: 0 Max: 13540 Allocate: 11886
Required: 11773 Min: 0 Max: 13540 Allocate: 11778
Required: 11743 Min: 0 Max: 13540 Allocate: 11778
Required: 11665 Min: 0 Max: 13540 Allocate: 11710
Required: 11624 Min: 0 Max: 13540 Allocate: 11710
Required: 11595 Min: 0 Max: 13540 Allocate: 11710
Required: 11589 Min: 0 Max: 13540 Allocate: 11590
Required: 11573 Min: 0 Max: 13540 Allocate: 11585
Required: 11556 Min: 0 Max: 13540 Allocate: 11585
Required: 11533 Min: 0 Max: 13540 Allocate: 11540
Required: 11517 Min: 0 Max: 13540 Allocate: 11540
Required: 11490 Min: 0 Max: 13540 Allocate: 11540
Required: 11484 Min: 0 Max: 13540 Allocate: 11540
Required: 11482 Min: 0 Max: 13540 Allocate: 11540
Required: 11479 Min: 0 Max: 13540 Allocate: 11543
Required: 11451 Min: 0 Max: 13540 Allocate: 11543
Required: 11438 Min: 0 Max: 13540 Allocate: 11543
Required: 11409 Min: 0 Max: 13540 Allocate: 11543
Required: 11384 Min: 0 Max: 13540 Allocate: 11543
Required: 11370 Min: 0 Max: 13540 Allocate: 11383
Required: 11365 Min: 0 Max: 13540 Allocate: 11383
Required: 11362 Min: 0 Max: 13540 Allocate: 11383
Required: 11309 Min: 0 Max: 13540 Allocate: 11383
Required: 11271 Min: 0 Max: 13540 Allocate: 11307
Required: 11260 Min: 0 Max: 13540 Allocate: 11264
Required: 11253 Min: 0 Max: 13540 Allocate: 11264
Required: 11236 Min: 0 Max: 13540 Allocate: 11264
Required: 11205 Min: 0 Max: 13540 Allocate: 11264
Required: 11195 Min: 0 Max: 13540 Allocate: 11264
Required: 11149 Min: 0 Max: 13540 Allocate: 11166
Required: 11135 Min: 0 Max: 13540 Allocate: 11138
Required: 11134 Min: 0 Max: 13540 Allocate: 11138
Required: 11127 Min: 0 Max: 13540 Allocate: 11138
Required: 10992 Min: 0 Max: 13540 Allocate: 11040
Required: 10978 Min: 0 Max: 13540 Allocate: 11040
Required: 10960 Min: 0 Max: 13540 Allocate: 10963
Required: 10934 Min: 0 Max: 13540 Allocate: 10940
Required: 10920 Min: 0 Max: 13540 Allocate: 10940
Required: 10908 Min: 0 Max: 13540 Allocate: 10940
Required: 10891 Min: 0 Max: 13540 Allocate: 10940
Required: 10889 Min: 0 Max: 13540 Allocate: 10963
Required: 10877 Min: 0 Max: 13540 Allocate: 10963
Required: 10822 Min: 0 Max: 13540 Allocate: 10963
Required: 10808 Min: 0 Max: 13540 Allocate: 10963
Required: 10801 Min: 0 Max: 13540 Allocate: 10805
Required: 10775 Min: 0 Max: 13540 Allocate: 10805
Required: 10718 Min: 0 Max: 13540 Allocate: 10805
Required: 10703 Min: 0 Max: 13540 Allocate: 10805
Required: 10684 Min: 0 Max: 13540 Allocate: 10963
Required: 10635 Min: 0 Max: 13540 Allocate: 10646
Required: 10626 Min: 0 Max: 13540 Allocate: 10646
Required: 10599 Min: 0 Max: 13540 Allocate: 10646
Required: 10593 Min: 0 Max: 13540 Allocate: 10646
Required: 10585 Min: 0 Max: 13540 Allocate: 10963
Required: 10568 Min: 0 Max: 13540 Allocate: 10963
Required: 10549 Min: 0 Max: 13540 Allocate: 10963
Required: 10502 Min: 0 Max: 13540 Allocate: 10502
Required: 10489 Min: 0 Max: 13540 Allocate: 10502
Required: 10465 Min: 0 Max: 13540 Allocate: 10480
Required: 10460 Min: 0 Max: 13540 Allocate: 10480
Required: 10460 Min: 0 Max: 13540 Allocate: 10480
Required: 10442 Min: 0 Max: 13540 Allocate: 10480
Required: 10437 Min: 0 Max: 13540 Allocate: 10502
Required: 10406 Min: 0 Max: 13540 Allocate: 10409
Required: 10386 Min: 0 Max: 13540 Allocate: 10404
Required: 10371 Min: 0 Max: 13540 Allocate: 10377
Required: 10365 Min: 0 Max: 13540 Allocate: 10377
Required: 10362 Min: 0 Max: 13540 Allocate: 10377
Required: 10327 Min: 0 Max: 13540 Allocate: 10332
Required: 10292 Min: 0 Max: 13540 Allocate: 10332
Required: 10277 Min: 0 Max: 13540 Allocate: 10284
Required: 10264 Min: 0 Max: 13540 Allocate: 10284
Required: 10256 Min: 0 Max: 13540 Allocate: 10284
Required: 10245 Min: 0 Max: 13540 Allocate: 10284
Required: 10237 Min: 0 Max: 13540 Allocate: 10243
Required: 10231 Min: 0 Max: 13540 Allocate: 10243
Required: 10218 Min: 0 Max: 13540 Allocate: 10223
Required: 10216 Min: 0 Max: 13540 Allocate: 10223
Required: 10212 Min: 0 Max: 13540 Allocate: 10212
Required: 10191 Min: 0 Max: 13540 Allocate: 10212
Required: 10168 Min: 0 Max: 13540 Allocate: 10212
Required: 10166 Min: 0 Max: 13540 Allocate: 10212
Required: 10119 Min: 0 Max: 13540 Allocate: 10165
Required: 10119 Min: 0 Max: 13540 Allocate: 10165
Required: 10117 Min: 0 Max: 13540 Allocate: 10165
Required: 10078 Min: 0 Max: 13540 Allocate: 10165
Required: 10060 Min: 0 Max: 13540 Allocate: 10072
Required: 10057 Min: 0 Max: 13540 Allocate: 10072
Required: 10048 Min: 0 Max: 13540 Allocate: 10072
Required: 10045 Min: 0 Max: 13540 Allocate: 10072
Required: 10037 Min: 0 Max: 13540 Allocate: 10223
Required: 10032 Min: 0 Max: 13540 Allocate: 10223
Required: 10016 Min: 0 Max: 13540 Allocate: 10226
Required: 9984 Min: 0 Max: 13540 Allocate: 10226
Required: 9975 Min: 0 Max: 13540 Allocate: 10226
Required: 9960 Min: 0 Max: 13540 Allocate: 10226
Required: 9911 Min: 0 Max: 13540 Allocate: 10243
Required: 9908 Min: 0 Max: 13540 Allocate: 10243
Required: 9896 Min: 0 Max: 13540 Allocate: 10332
Required: 9856 Min: 0 Max: 13540 Allocate: 10332
Required: 9850 Min: 0 Max: 13540 Allocate: 10358
Required: 9827 Min: 0 Max: 13540 Allocate: 9828
Required: 9824 Min: 0 Max: 13540 Allocate: 9828
Required: 9813 Min: 0 Max: 13540 Allocate: 9828
Required: 9811 Min: 0 Max: 13540 Allocate: 9828
Required: 9736 Min: 0 Max: 13540 Allocate: 9749
Required: 9735 Min: 0 Max: 13540 Allocate: 9749
Required: 9734 Min: 0 Max: 13540 Allocate: 9734
Required: 9716 Min: 0 Max: 13540 Allocate: 9720
Required: 9689 Min: 0 Max: 13540 Allocate: 9720
Required: 9641 Min: 0 Max: 13540 Allocate: 9659
Required: 9634 Min: 0 Max: 13540 Allocate: 9659
Required: 9630 Min: 0 Max: 13540 Allocate: 9659
Required: 9602 Min: 0 Max: 13540 Allocate: 9614
Required: 9579 Min: 0 Max: 13540 Allocate: 9614
Required: 9572 Min: 0 Max: 13540 Allocate: 9614
Required: 9560 Min: 0 Max: 13540 Allocate: 9614
Required: 9557 Min: 0 Max: 13540 Allocate: 9659
Required: 9552 Min: 0 Max: 13540 Allocate: 9720
Required: 9544 Min: 0 Max: 13540 Allocate: 9720
Required: 9533 Min: 0 Max: 13540 Allocate: 9730
Required: 9531 Min: 0 Max: 13540 Allocate: 9730
Required: 9530 Min: 0 Max: 13540 Allocate: 9730
Required: 9528 Min: 0 Max: 13540 Allocate: 9730
Required: 9496 Min: 0 Max: 13540 Allocate: 9502
Required: 9444 Min: 0 Max: 13540 Allocate: 9445
Required: 9433 Min: 0 Max: 13540 Allocate: 9441
Required: 9430 Min: 0 Max: 13540 Allocate: 9441
Required: 9427 Min: 0 Max: 13540 Allocate: 9441
Required: 9420 Min: 0 Max: 13540 Allocate: 9441
Required: 9397 Min: 0 Max: 13540 Allocate: 9404
Required: 9390 Min: 0 Max: 13540 Allocate: 9391
Required: 9385 Min: 0 Max: 13540 Allocate: 9391
Required: 9267 Min: 0 Max: 13540 Allocate: 9273
Required: 9205 Min: 0 Max: 13540 Allocate: 9273
Required: 9203 Min: 0 Max: 13540 Allocate: 9273
Required: 9150 Min: 0 Max: 13540 Allocate: 9154
Required: 9145 Min: 0 Max: 13540 Allocate: 9154
Required: 9129 Min: 0 Max: 13540 Allocate: 9154
Required: 9122 Min: 0 Max: 13540 Allocate: 9128
Required: 9107 Min: 0 Max: 13540 Allocate: 9128
Required: 9075 Min: 0 Max: 13540 Allocate: 9128
Required: 9069 Min: 0 Max: 13540 Allocate: 9128
Required: 9013 Min: 0 Max: 13540 Allocate: 9035
Required: 8991 Min: 0 Max: 13540 Allocate: 9001
Required: 8986 Min: 0 Max: 13540 Allocate: 9001
Required: 8949 Min: 0 Max: 13540 Allocate: 8975
Required: 8941 Min: 0 Max: 13540 Allocate: 8975
Required: 8937 Min: 0 Max: 13540 Allocate: 8975
Required: 8910 Min: 0 Max: 13540 Allocate: 9001
Required: 8888 Min: 0 Max: 13540 Allocate: 8895
Required: 8861 Min: 0 Max: 13540 Allocate: 8895
Required: 8847 Min: 0 Max: 13540 Allocate: 8856
Required: 8841 Min: 0 Max: 13540 Allocate: 8856
Required: 8841 Min: 0 Max: 13540 Allocate: 8856
Required: 8829 Min: 0 Max: 13540 Allocate: 8895
Required: 8794 Min: 0 Max: 13540 Allocate: 9035
Required: 8754 Min: 0 Max: 13540 Allocate: 8767
Required: 8745 Min: 0 Max: 13540 Allocate: 8767
Required: 8671 Min: 0 Max: 13540 Allocate: 8703
Required: 8649 Min: 0 Max: 13540 Allocate: 8662
Required: 8649 Min: 0 Max: 13540 Allocate: 8662
Required: 8605 Min: 0 Max: 13540 Allocate: 8639
Required: 8488 Min: 0 Max: 13540 Allocate: 8493
Required: 8477 Min: 0 Max: 13540 Allocate: 8493
Required: 8447 Min: 0 Max: 13540 Allocate: 8493
Required: 8444 Min: 0 Max: 13540 Allocate: 8529
Required: 8442 Min: 0 Max: 13540 Allocate: 8529
Required: 8428 Min: 0 Max: 13540 Allocate: 8436
Required: 8412 Min: 0 Max: 13540 Allocate: 8426
Required: 8408 Min: 0 Max: 13540 Allocate: 8426
Required: 8358 Min: 0 Max: 13540 Allocate: 8362
Required: 8354 Min: 0 Max: 13540 Allocate: 8362
Required: 8310 Min: 0 Max: 13540 Allocate: 8328
Required: 8281 Min: 0 Max: 13540 Allocate: 8328
Required: 8273 Min: 0 Max: 13540 Allocate: 8328
Required: 8259 Min: 0 Max: 13540 Allocate: 8270
Required: 8224 Min: 0 Max: 13540 Allocate: 8239
Required: 8224 Min: 0 Max: 13540 Allocate: 8239
Required: 8218 Min: 0 Max: 13540 Allocate: 8239
Required: 8210 Min: 0 Max: 13540 Allocate: 8270
Required: 8164 Min: 0 Max: 13540 Allocate: 8183
Required: 8161 Min: 0 Max: 13540 Allocate: 8163
Required: 8120 Min: 0 Max: 13540 Allocate: 8163
Required: 8091 Min: 0 Max: 13540 Allocate: 8163
Required: 8077 Min: 0 Max: 13540 Allocate: 8077
Required: 8072 Min: 0 Max: 13540 Allocate: 8077
Required: 7974 Min: 0 Max: 13540 Allocate: 7981
Required: 7918 Min: 0 Max: 13540 Allocate: 7946
Required: 7910 Min: 0 Max: 13540 Allocate: 7912
Required: 7906 Min: 0 Max: 13540 Allocate: 7912
Required: 7869 Min: 0 Max: 13540 Allocate: 7871
Required: 7846 Min: 0 Max: 13540 Allocate: 7871
Required: 7793 Min: 0 Max: 13540 Allocate: 7802
Required: 7773 Min: 0 Max: 13540 Allocate: 7783
Required: 7738 Min: 0 Max: 13540 Allocate: 7783
Required: 7717 Min: 0 Max: 13540 Allocate: 7783
Required: 7706 Min: 0 Max: 13540 Allocate: 7802
Required: 7679 Min: 0 Max: 13540 Allocate: 7802
Required: 7671 Min: 0 Max: 13540 Allocate: 7803
Required: 7619 Min: 0 Max: 13540 Allocate: 7669
Required: 7587 Min: 0 Max: 13540 Allocate: 7590
Required: 7563 Min: 0 Max: 13540 Allocate: 7579
Required: 7541 Min: 0 Max: 13540 Allocate: 7541
Required: 7521 Min: 0 Max: 13540 Allocate: 7537
Required: 7518 Min: 0 Max: 13540 Allocate: 7537
Required: 7484 Min: 0 Max: 13540 Allocate: 7491
Required: 7482 Min: 0 Max: 13540 Allocate: 7491
Required: 7459 Min: 0 Max: 13540 Allocate: 7491
Required: 7428 Min: 0 Max: 13540 Allocate: 7442
Required: 7393 Min: 0 Max: 13540 Allocate: 7442
Required: 7370 Min: 0 Max: 13540 Allocate: 7375
Required: 7360 Min: 0 Max: 13540 Allocate: 7375
Required: 7360 Min: 0 Max: 13540 Allocate: 7377
Required: 7354 Min: 0 Max: 13540 Allocate: 7377
Required: 7322 Min: 0 Max: 13540 Allocate: 7337
Required: 7282 Min: 0 Max: 13540 Allocate: 7294
Required: 7280 Min: 0 Max: 13540 Allocate: 7281
Required: 7245 Min: 0 Max: 13540 Allocate: 7256
Required: 7244 Min: 0 Max: 13540 Allocate: 7244
Required: 7234 Min: 0 Max: 13540 Allocate: 7234
Required: 7222 Min: 0 Max: 13540 Allocate: 7223
Required: 7198 Min: 0 Max: 13540 Allocate: 7218
Required: 7118 Min: 0 Max: 13540 Allocate: 7125
Required: 7083 Min: 0 Max: 13540 Allocate: 7112
Required: 7071 Min: 0 Max: 13540 Allocate: 7112
Required: 7066 Min: 0 Max: 13540 Allocate: 7069
Required: 7030 Min: 0 Max: 13540 Allocate: 7065
Required: 7003 Min: 0 Max: 13540 Allocate: 7065
Required: 6992 Min: 0 Max: 13540 Allocate: 7069
Required: 6981 Min: 0 Max: 13540 Allocate: 7113
Required: 6980 Min: 0 Max: 13540 Allocate: 7113
Required: 6975 Min: 0 Max: 13540 Allocate: 6976
Required: 6969 Min: 0 Max: 13540 Allocate: 6976
Required: 6952 Min: 0 Max: 13540 Allocate: 7125
Required: 6940 Min: 0 Max: 13540 Allocate: 7155
Required: 6934 Min: 0 Max: 13540 Allocate: 7155
Required: 6895 Min: 0 Max: 13540 Allocate: 7218
Required: 6885 Min: 0 Max: 13540 Allocate: 6894
Required: 6877 Min: 0 Max: 13540 Allocate: 6894
Required: 6869 Min: 0 Max: 13540 Allocate: 7223
Required: 6850 Min: 0 Max: 13540 Allocate: 6856
Required: 6835 Min: 0 Max: 13540 Allocate: 6841
Required: 6834 Min: 0 Max: 13540 Allocate: 6841
Required: 6820 Min: 0 Max: 13540 Allocate: 6842
Required: 6784 Min: 0 Max: 13540 Allocate: 6800
Required: 6766 Min: 0 Max: 13540 Allocate: 6767
Required: 6752 Min: 0 Max: 13540 Allocate: 6753
Required: 6745 Min: 0 Max: 13540 Allocate: 6748
Required: 6744 Min: 0 Max: 13540 Allocate: 6748
Required: 6706 Min: 0 Max: 13540 Allocate: 6753
Required: 6627 Min: 0 Max: 13540 Allocate: 6635
Required: 6626 Min: 0 Max: 13540 Allocate: 6635
Required: 6623 Min: 0 Max: 13540 Allocate: 6623
Required: 6620 Min: 0 Max: 13540 Allocate: 6623
Required: 6614 Min: 0 Max: 13540 Allocate: 6624
Required: 6549 Min: 0 Max: 13540 Allocate: 6584
Required: 6544 Min: 0 Max: 13540 Allocate: 6584
Required: 6534 Min: 0 Max: 13540 Allocate: 6539
Required: 6497 Min: 0 Max: 13540 Allocate: 6497
Required: 6485 Min: 0 Max: 13540 Allocate: 6485
Required: 6474 Min: 0 Max: 13540 Allocate: 6485
Required: 6459 Min: 0 Max: 13540 Allocate: 6471
Required: 6433 Min: 0 Max: 13540 Allocate: 6434
Required: 6384 Min: 0 Max: 13540 Allocate: 6384
Required: 6370 Min: 0 Max: 13540 Allocate: 6371
Required: 6367 Min: 0 Max: 13540 Allocate: 6371
Required: 6335 Min: 0 Max: 13540 Allocate: 6384
Required: 6331 Min: 0 Max: 13540 Allocate: 6390
Required: 6291 Min: 0 Max: 13540 Allocate: 6299
Required: 6288 Min: 0 Max: 13540 Allocate: 6299
Required: 6286 Min: 0 Max: 13540 Allocate: 6312
Required: 6256 Min: 0 Max: 13540 Allocate: 6312
Required: 6249 Min: 0 Max: 13540 Allocate: 6254
Required: 6224 Min: 0 Max: 13540 Allocate: 6235
Required: 6215 Min: 0 Max: 13540 Allocate: 6235
Required: 6133 Min: 0 Max: 13540 Allocate: 6146
Required: 6119 Min: 0 Max: 13540 Allocate: 6146
Required: 6047 Min: 0 Max: 13540 Allocate: 6050
Required: 5962 Min: 0 Max: 13540 Allocate: 5962
Required: 5939 Min: 0 Max: 13540 Allocate: 5944
Required: 5931 Min: 0 Max: 13540 Allocate: 5967
Required: 5897 Min: 0 Max: 13540 Allocate: 5921
Required: 5870 Min: 0 Max: 13540 Allocate: 5879
Required: 5858 Min: 0 Max: 13540 Allocate: 5861
Required: 5846 Min: 0 Max: 13540 Allocate: 5847
Required: 5844 Min: 0 Max: 13540 Allocate: 5855
Required: 5828 Min: 0 Max: 13540 Allocate: 5856
Required: 5826 Min: 0 Max: 13540 Allocate: 5882
Required: 5814 Min: 0 Max: 13540 Allocate: 5884
Required: 5806 Min: 0 Max: 13540 Allocate: 6006
Required: 5754 Min: 0 Max: 13540 Allocate: 5768
Required: 5727 Min: 0 Max: 13540 Allocate: 5740
Required: 5716 Min: 0 Max: 13540 Allocate: 5752
Required: 5664 Min: 0 Max: 13540 Allocate: 5682
Required: 5662 Min: 0 Max: 13540 Allocate: 5688
Required: 5641 Min: 0 Max: 13540 Allocate: 5647
Required: 5596 Min: 0 Max: 13540 Allocate: 5620
Required: 5548 Min: 0 Max: 13540 Allocate: 5549
Required: 5537 Min: 0 Max: 13540 Allocate: 5551
Required: 5524 Min: 0 Max: 13540 Allocate: 5568
Required: 5521 Min: 0 Max: 13540 Allocate: 5523
Required: 5503 Min: 0 Max: 13540 Allocate: 5579
Required: 5502 Min: 0 Max: 13540 Allocate: 5587
Required: 5496 Min: 0 Max: 13540 Allocate: 5588
Required: 5489 Min: 0 Max: 13540 Allocate: 5594
Required: 5483 Min: 0 Max: 13540 Allocate: 5483
Required: 5481 Min: 0 Max: 13540 Allocate: 5487
Required: 5477 Min: 0 Max: 13540 Allocate: 5622
Required: 5435 Min: 0 Max: 13540 Allocate: 5459
Required: 5423 Min: 0 Max: 13540 Allocate: 5698
Required: 5419 Min: 0 Max: 13540 Allocate: 5701
Required: 5406 Min: 0 Max: 13540 Allocate: 5411
Required: 5372 Min: 0 Max: 13540 Allocate: 5773
Required: 5359 Min: 0 Max: 13540 Allocate: 5778
Required: 5342 Min: 0 Max: 13540 Allocate: 5342
Required: 5341 Min: 0 Max: 13540 Allocate: 5356
Required: 5311 Min: 0 Max: 13540 Allocate: 5317
Required: 5299 Min: 0 Max: 13540 Allocate: 5302
Required: 5296 Min: 0 Max: 13540 Allocate: 5309
Required: 5295 Min: 0 Max: 13540 Allocate: 5295
Required: 5292 Min: 0 Max: 13540 Allocate: 5317
Required: 5252 Min: 0 Max: 13540 Allocate: 5252
Required: 5226 Min: 0 Max: 13540 Allocate: 5252
Required: 5186 Min: 0 Max: 13540 Allocate: 5201
Required: 5186 Min: 0 Max: 13540 Allocate: 5266
Required: 5178 Min: 0 Max: 13540 Allocate: 5178
Required: 5131 Min: 0 Max: 13540 Allocate: 5278
Required: 5118 Min: 0 Max: 13540 Allocate: 5118
Required: 5074 Min: 0 Max: 13540 Allocate: 5074
Required: 5071 Min: 0 Max: 13540 Allocate: 5072
Required: 5067 Min: 0 Max: 13540 Allocate: 5080
Required: 5053 Min: 0 Max: 13540 Allocate: 5056
Required: 4986 Min: 0 Max: 13540 Allocate: 5003
Required: 4955 Min: 0 Max: 13540 Allocate: 5006
Required: 4927 Min: 0 Max: 13540 Allocate: 5014
Required: 4909 Min: 0 Max: 13540 Allocate: 4909
Required: 4876 Min: 0 Max: 13540 Allocate: 4890
Required: 4854 Min: 0 Max: 13540 Allocate: 4866
Required: 4852 Min: 0 Max: 13540 Allocate: 4867
Required: 4845 Min: 0 Max: 13540 Allocate: 4851
Required: 4810 Min: 0 Max: 13540 Allocate: 4813
Required: 4797 Min: 0 Max: 13540 Allocate: 4797
Required: 4669 Min: 0 Max: 13540 Allocate: 4710
Required: 4652 Min: 0 Max: 13540 Allocate: 4657
Required: 4644 Min: 0 Max: 13540 Allocate: 4647
Required: 4606 Min: 0 Max: 13540 Allocate: 4616
Required: 4580 Min: 0 Max: 13540 Allocate: 4586
Required: 4577 Min: 0 Max: 13540 Allocate: 4643
Required: 4572 Min: 0 Max: 13540 Allocate: 4574
Required: 4510 Min: 0 Max: 13540 Allocate: 4520
Required: 4486 Min: 0 Max: 13540 Allocate: 4492
Required: 4460 Min: 0 Max: 13540 Allocate: 4470
Required: 4431 Min: 0 Max: 13540 Allocate: 4452
Required: 4430 Min: 0 Max: 13540 Allocate: 4453
Required: 4365 Min: 0 Max: 13540 Allocate: 4366
Required: 4321 Min: 0 Max: 13540 Allocate: 4330
Required: 4309 Min: 0 Max: 13540 Allocate: 4314
Required: 4298 Min: 0 Max: 13540 Allocate: 4299
Required: 4280 Min: 0 Max: 13540 Allocate: 4295
Required: 4249 Min: 0 Max: 13540 Allocate: 4266
Required: 4229 Min: 0 Max: 13540 Allocate: 4235
Required: 4139 Min: 0 Max: 13540 Allocate: 4149
Required: 4111 Min: 0 Max: 13540 Allocate: 4111
Required: 4110 Min: 0 Max: 13540 Allocate: 4110
Required: 4106 Min: 0 Max: 13540 Allocate: 4106
Required: 4087 Min: 0 Max: 13540 Allocate: 4087
Required: 4061 Min: 0 Max: 13540 Allocate: 4061
Required: 4006 Min: 0 Max: 13540 Allocate: 4006
Required: 4002 Min: 0 Max: 13540 Allocate: 4003
Allocation accuracy new method: 601
views wasted:262
Loaded all files
got patterns
Required: 17995 Min: 502 Max: 28738 Allocate: 18250
Required: 17976 Min: 502 Max: 28738 Allocate: 18250
Required: 17939 Min: 502 Max: 28738 Allocate: 18250
Required: 17936 Min: 502 Max: 28738 Allocate: 18250
Required: 17925 Min: 0 Max: 28738 Allocate: 18491
Required: 17883 Min: 0 Max: 28738 Allocate: 18491
Required: 17876 Min: 0 Max: 28738 Allocate: 18491
Required: 17845 Min: 0 Max: 28738 Allocate: 18491
Required: 17810 Min: 0 Max: 28738 Allocate: 18921
Required: 17806 Min: 0 Max: 28738 Allocate: 18921
Required: 17790 Min: 0 Max: 28738 Allocate: 18921
Required: 17770 Min: 0 Max: 28738 Allocate: 18921
Required: 17737 Min: 0 Max: 28738 Allocate: 19326
Required: 17723 Min: 0 Max: 28738 Allocate: 19326
Required: 17713 Min: 0 Max: 28738 Allocate: 19326
Required: 17701 Min: 0 Max: 28738 Allocate: 19326
Required: 17691 Min: 0 Max: 28738 Allocate: 20125
Required: 17689 Min: 0 Max: 28738 Allocate: 20125
Required: 17649 Min: 0 Max: 28738 Allocate: 20125
Required: 17642 Min: 0 Max: 28738 Allocate: 20125
Required: 17642 Min: 0 Max: 28738 Allocate: 20216
Required: 17637 Min: 0 Max: 28738 Allocate: 20216
Required: 17577 Min: 0 Max: 28738 Allocate: 20216
Required: 17568 Min: 0 Max: 28738 Allocate: 20216
Required: 17556 Min: 0 Max: 28738 Allocate: 23121
Required: 17523 Min: 0 Max: 28738 Allocate: 23121
Required: 17492 Min: 0 Max: 28738 Allocate: 23121
Required: 17394 Min: 0 Max: 28738 Allocate: 17427
Required: 17382 Min: 0 Max: 28738 Allocate: 17427
Required: 17366 Min: 0 Max: 28738 Allocate: 17427
Required: 17360 Min: 0 Max: 28738 Allocate: 17427
Required: 17358 Min: 0 Max: 28738 Allocate: 23121
Required: 17357 Min: 0 Max: 28738 Allocate: 23384
Required: 17332 Min: 0 Max: 28738 Allocate: 17343
Required: 17317 Min: 0 Max: 28738 Allocate: 17343
Required: 17314 Min: 0 Max: 28738 Allocate: 17343
Required: 17309 Min: 0 Max: 28738 Allocate: 17343
Required: 17291 Min: 0 Max: 28738 Allocate: 23384
Required: 17266 Min: 0 Max: 28738 Allocate: 23384
Required: 17265 Min: 0 Max: 28738 Allocate: 23384
Required: 17265 Min: 0 Max: 28738 Allocate: 28738
Required: 17237 Min: 0 Max: 28738 Allocate: 28738
Required: 17227 Min: 0 Max: 28738 Allocate: 28738
Required: 17225 Min: 0 Max: 28738 Allocate: 28738
Required: 17210 Min: 0 Max: 28738 Allocate: 28738
Required: 17198 Min: 0 Max: 17203 Allocate: 17203
Required: 17196 Min: 0 Max: 17203 Allocate: 17203
Required: 17181 Min: 0 Max: 17203 Allocate: 17203
Required: 17181 Min: 0 Max: 17203 Allocate: 17203
Required: 17179 Min: 0 Max: 17116 Allocate: None
Required: 17171 Min: 0 Max: 17116 Allocate: None
Required: 17116 Min: 0 Max: 17116 Allocate: 17116
Required: 17092 Min: 0 Max: 17116 Allocate: 17116
Required: 17086 Min: 0 Max: 17116 Allocate: 17116
Required: 17067 Min: 0 Max: 17116 Allocate: 17116
Required: 17066 Min: 0 Max: 16638 Allocate: None
Required: 17059 Min: 0 Max: 16638 Allocate: None
Required: 16980 Min: 0 Max: 16638 Allocate: None
Required: 16935 Min: 0 Max: 16638 Allocate: None
Required: 16931 Min: 0 Max: 16638 Allocate: None
Required: 16905 Min: 0 Max: 16638 Allocate: None
Required: 16899 Min: 0 Max: 16638 Allocate: None
Required: 16850 Min: 0 Max: 16638 Allocate: None
Required: 16828 Min: 0 Max: 16638 Allocate: None
Required: 16815 Min: 0 Max: 16638 Allocate: None
Required: 16797 Min: 0 Max: 16638 Allocate: None
Required: 16794 Min: 0 Max: 16638 Allocate: None
Required: 16792 Min: 0 Max: 16638 Allocate: None
Required: 16783 Min: 0 Max: 16638 Allocate: None
Required: 16766 Min: 0 Max: 16638 Allocate: None
Required: 16725 Min: 0 Max: 16638 Allocate: None
Required: 16725 Min: 0 Max: 16638 Allocate: None
Required: 16695 Min: 0 Max: 16638 Allocate: None
Required: 16691 Min: 0 Max: 16638 Allocate: None
Required: 16687 Min: 0 Max: 16638 Allocate: None
Required: 16660 Min: 0 Max: 16638 Allocate: None
Required: 16642 Min: 0 Max: 16638 Allocate: None
Required: 16620 Min: 0 Max: 16638 Allocate: 16638
Required: 16596 Min: 0 Max: 16638 Allocate: 16638
Required: 16581 Min: 0 Max: 16638 Allocate: 16638
Required: 16534 Min: 0 Max: 16638 Allocate: 16638
Required: 16526 Min: 0 Max: 16311 Allocate: None
Required: 16499 Min: 0 Max: 16311 Allocate: None
Required: 16444 Min: 0 Max: 16311 Allocate: None
Required: 16435 Min: 0 Max: 16311 Allocate: None
Required: 16432 Min: 0 Max: 16311 Allocate: None
Required: 16398 Min: 0 Max: 16311 Allocate: None
Required: 16349 Min: 0 Max: 16311 Allocate: None
Required: 16316 Min: 0 Max: 16311 Allocate: None
Required: 16312 Min: 0 Max: 16311 Allocate: None
Required: 16311 Min: 0 Max: 16311 Allocate: 16311
Required: 16266 Min: 0 Max: 16311 Allocate: 16311
Required: 16219 Min: 0 Max: 16311 Allocate: 16311
Required: 16199 Min: 0 Max: 16311 Allocate: 16203
Required: 16153 Min: 0 Max: 16311 Allocate: 16203
Required: 16147 Min: 0 Max: 16311 Allocate: 16203
Required: 16128 Min: 0 Max: 16311 Allocate: 16203
Required: 16125 Min: 0 Max: 16311 Allocate: 16311
Required: 16119 Min: 0 Max: 16040 Allocate: None
Required: 16106 Min: 0 Max: 16040 Allocate: None
Required: 16081 Min: 0 Max: 16040 Allocate: None
Required: 16076 Min: 0 Max: 16040 Allocate: None
Required: 16064 Min: 0 Max: 16040 Allocate: None
Required: 16027 Min: 0 Max: 16040 Allocate: 16040
Required: 16002 Min: 0 Max: 16040 Allocate: 16040
Required: 15985 Min: 0 Max: 16040 Allocate: 16040
Required: 15969 Min: 0 Max: 15706 Allocate: None
Required: 15955 Min: 0 Max: 15706 Allocate: None
Required: 15906 Min: 0 Max: 15706 Allocate: None
Required: 15871 Min: 0 Max: 15706 Allocate: None
Required: 15831 Min: 0 Max: 15706 Allocate: None
Required: 15829 Min: 0 Max: 15706 Allocate: None
Required: 15819 Min: 0 Max: 15706 Allocate: None
Required: 15808 Min: 0 Max: 15706 Allocate: None
Required: 15807 Min: 0 Max: 15706 Allocate: None
Required: 15796 Min: 0 Max: 15706 Allocate: None
Required: 15776 Min: 0 Max: 15706 Allocate: None
Required: 15737 Min: 0 Max: 15706 Allocate: None
Required: 15708 Min: 0 Max: 15706 Allocate: None
Required: 15661 Min: 0 Max: 15706 Allocate: 15706
Required: 15625 Min: 0 Max: 15706 Allocate: 15706
Required: 15594 Min: 0 Max: 15706 Allocate: 15706
Required: 15588 Min: 0 Max: 15259 Allocate: None
Required: 15583 Min: 0 Max: 15259 Allocate: None
Required: 15566 Min: 0 Max: 15259 Allocate: None
Required: 15529 Min: 0 Max: 15259 Allocate: None
Required: 15524 Min: 0 Max: 15259 Allocate: None
Required: 15515 Min: 0 Max: 15259 Allocate: None
Required: 15480 Min: 0 Max: 15259 Allocate: None
Required: 15457 Min: 0 Max: 15259 Allocate: None
Required: 15448 Min: 0 Max: 15259 Allocate: None
Required: 15430 Min: 0 Max: 15259 Allocate: None
Required: 15399 Min: 0 Max: 15259 Allocate: None
Required: 15396 Min: 0 Max: 15259 Allocate: None
Required: 15389 Min: 0 Max: 15259 Allocate: None
Required: 15381 Min: 0 Max: 15259 Allocate: None
Required: 15359 Min: 0 Max: 15259 Allocate: None
Required: 15346 Min: 0 Max: 15259 Allocate: None
Required: 15338 Min: 0 Max: 15259 Allocate: None
Required: 15296 Min: 0 Max: 15259 Allocate: None
Required: 15244 Min: 0 Max: 15259 Allocate: 15259
Required: 15236 Min: 0 Max: 15259 Allocate: 15259
Required: 15233 Min: 0 Max: 15259 Allocate: 15259
Required: 15208 Min: 0 Max: 14992 Allocate: None
Required: 15192 Min: 0 Max: 14992 Allocate: None
Required: 15190 Min: 0 Max: 14992 Allocate: None
Required: 15130 Min: 0 Max: 14992 Allocate: None
Required: 15120 Min: 0 Max: 14992 Allocate: None
Required: 15111 Min: 0 Max: 14992 Allocate: None
Required: 15095 Min: 0 Max: 14992 Allocate: None
Required: 15083 Min: 0 Max: 14992 Allocate: None
Required: 15080 Min: 0 Max: 14992 Allocate: None
Required: 15070 Min: 0 Max: 14992 Allocate: None
Required: 15038 Min: 0 Max: 14992 Allocate: None
Required: 15015 Min: 0 Max: 14992 Allocate: None
Required: 15009 Min: 0 Max: 14992 Allocate: None
Required: 14998 Min: 0 Max: 14992 Allocate: None
Required: 14997 Min: 0 Max: 14992 Allocate: None
Required: 14988 Min: 0 Max: 14992 Allocate: 14992
Required: 14927 Min: 0 Max: 14992 Allocate: 14992
Required: 14920 Min: 0 Max: 14992 Allocate: 14992
Required: 14884 Min: 0 Max: 14727 Allocate: None
Required: 14875 Min: 0 Max: 14727 Allocate: None
Required: 14871 Min: 0 Max: 14727 Allocate: None
Required: 14860 Min: 0 Max: 14727 Allocate: None
Required: 14829 Min: 0 Max: 14727 Allocate: None
Required: 14815 Min: 0 Max: 14727 Allocate: None
Required: 14808 Min: 0 Max: 14727 Allocate: None
Required: 14805 Min: 0 Max: 14727 Allocate: None
Required: 14735 Min: 0 Max: 14727 Allocate: None
Required: 14734 Min: 0 Max: 14727 Allocate: None
Required: 14715 Min: 0 Max: 14727 Allocate: 14727
Required: 14705 Min: 0 Max: 14727 Allocate: 14727
Required: 14699 Min: 0 Max: 14727 Allocate: 14727
Required: 14672 Min: 0 Max: 14682 Allocate: 14680
Required: 14664 Min: 0 Max: 14682 Allocate: 14680
Required: 14623 Min: 0 Max: 14682 Allocate: 14680
Required: 14597 Min: 0 Max: 14682 Allocate: 14682
Required: 14596 Min: 0 Max: 14682 Allocate: 14682
Required: 14569 Min: 0 Max: 14682 Allocate: 14682
Required: 14505 Min: 0 Max: 14249 Allocate: None
Required: 14441 Min: 0 Max: 14249 Allocate: None
Required: 14419 Min: 0 Max: 14249 Allocate: None
Required: 14418 Min: 0 Max: 14249 Allocate: None
Required: 14412 Min: 0 Max: 14249 Allocate: None
Required: 14391 Min: 0 Max: 14249 Allocate: None
Required: 14369 Min: 0 Max: 14249 Allocate: None
Required: 14345 Min: 0 Max: 14249 Allocate: None
Required: 14277 Min: 0 Max: 14249 Allocate: None
Required: 14249 Min: 0 Max: 14249 Allocate: 14249
Required: 14227 Min: 0 Max: 14249 Allocate: 14249
Required: 14209 Min: 0 Max: 14249 Allocate: 14249
Required: 14165 Min: 0 Max: 13775 Allocate: None
Required: 14156 Min: 0 Max: 13775 Allocate: None
Required: 14122 Min: 0 Max: 13775 Allocate: None
Required: 14032 Min: 0 Max: 13775 Allocate: None
Required: 13990 Min: 0 Max: 13775 Allocate: None
Required: 13976 Min: 0 Max: 13775 Allocate: None
Required: 13973 Min: 0 Max: 13775 Allocate: None
Required: 13968 Min: 0 Max: 13775 Allocate: None
Required: 13966 Min: 0 Max: 13775 Allocate: None
Required: 13960 Min: 0 Max: 13775 Allocate: None
Required: 13936 Min: 0 Max: 13775 Allocate: None
Required: 13897 Min: 0 Max: 13775 Allocate: None
Required: 13894 Min: 0 Max: 13775 Allocate: None
Required: 13876 Min: 0 Max: 13775 Allocate: None
Required: 13870 Min: 0 Max: 13775 Allocate: None
Required: 13832 Min: 0 Max: 13775 Allocate: None
Required: 13822 Min: 0 Max: 13775 Allocate: None
Required: 13810 Min: 0 Max: 13775 Allocate: None
Required: 13804 Min: 0 Max: 13775 Allocate: None
Required: 13781 Min: 0 Max: 13775 Allocate: None
Required: 13773 Min: 0 Max: 13775 Allocate: 13775
Required: 13768 Min: 0 Max: 13775 Allocate: 13771
Required: 13751 Min: 0 Max: 13775 Allocate: 13771
Required: 13732 Min: 0 Max: 13775 Allocate: 13771
Required: 13686 Min: 0 Max: 13775 Allocate: 13775
Required: 13653 Min: 0 Max: 13775 Allocate: 13775
Required: 13639 Min: 0 Max: 13540 Allocate: None
Required: 13611 Min: 0 Max: 13540 Allocate: None
Required: 13607 Min: 0 Max: 13540 Allocate: None
Required: 13602 Min: 0 Max: 13540 Allocate: None
Required: 13599 Min: 0 Max: 13540 Allocate: None
Required: 13587 Min: 0 Max: 13540 Allocate: None
Required: 13586 Min: 0 Max: 13540 Allocate: None
Required: 13583 Min: 0 Max: 13540 Allocate: None
Required: 13572 Min: 0 Max: 13540 Allocate: None
Required: 13565 Min: 0 Max: 13540 Allocate: None
Required: 13553 Min: 0 Max: 13540 Allocate: None
Required: 13506 Min: 0 Max: 13540 Allocate: 13529
Required: 13499 Min: 0 Max: 13540 Allocate: 13529
Required: 13434 Min: 0 Max: 13540 Allocate: 13436
Required: 13430 Min: 0 Max: 13540 Allocate: 13436
Required: 13414 Min: 0 Max: 13540 Allocate: 13436
Required: 13399 Min: 0 Max: 13540 Allocate: 13478
Required: 13397 Min: 0 Max: 13540 Allocate: 13478
Required: 13391 Min: 0 Max: 13540 Allocate: 13478
Required: 13386 Min: 0 Max: 13540 Allocate: 13529
Required: 13373 Min: 0 Max: 13540 Allocate: 13384
Required: 13370 Min: 0 Max: 13540 Allocate: 13384
Required: 13362 Min: 0 Max: 13540 Allocate: 13384
Required: 13350 Min: 0 Max: 13540 Allocate: 13540
Required: 13343 Min: 0 Max: 13540 Allocate: 13343
Required: 13287 Min: 0 Max: 13540 Allocate: 13324
Required: 13284 Min: 0 Max: 13540 Allocate: 13324
Required: 13220 Min: 0 Max: 13540 Allocate: 13324
Required: 13192 Min: 0 Max: 13540 Allocate: 13204
Required: 13169 Min: 0 Max: 13540 Allocate: 13204
Required: 13168 Min: 0 Max: 13540 Allocate: 13204
Required: 13162 Min: 0 Max: 13540 Allocate: 13343
Required: 13137 Min: 0 Max: 13540 Allocate: 13343
Required: 13126 Min: 0 Max: 13540 Allocate: 13540
Required: 13124 Min: 0 Max: 13540 Allocate: 13540
Required: 13119 Min: 0 Max: 13014 Allocate: None
Required: 13086 Min: 0 Max: 13014 Allocate: None
Required: 13077 Min: 0 Max: 13014 Allocate: None
Required: 13064 Min: 0 Max: 13014 Allocate: None
Required: 13064 Min: 0 Max: 13014 Allocate: None
Required: 12992 Min: 0 Max: 13014 Allocate: 13014
Required: 12985 Min: 0 Max: 13014 Allocate: 13014
Required: 12980 Min: 0 Max: 13014 Allocate: 12980
Required: 12951 Min: 0 Max: 13014 Allocate: 12980
Required: 12951 Min: 0 Max: 13014 Allocate: 12980
Required: 12927 Min: 0 Max: 13014 Allocate: 13014
Required: 12919 Min: 0 Max: 12819 Allocate: None
Required: 12894 Min: 0 Max: 12819 Allocate: None
Required: 12878 Min: 0 Max: 12819 Allocate: None
Required: 12869 Min: 0 Max: 12819 Allocate: None
Required: 12866 Min: 0 Max: 12819 Allocate: None
Required: 12856 Min: 0 Max: 12819 Allocate: None
Required: 12736 Min: 0 Max: 12819 Allocate: 12819
Required: 12733 Min: 0 Max: 12819 Allocate: 12819
Required: 12722 Min: 0 Max: 12819 Allocate: 12724
Required: 12707 Min: 0 Max: 12819 Allocate: 12724
Required: 12706 Min: 0 Max: 12819 Allocate: 12724
Required: 12705 Min: 0 Max: 12819 Allocate: 12819
Required: 12700 Min: 0 Max: 12637 Allocate: None
Required: 12690 Min: 0 Max: 12637 Allocate: None
Required: 12682 Min: 0 Max: 12637 Allocate: None
Required: 12670 Min: 0 Max: 12637 Allocate: None
Required: 12626 Min: 0 Max: 12637 Allocate: 12637
Required: 12623 Min: 0 Max: 12637 Allocate: 12637
Required: 12618 Min: 0 Max: 12637 Allocate: 12637
Required: 12607 Min: 0 Max: 12540 Allocate: None
Required: 12532 Min: 0 Max: 12540 Allocate: 12540
Required: 12525 Min: 0 Max: 12540 Allocate: 12540
Required: 12523 Min: 0 Max: 12540 Allocate: 12540
Required: 12499 Min: 0 Max: 12494 Allocate: None
Required: 12458 Min: 0 Max: 12494 Allocate: 12494
Required: 12429 Min: 0 Max: 12494 Allocate: 12455
Required: 12424 Min: 0 Max: 12494 Allocate: 12455
Required: 12417 Min: 0 Max: 12494 Allocate: 12455
Required: 12378 Min: 0 Max: 12494 Allocate: 12494
Required: 12375 Min: 0 Max: 12494 Allocate: 12494
Required: 12373 Min: 0 Max: 12364 Allocate: None
Required: 12348 Min: 0 Max: 12364 Allocate: 12364
Required: 12332 Min: 0 Max: 12364 Allocate: 12364
Required: 12308 Min: 0 Max: 12364 Allocate: 12320
Required: 12300 Min: 0 Max: 12364 Allocate: 12303
Required: 12263 Min: 0 Max: 12364 Allocate: 12303
Required: 12257 Min: 0 Max: 12364 Allocate: 12303
Required: 12246 Min: 0 Max: 12364 Allocate: 12320
Required: 12233 Min: 0 Max: 12364 Allocate: 12320
Required: 12218 Min: 0 Max: 12364 Allocate: 12364
Required: 12204 Min: 0 Max: 12212 Allocate: 12212
Required: 12196 Min: 0 Max: 12212 Allocate: 12212
Required: 12166 Min: 0 Max: 12212 Allocate: 12212
Required: 12166 Min: 0 Max: 12140 Allocate: None
Required: 12152 Min: 0 Max: 12140 Allocate: None
Required: 12131 Min: 0 Max: 12140 Allocate: 12140
Required: 12122 Min: 0 Max: 12140 Allocate: 12140
Required: 12118 Min: 0 Max: 12140 Allocate: 12140
Required: 12107 Min: 0 Max: 12140 Allocate: 12140
Required: 12062 Min: 0 Max: 12140 Allocate: 12140
Required: 12037 Min: 0 Max: 12140 Allocate: 12140
Required: 12014 Min: 0 Max: 11886 Allocate: None
Required: 12014 Min: 0 Max: 11886 Allocate: None
Required: 12001 Min: 0 Max: 11886 Allocate: None
Required: 11965 Min: 0 Max: 11886 Allocate: None
Required: 11949 Min: 0 Max: 11886 Allocate: None
Required: 11946 Min: 0 Max: 11886 Allocate: None
Required: 11936 Min: 0 Max: 11886 Allocate: None
Required: 11925 Min: 0 Max: 11886 Allocate: None
Required: 11856 Min: 0 Max: 11886 Allocate: 11886
Required: 11829 Min: 0 Max: 11886 Allocate: 11886
Required: 11808 Min: 0 Max: 11886 Allocate: 11823
Required: 11805 Min: 0 Max: 11886 Allocate: 11823
Required: 11803 Min: 0 Max: 11886 Allocate: 11823
Required: 11801 Min: 0 Max: 11886 Allocate: 11886
Required: 11798 Min: 0 Max: 11778 Allocate: None
Required: 11779 Min: 0 Max: 11778 Allocate: None
Required: 11773 Min: 0 Max: 11778 Allocate: 11778
Required: 11743 Min: 0 Max: 11778 Allocate: 11778
Required: 11665 Min: 0 Max: 11778 Allocate: 11710
Required: 11624 Min: 0 Max: 11778 Allocate: 11710
Required: 11595 Min: 0 Max: 11778 Allocate: 11710
Required: 11589 Min: 0 Max: 11778 Allocate: 11590
Required: 11573 Min: 0 Max: 11778 Allocate: 11585
Required: 11556 Min: 0 Max: 11778 Allocate: 11585
Required: 11533 Min: 0 Max: 11778 Allocate: 11540
Required: 11517 Min: 0 Max: 11778 Allocate: 11540
Required: 11490 Min: 0 Max: 11778 Allocate: 11540
Required: 11484 Min: 0 Max: 11778 Allocate: 11543
Required: 11482 Min: 0 Max: 11778 Allocate: 11543
Required: 11479 Min: 0 Max: 11778 Allocate: 11543
Required: 11451 Min: 0 Max: 11778 Allocate: 11585
Required: 11438 Min: 0 Max: 11778 Allocate: 11590
Required: 11409 Min: 0 Max: 11778 Allocate: 11590
Required: 11384 Min: 0 Max: 11778 Allocate: 11778
Required: 11370 Min: 0 Max: 11383 Allocate: 11383
Required: 11365 Min: 0 Max: 11383 Allocate: 11383
Required: 11362 Min: 0 Max: 11383 Allocate: 11383
Required: 11309 Min: 0 Max: 11307 Allocate: None
Required: 11271 Min: 0 Max: 11307 Allocate: 11307
Required: 11260 Min: 0 Max: 11307 Allocate: 11264
Required: 11253 Min: 0 Max: 11307 Allocate: 11264
Required: 11236 Min: 0 Max: 11307 Allocate: 11264
Required: 11205 Min: 0 Max: 11307 Allocate: 11307
Required: 11195 Min: 0 Max: 11307 Allocate: 11307
Required: 11149 Min: 0 Max: 11166 Allocate: 11166
Required: 11135 Min: 0 Max: 11166 Allocate: 11138
Required: 11134 Min: 0 Max: 11166 Allocate: 11138
Required: 11127 Min: 0 Max: 11166 Allocate: 11138
Required: 10992 Min: 0 Max: 11166 Allocate: 11040
Required: 10978 Min: 0 Max: 11166 Allocate: 11040
Required: 10960 Min: 0 Max: 11166 Allocate: 10963
Required: 10934 Min: 0 Max: 11166 Allocate: 10940
Required: 10920 Min: 0 Max: 11166 Allocate: 10940
Required: 10908 Min: 0 Max: 11166 Allocate: 10940
Required: 10891 Min: 0 Max: 11166 Allocate: 10963
Required: 10889 Min: 0 Max: 11166 Allocate: 10963
Required: 10877 Min: 0 Max: 11166 Allocate: 10963
Required: 10822 Min: 0 Max: 11166 Allocate: 10963
Required: 10808 Min: 0 Max: 11166 Allocate: 10963
Required: 10801 Min: 0 Max: 11166 Allocate: 10805
Required: 10775 Min: 0 Max: 11166 Allocate: 10805
Required: 10718 Min: 0 Max: 11166 Allocate: 10805
Required: 10703 Min: 0 Max: 11166 Allocate: 11040
Required: 10684 Min: 0 Max: 11166 Allocate: 11166
Required: 10635 Min: 0 Max: 11166 Allocate: 10646
Required: 10626 Min: 0 Max: 11166 Allocate: 10646
Required: 10599 Min: 0 Max: 11166 Allocate: 10646
Required: 10593 Min: 0 Max: 11166 Allocate: 11166
Required: 10585 Min: 0 Max: 10519 Allocate: None
Required: 10568 Min: 0 Max: 10519 Allocate: None
Required: 10549 Min: 0 Max: 10519 Allocate: None
Required: 10502 Min: 0 Max: 10519 Allocate: 10502
Required: 10489 Min: 0 Max: 10519 Allocate: 10502
Required: 10465 Min: 0 Max: 10519 Allocate: 10480
Required: 10460 Min: 0 Max: 10519 Allocate: 10480
Required: 10460 Min: 0 Max: 10519 Allocate: 10480
Required: 10442 Min: 0 Max: 10519 Allocate: 10502
Required: 10437 Min: 0 Max: 10519 Allocate: 10519
Required: 10406 Min: 0 Max: 10519 Allocate: 10409
Required: 10386 Min: 0 Max: 10519 Allocate: 10404
Required: 10371 Min: 0 Max: 10519 Allocate: 10377
Required: 10365 Min: 0 Max: 10519 Allocate: 10377
Required: 10362 Min: 0 Max: 10519 Allocate: 10377
Required: 10327 Min: 0 Max: 10519 Allocate: 10332
Required: 10292 Min: 0 Max: 10519 Allocate: 10332
Required: 10277 Min: 0 Max: 10519 Allocate: 10284
Required: 10264 Min: 0 Max: 10519 Allocate: 10284
Required: 10256 Min: 0 Max: 10519 Allocate: 10284
Required: 10245 Min: 0 Max: 10519 Allocate: 10332
Required: 10237 Min: 0 Max: 10519 Allocate: 10243
Required: 10231 Min: 0 Max: 10519 Allocate: 10243
Required: 10218 Min: 0 Max: 10519 Allocate: 10223
Required: 10216 Min: 0 Max: 10519 Allocate: 10223
Required: 10212 Min: 0 Max: 10519 Allocate: 10212
Required: 10191 Min: 0 Max: 10519 Allocate: 10212
Required: 10168 Min: 0 Max: 10519 Allocate: 10212
Required: 10166 Min: 0 Max: 10519 Allocate: 10223
Required: 10119 Min: 0 Max: 10519 Allocate: 10165
Required: 10119 Min: 0 Max: 10519 Allocate: 10165
Required: 10117 Min: 0 Max: 10519 Allocate: 10165
Required: 10078 Min: 0 Max: 10519 Allocate: 10226
Required: 10060 Min: 0 Max: 10519 Allocate: 10072
Required: 10057 Min: 0 Max: 10519 Allocate: 10072
Required: 10048 Min: 0 Max: 10519 Allocate: 10072
Required: 10045 Min: 0 Max: 10519 Allocate: 10226
Required: 10037 Min: 0 Max: 10519 Allocate: 10226
Required: 10032 Min: 0 Max: 10519 Allocate: 10243
Required: 10016 Min: 0 Max: 10519 Allocate: 10358
Required: 9984 Min: 0 Max: 10519 Allocate: 10358
Required: 9975 Min: 0 Max: 10519 Allocate: 10358
Required: 9960 Min: 0 Max: 10519 Allocate: 10404
Required: 9911 Min: 0 Max: 10519 Allocate: 10404
Required: 9908 Min: 0 Max: 10519 Allocate: 10409
Required: 9896 Min: 0 Max: 10519 Allocate: 10409
Required: 9856 Min: 0 Max: 10519 Allocate: 10519
Required: 9850 Min: 0 Max: 10519 Allocate: 10519
Required: 9827 Min: 0 Max: 9837 Allocate: 9828
Required: 9824 Min: 0 Max: 9837 Allocate: 9828
Required: 9813 Min: 0 Max: 9837 Allocate: 9828
Required: 9811 Min: 0 Max: 9837 Allocate: 9837
Required: 9736 Min: 0 Max: 9837 Allocate: 9749
Required: 9735 Min: 0 Max: 9837 Allocate: 9749
Required: 9734 Min: 0 Max: 9837 Allocate: 9734
Required: 9716 Min: 0 Max: 9837 Allocate: 9720
Required: 9689 Min: 0 Max: 9837 Allocate: 9720
Required: 9641 Min: 0 Max: 9837 Allocate: 9659
Required: 9634 Min: 0 Max: 9837 Allocate: 9659
Required: 9630 Min: 0 Max: 9837 Allocate: 9659
Required: 9602 Min: 0 Max: 9837 Allocate: 9614
Required: 9579 Min: 0 Max: 9837 Allocate: 9614
Required: 9572 Min: 0 Max: 9837 Allocate: 9614
Required: 9560 Min: 0 Max: 9837 Allocate: 9720
Required: 9557 Min: 0 Max: 9837 Allocate: 9730
Required: 9552 Min: 0 Max: 9837 Allocate: 9730
Required: 9544 Min: 0 Max: 9837 Allocate: 9730
Required: 9533 Min: 0 Max: 9837 Allocate: 9734
Required: 9531 Min: 0 Max: 9837 Allocate: 9734
Required: 9530 Min: 0 Max: 9837 Allocate: 9749
Required: 9528 Min: 0 Max: 9837 Allocate: 9789
Required: 9496 Min: 0 Max: 9837 Allocate: 9502
Required: 9444 Min: 0 Max: 9837 Allocate: 9445
Required: 9433 Min: 0 Max: 9837 Allocate: 9441
Required: 9430 Min: 0 Max: 9837 Allocate: 9441
Required: 9427 Min: 0 Max: 9837 Allocate: 9441
Required: 9420 Min: 0 Max: 9837 Allocate: 9445
Required: 9397 Min: 0 Max: 9837 Allocate: 9404
Required: 9390 Min: 0 Max: 9837 Allocate: 9391
Required: 9385 Min: 0 Max: 9837 Allocate: 9391
Required: 9267 Min: 0 Max: 9837 Allocate: 9273
Required: 9205 Min: 0 Max: 9837 Allocate: 9273
Required: 9203 Min: 0 Max: 9837 Allocate: 9273
Required: 9150 Min: 0 Max: 9837 Allocate: 9154
Required: 9145 Min: 0 Max: 9837 Allocate: 9154
Required: 9129 Min: 0 Max: 9837 Allocate: 9154
Required: 9122 Min: 0 Max: 9837 Allocate: 9128
Required: 9107 Min: 0 Max: 9837 Allocate: 9128
Required: 9075 Min: 0 Max: 9837 Allocate: 9128
Required: 9069 Min: 0 Max: 9837 Allocate: 9282
Required: 9013 Min: 0 Max: 9837 Allocate: 9035
Required: 8991 Min: 0 Max: 9837 Allocate: 9001
Required: 8986 Min: 0 Max: 9837 Allocate: 9001
Required: 8949 Min: 0 Max: 9837 Allocate: 8975
Required: 8941 Min: 0 Max: 9837 Allocate: 8975
Required: 8937 Min: 0 Max: 9837 Allocate: 8975
Required: 8910 Min: 0 Max: 9837 Allocate: 9001
Required: 8888 Min: 0 Max: 9837 Allocate: 8895
Required: 8861 Min: 0 Max: 9837 Allocate: 8895
Required: 8847 Min: 0 Max: 9837 Allocate: 8856
Required: 8841 Min: 0 Max: 9837 Allocate: 8856
Required: 8841 Min: 0 Max: 9837 Allocate: 8856
Required: 8829 Min: 0 Max: 9837 Allocate: 8895
Required: 8794 Min: 0 Max: 9837 Allocate: 9035
Required: 8754 Min: 0 Max: 9837 Allocate: 8767
Required: 8745 Min: 0 Max: 9837 Allocate: 8767
Required: 8671 Min: 0 Max: 9837 Allocate: 8703
Required: 8649 Min: 0 Max: 9837 Allocate: 8662
Required: 8649 Min: 0 Max: 9837 Allocate: 8662
Required: 8605 Min: 0 Max: 9837 Allocate: 8639
Required: 8488 Min: 0 Max: 9837 Allocate: 8493
Required: 8477 Min: 0 Max: 9837 Allocate: 8493
Required: 8447 Min: 0 Max: 9837 Allocate: 8529
Required: 8444 Min: 0 Max: 9837 Allocate: 8529
Required: 8442 Min: 0 Max: 9837 Allocate: 8579
Required: 8428 Min: 0 Max: 9837 Allocate: 8436
Required: 8412 Min: 0 Max: 9837 Allocate: 8426
Required: 8408 Min: 0 Max: 9837 Allocate: 8426
Required: 8358 Min: 0 Max: 9837 Allocate: 8362
Required: 8354 Min: 0 Max: 9837 Allocate: 8362
Required: 8310 Min: 0 Max: 9837 Allocate: 8328
Required: 8281 Min: 0 Max: 9837 Allocate: 8328
Required: 8273 Min: 0 Max: 9837 Allocate: 8337
Required: 8259 Min: 0 Max: 9837 Allocate: 8270
Required: 8224 Min: 0 Max: 9837 Allocate: 8239
Required: 8224 Min: 0 Max: 9837 Allocate: 8239
Required: 8218 Min: 0 Max: 9837 Allocate: 8270
Required: 8210 Min: 0 Max: 9837 Allocate: 8337
Required: 8164 Min: 0 Max: 9837 Allocate: 8183
Required: 8161 Min: 0 Max: 9837 Allocate: 8163
Required: 8120 Min: 0 Max: 9837 Allocate: 8163
Required: 8091 Min: 0 Max: 9837 Allocate: 8183
Required: 8077 Min: 0 Max: 9837 Allocate: 8077
Required: 8072 Min: 0 Max: 9837 Allocate: 8077
Required: 7974 Min: 0 Max: 9837 Allocate: 7981
Required: 7918 Min: 0 Max: 9837 Allocate: 7946
Required: 7910 Min: 0 Max: 9837 Allocate: 7912
Required: 7906 Min: 0 Max: 9837 Allocate: 7912
Required: 7869 Min: 0 Max: 9837 Allocate: 7871
Required: 7846 Min: 0 Max: 9837 Allocate: 7871
Required: 7793 Min: 0 Max: 9837 Allocate: 7802
Required: 7773 Min: 0 Max: 9837 Allocate: 7783
Required: 7738 Min: 0 Max: 9837 Allocate: 7783
Required: 7717 Min: 0 Max: 9837 Allocate: 7802
Required: 7706 Min: 0 Max: 9837 Allocate: 7803
Required: 7679 Min: 0 Max: 9837 Allocate: 7803
Required: 7671 Min: 0 Max: 9837 Allocate: 7815
Required: 7619 Min: 0 Max: 9837 Allocate: 7669
Required: 7587 Min: 0 Max: 9837 Allocate: 7590
Required: 7563 Min: 0 Max: 9837 Allocate: 7579
Required: 7541 Min: 0 Max: 9837 Allocate: 7541
Required: 7521 Min: 0 Max: 9837 Allocate: 7537
Required: 7518 Min: 0 Max: 9837 Allocate: 7537
Required: 7484 Min: 0 Max: 9837 Allocate: 7491
Required: 7482 Min: 0 Max: 9837 Allocate: 7491
Required: 7459 Min: 0 Max: 9837 Allocate: 7501
Required: 7428 Min: 0 Max: 9837 Allocate: 7442
Required: 7393 Min: 0 Max: 9837 Allocate: 7442
Required: 7370 Min: 0 Max: 9837 Allocate: 7375
Required: 7360 Min: 0 Max: 9837 Allocate: 7375
Required: 7360 Min: 0 Max: 9837 Allocate: 7377
Required: 7354 Min: 0 Max: 9837 Allocate: 7377
Required: 7322 Min: 0 Max: 9837 Allocate: 7337
Required: 7282 Min: 0 Max: 9837 Allocate: 7294
Required: 7280 Min: 0 Max: 9837 Allocate: 7281
Required: 7245 Min: 0 Max: 9837 Allocate: 7256
Required: 7244 Min: 0 Max: 9837 Allocate: 7244
Required: 7234 Min: 0 Max: 9837 Allocate: 7234
Required: 7222 Min: 0 Max: 9837 Allocate: 7223
Required: 7198 Min: 0 Max: 9837 Allocate: 7218
Required: 7118 Min: 0 Max: 9837 Allocate: 7125
Required: 7083 Min: 0 Max: 9837 Allocate: 7112
Required: 7071 Min: 0 Max: 9837 Allocate: 7113
Required: 7066 Min: 0 Max: 9837 Allocate: 7069
Required: 7030 Min: 0 Max: 9837 Allocate: 7065
Required: 7003 Min: 0 Max: 9837 Allocate: 7155
Required: 6992 Min: 0 Max: 9837 Allocate: 7259
Required: 6981 Min: 0 Max: 9837 Allocate: 7259
Required: 6980 Min: 0 Max: 9837 Allocate: 7281
Required: 6975 Min: 0 Max: 9837 Allocate: 6976
Required: 6969 Min: 0 Max: 9837 Allocate: 7294
Required: 6952 Min: 0 Max: 9837 Allocate: 7304
Required: 6940 Min: 0 Max: 9837 Allocate: 7304
Required: 6934 Min: 0 Max: 9837 Allocate: 7314
Required: 6895 Min: 0 Max: 9837 Allocate: 7314
Required: 6885 Min: 0 Max: 9837 Allocate: 6894
Required: 6877 Min: 0 Max: 9837 Allocate: 7337
Required: 6869 Min: 0 Max: 9837 Allocate: 7351
Required: 6850 Min: 0 Max: 9837 Allocate: 6856
Required: 6835 Min: 0 Max: 9837 Allocate: 6841
Required: 6834 Min: 0 Max: 9837 Allocate: 6842
Required: 6820 Min: 0 Max: 9837 Allocate: 7351
Required: 6784 Min: 0 Max: 9837 Allocate: 6800
Required: 6766 Min: 0 Max: 9837 Allocate: 6767
Required: 6752 Min: 0 Max: 9837 Allocate: 6753
Required: 6745 Min: 0 Max: 9837 Allocate: 6748
Required: 6744 Min: 0 Max: 9837 Allocate: 6806
Required: 6706 Min: 0 Max: 9837 Allocate: 7353
Required: 6627 Min: 0 Max: 9837 Allocate: 6635
Required: 6626 Min: 0 Max: 9837 Allocate: 6660
Required: 6623 Min: 0 Max: 9837 Allocate: 6623
Required: 6620 Min: 0 Max: 9837 Allocate: 6624
Required: 6614 Min: 0 Max: 9837 Allocate: 6680
Required: 6549 Min: 0 Max: 9837 Allocate: 6584
Required: 6544 Min: 0 Max: 9837 Allocate: 6682
Required: 6534 Min: 0 Max: 9837 Allocate: 6539
Required: 6497 Min: 0 Max: 9837 Allocate: 6497
Required: 6485 Min: 0 Max: 9837 Allocate: 6485
Required: 6474 Min: 0 Max: 9837 Allocate: 6501
Required: 6459 Min: 0 Max: 9837 Allocate: 6471
Required: 6433 Min: 0 Max: 9837 Allocate: 6434
Required: 6384 Min: 0 Max: 9837 Allocate: 6384
Required: 6370 Min: 0 Max: 9837 Allocate: 6371
Required: 6367 Min: 0 Max: 9837 Allocate: 6390
Required: 6335 Min: 0 Max: 9837 Allocate: 6526
Required: 6331 Min: 0 Max: 9837 Allocate: 6691
Required: 6291 Min: 0 Max: 9837 Allocate: 6299
Required: 6288 Min: 0 Max: 9837 Allocate: 6312
Required: 6286 Min: 0 Max: 9837 Allocate: 6318
Required: 6256 Min: 0 Max: 9837 Allocate: 6327
Required: 6249 Min: 0 Max: 9837 Allocate: 6254
Required: 6224 Min: 0 Max: 9837 Allocate: 6235
Required: 6215 Min: 0 Max: 9837 Allocate: 6243
Required: 6133 Min: 0 Max: 9837 Allocate: 6146
Required: 6119 Min: 0 Max: 9837 Allocate: 6191
Required: 6047 Min: 0 Max: 9837 Allocate: 6050
Required: 5962 Min: 0 Max: 9837 Allocate: 5962
Required: 5939 Min: 0 Max: 9837 Allocate: 5944
Required: 5931 Min: 0 Max: 9837 Allocate: 5967
Required: 5897 Min: 0 Max: 9837 Allocate: 5921
Required: 5870 Min: 0 Max: 9837 Allocate: 5879
Required: 5858 Min: 0 Max: 9837 Allocate: 5861
Required: 5846 Min: 0 Max: 9837 Allocate: 5847
Required: 5844 Min: 0 Max: 9837 Allocate: 5855
Required: 5828 Min: 0 Max: 9837 Allocate: 5856
Required: 5826 Min: 0 Max: 9837 Allocate: 5882
Required: 5814 Min: 0 Max: 9837 Allocate: 5884
Required: 5806 Min: 0 Max: 9837 Allocate: 6006
Required: 5754 Min: 0 Max: 9837 Allocate: 5768
Required: 5727 Min: 0 Max: 9837 Allocate: 5740
Required: 5716 Min: 0 Max: 9837 Allocate: 5752
Required: 5664 Min: 0 Max: 9837 Allocate: 5682
Required: 5662 Min: 0 Max: 9837 Allocate: 5688
Required: 5641 Min: 0 Max: 9837 Allocate: 5647
Required: 5596 Min: 0 Max: 9837 Allocate: 5620
Required: 5548 Min: 0 Max: 9837 Allocate: 5549
Required: 5537 Min: 0 Max: 9837 Allocate: 5551
Required: 5524 Min: 0 Max: 9837 Allocate: 5568
Required: 5521 Min: 0 Max: 9837 Allocate: 5523
Required: 5503 Min: 0 Max: 9837 Allocate: 5579
Required: 5502 Min: 0 Max: 9837 Allocate: 5587
Required: 5496 Min: 0 Max: 9837 Allocate: 5588
Required: 5489 Min: 0 Max: 9837 Allocate: 5594
Required: 5483 Min: 0 Max: 9837 Allocate: 5483
Required: 5481 Min: 0 Max: 9837 Allocate: 5487
Required: 5477 Min: 0 Max: 9837 Allocate: 5622
Required: 5435 Min: 0 Max: 9837 Allocate: 5459
Required: 5423 Min: 0 Max: 9837 Allocate: 5698
Required: 5419 Min: 0 Max: 9837 Allocate: 5701
Required: 5406 Min: 0 Max: 9837 Allocate: 5411
Required: 5372 Min: 0 Max: 9837 Allocate: 5773
Required: 5359 Min: 0 Max: 9837 Allocate: 5778
Required: 5342 Min: 0 Max: 9837 Allocate: 5342
Required: 5341 Min: 0 Max: 9837 Allocate: 5356
Required: 5311 Min: 0 Max: 9837 Allocate: 5317
Required: 5299 Min: 0 Max: 9837 Allocate: 5302
Required: 5296 Min: 0 Max: 9837 Allocate: 5309
Required: 5295 Min: 0 Max: 9837 Allocate: 5295
Required: 5292 Min: 0 Max: 9837 Allocate: 5317
Required: 5252 Min: 0 Max: 9837 Allocate: 5252
Required: 5226 Min: 0 Max: 9837 Allocate: 5252
Required: 5186 Min: 0 Max: 9837 Allocate: 5201
Required: 5186 Min: 0 Max: 9837 Allocate: 5266
Required: 5178 Min: 0 Max: 9837 Allocate: 5178
Required: 5131 Min: 0 Max: 9837 Allocate: 5278
Required: 5118 Min: 0 Max: 9837 Allocate: 5118
Required: 5074 Min: 0 Max: 9837 Allocate: 5074
Required: 5071 Min: 0 Max: 9837 Allocate: 5072
Required: 5067 Min: 0 Max: 9837 Allocate: 5080
Required: 5053 Min: 0 Max: 9837 Allocate: 5056
Required: 4986 Min: 0 Max: 9837 Allocate: 5003
Required: 4955 Min: 0 Max: 9837 Allocate: 5006
Required: 4927 Min: 0 Max: 9837 Allocate: 5014
Required: 4909 Min: 0 Max: 9837 Allocate: 4909
Required: 4876 Min: 0 Max: 9837 Allocate: 4890
Required: 4854 Min: 0 Max: 9837 Allocate: 4866
Required: 4852 Min: 0 Max: 9837 Allocate: 4867
Required: 4845 Min: 0 Max: 9837 Allocate: 4851
Required: 4810 Min: 0 Max: 9837 Allocate: 4813
Required: 4797 Min: 0 Max: 9837 Allocate: 4797
Required: 4669 Min: 0 Max: 9837 Allocate: 4710
Required: 4652 Min: 0 Max: 9837 Allocate: 4657
Required: 4644 Min: 0 Max: 9837 Allocate: 4647
Required: 4606 Min: 0 Max: 9837 Allocate: 4616
Required: 4580 Min: 0 Max: 9837 Allocate: 4586
Required: 4577 Min: 0 Max: 9837 Allocate: 4643
Required: 4572 Min: 0 Max: 9837 Allocate: 4574
Required: 4510 Min: 0 Max: 9837 Allocate: 4520
Required: 4486 Min: 0 Max: 9837 Allocate: 4492
Required: 4460 Min: 0 Max: 9837 Allocate: 4470
Required: 4431 Min: 0 Max: 9837 Allocate: 4452
Required: 4430 Min: 0 Max: 9837 Allocate: 4453
Required: 4365 Min: 0 Max: 9837 Allocate: 4366
Required: 4321 Min: 0 Max: 9837 Allocate: 4330
Required: 4309 Min: 0 Max: 9837 Allocate: 4314
Required: 4298 Min: 0 Max: 9837 Allocate: 4299
Required: 4280 Min: 0 Max: 9837 Allocate: 4295
Required: 4249 Min: 0 Max: 9837 Allocate: 4266
Required: 4229 Min: 0 Max: 9837 Allocate: 4235
Required: 4139 Min: 0 Max: 9837 Allocate: 4149
Required: 4111 Min: 0 Max: 9837 Allocate: 4111
Required: 4110 Min: 0 Max: 9837 Allocate: 4110
Required: 4106 Min: 0 Max: 9837 Allocate: 4106
Required: 4087 Min: 0 Max: 9837 Allocate: 4087
Required: 4061 Min: 0 Max: 9837 Allocate: 4061
Required: 4006 Min: 0 Max: 9837 Allocate: 4006
Required: 4002 Min: 0 Max: 9837 Allocate: 4003
Allocation accuracy new method: 532
views wasted:262
limit 1 to 5
/tmp/1619325348529.txt
Allocation accuracy: 444
limit 1 to 5
/tmp/1619325363604.txt
Allocation accuracy: 604
###############     ARGUMENTS     ############
['plot_results.py', 'patterns/TIK1.txt', 'dataset/T40I10D100K.txt', '700', '11000', '7000']
##############################################
web_page_to_adv_json_file : ./1619322493970.json
allocated_adslots_file: ./1619322493975.json
ALLOCATING WITH OUR NEW METHOD: 700
AD REPEATABILITY OF OUR NEW METHOD : 700
0.00262

ALLOCATING WITH OUR OLD METHOD: 700
AD REPEATABILITY OF ONE-SLOT METHOD : 700
0.00262

[One slot] ALLOCATING WITH RANDOM METHOD: 700
AD REPEATABILITY OF RANDOM METHOD: 700
3.24897

[Multi slots] ALLOCATING WITH RANDOM METHOD: 700
AD REPEATABILITY OF RANDOM METHOD: 700
4.04848

allocated
{'VFS_one_method': [444], 'VFS_multi_method': [604], 'new_method': [601], 'oneslot_method': [532]}
adrepp
{'VFS_one_method': ['3.24897'], 'VFS_multi_method': ['4.04848'], 'new_method': ['0.00262'], 'oneslot_method': ['0.00262']}
revenue
{'VFS_one_method': [5006677], 'VFS_multi_method': [6734070], 'new_method': [6351811], 'oneslot_method': [5389253]}
