==========================================
SLURM_JOB_ID = 379604
SLURM_NODELIST = gnode91
SLURM_JOB_GPUS = 
==========================================
Loaded all files
got patterns
Allocation accuracy new method: 300
views wasted:-56754
Loaded all files
got patterns
Allocation accuracy new method: 220
views wasted:-31832
limit 1 to 1
/tmp/1619783089099.txt
Allocation accuracy: 194
limit 2 to 5
/tmp/1619783090667.txt
Allocation accuracy: 300
###############     ARGUMENTS     ############
['plot_results.py', 'patterns/k100_patterns.txt', 'dataset/k100.txt', '300', '1000', '3000']
##############################################
web_page_to_adv_json_file : ./1619775602982.json
allocated_adslots_file: ./1619775602997.json
ALLOCATING WITH OUR NEW METHOD: 300
AD REPEATABILITY OF OUR NEW METHOD : 300
0.02286

ALLOCATING WITH OUR OLD METHOD: 300
AD REPEATABILITY OF ONE-SLOT METHOD : 300
0.01

[One slot] ALLOCATING WITH RANDOM METHOD: 300
AD REPEATABILITY OF RANDOM METHOD: 300
0.06527

[Multi slots] ALLOCATING WITH RANDOM METHOD: 300
AD REPEATABILITY OF RANDOM METHOD: 300
0.50073

allocated
{'VFS_one_method': [195], 'VFS_multi_method': [300], 'new_method': [300], 'oneslot_method': [220]}
adrepp
{'VFS_one_method': ['0.06527'], 'VFS_multi_method': ['0.50073'], 'new_method': ['0.02286'], 'oneslot_method': ['0.01']}
revenue
{'VFS_one_method': [12177], 'VFS_multi_method': [311328], 'new_method': [311328], 'oneslot_method': [112158]}
