Loaded all files
got patterns
Allocation accuracy new method: 400
views wasted:0
limit 1 to 1
/tmp/1621544869648.txt
Allocation accuracy: 76
###############     ARGUMENTS     ############
['plot_results.py', 'patterns/k100_patterns.txt', 'dataset/k100.txt', '400', '10000', '5000']
##############################################
web_page_to_adv_json_file : ./1621542226326.json
allocated_adslots_file: ./1621542226331.json
ALLOCATING WITH OUR OLD METHOD: 400
AD REPEATABILITY OF ONE-SLOT METHOD : 400
0.00245

[One slot] ALLOCATING WITH RANDOM METHOD: 400
AD REPEATABILITY OF RANDOM METHOD: 400
1.70504

allocated
{'VFS_one_method': [77], 'VFS_multi_method': [], 'new_method': [], 'oneslot_method': [400]}
adrepp
{'VFS_one_method': ['1.70504'], 'VFS_multi_method': [], 'new_method': [], 'oneslot_method': ['0.00245']}
revenue
{'VFS_one_method': [], 'VFS_multi_method': [], 'new_method': [], 'oneslot_method': []}
