==========================================
SLURM_JOB_ID = 668828
SLURM_NODELIST = gnode71
SLURM_JOB_GPUS = 0
==========================================
got patterns
sorted patterns
started allocation
Allocation accuracy: 320
total views sold: 1289980
Allocation accuracy new method: 320
0.0
got patterns
sorted patterns
started allocation
Allocation accuracy: 149
total views sold: 635276
Allocation accuracy new method: 149
('META_DATA_FILE_PATH', '/home/preetham_sathineni/adslot/web_page_meta_dict_adslots_1_dataset_bmspostxt.pkl')
/tmp/1651687396420.txt
Allocation accuracy: 65
total views sold: 413393
('META_DATA_FILE_PATH', '/home/preetham_sathineni/adslot/web_page_meta_dict_adslots_2_dataset_bmspostxt.pkl')
/tmp/1651687397466.txt
Allocation accuracy: 145
total views sold: 820013
###############     ARGUMENTS     ############
['plot_results.py', '../test1/bmspos_minfreq_0.002_maxcs_1_maxor_0.01/patterns.txt', '../CMineMR-Mapreduce-algorithm-to-extract-coverage-patterns-master/dataset/bmspos.txt', '320', '4000', '3000', '2']
##############################################
web_page_to_adv_json_file : ./1651687039030.json
allocated_adslots_file: ./1651687039036.json
python alloc_fresh.py ../test1/bmspos_minfreq_0.002_maxcs_1_maxor_0.01/patterns.txt /home/preetham_sathineni/adslot/web_page_meta_dict_adslots_2_dataset_bmspostxt.pkl /home/preetham_sathineni/adslot/web_page_freq_sorted_adslots_2_dataset_bmspostxt.pkl 6744,2209,5519,2547,1982,1889,1739,4585,6814,6265,3605,4464,6734,4402,3270,6121,3135,5820,6108,3709,2706,4540,3659,6085,3940,6299,4723,2093,2578,3131,2419,1666,6027,4450,6093,1973,5017,4609,4631,3122,2903,5463,6940,6577,2993,1319,3089,2213,3143,4179,4086,1583,2197,6736,5550,6159,6174,1387,4969,1244,3732,1629,6625,5364,1519,1029,3450,3254,1039,5849,1197,6870,6178,6134,5692,5347,2047,5891,2093,2107,5898,5587,1748,3315,6940,4816,4035,6830,3731,5449,3183,3636,6310,4955,4790,6654,1116,3994,6815,1541,4328,4604,2628,2904,4697,3997,3468,6538,1306,6066,5794,3576,3686,1714,3031,3532,4371,5045,6776,1320,4255,1316,5682,5766,1481,2492,5548,2253,1343,6460,2881,6157,4267,6012,2085,5037,1335,2364,2597,2655,2982,5620,2146,1731,1889,2841,5605,2517,3833,6476,5327,5901,3987,2496,1449,3660,5906,6076,3902,2260,5812,6005,2793,1657,6291,4455,3409,6783,6635,2276,4892,5737,4796,2060,3871,5168,1440,4842,3800,3160,6687,5321,1566,6640,6835,4450,3235,3933,4148,2132,4839,2300,3456,3940,3681,2241,4973,3440,4347,1442,6826,6998,5771,5257,5173,6086,4639,2253,4316,3891,6369,1611,4834,1759,6164,4650,1361,1600,3114,3557,2241,3829,2014,3749,3457,6135,4508,1618,1825,2866,5598,1120,2798,6086,5942,1669,6038,4577,5352,2041,5902,5005,3756,5180,6000,2186,1315,5022,4471,5034,2162,3091,5654,6881,3150,5402,3387,2078,4672,6975,5942,1331,3474,3759,5466,5267,6101,5785,6117,1422,4402,1056,2160,2756,4371,4990,1220,2535,4249,3303,3046,4560,5372,5181,6632,1430,1772,4895,3548,4713,4495,2418,5580,1633,2251,3251,1579,2835,2741,6472,4121,1631,4392,4675,3328,3357,3087,5409,4569,4965,5818,4931,4611,1619,2327,5336,6259,6534,3039,4673 /tmp/1651687039040.txt 2 ./1651687039036.json ./1651687039030.json
AD REPEATABILITY OF OUR NEW METHOD : 320
0.2584

ALLOCATING WITH OUR OLD METHOD: 320
python alloc_fresh.py ../test1/bmspos_minfreq_0.002_maxcs_1_maxor_0.01/patterns.txt /home/preetham_sathineni/adslot/web_page_meta_dict_adslots_1_dataset_bmspostxt.pkl /home/preetham_sathineni/adslot/web_page_freq_sorted_adslots_1_dataset_bmspostxt.pkl 6744,2209,5519,2547,1982,1889,1739,4585,6814,6265,3605,4464,6734,4402,3270,6121,3135,5820,6108,3709,2706,4540,3659,6085,3940,6299,4723,2093,2578,3131,2419,1666,6027,4450,6093,1973,5017,4609,4631,3122,2903,5463,6940,6577,2993,1319,3089,2213,3143,4179,4086,1583,2197,6736,5550,6159,6174,1387,4969,1244,3732,1629,6625,5364,1519,1029,3450,3254,1039,5849,1197,6870,6178,6134,5692,5347,2047,5891,2093,2107,5898,5587,1748,3315,6940,4816,4035,6830,3731,5449,3183,3636,6310,4955,4790,6654,1116,3994,6815,1541,4328,4604,2628,2904,4697,3997,3468,6538,1306,6066,5794,3576,3686,1714,3031,3532,4371,5045,6776,1320,4255,1316,5682,5766,1481,2492,5548,2253,1343,6460,2881,6157,4267,6012,2085,5037,1335,2364,2597,2655,2982,5620,2146,1731,1889,2841,5605,2517,3833,6476,5327,5901,3987,2496,1449,3660,5906,6076,3902,2260,5812,6005,2793,1657,6291,4455,3409,6783,6635,2276,4892,5737,4796,2060,3871,5168,1440,4842,3800,3160,6687,5321,1566,6640,6835,4450,3235,3933,4148,2132,4839,2300,3456,3940,3681,2241,4973,3440,4347,1442,6826,6998,5771,5257,5173,6086,4639,2253,4316,3891,6369,1611,4834,1759,6164,4650,1361,1600,3114,3557,2241,3829,2014,3749,3457,6135,4508,1618,1825,2866,5598,1120,2798,6086,5942,1669,6038,4577,5352,2041,5902,5005,3756,5180,6000,2186,1315,5022,4471,5034,2162,3091,5654,6881,3150,5402,3387,2078,4672,6975,5942,1331,3474,3759,5466,5267,6101,5785,6117,1422,4402,1056,2160,2756,4371,4990,1220,2535,4249,3303,3046,4560,5372,5181,6632,1430,1772,4895,3548,4713,4495,2418,5580,1633,2251,3251,1579,2835,2741,6472,4121,1631,4392,4675,3328,3357,3087,5409,4569,4965,5818,4931,4611,1619,2327,5336,6259,6534,3039,4673 /tmp/1651687262333.txt 2 ./1651687039036.json ./1651687039030.json
AD REPEATABILITY OF ONE-SLOT METHOD : 320
0.21029

[One slot] ALLOCATING WITH RANDOM METHOD: 320
0.35796

[Multi slots] ALLOCATING WITH RANDOM METHOD: 320
AD REPEATABILITY OF RANDOM METHOD: 320
0.72064

allocated
{'VFS_one_method': [0], 'VFS_multi_method': [0], 'new_method': [320], 'oneslot_method': [149]}
adrepp
{'VFS_one_method': ['0.35796'], 'VFS_multi_method': ['0.72064'], 'new_method': ['0.2584'], 'oneslot_method': ['0.21029']}
revenue
{'VFS_one_method': [], 'VFS_multi_method': [], 'new_method': [], 'oneslot_method': []}
got patterns
sorted patterns
started allocation
Allocation accuracy: 340
total views sold: 1391239
Allocation accuracy new method: 340
0.0
got patterns
sorted patterns
started allocation
Allocation accuracy: 152
total views sold: 644679
Allocation accuracy new method: 152
('META_DATA_FILE_PATH', '/home/preetham_sathineni/adslot/web_page_meta_dict_adslots_1_dataset_bmspostxt.pkl')
/tmp/1651687738665.txt
Allocation accuracy: 67
total views sold: 432082
('META_DATA_FILE_PATH', '/home/preetham_sathineni/adslot/web_page_meta_dict_adslots_2_dataset_bmspostxt.pkl')
/tmp/1651687739704.txt
Allocation accuracy: 141
total views sold: 822991
###############     ARGUMENTS     ############
['plot_results.py', '../test1/bmspos_minfreq_0.002_maxcs_1_maxor_0.01/patterns.txt', '../CMineMR-Mapreduce-algorithm-to-extract-coverage-patterns-master/dataset/bmspos.txt', '340', '4000', '3000', '2']
##############################################
web_page_to_adv_json_file : ./1651687399578.json
allocated_adslots_file: ./1651687399582.json
python alloc_fresh.py ../test1/bmspos_minfreq_0.002_maxcs_1_maxor_0.01/patterns.txt /home/preetham_sathineni/adslot/web_page_meta_dict_adslots_2_dataset_bmspostxt.pkl /home/preetham_sathineni/adslot/web_page_freq_sorted_adslots_2_dataset_bmspostxt.pkl 1657,6850,5366,3956,5172,3874,3497,4550,1116,3798,2925,1098,4350,3694,1170,6318,5908,6242,6991,6382,6466,3710,4416,1367,2803,1756,2994,2621,3698,4608,2533,4446,6044,3819,1996,4908,4970,2349,5027,2419,6818,6201,4796,2532,6022,2008,3190,6357,5299,5453,2483,5350,5017,5848,5516,4395,5821,4204,4049,5169,2382,5039,6785,2337,6962,2510,3077,1301,4265,5741,6054,1757,5320,4395,4902,2868,5520,4759,1617,2086,2050,4959,3993,2144,2718,3703,6010,1697,4581,3345,2925,2453,4890,6777,1315,2262,1151,5366,4350,3887,3302,3914,4599,5982,3232,6291,2662,5143,4365,2079,3505,5841,6745,6281,4400,2112,5912,2382,4802,3742,2523,1402,4885,2502,5125,4040,1208,4728,5300,2751,6731,6696,6086,5174,5044,1873,3850,2060,2719,1316,2027,5264,3059,3171,1127,4054,1404,4554,3330,4771,2131,6736,6802,1319,5509,4511,6983,1683,4412,2009,6366,6241,2738,5181,6251,3271,1526,2928,4931,1229,1694,6402,6671,5715,5907,3874,5598,2416,6848,6162,1017,3384,4179,4396,4643,3247,2440,1832,3226,5666,6432,4552,6430,2391,6747,1465,3541,3017,3073,2503,1970,5091,5543,4870,5092,1060,5016,6128,6332,4451,2979,5871,4038,3417,1084,4987,6642,4159,6832,3041,6384,1157,4911,1345,4983,1956,4009,5835,6028,6212,6194,5960,6837,4240,3872,4784,6107,2138,2357,3417,2381,6269,2632,3613,2613,5700,6993,4687,4427,1527,1849,3719,3729,5163,5172,2551,1768,2021,2941,1760,2635,2069,1979,4841,6196,1270,5042,4635,5952,2771,6736,5329,2989,4347,2725,6689,1055,1397,3522,5943,2789,6936,1413,1014,6499,6137,3300,6970,6119,1655,3637,5951,3688,3428,5275,1867,2184,5348,6001,3754,5462,4411,5923,5612,3198,6932,5586,6190,1667,2373,1292,3761,1784,2106,3634,6098,1393,6879,5099,4478,6826,3869,3562,5013,3437,3332,3625,6447,4302,2294,3408,5239,5162,4302,5727,6444,1611,2217,5463,5215 /tmp/1651687399586.txt 2 ./1651687399582.json ./1651687399578.json
AD REPEATABILITY OF OUR NEW METHOD : 340
0.32369

ALLOCATING WITH OUR OLD METHOD: 340
python alloc_fresh.py ../test1/bmspos_minfreq_0.002_maxcs_1_maxor_0.01/patterns.txt /home/preetham_sathineni/adslot/web_page_meta_dict_adslots_1_dataset_bmspostxt.pkl /home/preetham_sathineni/adslot/web_page_freq_sorted_adslots_1_dataset_bmspostxt.pkl 1657,6850,5366,3956,5172,3874,3497,4550,1116,3798,2925,1098,4350,3694,1170,6318,5908,6242,6991,6382,6466,3710,4416,1367,2803,1756,2994,2621,3698,4608,2533,4446,6044,3819,1996,4908,4970,2349,5027,2419,6818,6201,4796,2532,6022,2008,3190,6357,5299,5453,2483,5350,5017,5848,5516,4395,5821,4204,4049,5169,2382,5039,6785,2337,6962,2510,3077,1301,4265,5741,6054,1757,5320,4395,4902,2868,5520,4759,1617,2086,2050,4959,3993,2144,2718,3703,6010,1697,4581,3345,2925,2453,4890,6777,1315,2262,1151,5366,4350,3887,3302,3914,4599,5982,3232,6291,2662,5143,4365,2079,3505,5841,6745,6281,4400,2112,5912,2382,4802,3742,2523,1402,4885,2502,5125,4040,1208,4728,5300,2751,6731,6696,6086,5174,5044,1873,3850,2060,2719,1316,2027,5264,3059,3171,1127,4054,1404,4554,3330,4771,2131,6736,6802,1319,5509,4511,6983,1683,4412,2009,6366,6241,2738,5181,6251,3271,1526,2928,4931,1229,1694,6402,6671,5715,5907,3874,5598,2416,6848,6162,1017,3384,4179,4396,4643,3247,2440,1832,3226,5666,6432,4552,6430,2391,6747,1465,3541,3017,3073,2503,1970,5091,5543,4870,5092,1060,5016,6128,6332,4451,2979,5871,4038,3417,1084,4987,6642,4159,6832,3041,6384,1157,4911,1345,4983,1956,4009,5835,6028,6212,6194,5960,6837,4240,3872,4784,6107,2138,2357,3417,2381,6269,2632,3613,2613,5700,6993,4687,4427,1527,1849,3719,3729,5163,5172,2551,1768,2021,2941,1760,2635,2069,1979,4841,6196,1270,5042,4635,5952,2771,6736,5329,2989,4347,2725,6689,1055,1397,3522,5943,2789,6936,1413,1014,6499,6137,3300,6970,6119,1655,3637,5951,3688,3428,5275,1867,2184,5348,6001,3754,5462,4411,5923,5612,3198,6932,5586,6190,1667,2373,1292,3761,1784,2106,3634,6098,1393,6879,5099,4478,6826,3869,3562,5013,3437,3332,3625,6447,4302,2294,3408,5239,5162,4302,5727,6444,1611,2217,5463,5215 /tmp/1651687605544.txt 2 ./1651687399582.json ./1651687399578.json
AD REPEATABILITY OF ONE-SLOT METHOD : 340
0.20455

[One slot] ALLOCATING WITH RANDOM METHOD: 340
0.36016

[Multi slots] ALLOCATING WITH RANDOM METHOD: 340
AD REPEATABILITY OF RANDOM METHOD: 340
0.77835

allocated
{'VFS_one_method': [0], 'VFS_multi_method': [0], 'new_method': [340], 'oneslot_method': [152]}
adrepp
{'VFS_one_method': ['0.36016'], 'VFS_multi_method': ['0.77835'], 'new_method': ['0.32369'], 'oneslot_method': ['0.20455']}
revenue
{'VFS_one_method': [], 'VFS_multi_method': [], 'new_method': [], 'oneslot_method': []}
got patterns
sorted patterns
started allocation
Allocation accuracy: 360
total views sold: 1440218
Allocation accuracy new method: 360
0.0
got patterns
sorted patterns
started allocation
Allocation accuracy: 155
total views sold: 656383
Allocation accuracy new method: 155
('META_DATA_FILE_PATH', '/home/preetham_sathineni/adslot/web_page_meta_dict_adslots_1_dataset_bmspostxt.pkl')
/tmp/1651688087750.txt
Allocation accuracy: 66
total views sold: 424157
('META_DATA_FILE_PATH', '/home/preetham_sathineni/adslot/web_page_meta_dict_adslots_2_dataset_bmspostxt.pkl')
/tmp/1651688088806.txt
Allocation accuracy: 138
total views sold: 800559
###############     ARGUMENTS     ############
['plot_results.py', '../test1/bmspos_minfreq_0.002_maxcs_1_maxor_0.01/patterns.txt', '../CMineMR-Mapreduce-algorithm-to-extract-coverage-patterns-master/dataset/bmspos.txt', '360', '4000', '3000', '2']
##############################################
web_page_to_adv_json_file : ./1651687741771.json
allocated_adslots_file: ./1651687741776.json
python alloc_fresh.py ../test1/bmspos_minfreq_0.002_maxcs_1_maxor_0.01/patterns.txt /home/preetham_sathineni/adslot/web_page_meta_dict_adslots_2_dataset_bmspostxt.pkl /home/preetham_sathineni/adslot/web_page_freq_sorted_adslots_2_dataset_bmspostxt.pkl 2432,3398,2438,5069,1880,2986,5346,1037,5920,2962,5157,6726,2730,5732,2570,2474,4558,5331,2370,4378,1450,4244,5131,2784,1158,6430,2434,5124,4734,4763,1770,6797,6324,4349,2739,5693,2492,1574,2987,5891,3950,3748,5213,4744,3901,1726,4574,3710,1881,2050,2486,1397,5058,4036,3471,2462,3311,5298,3780,1238,6060,6775,4421,4744,3396,2003,5478,6293,2210,1023,3907,5848,2127,3574,3175,4226,3489,4426,1297,5237,5369,2812,6426,1154,4936,6908,2249,2187,2081,5561,3484,3592,1418,2341,6103,1349,4583,3042,6283,6723,3023,2419,6804,5281,2725,1913,5585,6820,6885,3926,2828,5942,6337,1394,1708,2266,6674,2468,3867,1735,3033,5329,1958,4424,1494,3536,6941,1565,2244,3588,5504,3281,5252,3502,1701,4195,4584,1171,4413,1477,2398,6763,6707,2631,5738,4233,5156,6123,1442,3458,4085,1388,2646,1820,5708,1981,3051,1133,6431,3245,2677,3432,3992,4153,5901,4248,5162,3715,5591,5692,1818,3247,5857,2892,1251,6577,6060,3935,4714,2246,2008,4718,6108,4020,4907,5060,4024,5308,2097,5331,4188,3045,6302,4638,1982,2986,6651,5348,5483,1555,1761,3171,2807,2172,5932,2846,1391,6651,2814,3802,4882,5765,1922,6773,1698,1114,6280,6189,4440,3251,6075,2703,4177,4663,2444,2375,6784,5848,5453,5840,2483,1790,3342,4782,2413,3909,2485,2862,4550,4317,1724,4690,3676,4159,3785,6967,5129,3355,3543,4525,3049,2287,5089,5620,4771,6835,3491,1928,5488,1030,3032,6811,6531,5394,5832,4515,1216,4055,4090,1299,2897,4335,4848,4384,4158,5497,4103,6504,3968,3338,3627,6191,5390,6660,2724,6884,5158,4675,6029,4936,2020,1970,1195,2586,5784,5091,6431,3551,6560,4846,5824,4155,1413,3811,4478,1486,6267,6550,2836,3809,3366,6172,2677,6806,6855,3640,4473,3784,6413,1992,3386,6905,3471,3942,1717,1532,5111,6585,3446,1372,5186,2002,3580,2251,5334,2796,3744,5178,5215,4413,2165,5677,2355,1532,4837,5403,5351,1725,6924,4738,3629,4843,3836,6080,6229,2755,1227,5855,3967,6351 /tmp/1651687741779.txt 2 ./1651687741776.json ./1651687741771.json
AD REPEATABILITY OF OUR NEW METHOD : 360
0.28441

ALLOCATING WITH OUR OLD METHOD: 360
python alloc_fresh.py ../test1/bmspos_minfreq_0.002_maxcs_1_maxor_0.01/patterns.txt /home/preetham_sathineni/adslot/web_page_meta_dict_adslots_1_dataset_bmspostxt.pkl /home/preetham_sathineni/adslot/web_page_freq_sorted_adslots_1_dataset_bmspostxt.pkl 2432,3398,2438,5069,1880,2986,5346,1037,5920,2962,5157,6726,2730,5732,2570,2474,4558,5331,2370,4378,1450,4244,5131,2784,1158,6430,2434,5124,4734,4763,1770,6797,6324,4349,2739,5693,2492,1574,2987,5891,3950,3748,5213,4744,3901,1726,4574,3710,1881,2050,2486,1397,5058,4036,3471,2462,3311,5298,3780,1238,6060,6775,4421,4744,3396,2003,5478,6293,2210,1023,3907,5848,2127,3574,3175,4226,3489,4426,1297,5237,5369,2812,6426,1154,4936,6908,2249,2187,2081,5561,3484,3592,1418,2341,6103,1349,4583,3042,6283,6723,3023,2419,6804,5281,2725,1913,5585,6820,6885,3926,2828,5942,6337,1394,1708,2266,6674,2468,3867,1735,3033,5329,1958,4424,1494,3536,6941,1565,2244,3588,5504,3281,5252,3502,1701,4195,4584,1171,4413,1477,2398,6763,6707,2631,5738,4233,5156,6123,1442,3458,4085,1388,2646,1820,5708,1981,3051,1133,6431,3245,2677,3432,3992,4153,5901,4248,5162,3715,5591,5692,1818,3247,5857,2892,1251,6577,6060,3935,4714,2246,2008,4718,6108,4020,4907,5060,4024,5308,2097,5331,4188,3045,6302,4638,1982,2986,6651,5348,5483,1555,1761,3171,2807,2172,5932,2846,1391,6651,2814,3802,4882,5765,1922,6773,1698,1114,6280,6189,4440,3251,6075,2703,4177,4663,2444,2375,6784,5848,5453,5840,2483,1790,3342,4782,2413,3909,2485,2862,4550,4317,1724,4690,3676,4159,3785,6967,5129,3355,3543,4525,3049,2287,5089,5620,4771,6835,3491,1928,5488,1030,3032,6811,6531,5394,5832,4515,1216,4055,4090,1299,2897,4335,4848,4384,4158,5497,4103,6504,3968,3338,3627,6191,5390,6660,2724,6884,5158,4675,6029,4936,2020,1970,1195,2586,5784,5091,6431,3551,6560,4846,5824,4155,1413,3811,4478,1486,6267,6550,2836,3809,3366,6172,2677,6806,6855,3640,4473,3784,6413,1992,3386,6905,3471,3942,1717,1532,5111,6585,3446,1372,5186,2002,3580,2251,5334,2796,3744,5178,5215,4413,2165,5677,2355,1532,4837,5403,5351,1725,6924,4738,3629,4843,3836,6080,6229,2755,1227,5855,3967,6351 /tmp/1651687954893.txt 2 ./1651687741776.json ./1651687741771.json
AD REPEATABILITY OF ONE-SLOT METHOD : 360
0.18694

[One slot] ALLOCATING WITH RANDOM METHOD: 360
0.36446

[Multi slots] ALLOCATING WITH RANDOM METHOD: 360
AD REPEATABILITY OF RANDOM METHOD: 360
0.7615

allocated
{'VFS_one_method': [0], 'VFS_multi_method': [0], 'new_method': [360], 'oneslot_method': [155]}
adrepp
{'VFS_one_method': ['0.36446'], 'VFS_multi_method': ['0.7615'], 'new_method': ['0.28441'], 'oneslot_method': ['0.18694']}
revenue
{'VFS_one_method': [], 'VFS_multi_method': [], 'new_method': [], 'oneslot_method': []}
got patterns
sorted patterns
started allocation
Allocation accuracy: 380
total views sold: 1563112
Allocation accuracy new method: 380
0.0
got patterns
sorted patterns
started allocation
Allocation accuracy: 147
total views sold: 637603
Allocation accuracy new method: 147
('META_DATA_FILE_PATH', '/home/preetham_sathineni/adslot/web_page_meta_dict_adslots_1_dataset_bmspostxt.pkl')
/tmp/1651688442981.txt
Allocation accuracy: 65
total views sold: 422470
('META_DATA_FILE_PATH', '/home/preetham_sathineni/adslot/web_page_meta_dict_adslots_2_dataset_bmspostxt.pkl')
/tmp/1651688444009.txt
Allocation accuracy: 137
total views sold: 823186
###############     ARGUMENTS     ############
['plot_results.py', '../test1/bmspos_minfreq_0.002_maxcs_1_maxor_0.01/patterns.txt', '../CMineMR-Mapreduce-algorithm-to-extract-coverage-patterns-master/dataset/bmspos.txt', '380', '4000', '3000', '2']
##############################################
web_page_to_adv_json_file : ./1651688090916.json
allocated_adslots_file: ./1651688090920.json
python alloc_fresh.py ../test1/bmspos_minfreq_0.002_maxcs_1_maxor_0.01/patterns.txt /home/preetham_sathineni/adslot/web_page_meta_dict_adslots_2_dataset_bmspostxt.pkl /home/preetham_sathineni/adslot/web_page_freq_sorted_adslots_2_dataset_bmspostxt.pkl 3162,6538,1847,2083,5719,3489,2509,6587,2568,5163,5384,1066,1676,5928,2219,4754,6009,2565,3682,4508,6126,6506,2673,4559,3766,5899,6288,2410,3771,1559,3462,5718,2397,2704,3206,3174,6225,4202,1800,3561,5977,1067,4067,1439,2008,3615,1868,1960,2778,6147,1168,3022,2406,2945,6892,1098,5950,5877,5315,6392,5754,6566,5577,2351,2419,4053,5431,1773,1185,6503,6805,6041,6224,6237,5504,6095,1104,5056,5332,2939,6862,4371,2202,3081,5531,2995,5412,5265,1617,4819,4150,2811,6317,5379,3092,4428,4563,2252,1303,5675,6758,2395,6897,2462,2373,1144,1212,4431,2448,1452,6855,4166,1883,5559,3437,3678,3731,5586,3490,4010,3519,1206,2381,3008,5451,4622,3145,6005,3242,1818,3119,6335,5304,6476,4455,6913,1300,6820,4030,5635,2044,4737,1744,6518,4853,1223,5080,2222,2512,1561,5107,4187,3184,3093,5624,5232,5802,2149,1837,3005,5763,4860,6620,4847,2295,2903,3749,5544,5356,6007,2457,4226,6964,6193,3817,4052,5137,4530,3978,3408,2246,6391,6521,3000,2027,1646,4642,1720,4589,1486,5779,2393,2795,6299,4140,6079,1018,4326,2091,2577,6294,3780,3855,4101,1759,5932,5373,4790,6431,4682,3905,6353,6771,4182,2171,5156,6698,4854,6974,6881,2508,5467,3133,2515,2588,3819,5424,4068,4183,2426,6042,6537,5189,6282,3071,3579,4794,4526,6481,2136,2210,3662,4125,2355,3710,5432,2160,5305,1200,3030,4540,2897,2807,5136,2597,2787,3127,6862,6751,5253,6488,1354,3810,2155,3781,4137,5652,3694,2766,5479,5186,5505,1823,3886,3407,5561,3716,2433,3048,3606,1065,5875,4703,5266,4512,4480,5228,6208,5151,5533,4530,4054,6548,2546,4559,6416,5825,6689,4554,4300,3170,5611,6119,5692,6819,5503,3455,3803,5476,5971,2033,5433,3116,2303,2619,1233,3910,6173,1244,1475,6082,2651,3442,1828,2387,5482,1952,2628,3267,6425,4198,4678,5860,4901,6092,2932,3376,3953,3289,4251,1872,2089,2658,2160,6724,4717,2828,6173,2629,3051,6418,5819,6254,6796,3250,1562,4842,4406,6212,4016,6774,4649,2986,1111,1479,2512,4260,6700,4258,1820,4887,6978,3811,6091,6106,2904,1742,6009,2951,3128 /tmp/1651688090924.txt 2 ./1651688090920.json ./1651688090916.json
AD REPEATABILITY OF OUR NEW METHOD : 380
0.36466

ALLOCATING WITH OUR OLD METHOD: 380
python alloc_fresh.py ../test1/bmspos_minfreq_0.002_maxcs_1_maxor_0.01/patterns.txt /home/preetham_sathineni/adslot/web_page_meta_dict_adslots_1_dataset_bmspostxt.pkl /home/preetham_sathineni/adslot/web_page_freq_sorted_adslots_1_dataset_bmspostxt.pkl 3162,6538,1847,2083,5719,3489,2509,6587,2568,5163,5384,1066,1676,5928,2219,4754,6009,2565,3682,4508,6126,6506,2673,4559,3766,5899,6288,2410,3771,1559,3462,5718,2397,2704,3206,3174,6225,4202,1800,3561,5977,1067,4067,1439,2008,3615,1868,1960,2778,6147,1168,3022,2406,2945,6892,1098,5950,5877,5315,6392,5754,6566,5577,2351,2419,4053,5431,1773,1185,6503,6805,6041,6224,6237,5504,6095,1104,5056,5332,2939,6862,4371,2202,3081,5531,2995,5412,5265,1617,4819,4150,2811,6317,5379,3092,4428,4563,2252,1303,5675,6758,2395,6897,2462,2373,1144,1212,4431,2448,1452,6855,4166,1883,5559,3437,3678,3731,5586,3490,4010,3519,1206,2381,3008,5451,4622,3145,6005,3242,1818,3119,6335,5304,6476,4455,6913,1300,6820,4030,5635,2044,4737,1744,6518,4853,1223,5080,2222,2512,1561,5107,4187,3184,3093,5624,5232,5802,2149,1837,3005,5763,4860,6620,4847,2295,2903,3749,5544,5356,6007,2457,4226,6964,6193,3817,4052,5137,4530,3978,3408,2246,6391,6521,3000,2027,1646,4642,1720,4589,1486,5779,2393,2795,6299,4140,6079,1018,4326,2091,2577,6294,3780,3855,4101,1759,5932,5373,4790,6431,4682,3905,6353,6771,4182,2171,5156,6698,4854,6974,6881,2508,5467,3133,2515,2588,3819,5424,4068,4183,2426,6042,6537,5189,6282,3071,3579,4794,4526,6481,2136,2210,3662,4125,2355,3710,5432,2160,5305,1200,3030,4540,2897,2807,5136,2597,2787,3127,6862,6751,5253,6488,1354,3810,2155,3781,4137,5652,3694,2766,5479,5186,5505,1823,3886,3407,5561,3716,2433,3048,3606,1065,5875,4703,5266,4512,4480,5228,6208,5151,5533,4530,4054,6548,2546,4559,6416,5825,6689,4554,4300,3170,5611,6119,5692,6819,5503,3455,3803,5476,5971,2033,5433,3116,2303,2619,1233,3910,6173,1244,1475,6082,2651,3442,1828,2387,5482,1952,2628,3267,6425,4198,4678,5860,4901,6092,2932,3376,3953,3289,4251,1872,2089,2658,2160,6724,4717,2828,6173,2629,3051,6418,5819,6254,6796,3250,1562,4842,4406,6212,4016,6774,4649,2986,1111,1479,2512,4260,6700,4258,1820,4887,6978,3811,6091,6106,2904,1742,6009,2951,3128 /tmp/1651688308917.txt 2 ./1651688090920.json ./1651688090916.json
AD REPEATABILITY OF ONE-SLOT METHOD : 380
0.19958

[One slot] ALLOCATING WITH RANDOM METHOD: 380
0.39514

[Multi slots] ALLOCATING WITH RANDOM METHOD: 380
AD REPEATABILITY OF RANDOM METHOD: 380
0.78014

allocated
{'VFS_one_method': [0], 'VFS_multi_method': [0], 'new_method': [380], 'oneslot_method': [147]}
adrepp
{'VFS_one_method': ['0.39514'], 'VFS_multi_method': ['0.78014'], 'new_method': ['0.36466'], 'oneslot_method': ['0.19958']}
revenue
{'VFS_one_method': [], 'VFS_multi_method': [], 'new_method': [], 'oneslot_method': []}
got patterns
sorted patterns
started allocation
Allocation accuracy: 325
total views sold: 1495026
Allocation accuracy new method: 325
0.0
got patterns
sorted patterns
started allocation
Allocation accuracy: 147
total views sold: 638983
Allocation accuracy new method: 147
('META_DATA_FILE_PATH', '/home/preetham_sathineni/adslot/web_page_meta_dict_adslots_1_dataset_bmspostxt.pkl')
/tmp/1651688793931.txt
Allocation accuracy: 62
total views sold: 407997
('META_DATA_FILE_PATH', '/home/preetham_sathineni/adslot/web_page_meta_dict_adslots_2_dataset_bmspostxt.pkl')
/tmp/1651688794963.txt
Allocation accuracy: 136
total views sold: 823590
###############     ARGUMENTS     ############
['plot_results.py', '../test1/bmspos_minfreq_0.002_maxcs_1_maxor_0.01/patterns.txt', '../CMineMR-Mapreduce-algorithm-to-extract-coverage-patterns-master/dataset/bmspos.txt', '400', '4000', '3000', '2']
##############################################
web_page_to_adv_json_file : ./1651688446092.json
allocated_adslots_file: ./1651688446096.json
python alloc_fresh.py ../test1/bmspos_minfreq_0.002_maxcs_1_maxor_0.01/patterns.txt /home/preetham_sathineni/adslot/web_page_meta_dict_adslots_2_dataset_bmspostxt.pkl /home/preetham_sathineni/adslot/web_page_freq_sorted_adslots_2_dataset_bmspostxt.pkl 6476,4754,2934,4261,4202,6032,1574,2911,5886,6827,1389,4131,5491,3178,6556,3184,3220,2367,6003,2466,6444,4305,4889,3250,2647,4256,6583,5185,1687,1947,4441,3792,2071,4606,1294,4234,5368,4464,2932,3284,5481,1561,5088,2253,4008,5602,4784,6357,4708,2168,3639,1645,5001,2738,3672,2584,5843,4422,5442,1878,4679,2944,2102,5611,4434,5368,2150,5574,5790,2653,4699,6458,2124,1150,6881,3577,4318,4752,1825,3745,2855,2388,6988,6703,6908,2501,5623,2955,1118,5182,3432,5240,4863,6029,6548,1768,2654,5539,2600,3707,4501,4404,3831,3440,4299,5440,4996,3584,3441,4184,4180,5881,4271,1060,1891,2201,1415,3109,4863,2059,2689,5213,6615,6909,1840,3989,3943,3895,3790,3203,2374,2392,3380,6273,5061,6589,1284,5672,5940,6499,2729,3648,6334,3193,3874,5394,6103,6223,5078,1297,2605,6156,4876,5214,3616,1536,1837,6333,3282,2620,2281,2155,4003,4379,6171,4604,6442,1088,6215,1604,3770,1830,5217,2531,4109,2726,4862,6909,4250,3773,5414,2073,2675,2724,1858,5882,5421,6219,2117,3717,1844,1210,2843,5892,5428,4362,4993,5141,1930,1876,6233,4814,6565,4337,1982,1594,5303,5470,3630,6822,3900,1194,6847,6563,1077,5068,3949,5810,3758,4414,4569,5809,1193,1045,3228,5564,3350,3046,6696,1714,3612,3851,4607,6146,3880,5382,3657,4776,3930,1467,2636,1695,5108,6694,4376,3048,5829,6745,4340,4800,4100,4936,6030,5558,3236,6030,4935,2484,3812,2856,6351,4937,2058,6758,2752,3036,3275,5455,6108,3119,3088,1683,3719,5533,2927,3648,5501,6651,1079,4144,6961,1583,5018,2928,5586,6238,1061,2968,3467,3210,4115,3299,4188,6779,2890,4553,3471,6866,4275,5585,1800,5392,6095,3899,1797,5714,2260,6123,6331,2096,5336,1471,1742,6959,3385,4672,4613,3550,6749,2042,6486,4457,3438,4584,1889,6091,5889,3039,3812,6582,6117,5906,2799,2639,2597,6648,6451,5778,3337,3837,3044,4670,4139,5644,3031,5170,6449,5373,5498,2594,6940,4051,5246,5835,5008,2337,3703,1555,6666,1771,3306,4437,5623,4872,4557,2404,1186,1228,3394,6906,3178,3574,3842,1434,6255,6578,6467,2191,6394,5329,6506,5475,2867,6981,4273,4077,4991,6920,3733,2467,6467,4604,4967,5958,6379,5565,4691,2313,6498,3588 /tmp/1651688446100.txt 2 ./1651688446096.json ./1651688446092.json
AD REPEATABILITY OF OUR NEW METHOD : 400
0.39941

ALLOCATING WITH OUR OLD METHOD: 400
python alloc_fresh.py ../test1/bmspos_minfreq_0.002_maxcs_1_maxor_0.01/patterns.txt /home/preetham_sathineni/adslot/web_page_meta_dict_adslots_1_dataset_bmspostxt.pkl /home/preetham_sathineni/adslot/web_page_freq_sorted_adslots_1_dataset_bmspostxt.pkl 6476,4754,2934,4261,4202,6032,1574,2911,5886,6827,1389,4131,5491,3178,6556,3184,3220,2367,6003,2466,6444,4305,4889,3250,2647,4256,6583,5185,1687,1947,4441,3792,2071,4606,1294,4234,5368,4464,2932,3284,5481,1561,5088,2253,4008,5602,4784,6357,4708,2168,3639,1645,5001,2738,3672,2584,5843,4422,5442,1878,4679,2944,2102,5611,4434,5368,2150,5574,5790,2653,4699,6458,2124,1150,6881,3577,4318,4752,1825,3745,2855,2388,6988,6703,6908,2501,5623,2955,1118,5182,3432,5240,4863,6029,6548,1768,2654,5539,2600,3707,4501,4404,3831,3440,4299,5440,4996,3584,3441,4184,4180,5881,4271,1060,1891,2201,1415,3109,4863,2059,2689,5213,6615,6909,1840,3989,3943,3895,3790,3203,2374,2392,3380,6273,5061,6589,1284,5672,5940,6499,2729,3648,6334,3193,3874,5394,6103,6223,5078,1297,2605,6156,4876,5214,3616,1536,1837,6333,3282,2620,2281,2155,4003,4379,6171,4604,6442,1088,6215,1604,3770,1830,5217,2531,4109,2726,4862,6909,4250,3773,5414,2073,2675,2724,1858,5882,5421,6219,2117,3717,1844,1210,2843,5892,5428,4362,4993,5141,1930,1876,6233,4814,6565,4337,1982,1594,5303,5470,3630,6822,3900,1194,6847,6563,1077,5068,3949,5810,3758,4414,4569,5809,1193,1045,3228,5564,3350,3046,6696,1714,3612,3851,4607,6146,3880,5382,3657,4776,3930,1467,2636,1695,5108,6694,4376,3048,5829,6745,4340,4800,4100,4936,6030,5558,3236,6030,4935,2484,3812,2856,6351,4937,2058,6758,2752,3036,3275,5455,6108,3119,3088,1683,3719,5533,2927,3648,5501,6651,1079,4144,6961,1583,5018,2928,5586,6238,1061,2968,3467,3210,4115,3299,4188,6779,2890,4553,3471,6866,4275,5585,1800,5392,6095,3899,1797,5714,2260,6123,6331,2096,5336,1471,1742,6959,3385,4672,4613,3550,6749,2042,6486,4457,3438,4584,1889,6091,5889,3039,3812,6582,6117,5906,2799,2639,2597,6648,6451,5778,3337,3837,3044,4670,4139,5644,3031,5170,6449,5373,5498,2594,6940,4051,5246,5835,5008,2337,3703,1555,6666,1771,3306,4437,5623,4872,4557,2404,1186,1228,3394,6906,3178,3574,3842,1434,6255,6578,6467,2191,6394,5329,6506,5475,2867,6981,4273,4077,4991,6920,3733,2467,6467,4604,4967,5958,6379,5565,4691,2313,6498,3588 /tmp/1651688661834.txt 2 ./1651688446096.json ./1651688446092.json
AD REPEATABILITY OF ONE-SLOT METHOD : 400
0.19934

[One slot] ALLOCATING WITH RANDOM METHOD: 400
0.43021

[Multi slots] ALLOCATING WITH RANDOM METHOD: 400
AD REPEATABILITY OF RANDOM METHOD: 400
0.78765

allocated
{'VFS_one_method': [0], 'VFS_multi_method': [0], 'new_method': [325], 'oneslot_method': [147]}
adrepp
{'VFS_one_method': ['0.43021'], 'VFS_multi_method': ['0.78765'], 'new_method': ['0.39941'], 'oneslot_method': ['0.19934']}
revenue
{'VFS_one_method': [], 'VFS_multi_method': [], 'new_method': [], 'oneslot_method': []}
