==========================================
SLURM_JOB_ID = 373319
SLURM_NODELIST = gnode15
SLURM_JOB_GPUS = 
==========================================
Loaded all files
got patterns
(601374, 991)
Allocation accuracy new method: 238
Loaded all files
got patterns
(601374, 991)
Allocation accuracy new method: 187
limit 1 to 5
/tmp/1619113964081.txt
Allocation accuracy: 221
limit 1 to 5
/tmp/1619113996298.txt
Allocation accuracy: 300
###############     ARGUMENTS     ############
['plot_results.py', 'patterns/kosarak.txt', 'dataset/kosarak.dat', '500', '26000', '17000']
##############################################
web_page_to_adv_json_file : ./1619113598726.json
allocated_adslots_file: ./1619113598731.json
ALLOCATING WITH OUR NEW METHOD: 500
AD REPEATABILITY OF OUR NEW METHOD : 500
0.0

ALLOCATING WITH OUR OLD METHOD: 500
AD REPEATABILITY OF ONE-SLOT METHOD : 500
0.0

[One slot] ALLOCATING WITH RANDOM METHOD: 500
AD REPEATABILITY OF RANDOM METHOD: 500
0.891435572857

[Multi slots] ALLOCATING WITH RANDOM METHOD: 500
AD REPEATABILITY OF RANDOM METHOD: 500
1.27143177489

allocated
{'VFS_one_method': [222], 'VFS_multi_method': [301], 'new_method': [238], 'oneslot_method': [187]}
adrepp
{'VFS_one_method': ['0.891435572857'], 'VFS_multi_method': ['1.27143177489'], 'new_method': ['0.0'], 'oneslot_method': ['0.0']}
revenue
{'VFS_one_method': [5875512], 'VFS_multi_method': [7795577], 'new_method': [5690726], 'oneslot_method': [4513796]}
