==========================================
SLURM_JOB_ID = 392994
SLURM_NODELIST = gnode70
SLURM_JOB_GPUS = 
==========================================
Loaded all files
got patterns
Allocation accuracy new method: 800
views wasted:0
limit 1 to 1
/tmp/1621598208248.txt
Allocation accuracy: 146
limit 1 to 5
/tmp/1621598434727.txt
Allocation accuracy: 254
###############     ARGUMENTS     ############
['plot_results.py', 'patterns/k100_patterns.txt', 'dataset/k100.txt', '800', '8000', '6000']
##############################################
web_page_to_adv_json_file : ./1621595104829.json
allocated_adslots_file: ./1621595104844.json
ALLOCATING WITH OUR OLD METHOD: 800
AD REPEATABILITY OF ONE-SLOT METHOD : 800
0.0046

[One slot] ALLOCATING WITH RANDOM METHOD: 800
AD REPEATABILITY OF RANDOM METHOD: 800
1.11981

[Multi slots] ALLOCATING WITH RANDOM METHOD: 800
AD REPEATABILITY OF RANDOM METHOD: 800
2.33185

allocated
{'VFS_one_method': [147], 'VFS_multi_method': [255], 'new_method': [], 'oneslot_method': [800]}
adrepp
{'VFS_one_method': ['1.11981'], 'VFS_multi_method': ['2.33185'], 'new_method': [], 'oneslot_method': ['0.0046']}
revenue
{'VFS_one_method': [], 'VFS_multi_method': [], 'new_method': [], 'oneslot_method': []}
