Loaded all files
got patterns
(230800, 694)
Allocation accuracy new method: 50
Loaded all files
got patterns
(230800, 694)
Allocation accuracy new method: 50
limit 1 to 1
/tmp/1619038510278.txt
Allocation accuracy: 50
limit 1 to 5
/tmp/1619038513819.txt
Allocation accuracy: 50
Loaded all files
got patterns
(230800, 694)
Allocation accuracy new method: 100
Loaded all files
got patterns
(230800, 694)
Allocation accuracy new method: 100
limit 1 to 1
/tmp/1619040569562.txt
Allocation accuracy: 100
limit 1 to 5
/tmp/1619040573944.txt
Allocation accuracy: 100
Loaded all files
got patterns
(230800, 694)
Allocation accuracy new method: 150
Loaded all files
got patterns
(230800, 694)
Allocation accuracy new method: 138
limit 1 to 1
/tmp/1619042652671.txt
Allocation accuracy: 123
limit 1 to 5
/tmp/1619042657934.txt
Allocation accuracy: 150
Loaded all files
got patterns
(230800, 694)
Allocation accuracy new method: 200
Loaded all files
got patterns
(230800, 694)
Allocation accuracy new method: 152
limit 1 to 1
/tmp/1619044729335.txt
Allocation accuracy: 123
limit 1 to 5
/tmp/1619044734422.txt
Allocation accuracy: 200
Loaded all files
got patterns
(230800, 694)
Allocation accuracy new method: 250
Loaded all files
got patterns
(230800, 694)
Allocation accuracy new method: 161
limit 1 to 1
/tmp/1619046794647.txt
Allocation accuracy: 124
limit 1 to 5
/tmp/1619046800061.txt
Allocation accuracy: 250
Loaded all files
got patterns
(230800, 694)
Allocation accuracy new method: 300
Loaded all files
got patterns
(230800, 694)
Allocation accuracy new method: 156
limit 1 to 1
/tmp/1619048859066.txt
Allocation accuracy: 118
limit 1 to 5
/tmp/1619048864304.txt
Allocation accuracy: 300
Loaded all files
got patterns
(230800, 694)
Allocation accuracy new method: 350
Loaded all files
got patterns
(230800, 694)
Allocation accuracy new method: 159
limit 1 to 1
/tmp/1619050912727.txt
Allocation accuracy: 125
limit 1 to 5
/tmp/1619050917968.txt
Allocation accuracy: 301
Loaded all files
got patterns
(230800, 694)
Allocation accuracy new method: 381
Loaded all files
got patterns
(230800, 694)
Allocation accuracy new method: 159
limit 1 to 1
/tmp/1619053015834.txt
Allocation accuracy: 122
limit 1 to 5
/tmp/1619053020973.txt
Allocation accuracy: 301
Loaded all files
got patterns
(230800, 694)
Allocation accuracy new method: 416
Loaded all files
got patterns
(230800, 694)
Allocation accuracy new method: 157
limit 1 to 1
/tmp/1619055069701.txt
Allocation accuracy: 121
limit 1 to 5
/tmp/1619055075235.txt
Allocation accuracy: 297
Loaded all files
got patterns
(230800, 694)
Allocation accuracy new method: 421
Loaded all files
got patterns
(230800, 694)
Allocation accuracy new method: 157
limit 1 to 1
/tmp/1619057202458.txt
Allocation accuracy: 123
limit 1 to 5
/tmp/1619057207821.txt
Allocation accuracy: 303
ALLOCATING WITH OUR NEW METHOD: 50
AD REPEATABILITY OF OUR NEW METHOD : 50
0.0029116117851

ALLOCATING WITH OUR OLD METHOD: 50
AD REPEATABILITY OF ONE-SLOT METHOD : 50
0.00272097053726

[One slot] ALLOCATING WITH RANDOM METHOD: 50
AD REPEATABILITY OF RANDOM METHOD: 50
0.0592547660312

[Multi slots] ALLOCATING WITH RANDOM METHOD: 50
AD REPEATABILITY OF RANDOM METHOD: 50
0.047759965338

ALLOCATING WITH OUR NEW METHOD: 100
AD REPEATABILITY OF OUR NEW METHOD : 100
0.00429376083189

ALLOCATING WITH OUR OLD METHOD: 100
AD REPEATABILITY OF ONE-SLOT METHOD : 100
0.00399046793761

[One slot] ALLOCATING WITH RANDOM METHOD: 100
AD REPEATABILITY OF RANDOM METHOD: 100
0.0927339688042

[Multi slots] ALLOCATING WITH RANDOM METHOD: 100
AD REPEATABILITY OF RANDOM METHOD: 100
0.0705199306759

ALLOCATING WITH OUR NEW METHOD: 150
AD REPEATABILITY OF OUR NEW METHOD : 150
0.00631282495667

ALLOCATING WITH OUR OLD METHOD: 150
AD REPEATABILITY OF ONE-SLOT METHOD : 150
0.00472270363951

[One slot] ALLOCATING WITH RANDOM METHOD: 150
AD REPEATABILITY OF RANDOM METHOD: 150
0.129688041594

[Multi slots] ALLOCATING WITH RANDOM METHOD: 150
AD REPEATABILITY OF RANDOM METHOD: 150
0.120350953206

ALLOCATING WITH OUR NEW METHOD: 200
AD REPEATABILITY OF OUR NEW METHOD : 200
0.00711005199307

ALLOCATING WITH OUR OLD METHOD: 200
AD REPEATABILITY OF ONE-SLOT METHOD : 200
0.00491334488735

[One slot] ALLOCATING WITH RANDOM METHOD: 200
AD REPEATABILITY OF RANDOM METHOD: 200
0.138210571924

[Multi slots] ALLOCATING WITH RANDOM METHOD: 200
AD REPEATABILITY OF RANDOM METHOD: 200
0.216559792028

ALLOCATING WITH OUR NEW METHOD: 250
AD REPEATABILITY OF OUR NEW METHOD : 250
0.00685008665511

ALLOCATING WITH OUR OLD METHOD: 250
AD REPEATABILITY OF ONE-SLOT METHOD : 250
0.00488301559792

[One slot] ALLOCATING WITH RANDOM METHOD: 250
AD REPEATABILITY OF RANDOM METHOD: 250
0.118604852686

[Multi slots] ALLOCATING WITH RANDOM METHOD: 250
AD REPEATABILITY OF RANDOM METHOD: 250
0.278106585789

ALLOCATING WITH OUR NEW METHOD: 300
AD REPEATABILITY OF OUR NEW METHOD : 300
0.00797227036395

ALLOCATING WITH OUR OLD METHOD: 300
AD REPEATABILITY OF ONE-SLOT METHOD : 300
0.00511265164645

[One slot] ALLOCATING WITH RANDOM METHOD: 300
AD REPEATABILITY OF RANDOM METHOD: 300
0.112153379549

[Multi slots] ALLOCATING WITH RANDOM METHOD: 300
AD REPEATABILITY OF RANDOM METHOD: 300
0.28801559792

ALLOCATING WITH OUR NEW METHOD: 350
AD REPEATABILITY OF OUR NEW METHOD : 350
0.00837521663778

ALLOCATING WITH OUR OLD METHOD: 350
AD REPEATABILITY OF ONE-SLOT METHOD : 350
0.00511265164645

[One slot] ALLOCATING WITH RANDOM METHOD: 350
AD REPEATABILITY OF RANDOM METHOD: 350
0.107989601386

[Multi slots] ALLOCATING WITH RANDOM METHOD: 350
AD REPEATABILITY OF RANDOM METHOD: 350
0.30976169844

ALLOCATING WITH OUR NEW METHOD: 400
AD REPEATABILITY OF OUR NEW METHOD : 400
0.00793760831889

ALLOCATING WITH OUR OLD METHOD: 400
AD REPEATABILITY OF ONE-SLOT METHOD : 400
0.00543760831889

[One slot] ALLOCATING WITH RANDOM METHOD: 400
AD REPEATABILITY OF RANDOM METHOD: 400
0.106052859619

[Multi slots] ALLOCATING WITH RANDOM METHOD: 400
AD REPEATABILITY OF RANDOM METHOD: 400
0.29304592721

ALLOCATING WITH OUR NEW METHOD: 450
AD REPEATABILITY OF OUR NEW METHOD : 450
0.00839254766031

ALLOCATING WITH OUR OLD METHOD: 450
AD REPEATABILITY OF ONE-SLOT METHOD : 450
0.00523830155979

[One slot] ALLOCATING WITH RANDOM METHOD: 450
AD REPEATABILITY OF RANDOM METHOD: 450
0.122837954939

[Multi slots] ALLOCATING WITH RANDOM METHOD: 450
AD REPEATABILITY OF RANDOM METHOD: 450
0.327551993068

ALLOCATING WITH OUR NEW METHOD: 500
AD REPEATABILITY OF OUR NEW METHOD : 500
0.00847487001733

ALLOCATING WITH OUR OLD METHOD: 500
AD REPEATABILITY OF ONE-SLOT METHOD : 500
0.00520363951473

[One slot] ALLOCATING WITH RANDOM METHOD: 500
AD REPEATABILITY OF RANDOM METHOD: 500
0.120324956672

[Multi slots] ALLOCATING WITH RANDOM METHOD: 500
AD REPEATABILITY OF RANDOM METHOD: 500
0.327608318891

