==========================================
SLURM_JOB_ID = 668833
SLURM_NODELIST = gnode19
SLURM_JOB_GPUS = 0
==========================================
got patterns
sorted patterns
started allocation
Allocation accuracy: 320
total views sold: 1251483
Allocation accuracy new method: 320
0.0
got patterns
sorted patterns
started allocation
Allocation accuracy: 163
total views sold: 660456
Allocation accuracy new method: 163
('META_DATA_FILE_PATH', '/home/preetham_sathineni/adslot/web_page_meta_dict_adslots_1_dataset_bmspostxt.pkl')
/tmp/1651689422949.txt
Allocation accuracy: 65
total views sold: 414411
('META_DATA_FILE_PATH', '/home/preetham_sathineni/adslot/web_page_meta_dict_adslots_5_dataset_bmspostxt.pkl')
/tmp/1651689424210.txt
Allocation accuracy: 320
total views sold: 1251483
###############     ARGUMENTS     ############
['plot_results.py', '../test1/bmspos_minfreq_0.002_maxcs_1_maxor_0.01/patterns.txt', '../CMineMR-Mapreduce-algorithm-to-extract-coverage-patterns-master/dataset/bmspos.txt', '320', '4000', '3000', '5']
##############################################
web_page_to_adv_json_file : ./1651688800515.json
allocated_adslots_file: ./1651688800522.json
python alloc_fresh.py ../test1/bmspos_minfreq_0.002_maxcs_1_maxor_0.01/patterns.txt /home/preetham_sathineni/adslot/web_page_meta_dict_adslots_5_dataset_bmspostxt.pkl /home/preetham_sathineni/adslot/web_page_freq_sorted_adslots_5_dataset_bmspostxt.pkl 4192,5990,1493,6335,6740,5795,3969,4967,5661,3021,2978,5843,3443,6575,1432,6767,5255,5193,6545,6491,6252,3163,3805,3773,4064,2178,4465,3376,4996,6469,1915,1581,3484,2304,2272,5584,1573,4299,5860,5081,2297,1094,2543,6675,1391,4569,2669,1696,6471,6559,1183,1605,6587,5073,2469,2623,5555,5544,3902,5028,1021,5039,1286,1955,1181,5333,3244,3192,1145,4433,6336,3941,6332,1555,4595,2757,3021,5436,4936,3993,6020,1961,4297,4040,5021,6194,5667,2148,1588,3823,2633,3893,3057,5213,3942,3288,5640,5556,2895,2638,2267,6223,5880,4406,4513,5318,1131,3894,5296,5927,3595,4349,5344,2684,2324,6755,4500,6138,1271,5721,3568,1616,2901,2973,6577,4089,5498,5005,5695,5123,2582,2335,6684,1168,5083,3159,1766,4585,5311,3184,4740,4324,1686,4691,2753,2079,6013,1269,3275,4573,4286,3518,6622,4386,3549,6855,5307,6525,3408,6046,1511,1528,2661,6261,1281,4342,3446,1557,5282,6619,6063,6097,3095,3771,5491,2825,3168,1786,5451,2505,6415,1410,1520,3142,2717,4803,6240,2569,1348,6677,2990,4151,3760,4349,4831,1246,2559,2540,2034,6413,5551,5958,1959,3844,3069,1189,3466,1287,3166,6939,3016,1318,4425,3514,3361,2298,1880,4075,6369,1549,2483,4971,2108,1533,5798,3438,3753,6333,3711,1356,2043,2253,4176,1350,6242,4571,2864,2067,1414,2680,5221,4601,1787,4216,3681,1040,1626,1680,2644,2203,3825,3249,4632,3794,2957,4548,6572,6140,4366,6868,6903,6736,2076,1388,5367,1616,5014,3449,6870,4607,5764,6910,3810,1318,1013,1688,4049,2069,4966,6626,1848,1129,5198,6792,3716,4173,1364,6812,1560,3495,6311,5424,2775,4791,1254,5693,1601,2356,4286,4854,1784,6190,2019,5236,1618,1390,6452,5006,6220,2031,3259,5104,6625,5328,6699,3418,5673,4540,4906,1533 /tmp/1651688800528.txt 2 ./1651688800522.json ./1651688800515.json
AD REPEATABILITY OF OUR NEW METHOD : 320
0.0094

ALLOCATING WITH OUR OLD METHOD: 320
python alloc_fresh.py ../test1/bmspos_minfreq_0.002_maxcs_1_maxor_0.01/patterns.txt /home/preetham_sathineni/adslot/web_page_meta_dict_adslots_1_dataset_bmspostxt.pkl /home/preetham_sathineni/adslot/web_page_freq_sorted_adslots_1_dataset_bmspostxt.pkl 4192,5990,1493,6335,6740,5795,3969,4967,5661,3021,2978,5843,3443,6575,1432,6767,5255,5193,6545,6491,6252,3163,3805,3773,4064,2178,4465,3376,4996,6469,1915,1581,3484,2304,2272,5584,1573,4299,5860,5081,2297,1094,2543,6675,1391,4569,2669,1696,6471,6559,1183,1605,6587,5073,2469,2623,5555,5544,3902,5028,1021,5039,1286,1955,1181,5333,3244,3192,1145,4433,6336,3941,6332,1555,4595,2757,3021,5436,4936,3993,6020,1961,4297,4040,5021,6194,5667,2148,1588,3823,2633,3893,3057,5213,3942,3288,5640,5556,2895,2638,2267,6223,5880,4406,4513,5318,1131,3894,5296,5927,3595,4349,5344,2684,2324,6755,4500,6138,1271,5721,3568,1616,2901,2973,6577,4089,5498,5005,5695,5123,2582,2335,6684,1168,5083,3159,1766,4585,5311,3184,4740,4324,1686,4691,2753,2079,6013,1269,3275,4573,4286,3518,6622,4386,3549,6855,5307,6525,3408,6046,1511,1528,2661,6261,1281,4342,3446,1557,5282,6619,6063,6097,3095,3771,5491,2825,3168,1786,5451,2505,6415,1410,1520,3142,2717,4803,6240,2569,1348,6677,2990,4151,3760,4349,4831,1246,2559,2540,2034,6413,5551,5958,1959,3844,3069,1189,3466,1287,3166,6939,3016,1318,4425,3514,3361,2298,1880,4075,6369,1549,2483,4971,2108,1533,5798,3438,3753,6333,3711,1356,2043,2253,4176,1350,6242,4571,2864,2067,1414,2680,5221,4601,1787,4216,3681,1040,1626,1680,2644,2203,3825,3249,4632,3794,2957,4548,6572,6140,4366,6868,6903,6736,2076,1388,5367,1616,5014,3449,6870,4607,5764,6910,3810,1318,1013,1688,4049,2069,4966,6626,1848,1129,5198,6792,3716,4173,1364,6812,1560,3495,6311,5424,2775,4791,1254,5693,1601,2356,4286,4854,1784,6190,2019,5236,1618,1390,6452,5006,6220,2031,3259,5104,6625,5328,6699,3418,5673,4540,4906,1533 /tmp/1651689247672.txt 2 ./1651688800522.json ./1651688800515.json
AD REPEATABILITY OF ONE-SLOT METHOD : 320
0.19357

[One slot] ALLOCATING WITH RANDOM METHOD: 320
0.42747

[Multi slots] ALLOCATING WITH RANDOM METHOD: 320
AD REPEATABILITY OF RANDOM METHOD: 320
1.02206

allocated
{'VFS_one_method': [0], 'VFS_multi_method': [0], 'new_method': [320], 'oneslot_method': [163]}
adrepp
{'VFS_one_method': ['0.42747'], 'VFS_multi_method': ['1.02206'], 'new_method': ['0.0094'], 'oneslot_method': ['0.19357']}
revenue
{'VFS_one_method': [], 'VFS_multi_method': [], 'new_method': [], 'oneslot_method': []}
got patterns
sorted patterns
started allocation
Allocation accuracy: 340
total views sold: 1361827
Allocation accuracy new method: 340
0.0
got patterns
sorted patterns
started allocation
Allocation accuracy: 149
total views sold: 644105
Allocation accuracy new method: 149
('META_DATA_FILE_PATH', '/home/preetham_sathineni/adslot/web_page_meta_dict_adslots_1_dataset_bmspostxt.pkl')
/tmp/1651690065731.txt
Allocation accuracy: 60
total views sold: 388945
('META_DATA_FILE_PATH', '/home/preetham_sathineni/adslot/web_page_meta_dict_adslots_5_dataset_bmspostxt.pkl')
/tmp/1651690066969.txt
Allocation accuracy: 340
total views sold: 1361827
###############     ARGUMENTS     ############
['plot_results.py', '../test1/bmspos_minfreq_0.002_maxcs_1_maxor_0.01/patterns.txt', '../CMineMR-Mapreduce-algorithm-to-extract-coverage-patterns-master/dataset/bmspos.txt', '340', '4000', '3000', '5']
##############################################
web_page_to_adv_json_file : ./1651689427421.json
allocated_adslots_file: ./1651689427427.json
python alloc_fresh.py ../test1/bmspos_minfreq_0.002_maxcs_1_maxor_0.01/patterns.txt /home/preetham_sathineni/adslot/web_page_meta_dict_adslots_5_dataset_bmspostxt.pkl /home/preetham_sathineni/adslot/web_page_freq_sorted_adslots_5_dataset_bmspostxt.pkl 5927,2295,1826,4239,6976,5728,5483,3441,2401,6084,6744,6622,5931,4596,3348,1535,3706,3691,6304,5028,4535,5275,1601,6838,3148,3463,6930,6959,1166,1073,4564,2020,4201,2755,2091,3237,5711,1872,5641,6121,3129,2555,3199,2973,5261,6488,2127,4984,1069,5322,4783,5318,4481,4537,2403,2747,1574,3817,4581,5540,1501,1327,2397,4607,3127,1851,4487,2156,6960,6136,1020,1711,1071,2642,3205,6694,6570,4567,5926,3763,5113,5091,6293,4892,6833,2839,1562,4303,1953,3810,3060,3553,2170,3879,2882,5035,5786,5566,4460,4499,2595,6477,1368,2709,5299,2957,3666,6936,6543,2486,1139,1346,5145,3270,3080,4638,4385,5403,2115,3521,6662,4133,5974,5810,5066,6031,1572,1746,4733,6995,3436,5918,1710,4682,4249,2491,4223,3940,1054,6010,1519,4012,3436,1925,4610,1838,5416,1387,3496,6558,2056,6124,4083,1012,3301,2016,2708,3767,5300,2681,4575,1418,2408,3587,1632,2571,2105,6947,4272,5721,3717,3220,2201,4261,6598,2289,5355,5469,6007,2791,3844,4965,2072,4068,5536,2027,1830,5954,1131,1562,1810,5582,5635,3452,5224,5720,5871,5174,1514,1865,4199,5200,5060,3164,2650,2827,3094,2430,2295,4911,4530,5477,6894,4588,6039,3524,2308,2730,4239,2863,6236,6661,1952,2480,1283,2495,5919,2256,2433,2080,1294,5072,5094,3705,6324,2502,2383,4333,1349,4700,3904,3906,6398,4452,1589,5835,6410,5053,4562,2982,3129,6533,4774,6287,4251,6301,4995,2338,6509,1833,2845,1862,1174,2081,1058,3523,4094,4175,1824,6997,6510,2914,1328,3370,2292,5236,3645,4683,3566,6423,5525,6824,3412,2263,2519,2703,2876,1381,2485,6535,2643,6711,5310,4456,6925,3972,2304,1393,6353,1800,6132,3637,1227,3778,5367,4693,4014,2903,5559,5887,3182,5771,4686,3371,3353,2005,6624,6697,5720,2623,6904,3109,2825,4542,5163,6204,6599,6623,5288,5112,4504,5756,5812,6140,5753,5866,4725,1868,4844,3328 /tmp/1651689427432.txt 2 ./1651689427427.json ./1651689427421.json
AD REPEATABILITY OF OUR NEW METHOD : 340
0.01382

ALLOCATING WITH OUR OLD METHOD: 340
python alloc_fresh.py ../test1/bmspos_minfreq_0.002_maxcs_1_maxor_0.01/patterns.txt /home/preetham_sathineni/adslot/web_page_meta_dict_adslots_1_dataset_bmspostxt.pkl /home/preetham_sathineni/adslot/web_page_freq_sorted_adslots_1_dataset_bmspostxt.pkl 5927,2295,1826,4239,6976,5728,5483,3441,2401,6084,6744,6622,5931,4596,3348,1535,3706,3691,6304,5028,4535,5275,1601,6838,3148,3463,6930,6959,1166,1073,4564,2020,4201,2755,2091,3237,5711,1872,5641,6121,3129,2555,3199,2973,5261,6488,2127,4984,1069,5322,4783,5318,4481,4537,2403,2747,1574,3817,4581,5540,1501,1327,2397,4607,3127,1851,4487,2156,6960,6136,1020,1711,1071,2642,3205,6694,6570,4567,5926,3763,5113,5091,6293,4892,6833,2839,1562,4303,1953,3810,3060,3553,2170,3879,2882,5035,5786,5566,4460,4499,2595,6477,1368,2709,5299,2957,3666,6936,6543,2486,1139,1346,5145,3270,3080,4638,4385,5403,2115,3521,6662,4133,5974,5810,5066,6031,1572,1746,4733,6995,3436,5918,1710,4682,4249,2491,4223,3940,1054,6010,1519,4012,3436,1925,4610,1838,5416,1387,3496,6558,2056,6124,4083,1012,3301,2016,2708,3767,5300,2681,4575,1418,2408,3587,1632,2571,2105,6947,4272,5721,3717,3220,2201,4261,6598,2289,5355,5469,6007,2791,3844,4965,2072,4068,5536,2027,1830,5954,1131,1562,1810,5582,5635,3452,5224,5720,5871,5174,1514,1865,4199,5200,5060,3164,2650,2827,3094,2430,2295,4911,4530,5477,6894,4588,6039,3524,2308,2730,4239,2863,6236,6661,1952,2480,1283,2495,5919,2256,2433,2080,1294,5072,5094,3705,6324,2502,2383,4333,1349,4700,3904,3906,6398,4452,1589,5835,6410,5053,4562,2982,3129,6533,4774,6287,4251,6301,4995,2338,6509,1833,2845,1862,1174,2081,1058,3523,4094,4175,1824,6997,6510,2914,1328,3370,2292,5236,3645,4683,3566,6423,5525,6824,3412,2263,2519,2703,2876,1381,2485,6535,2643,6711,5310,4456,6925,3972,2304,1393,6353,1800,6132,3637,1227,3778,5367,4693,4014,2903,5559,5887,3182,5771,4686,3371,3353,2005,6624,6697,5720,2623,6904,3109,2825,4542,5163,6204,6599,6623,5288,5112,4504,5756,5812,6140,5753,5866,4725,1868,4844,3328 /tmp/1651689912494.txt 2 ./1651689427427.json ./1651689427421.json
AD REPEATABILITY OF ONE-SLOT METHOD : 340
0.19238

[One slot] ALLOCATING WITH RANDOM METHOD: 340
0.4238

[Multi slots] ALLOCATING WITH RANDOM METHOD: 340
AD REPEATABILITY OF RANDOM METHOD: 340
1.02194

allocated
{'VFS_one_method': [0], 'VFS_multi_method': [0], 'new_method': [340], 'oneslot_method': [149]}
adrepp
{'VFS_one_method': ['0.4238'], 'VFS_multi_method': ['1.02194'], 'new_method': ['0.01382'], 'oneslot_method': ['0.19238']}
revenue
{'VFS_one_method': [], 'VFS_multi_method': [], 'new_method': [], 'oneslot_method': []}
got patterns
sorted patterns
started allocation
Allocation accuracy: 360
total views sold: 1472249
Allocation accuracy new method: 360
0.0
got patterns
sorted patterns
started allocation
Allocation accuracy: 154
total views sold: 649532
Allocation accuracy new method: 154
('META_DATA_FILE_PATH', '/home/preetham_sathineni/adslot/web_page_meta_dict_adslots_1_dataset_bmspostxt.pkl')
/tmp/1651690717941.txt
Allocation accuracy: 63
total views sold: 409885
('META_DATA_FILE_PATH', '/home/preetham_sathineni/adslot/web_page_meta_dict_adslots_5_dataset_bmspostxt.pkl')
/tmp/1651690719146.txt
Allocation accuracy: 360
total views sold: 1472249
###############     ARGUMENTS     ############
['plot_results.py', '../test1/bmspos_minfreq_0.002_maxcs_1_maxor_0.01/patterns.txt', '../CMineMR-Mapreduce-algorithm-to-extract-coverage-patterns-master/dataset/bmspos.txt', '360', '4000', '3000', '5']
##############################################
web_page_to_adv_json_file : ./1651690070307.json
allocated_adslots_file: ./1651690070313.json
python alloc_fresh.py ../test1/bmspos_minfreq_0.002_maxcs_1_maxor_0.01/patterns.txt /home/preetham_sathineni/adslot/web_page_meta_dict_adslots_5_dataset_bmspostxt.pkl /home/preetham_sathineni/adslot/web_page_freq_sorted_adslots_5_dataset_bmspostxt.pkl 3902,4149,5547,5169,4675,5868,4635,2387,3925,5912,3408,5564,1729,5833,5647,4559,1871,5502,4547,1411,4651,2782,6565,2485,2696,4036,2419,3230,4201,5364,3006,2121,1593,6159,6921,5503,4904,1992,4497,6631,3486,5896,4440,5525,1581,6934,5299,4781,5169,4451,5273,4269,6763,3675,3502,5587,6921,5511,5159,2423,2944,5091,1924,4622,4737,1044,6189,1490,2596,3743,1469,2274,5903,1432,3127,5940,1459,6526,2488,5734,3332,1195,2386,5642,2399,1324,5108,1036,4192,4345,6956,3600,5232,2886,3700,2821,3785,4697,4577,4368,1422,5568,3007,5060,6605,3483,5001,6882,3415,1937,2322,1253,6800,2739,6222,2838,6647,5050,4965,2066,4449,2342,5611,3610,6001,3136,5237,1794,5021,6444,5808,6078,3218,1013,1361,4872,4246,3684,6539,5091,3389,1771,6639,3028,6281,3350,4204,5443,3766,5010,6209,2247,5670,3965,4588,5036,4401,1333,3562,4123,1894,5362,2456,6366,3456,2896,6838,2807,1319,2159,4232,4695,6993,5034,4539,6522,2766,6140,4301,6722,3755,2288,4877,1156,5655,1775,3266,5757,3184,4642,2821,1270,6852,5727,1292,4313,4848,2286,5013,3061,1029,6228,6795,6108,1013,5085,2190,4260,1802,6856,2478,4135,3509,2132,5694,4662,6853,4008,1183,2046,1000,4783,1636,2637,2380,4345,1473,5085,1186,2172,3955,4428,2908,1588,5771,6699,3737,6625,4731,5058,5830,1130,3940,1159,5380,5272,3618,1165,6546,4683,4466,3561,5499,6764,4282,4245,1359,2888,6356,6835,6349,4773,5021,1834,4429,6683,5512,5969,1798,1073,5981,1853,1648,4295,1337,3058,6640,2283,3376,3929,4802,5162,4285,5936,5619,5155,2287,3696,6172,6534,3600,3194,3897,3290,4368,3127,3844,4439,3390,4183,6947,5601,3378,2134,6467,2033,5235,2136,4356,3431,2138,5312,2257,2117,1276,3676,4809,3208,3808,4760,3230,1997,2063,2833,5797,2061,3412,6368,6289,2809,5790,2650,4810,6538,2322,5829,1167,4663,4242,1479,5950,6321,6265,6945,5773,2937,6860,3267,6308,6593,5880,6908,5810,3182,5251,3819,5440,1508,1378,1223 /tmp/1651690070317.txt 2 ./1651690070313.json ./1651690070307.json
AD REPEATABILITY OF OUR NEW METHOD : 360
0.08686

ALLOCATING WITH OUR OLD METHOD: 360
python alloc_fresh.py ../test1/bmspos_minfreq_0.002_maxcs_1_maxor_0.01/patterns.txt /home/preetham_sathineni/adslot/web_page_meta_dict_adslots_1_dataset_bmspostxt.pkl /home/preetham_sathineni/adslot/web_page_freq_sorted_adslots_1_dataset_bmspostxt.pkl 3902,4149,5547,5169,4675,5868,4635,2387,3925,5912,3408,5564,1729,5833,5647,4559,1871,5502,4547,1411,4651,2782,6565,2485,2696,4036,2419,3230,4201,5364,3006,2121,1593,6159,6921,5503,4904,1992,4497,6631,3486,5896,4440,5525,1581,6934,5299,4781,5169,4451,5273,4269,6763,3675,3502,5587,6921,5511,5159,2423,2944,5091,1924,4622,4737,1044,6189,1490,2596,3743,1469,2274,5903,1432,3127,5940,1459,6526,2488,5734,3332,1195,2386,5642,2399,1324,5108,1036,4192,4345,6956,3600,5232,2886,3700,2821,3785,4697,4577,4368,1422,5568,3007,5060,6605,3483,5001,6882,3415,1937,2322,1253,6800,2739,6222,2838,6647,5050,4965,2066,4449,2342,5611,3610,6001,3136,5237,1794,5021,6444,5808,6078,3218,1013,1361,4872,4246,3684,6539,5091,3389,1771,6639,3028,6281,3350,4204,5443,3766,5010,6209,2247,5670,3965,4588,5036,4401,1333,3562,4123,1894,5362,2456,6366,3456,2896,6838,2807,1319,2159,4232,4695,6993,5034,4539,6522,2766,6140,4301,6722,3755,2288,4877,1156,5655,1775,3266,5757,3184,4642,2821,1270,6852,5727,1292,4313,4848,2286,5013,3061,1029,6228,6795,6108,1013,5085,2190,4260,1802,6856,2478,4135,3509,2132,5694,4662,6853,4008,1183,2046,1000,4783,1636,2637,2380,4345,1473,5085,1186,2172,3955,4428,2908,1588,5771,6699,3737,6625,4731,5058,5830,1130,3940,1159,5380,5272,3618,1165,6546,4683,4466,3561,5499,6764,4282,4245,1359,2888,6356,6835,6349,4773,5021,1834,4429,6683,5512,5969,1798,1073,5981,1853,1648,4295,1337,3058,6640,2283,3376,3929,4802,5162,4285,5936,5619,5155,2287,3696,6172,6534,3600,3194,3897,3290,4368,3127,3844,4439,3390,4183,6947,5601,3378,2134,6467,2033,5235,2136,4356,3431,2138,5312,2257,2117,1276,3676,4809,3208,3808,4760,3230,1997,2063,2833,5797,2061,3412,6368,6289,2809,5790,2650,4810,6538,2322,5829,1167,4663,4242,1479,5950,6321,6265,6945,5773,2937,6860,3267,6308,6593,5880,6908,5810,3182,5251,3819,5440,1508,1378,1223 /tmp/1651690548218.txt 2 ./1651690070313.json ./1651690070307.json
AD REPEATABILITY OF ONE-SLOT METHOD : 360
0.20007

[One slot] ALLOCATING WITH RANDOM METHOD: 360
0.40624

[Multi slots] ALLOCATING WITH RANDOM METHOD: 360
AD REPEATABILITY OF RANDOM METHOD: 360
1.15651

allocated
{'VFS_one_method': [0], 'VFS_multi_method': [0], 'new_method': [360], 'oneslot_method': [154]}
adrepp
{'VFS_one_method': ['0.40624'], 'VFS_multi_method': ['1.15651'], 'new_method': ['0.08686'], 'oneslot_method': ['0.20007']}
revenue
{'VFS_one_method': [], 'VFS_multi_method': [], 'new_method': [], 'oneslot_method': []}
got patterns
sorted patterns
started allocation
Allocation accuracy: 380
total views sold: 1525461
Allocation accuracy new method: 380
0.0
got patterns
sorted patterns
started allocation
Allocation accuracy: 161
total views sold: 657328
Allocation accuracy new method: 161
('META_DATA_FILE_PATH', '/home/preetham_sathineni/adslot/web_page_meta_dict_adslots_1_dataset_bmspostxt.pkl')
/tmp/1651691471092.txt
Allocation accuracy: 63
total views sold: 414220
('META_DATA_FILE_PATH', '/home/preetham_sathineni/adslot/web_page_meta_dict_adslots_5_dataset_bmspostxt.pkl')
/tmp/1651691472199.txt
Allocation accuracy: 380
total views sold: 1525461
###############     ARGUMENTS     ############
['plot_results.py', '../test1/bmspos_minfreq_0.002_maxcs_1_maxor_0.01/patterns.txt', '../CMineMR-Mapreduce-algorithm-to-extract-coverage-patterns-master/dataset/bmspos.txt', '380', '4000', '3000', '5']
##############################################
web_page_to_adv_json_file : ./1651690722402.json
allocated_adslots_file: ./1651690722408.json
python alloc_fresh.py ../test1/bmspos_minfreq_0.002_maxcs_1_maxor_0.01/patterns.txt /home/preetham_sathineni/adslot/web_page_meta_dict_adslots_5_dataset_bmspostxt.pkl /home/preetham_sathineni/adslot/web_page_freq_sorted_adslots_5_dataset_bmspostxt.pkl 6155,5618,2914,5381,4094,6949,1017,6180,6142,1694,3145,1507,2164,2741,1492,6704,6886,4797,2439,4507,6074,5710,6880,5824,2649,6307,5494,5690,2437,2163,3341,6000,1423,3148,1186,5420,2958,6881,1331,6756,1933,5284,1855,1937,2431,2699,3854,1743,5330,5868,6392,5688,2505,5695,2924,5198,2133,2063,6061,5668,2520,1310,5985,3787,2208,5756,3686,4868,2316,6404,2774,1070,5388,5272,6367,2007,4736,6623,2602,1681,1969,3952,1690,5932,4813,4776,1132,1215,1407,1630,4423,6137,5722,5813,3687,2546,4307,6075,3273,1058,4772,1785,3765,1750,2954,5633,3344,2242,1505,1894,3913,2345,5497,4285,1765,5631,6553,2716,1621,6525,4121,4451,4786,6851,1681,1238,6670,2503,4779,5422,3901,1005,3117,5623,6379,3726,3399,1548,6790,1813,6545,3661,1497,4947,4649,4390,4216,6985,4567,3560,3584,5943,4590,6815,1271,2565,6729,1170,3933,5870,1204,6830,4400,1774,2632,1679,5667,2271,4217,2286,2568,4266,6056,2092,3865,5073,4082,2063,5353,4974,3650,1517,2965,6683,6309,5064,3373,4976,4196,6842,4077,3789,4830,6752,4756,1510,2748,2418,6831,2057,1625,6504,5428,5654,2714,3367,5160,1316,2227,6557,3186,6167,1974,5907,1145,3771,6675,5519,5907,2773,4396,3161,3256,2790,4832,2978,4563,2284,2909,6840,2878,5540,1024,3719,6497,2469,4984,2448,1691,6201,1835,4681,3589,2457,5620,3163,6033,5801,6179,3271,1550,5698,1816,6845,5442,2385,4710,6835,5927,1578,6837,2284,3808,2507,6403,5767,5446,3321,2852,2431,4970,1840,1312,2150,1109,6715,6903,3439,6875,4084,5579,5674,6630,2263,6967,1019,5231,4072,6951,2859,6139,4555,4773,4359,5708,3251,4723,3394,1687,2057,4192,4782,5661,1727,1354,5412,2853,3481,6041,5140,5117,6309,6652,3467,5617,1533,2418,6157,5993,1541,6952,3526,4705,1806,1402,3598,5960,5020,2149,6387,4844,2420,6289,4522,2011,6511,3191,1016,3774,4262,1761,5649,1001,6474,2843,5228,1174,4878,2978,6564,5591,4743,6257,6441,3885,1251,3099,1288,2808,4286,4335,5784,1232,1602,5107,1752,4020,4349,2404,5178,5074,2148,1858,3298,2597,5722,5575,6580,3210,3394 /tmp/1651690722413.txt 2 ./1651690722408.json ./1651690722402.json
AD REPEATABILITY OF OUR NEW METHOD : 380
0.08766

ALLOCATING WITH OUR OLD METHOD: 380
python alloc_fresh.py ../test1/bmspos_minfreq_0.002_maxcs_1_maxor_0.01/patterns.txt /home/preetham_sathineni/adslot/web_page_meta_dict_adslots_1_dataset_bmspostxt.pkl /home/preetham_sathineni/adslot/web_page_freq_sorted_adslots_1_dataset_bmspostxt.pkl 6155,5618,2914,5381,4094,6949,1017,6180,6142,1694,3145,1507,2164,2741,1492,6704,6886,4797,2439,4507,6074,5710,6880,5824,2649,6307,5494,5690,2437,2163,3341,6000,1423,3148,1186,5420,2958,6881,1331,6756,1933,5284,1855,1937,2431,2699,3854,1743,5330,5868,6392,5688,2505,5695,2924,5198,2133,2063,6061,5668,2520,1310,5985,3787,2208,5756,3686,4868,2316,6404,2774,1070,5388,5272,6367,2007,4736,6623,2602,1681,1969,3952,1690,5932,4813,4776,1132,1215,1407,1630,4423,6137,5722,5813,3687,2546,4307,6075,3273,1058,4772,1785,3765,1750,2954,5633,3344,2242,1505,1894,3913,2345,5497,4285,1765,5631,6553,2716,1621,6525,4121,4451,4786,6851,1681,1238,6670,2503,4779,5422,3901,1005,3117,5623,6379,3726,3399,1548,6790,1813,6545,3661,1497,4947,4649,4390,4216,6985,4567,3560,3584,5943,4590,6815,1271,2565,6729,1170,3933,5870,1204,6830,4400,1774,2632,1679,5667,2271,4217,2286,2568,4266,6056,2092,3865,5073,4082,2063,5353,4974,3650,1517,2965,6683,6309,5064,3373,4976,4196,6842,4077,3789,4830,6752,4756,1510,2748,2418,6831,2057,1625,6504,5428,5654,2714,3367,5160,1316,2227,6557,3186,6167,1974,5907,1145,3771,6675,5519,5907,2773,4396,3161,3256,2790,4832,2978,4563,2284,2909,6840,2878,5540,1024,3719,6497,2469,4984,2448,1691,6201,1835,4681,3589,2457,5620,3163,6033,5801,6179,3271,1550,5698,1816,6845,5442,2385,4710,6835,5927,1578,6837,2284,3808,2507,6403,5767,5446,3321,2852,2431,4970,1840,1312,2150,1109,6715,6903,3439,6875,4084,5579,5674,6630,2263,6967,1019,5231,4072,6951,2859,6139,4555,4773,4359,5708,3251,4723,3394,1687,2057,4192,4782,5661,1727,1354,5412,2853,3481,6041,5140,5117,6309,6652,3467,5617,1533,2418,6157,5993,1541,6952,3526,4705,1806,1402,3598,5960,5020,2149,6387,4844,2420,6289,4522,2011,6511,3191,1016,3774,4262,1761,5649,1001,6474,2843,5228,1174,4878,2978,6564,5591,4743,6257,6441,3885,1251,3099,1288,2808,4286,4335,5784,1232,1602,5107,1752,4020,4349,2404,5178,5074,2148,1858,3298,2597,5722,5575,6580,3210,3394 /tmp/1651691298002.txt 2 ./1651690722408.json ./1651690722402.json
AD REPEATABILITY OF ONE-SLOT METHOD : 380
0.19907

[One slot] ALLOCATING WITH RANDOM METHOD: 380
0.39694

[Multi slots] ALLOCATING WITH RANDOM METHOD: 380
AD REPEATABILITY OF RANDOM METHOD: 380
1.14672

allocated
{'VFS_one_method': [0], 'VFS_multi_method': [0], 'new_method': [380], 'oneslot_method': [161]}
adrepp
{'VFS_one_method': ['0.39694'], 'VFS_multi_method': ['1.14672'], 'new_method': ['0.08766'], 'oneslot_method': ['0.19907']}
revenue
{'VFS_one_method': [], 'VFS_multi_method': [], 'new_method': [], 'oneslot_method': []}
got patterns
sorted patterns
started allocation
Allocation accuracy: 400
total views sold: 1604253
Allocation accuracy new method: 400
0.0
got patterns
sorted patterns
started allocation
Allocation accuracy: 168
total views sold: 680275
Allocation accuracy new method: 168
('META_DATA_FILE_PATH', '/home/preetham_sathineni/adslot/web_page_meta_dict_adslots_1_dataset_bmspostxt.pkl')
/tmp/1651692221921.txt
Allocation accuracy: 64
total views sold: 420445
('META_DATA_FILE_PATH', '/home/preetham_sathineni/adslot/web_page_meta_dict_adslots_5_dataset_bmspostxt.pkl')
/tmp/1651692223039.txt
Allocation accuracy: 400
total views sold: 1604253
###############     ARGUMENTS     ############
['plot_results.py', '../test1/bmspos_minfreq_0.002_maxcs_1_maxor_0.01/patterns.txt', '../CMineMR-Mapreduce-algorithm-to-extract-coverage-patterns-master/dataset/bmspos.txt', '400', '4000', '3000', '5']
##############################################
web_page_to_adv_json_file : ./1651691475439.json
allocated_adslots_file: ./1651691475443.json
python alloc_fresh.py ../test1/bmspos_minfreq_0.002_maxcs_1_maxor_0.01/patterns.txt /home/preetham_sathineni/adslot/web_page_meta_dict_adslots_5_dataset_bmspostxt.pkl /home/preetham_sathineni/adslot/web_page_freq_sorted_adslots_5_dataset_bmspostxt.pkl 5485,5896,4658,4122,1915,3384,5047,3968,1591,6867,3048,3741,4616,1903,2898,3649,2933,1368,1313,6299,6192,4612,2777,4659,6341,1681,3181,6652,6372,6101,2586,5120,5405,6191,5466,2228,1618,5805,6288,1230,3142,4157,4941,1066,6575,1256,5005,4498,3513,5606,4252,4122,4162,6924,1772,1996,4254,3688,1692,5084,5867,6452,4831,3092,1262,5522,2726,2190,5640,4449,6390,4234,1681,1825,6565,1343,4915,6181,4266,1544,3343,1111,4080,2413,4197,1007,5265,1920,6571,3933,3707,2610,5160,5971,5899,4632,4516,1047,4637,1479,3635,3691,5344,6799,2401,4452,5072,5987,3304,3764,1915,3484,5875,3889,4761,5334,6798,1221,1253,5694,3547,3069,1655,3660,4154,1996,1308,4609,1087,5212,3751,3635,1844,6116,1698,4955,1122,6522,3763,2321,2617,3695,4907,1337,1334,1651,6748,5502,5193,1255,4188,3233,4746,6022,1188,6967,2857,4054,2776,3799,6263,3892,3320,6835,1272,1910,1258,6189,2262,3311,4953,5594,2514,1491,3494,2421,6236,5093,5943,5692,1233,3207,5687,2398,5426,6501,2524,1777,2626,5602,5266,1412,6228,1315,2943,2639,6061,5457,2393,6792,5214,4660,3092,1605,3780,2008,5863,2602,5730,5203,1487,6796,4148,3777,5988,5949,3206,1947,2174,1549,6467,4528,6842,2465,1945,5689,5632,3930,5823,1640,3314,6440,2708,1698,5501,5890,6397,5997,4383,4283,5394,3595,6159,6854,6649,6990,5742,1121,5975,3740,2490,3352,2178,6021,5768,6860,5097,1866,3343,4489,5692,4107,3426,4584,4358,1679,5214,1225,4838,2250,1302,3421,6005,2459,4465,5994,1843,5810,6392,2319,1579,1821,5304,6809,1500,1904,3130,4058,2179,4931,5315,2929,6347,6518,5065,6711,5024,1965,5872,1428,2697,5368,1867,3108,6704,6733,1207,1515,3368,2203,3217,2973,1701,6911,6551,1026,1952,1381,2430,2548,5122,6175,6910,2734,5719,6333,5703,4123,1561,2887,6692,4356,5173,3043,3981,4471,5540,3888,2750,3987,2103,6845,3086,2496,5654,1775,1184,3263,1095,5756,3651,4777,6601,2975,6610,4072,5120,4501,2484,6526,2773,1631,1144,5754,2461,3359,1473,6748,1408,5979,1029,5678,3858,6500,4193,6935,3974,5914,2747,6702,5489,5627,3500,6842,5249,6974,5493,1667,6066,5559,3405,3783,2752,3373,6799,3610,2321,1350,6168,1399 /tmp/1651691475448.txt 2 ./1651691475443.json ./1651691475439.json
AD REPEATABILITY OF OUR NEW METHOD : 400
0.15485

ALLOCATING WITH OUR OLD METHOD: 400
python alloc_fresh.py ../test1/bmspos_minfreq_0.002_maxcs_1_maxor_0.01/patterns.txt /home/preetham_sathineni/adslot/web_page_meta_dict_adslots_1_dataset_bmspostxt.pkl /home/preetham_sathineni/adslot/web_page_freq_sorted_adslots_1_dataset_bmspostxt.pkl 5485,5896,4658,4122,1915,3384,5047,3968,1591,6867,3048,3741,4616,1903,2898,3649,2933,1368,1313,6299,6192,4612,2777,4659,6341,1681,3181,6652,6372,6101,2586,5120,5405,6191,5466,2228,1618,5805,6288,1230,3142,4157,4941,1066,6575,1256,5005,4498,3513,5606,4252,4122,4162,6924,1772,1996,4254,3688,1692,5084,5867,6452,4831,3092,1262,5522,2726,2190,5640,4449,6390,4234,1681,1825,6565,1343,4915,6181,4266,1544,3343,1111,4080,2413,4197,1007,5265,1920,6571,3933,3707,2610,5160,5971,5899,4632,4516,1047,4637,1479,3635,3691,5344,6799,2401,4452,5072,5987,3304,3764,1915,3484,5875,3889,4761,5334,6798,1221,1253,5694,3547,3069,1655,3660,4154,1996,1308,4609,1087,5212,3751,3635,1844,6116,1698,4955,1122,6522,3763,2321,2617,3695,4907,1337,1334,1651,6748,5502,5193,1255,4188,3233,4746,6022,1188,6967,2857,4054,2776,3799,6263,3892,3320,6835,1272,1910,1258,6189,2262,3311,4953,5594,2514,1491,3494,2421,6236,5093,5943,5692,1233,3207,5687,2398,5426,6501,2524,1777,2626,5602,5266,1412,6228,1315,2943,2639,6061,5457,2393,6792,5214,4660,3092,1605,3780,2008,5863,2602,5730,5203,1487,6796,4148,3777,5988,5949,3206,1947,2174,1549,6467,4528,6842,2465,1945,5689,5632,3930,5823,1640,3314,6440,2708,1698,5501,5890,6397,5997,4383,4283,5394,3595,6159,6854,6649,6990,5742,1121,5975,3740,2490,3352,2178,6021,5768,6860,5097,1866,3343,4489,5692,4107,3426,4584,4358,1679,5214,1225,4838,2250,1302,3421,6005,2459,4465,5994,1843,5810,6392,2319,1579,1821,5304,6809,1500,1904,3130,4058,2179,4931,5315,2929,6347,6518,5065,6711,5024,1965,5872,1428,2697,5368,1867,3108,6704,6733,1207,1515,3368,2203,3217,2973,1701,6911,6551,1026,1952,1381,2430,2548,5122,6175,6910,2734,5719,6333,5703,4123,1561,2887,6692,4356,5173,3043,3981,4471,5540,3888,2750,3987,2103,6845,3086,2496,5654,1775,1184,3263,1095,5756,3651,4777,6601,2975,6610,4072,5120,4501,2484,6526,2773,1631,1144,5754,2461,3359,1473,6748,1408,5979,1029,5678,3858,6500,4193,6935,3974,5914,2747,6702,5489,5627,3500,6842,5249,6974,5493,1667,6066,5559,3405,3783,2752,3373,6799,3610,2321,1350,6168,1399 /tmp/1651692065025.txt 2 ./1651691475443.json ./1651691475439.json
AD REPEATABILITY OF ONE-SLOT METHOD : 400
0.1938

[One slot] ALLOCATING WITH RANDOM METHOD: 400
0.38113

[Multi slots] ALLOCATING WITH RANDOM METHOD: 400
AD REPEATABILITY OF RANDOM METHOD: 400
1.15731

allocated
{'VFS_one_method': [0], 'VFS_multi_method': [0], 'new_method': [400], 'oneslot_method': [168]}
adrepp
{'VFS_one_method': ['0.38113'], 'VFS_multi_method': ['1.15731'], 'new_method': ['0.15485'], 'oneslot_method': ['0.1938']}
revenue
{'VFS_one_method': [], 'VFS_multi_method': [], 'new_method': [], 'oneslot_method': []}
