==========================================
SLURM_JOB_ID = 668835
SLURM_NODELIST = gnode22
SLURM_JOB_GPUS = 3
==========================================
got patterns
sorted patterns
started allocation
Allocation accuracy: 20
total views sold: 147376
Allocation accuracy new method: 20
0.0
got patterns
sorted patterns
started allocation
Allocation accuracy: 20
total views sold: 147376
Allocation accuracy new method: 20
('META_DATA_FILE_PATH', '/home/preetham_sathineni/adslot/web_page_meta_dict_adslots_1_dataset_kosaraktxt.pkl')
/tmp/1651689370737.txt
Allocation accuracy: 20
total views sold: 147376
('META_DATA_FILE_PATH', '/home/preetham_sathineni/adslot/web_page_meta_dict_adslots_1_dataset_kosaraktxt.pkl')
/tmp/1651689374858.txt
Allocation accuracy: 20
total views sold: 147376
###############     ARGUMENTS     ############
['plot_results.py', '../test1/kosarak_minfreq_0.005_maxcs_1_maxor_0.04/patterns.txt', '../CMineMR-Mapreduce-algorithm-to-extract-coverage-patterns-master/dataset/kosarak.txt', '20', '7000', '6000', '1']
##############################################
web_page_to_adv_json_file : ./1651689354375.json
allocated_adslots_file: ./1651689354380.json
python alloc_fresh.py ../test1/kosarak_minfreq_0.005_maxcs_1_maxor_0.04/patterns.txt /home/preetham_sathineni/adslot/web_page_meta_dict_adslots_1_dataset_kosaraktxt.pkl /home/preetham_sathineni/adslot/web_page_freq_sorted_adslots_1_dataset_kosaraktxt.pkl 10791,10260,2587,11825,6464,7366,4275,12716,7558,4075,5059,5654,7654,7582,7127,4207,3187,12436,8807,7746 /tmp/1651689354383.txt 2 ./1651689354380.json ./1651689354375.json
AD REPEATABILITY OF OUR NEW METHOD : 20
0.03411

ALLOCATING WITH OUR OLD METHOD: 20
python alloc_fresh.py ../test1/kosarak_minfreq_0.005_maxcs_1_maxor_0.04/patterns.txt /home/preetham_sathineni/adslot/web_page_meta_dict_adslots_1_dataset_kosaraktxt.pkl /home/preetham_sathineni/adslot/web_page_freq_sorted_adslots_1_dataset_kosaraktxt.pkl 10791,10260,2587,11825,6464,7366,4275,12716,7558,4075,5059,5654,7654,7582,7127,4207,3187,12436,8807,7746 /tmp/1651689363014.txt 2 ./1651689354380.json ./1651689354375.json
AD REPEATABILITY OF ONE-SLOT METHOD : 20
0.03059

[One slot] ALLOCATING WITH RANDOM METHOD: 20
0.78392

[Multi slots] ALLOCATING WITH RANDOM METHOD: 20
AD REPEATABILITY OF RANDOM METHOD: 20
0.68788

allocated
{'VFS_one_method': [0], 'VFS_multi_method': [0], 'new_method': [20], 'oneslot_method': [20]}
adrepp
{'VFS_one_method': ['0.78392'], 'VFS_multi_method': ['0.68788'], 'new_method': ['0.03411'], 'oneslot_method': ['0.03059']}
revenue
{'VFS_one_method': [], 'VFS_multi_method': [], 'new_method': [], 'oneslot_method': []}
got patterns
sorted patterns
started allocation
Allocation accuracy: 40
total views sold: 321146
Allocation accuracy new method: 40
0.0
got patterns
sorted patterns
started allocation
Allocation accuracy: 40
total views sold: 321146
Allocation accuracy new method: 40
('META_DATA_FILE_PATH', '/home/preetham_sathineni/adslot/web_page_meta_dict_adslots_1_dataset_kosaraktxt.pkl')
/tmp/1651689407028.txt
Allocation accuracy: 40
total views sold: 321146
('META_DATA_FILE_PATH', '/home/preetham_sathineni/adslot/web_page_meta_dict_adslots_1_dataset_kosaraktxt.pkl')
/tmp/1651689414499.txt
Allocation accuracy: 40
total views sold: 321146
###############     ARGUMENTS     ############
['plot_results.py', '../test1/kosarak_minfreq_0.005_maxcs_1_maxor_0.04/patterns.txt', '../CMineMR-Mapreduce-algorithm-to-extract-coverage-patterns-master/dataset/kosarak.txt', '40', '7000', '6000', '1']
##############################################
web_page_to_adv_json_file : ./1651689379082.json
allocated_adslots_file: ./1651689379085.json
python alloc_fresh.py ../test1/kosarak_minfreq_0.005_maxcs_1_maxor_0.04/patterns.txt /home/preetham_sathineni/adslot/web_page_meta_dict_adslots_1_dataset_kosaraktxt.pkl /home/preetham_sathineni/adslot/web_page_freq_sorted_adslots_1_dataset_kosaraktxt.pkl 10981,6550,12970,2038,1359,5429,9473,5286,9961,5961,9356,8038,11343,3006,10428,1111,7260,1558,8632,7039,9675,11123,3503,9645,10858,10642,9739,3858,8673,9570,12726,7940,10796,5187,8245,10967,9933,11996,9186,9105 /tmp/1651689379089.txt 2 ./1651689379085.json ./1651689379082.json
AD REPEATABILITY OF OUR NEW METHOD : 40
0.83721

ALLOCATING WITH OUR OLD METHOD: 40
python alloc_fresh.py ../test1/kosarak_minfreq_0.005_maxcs_1_maxor_0.04/patterns.txt /home/preetham_sathineni/adslot/web_page_meta_dict_adslots_1_dataset_kosaraktxt.pkl /home/preetham_sathineni/adslot/web_page_freq_sorted_adslots_1_dataset_kosaraktxt.pkl 10981,6550,12970,2038,1359,5429,9473,5286,9961,5961,9356,8038,11343,3006,10428,1111,7260,1558,8632,7039,9675,11123,3503,9645,10858,10642,9739,3858,8673,9570,12726,7940,10796,5187,8245,10967,9933,11996,9186,9105 /tmp/1651689393482.txt 2 ./1651689379085.json ./1651689379082.json
AD REPEATABILITY OF ONE-SLOT METHOD : 40
0.85513

[One slot] ALLOCATING WITH RANDOM METHOD: 40
1.69837

[Multi slots] ALLOCATING WITH RANDOM METHOD: 40
AD REPEATABILITY OF RANDOM METHOD: 40
1.7672

allocated
{'VFS_one_method': [0], 'VFS_multi_method': [0], 'new_method': [40], 'oneslot_method': [40]}
adrepp
{'VFS_one_method': ['1.69837'], 'VFS_multi_method': ['1.7672'], 'new_method': ['0.83721'], 'oneslot_method': ['0.85513']}
revenue
{'VFS_one_method': [], 'VFS_multi_method': [], 'new_method': [], 'oneslot_method': []}
got patterns
sorted patterns
started allocation
Allocation accuracy: 60
total views sold: 378018
Allocation accuracy new method: 60
0.0
got patterns
sorted patterns
started allocation
Allocation accuracy: 60
total views sold: 378018
Allocation accuracy new method: 60
('META_DATA_FILE_PATH', '/home/preetham_sathineni/adslot/web_page_meta_dict_adslots_1_dataset_kosaraktxt.pkl')
/tmp/1651689450916.txt
Allocation accuracy: 60
total views sold: 378018
('META_DATA_FILE_PATH', '/home/preetham_sathineni/adslot/web_page_meta_dict_adslots_1_dataset_kosaraktxt.pkl')
/tmp/1651689458817.txt
Allocation accuracy: 60
total views sold: 378018
###############     ARGUMENTS     ############
['plot_results.py', '../test1/kosarak_minfreq_0.005_maxcs_1_maxor_0.04/patterns.txt', '../CMineMR-Mapreduce-algorithm-to-extract-coverage-patterns-master/dataset/kosarak.txt', '60', '7000', '6000', '1']
##############################################
web_page_to_adv_json_file : ./1651689422630.json
allocated_adslots_file: ./1651689422633.json
python alloc_fresh.py ../test1/kosarak_minfreq_0.005_maxcs_1_maxor_0.04/patterns.txt /home/preetham_sathineni/adslot/web_page_meta_dict_adslots_1_dataset_kosaraktxt.pkl /home/preetham_sathineni/adslot/web_page_freq_sorted_adslots_1_dataset_kosaraktxt.pkl 3468,2361,11468,8836,6498,1345,2182,8598,7249,3718,6335,11308,5220,1327,12222,9312,9873,2061,9730,6721,11256,4973,4537,7632,5112,2067,1574,6200,2240,9390,8197,3553,3466,12914,11448,5946,1941,8186,4746,5521,5837,1829,4063,10599,6402,2666,12422,3695,8953,7135,7948,7185,3804,4352,5171,6009,8189,1814,9790,9424 /tmp/1651689422637.txt 2 ./1651689422633.json ./1651689422630.json
AD REPEATABILITY OF OUR NEW METHOD : 60
0.83733

ALLOCATING WITH OUR OLD METHOD: 60
python alloc_fresh.py ../test1/kosarak_minfreq_0.005_maxcs_1_maxor_0.04/patterns.txt /home/preetham_sathineni/adslot/web_page_meta_dict_adslots_1_dataset_kosaraktxt.pkl /home/preetham_sathineni/adslot/web_page_freq_sorted_adslots_1_dataset_kosaraktxt.pkl 3468,2361,11468,8836,6498,1345,2182,8598,7249,3718,6335,11308,5220,1327,12222,9312,9873,2061,9730,6721,11256,4973,4537,7632,5112,2067,1574,6200,2240,9390,8197,3553,3466,12914,11448,5946,1941,8186,4746,5521,5837,1829,4063,10599,6402,2666,12422,3695,8953,7135,7948,7185,3804,4352,5171,6009,8189,1814,9790,9424 /tmp/1651689437250.txt 2 ./1651689422633.json ./1651689422630.json
AD REPEATABILITY OF ONE-SLOT METHOD : 60
0.79804

[One slot] ALLOCATING WITH RANDOM METHOD: 60
1.81192

[Multi slots] ALLOCATING WITH RANDOM METHOD: 60
AD REPEATABILITY OF RANDOM METHOD: 60
1.8644

allocated
{'VFS_one_method': [0], 'VFS_multi_method': [0], 'new_method': [60], 'oneslot_method': [60]}
adrepp
{'VFS_one_method': ['1.81192'], 'VFS_multi_method': ['1.8644'], 'new_method': ['0.83733'], 'oneslot_method': ['0.79804']}
revenue
{'VFS_one_method': [], 'VFS_multi_method': [], 'new_method': [], 'oneslot_method': []}
got patterns
sorted patterns
started allocation
Allocation accuracy: 80
total views sold: 541894
Allocation accuracy new method: 80
0.0
got patterns
sorted patterns
started allocation
Allocation accuracy: 80
total views sold: 541894
Allocation accuracy new method: 80
('META_DATA_FILE_PATH', '/home/preetham_sathineni/adslot/web_page_meta_dict_adslots_1_dataset_kosaraktxt.pkl')
/tmp/1651689500728.txt
Allocation accuracy: 41
total views sold: 391219
('META_DATA_FILE_PATH', '/home/preetham_sathineni/adslot/web_page_meta_dict_adslots_1_dataset_kosaraktxt.pkl')
/tmp/1651689510189.txt
Allocation accuracy: 45
total views sold: 415179
###############     ARGUMENTS     ############
['plot_results.py', '../test1/kosarak_minfreq_0.005_maxcs_1_maxor_0.04/patterns.txt', '../CMineMR-Mapreduce-algorithm-to-extract-coverage-patterns-master/dataset/kosarak.txt', '80', '7000', '6000', '1']
##############################################
web_page_to_adv_json_file : ./1651689467328.json
allocated_adslots_file: ./1651689467331.json
python alloc_fresh.py ../test1/kosarak_minfreq_0.005_maxcs_1_maxor_0.04/patterns.txt /home/preetham_sathineni/adslot/web_page_meta_dict_adslots_1_dataset_kosaraktxt.pkl /home/preetham_sathineni/adslot/web_page_freq_sorted_adslots_1_dataset_kosaraktxt.pkl 5109,2899,11142,9035,1617,8419,4542,5597,3003,7959,10384,12248,11930,6997,12859,1381,7966,8791,2371,11855,7240,5954,10620,4234,11020,12817,4313,3466,2846,12902,6350,5726,6779,3876,3813,2115,7901,5990,5867,1382,11101,7065,3907,4638,10104,9986,3276,6661,6164,7054,11378,5106,10636,5785,12304,8046,6680,2742,8498,12504,5142,9385,1120,4694,10348,1564,2268,12215,5258,7671,10140,4056,3594,3399,8339,2123,9726,5058,4695,6149 /tmp/1651689467365.txt 2 ./1651689467331.json ./1651689467328.json
AD REPEATABILITY OF OUR NEW METHOD : 80
1.57118

ALLOCATING WITH OUR OLD METHOD: 80
python alloc_fresh.py ../test1/kosarak_minfreq_0.005_maxcs_1_maxor_0.04/patterns.txt /home/preetham_sathineni/adslot/web_page_meta_dict_adslots_1_dataset_kosaraktxt.pkl /home/preetham_sathineni/adslot/web_page_freq_sorted_adslots_1_dataset_kosaraktxt.pkl 5109,2899,11142,9035,1617,8419,4542,5597,3003,7959,10384,12248,11930,6997,12859,1381,7966,8791,2371,11855,7240,5954,10620,4234,11020,12817,4313,3466,2846,12902,6350,5726,6779,3876,3813,2115,7901,5990,5867,1382,11101,7065,3907,4638,10104,9986,3276,6661,6164,7054,11378,5106,10636,5785,12304,8046,6680,2742,8498,12504,5142,9385,1120,4694,10348,1564,2268,12215,5258,7671,10140,4056,3594,3399,8339,2123,9726,5058,4695,6149 /tmp/1651689484235.txt 2 ./1651689467331.json ./1651689467328.json
AD REPEATABILITY OF ONE-SLOT METHOD : 80
1.55226

[One slot] ALLOCATING WITH RANDOM METHOD: 80
2.41811

[Multi slots] ALLOCATING WITH RANDOM METHOD: 80
AD REPEATABILITY OF RANDOM METHOD: 80
2.29352

allocated
{'VFS_one_method': [0], 'VFS_multi_method': [0], 'new_method': [80], 'oneslot_method': [80]}
adrepp
{'VFS_one_method': ['2.41811'], 'VFS_multi_method': ['2.29352'], 'new_method': ['1.57118'], 'oneslot_method': ['1.55226']}
revenue
{'VFS_one_method': [], 'VFS_multi_method': [], 'new_method': [], 'oneslot_method': []}
got patterns
sorted patterns
started allocation
Allocation accuracy: 56
total views sold: 524079
Allocation accuracy new method: 56
0.0
got patterns
sorted patterns
started allocation
Allocation accuracy: 56
total views sold: 524749
Allocation accuracy new method: 56
('META_DATA_FILE_PATH', '/home/preetham_sathineni/adslot/web_page_meta_dict_adslots_1_dataset_kosaraktxt.pkl')
/tmp/1651689560886.txt
Allocation accuracy: 36
total views sold: 400822
('META_DATA_FILE_PATH', '/home/preetham_sathineni/adslot/web_page_meta_dict_adslots_1_dataset_kosaraktxt.pkl')
/tmp/1651689570898.txt
Allocation accuracy: 35
total views sold: 391503
###############     ARGUMENTS     ############
['plot_results.py', '../test1/kosarak_minfreq_0.005_maxcs_1_maxor_0.04/patterns.txt', '../CMineMR-Mapreduce-algorithm-to-extract-coverage-patterns-master/dataset/kosarak.txt', '100', '7000', '6000', '1']
##############################################
web_page_to_adv_json_file : ./1651689520093.json
allocated_adslots_file: ./1651689520097.json
python alloc_fresh.py ../test1/kosarak_minfreq_0.005_maxcs_1_maxor_0.04/patterns.txt /home/preetham_sathineni/adslot/web_page_meta_dict_adslots_1_dataset_kosaraktxt.pkl /home/preetham_sathineni/adslot/web_page_freq_sorted_adslots_1_dataset_kosaraktxt.pkl 9319,6298,7491,7539,4985,7995,6457,9461,2016,1538,12590,8645,12171,10729,12229,5573,11984,10470,10364,3816,5343,2416,11855,12632,7849,12259,4380,8740,4112,11574,3297,3633,7775,6680,9824,9001,1616,9451,7480,7842,8174,2747,6682,10507,4366,1317,4462,1808,12662,10340,3812,9900,11820,6876,9602,11796,6530,10000,3917,2575,9348,3977,9570,11193,4086,7003,4362,12599,12796,1004,5591,1233,11865,6587,7546,6541,7725,9079,10630,6589,8682,3684,5440,8571,9832,3395,12243,12519,5684,7629,3083,3396,2888,6740,12216,6950,2776,11343,4038,11129 /tmp/1651689520100.txt 2 ./1651689520097.json ./1651689520093.json
AD REPEATABILITY OF OUR NEW METHOD : 100
2.11675

ALLOCATING WITH OUR OLD METHOD: 100
python alloc_fresh.py ../test1/kosarak_minfreq_0.005_maxcs_1_maxor_0.04/patterns.txt /home/preetham_sathineni/adslot/web_page_meta_dict_adslots_1_dataset_kosaraktxt.pkl /home/preetham_sathineni/adslot/web_page_freq_sorted_adslots_1_dataset_kosaraktxt.pkl 9319,6298,7491,7539,4985,7995,6457,9461,2016,1538,12590,8645,12171,10729,12229,5573,11984,10470,10364,3816,5343,2416,11855,12632,7849,12259,4380,8740,4112,11574,3297,3633,7775,6680,9824,9001,1616,9451,7480,7842,8174,2747,6682,10507,4366,1317,4462,1808,12662,10340,3812,9900,11820,6876,9602,11796,6530,10000,3917,2575,9348,3977,9570,11193,4086,7003,4362,12599,12796,1004,5591,1233,11865,6587,7546,6541,7725,9079,10630,6589,8682,3684,5440,8571,9832,3395,12243,12519,5684,7629,3083,3396,2888,6740,12216,6950,2776,11343,4038,11129 /tmp/1651689540682.txt 2 ./1651689520097.json ./1651689520093.json
AD REPEATABILITY OF ONE-SLOT METHOD : 100
2.11971

[One slot] ALLOCATING WITH RANDOM METHOD: 100
2.53808

[Multi slots] ALLOCATING WITH RANDOM METHOD: 100
AD REPEATABILITY OF RANDOM METHOD: 100
2.55281

allocated
{'VFS_one_method': [0], 'VFS_multi_method': [0], 'new_method': [56], 'oneslot_method': [56]}
adrepp
{'VFS_one_method': ['2.53808'], 'VFS_multi_method': ['2.55281'], 'new_method': ['2.11675'], 'oneslot_method': ['2.11971']}
revenue
{'VFS_one_method': [], 'VFS_multi_method': [], 'new_method': [], 'oneslot_method': []}
got patterns
sorted patterns
started allocation
Allocation accuracy: 50
total views sold: 508892
Allocation accuracy new method: 50
0.0
got patterns
sorted patterns
started allocation
Allocation accuracy: 51
total views sold: 511706
Allocation accuracy new method: 51
('META_DATA_FILE_PATH', '/home/preetham_sathineni/adslot/web_page_meta_dict_adslots_1_dataset_kosaraktxt.pkl')
/tmp/1651689627312.txt
Allocation accuracy: 34
total views sold: 392143
('META_DATA_FILE_PATH', '/home/preetham_sathineni/adslot/web_page_meta_dict_adslots_1_dataset_kosaraktxt.pkl')
/tmp/1651689637544.txt
Allocation accuracy: 34
total views sold: 392143
###############     ARGUMENTS     ############
['plot_results.py', '../test1/kosarak_minfreq_0.005_maxcs_1_maxor_0.04/patterns.txt', '../CMineMR-Mapreduce-algorithm-to-extract-coverage-patterns-master/dataset/kosarak.txt', '120', '7000', '6000', '1']
##############################################
web_page_to_adv_json_file : ./1651689581257.json
allocated_adslots_file: ./1651689581261.json
python alloc_fresh.py ../test1/kosarak_minfreq_0.005_maxcs_1_maxor_0.04/patterns.txt /home/preetham_sathineni/adslot/web_page_meta_dict_adslots_1_dataset_kosaraktxt.pkl /home/preetham_sathineni/adslot/web_page_freq_sorted_adslots_1_dataset_kosaraktxt.pkl 2534,4407,11241,10047,9520,5511,4515,2211,11155,10408,10296,11800,1421,8453,7635,11408,9644,11739,12654,4295,5371,8352,10890,9932,4529,9271,5120,8558,11750,8922,4065,12045,12627,8716,2147,7250,9859,11859,9199,6368,5094,1063,11974,1489,8861,8960,12110,10990,10219,3791,10587,6188,9458,1858,8481,1114,6610,9285,5748,4071,6071,2237,3152,12447,3725,9701,10527,11743,5859,7196,4549,4076,11892,3527,8342,5119,8379,7464,12104,11416,11756,9144,6650,2174,5659,4999,11515,6603,9737,6699,10283,7696,3960,9525,9793,5564,4349,8122,6892,12866,10494,12705,6333,6369,4152,4314,3325,12298,9387,11725,2519,6400,2070,2196,3395,9022,5919,9257,11298,11322 /tmp/1651689581265.txt 2 ./1651689581261.json ./1651689581257.json
AD REPEATABILITY OF OUR NEW METHOD : 120
2.24975

ALLOCATING WITH OUR OLD METHOD: 120
python alloc_fresh.py ../test1/kosarak_minfreq_0.005_maxcs_1_maxor_0.04/patterns.txt /home/preetham_sathineni/adslot/web_page_meta_dict_adslots_1_dataset_kosaraktxt.pkl /home/preetham_sathineni/adslot/web_page_freq_sorted_adslots_1_dataset_kosaraktxt.pkl 2534,4407,11241,10047,9520,5511,4515,2211,11155,10408,10296,11800,1421,8453,7635,11408,9644,11739,12654,4295,5371,8352,10890,9932,4529,9271,5120,8558,11750,8922,4065,12045,12627,8716,2147,7250,9859,11859,9199,6368,5094,1063,11974,1489,8861,8960,12110,10990,10219,3791,10587,6188,9458,1858,8481,1114,6610,9285,5748,4071,6071,2237,3152,12447,3725,9701,10527,11743,5859,7196,4549,4076,11892,3527,8342,5119,8379,7464,12104,11416,11756,9144,6650,2174,5659,4999,11515,6603,9737,6699,10283,7696,3960,9525,9793,5564,4349,8122,6892,12866,10494,12705,6333,6369,4152,4314,3325,12298,9387,11725,2519,6400,2070,2196,3395,9022,5919,9257,11298,11322 /tmp/1651689603618.txt 2 ./1651689581261.json ./1651689581257.json
AD REPEATABILITY OF ONE-SLOT METHOD : 120
2.26856

[One slot] ALLOCATING WITH RANDOM METHOD: 120
2.5603

[Multi slots] ALLOCATING WITH RANDOM METHOD: 120
AD REPEATABILITY OF RANDOM METHOD: 120
2.599

allocated
{'VFS_one_method': [0], 'VFS_multi_method': [0], 'new_method': [50], 'oneslot_method': [51]}
adrepp
{'VFS_one_method': ['2.5603'], 'VFS_multi_method': ['2.599'], 'new_method': ['2.24975'], 'oneslot_method': ['2.26856']}
revenue
{'VFS_one_method': [], 'VFS_multi_method': [], 'new_method': [], 'oneslot_method': []}
got patterns
sorted patterns
started allocation
Allocation accuracy: 54
total views sold: 507464
Allocation accuracy new method: 54
0.0
got patterns
sorted patterns
started allocation
Allocation accuracy: 54
total views sold: 507158
Allocation accuracy new method: 54
('META_DATA_FILE_PATH', '/home/preetham_sathineni/adslot/web_page_meta_dict_adslots_1_dataset_kosaraktxt.pkl')
/tmp/1651689688836.txt
Allocation accuracy: 34
total views sold: 398464
('META_DATA_FILE_PATH', '/home/preetham_sathineni/adslot/web_page_meta_dict_adslots_1_dataset_kosaraktxt.pkl')
/tmp/1651689698959.txt
Allocation accuracy: 32
total views sold: 377563
###############     ARGUMENTS     ############
['plot_results.py', '../test1/kosarak_minfreq_0.005_maxcs_1_maxor_0.04/patterns.txt', '../CMineMR-Mapreduce-algorithm-to-extract-coverage-patterns-master/dataset/kosarak.txt', '140', '7000', '6000', '1']
##############################################
web_page_to_adv_json_file : ./1651689648074.json
allocated_adslots_file: ./1651689648078.json
python alloc_fresh.py ../test1/kosarak_minfreq_0.005_maxcs_1_maxor_0.04/patterns.txt /home/preetham_sathineni/adslot/web_page_meta_dict_adslots_1_dataset_kosaraktxt.pkl /home/preetham_sathineni/adslot/web_page_freq_sorted_adslots_1_dataset_kosaraktxt.pkl 9476,12320,3819,6582,9451,6916,1488,7184,3011,11565,1311,12747,9961,9905,9620,2891,10526,6088,12783,5469,5421,8782,12960,9758,8047,10356,12517,4954,11999,9468,6407,12300,8929,6427,8437,1770,10375,10983,3559,10865,8043,8597,3221,12616,11412,3329,2293,11348,5202,9921,1797,1142,6057,11667,7760,6373,3836,10206,6864,1871,8644,10908,7733,6424,2720,3610,3272,1421,7355,3577,5198,12406,5256,10061,6375,3659,5047,10881,7920,3014,1111,6088,11735,4729,11074,2993,1216,1148,6937,1842,5348,6236,10612,4125,12452,2580,10754,9453,1291,5070,6355,3177,9678,3415,9815,11091,4310,12842,1990,6012,2506,2791,6732,4825,6302,10996,11304,4772,2247,12494,10656,12536,3093,5479,3055,2991,5823,9350,11700,12816,5130,1250,2125,5413,8514,6571,3725,2068,9081,12224 /tmp/1651689648082.txt 2 ./1651689648078.json ./1651689648074.json
AD REPEATABILITY OF OUR NEW METHOD : 140
2.25502

ALLOCATING WITH OUR OLD METHOD: 140
python alloc_fresh.py ../test1/kosarak_minfreq_0.005_maxcs_1_maxor_0.04/patterns.txt /home/preetham_sathineni/adslot/web_page_meta_dict_adslots_1_dataset_kosaraktxt.pkl /home/preetham_sathineni/adslot/web_page_freq_sorted_adslots_1_dataset_kosaraktxt.pkl 9476,12320,3819,6582,9451,6916,1488,7184,3011,11565,1311,12747,9961,9905,9620,2891,10526,6088,12783,5469,5421,8782,12960,9758,8047,10356,12517,4954,11999,9468,6407,12300,8929,6427,8437,1770,10375,10983,3559,10865,8043,8597,3221,12616,11412,3329,2293,11348,5202,9921,1797,1142,6057,11667,7760,6373,3836,10206,6864,1871,8644,10908,7733,6424,2720,3610,3272,1421,7355,3577,5198,12406,5256,10061,6375,3659,5047,10881,7920,3014,1111,6088,11735,4729,11074,2993,1216,1148,6937,1842,5348,6236,10612,4125,12452,2580,10754,9453,1291,5070,6355,3177,9678,3415,9815,11091,4310,12842,1990,6012,2506,2791,6732,4825,6302,10996,11304,4772,2247,12494,10656,12536,3093,5479,3055,2991,5823,9350,11700,12816,5130,1250,2125,5413,8514,6571,3725,2068,9081,12224 /tmp/1651689669254.txt 2 ./1651689648078.json ./1651689648074.json
AD REPEATABILITY OF ONE-SLOT METHOD : 140
2.25644

[One slot] ALLOCATING WITH RANDOM METHOD: 140
2.64123

[Multi slots] ALLOCATING WITH RANDOM METHOD: 140
AD REPEATABILITY OF RANDOM METHOD: 140
2.69925

allocated
{'VFS_one_method': [0], 'VFS_multi_method': [0], 'new_method': [54], 'oneslot_method': [54]}
adrepp
{'VFS_one_method': ['2.64123'], 'VFS_multi_method': ['2.69925'], 'new_method': ['2.25502'], 'oneslot_method': ['2.25644']}
revenue
{'VFS_one_method': [], 'VFS_multi_method': [], 'new_method': [], 'oneslot_method': []}
got patterns
sorted patterns
started allocation
Allocation accuracy: 51
total views sold: 506600
Allocation accuracy new method: 51
0.0
got patterns
sorted patterns
started allocation
Allocation accuracy: 52
total views sold: 500949
Allocation accuracy new method: 52
('META_DATA_FILE_PATH', '/home/preetham_sathineni/adslot/web_page_meta_dict_adslots_1_dataset_kosaraktxt.pkl')
/tmp/1651689752963.txt
Allocation accuracy: 32
total views sold: 381763
('META_DATA_FILE_PATH', '/home/preetham_sathineni/adslot/web_page_meta_dict_adslots_1_dataset_kosaraktxt.pkl')
/tmp/1651689763556.txt
Allocation accuracy: 34
total views sold: 402632
###############     ARGUMENTS     ############
['plot_results.py', '../test1/kosarak_minfreq_0.005_maxcs_1_maxor_0.04/patterns.txt', '../CMineMR-Mapreduce-algorithm-to-extract-coverage-patterns-master/dataset/kosarak.txt', '160', '7000', '6000', '1']
##############################################
web_page_to_adv_json_file : ./1651689709548.json
allocated_adslots_file: ./1651689709553.json
python alloc_fresh.py ../test1/kosarak_minfreq_0.005_maxcs_1_maxor_0.04/patterns.txt /home/preetham_sathineni/adslot/web_page_meta_dict_adslots_1_dataset_kosaraktxt.pkl /home/preetham_sathineni/adslot/web_page_freq_sorted_adslots_1_dataset_kosaraktxt.pkl 2182,10609,8090,6320,8678,7466,12108,4988,11520,3504,1665,8486,5698,2754,7984,2613,4540,7102,4941,9437,5238,6997,7480,12197,5826,10404,10335,12369,10118,8015,7458,1671,10968,12522,5538,5814,2762,5495,6481,6192,2430,12111,8828,3922,11121,2584,4844,11694,12076,4852,8113,7462,12837,12049,5491,6542,1474,4569,5328,7531,5109,8198,9052,9057,8770,1913,12482,9090,7559,1378,7824,11398,2623,7444,10361,9160,3683,9699,12216,11019,12758,11673,3960,10990,7884,7390,10252,8329,4480,6384,4767,8614,2909,3031,1900,4555,2211,1346,6184,3689,9738,12246,1336,4574,4108,8028,7949,8213,5898,7922,5423,3930,12876,8828,12001,11784,9579,1857,5653,2080,2939,1181,1555,9044,10426,9976,12532,6055,12209,4304,5795,7186,3987,9407,12357,6475,10443,9611,7828,12199,6525,8610,6367,2089,8223,12359,6233,5571,4766,10563,1600,11390,3234,1471,10070,12530,8416,6955,7336,2760 /tmp/1651689709556.txt 2 ./1651689709553.json ./1651689709548.json
AD REPEATABILITY OF OUR NEW METHOD : 160
2.2891

ALLOCATING WITH OUR OLD METHOD: 160
python alloc_fresh.py ../test1/kosarak_minfreq_0.005_maxcs_1_maxor_0.04/patterns.txt /home/preetham_sathineni/adslot/web_page_meta_dict_adslots_1_dataset_kosaraktxt.pkl /home/preetham_sathineni/adslot/web_page_freq_sorted_adslots_1_dataset_kosaraktxt.pkl 2182,10609,8090,6320,8678,7466,12108,4988,11520,3504,1665,8486,5698,2754,7984,2613,4540,7102,4941,9437,5238,6997,7480,12197,5826,10404,10335,12369,10118,8015,7458,1671,10968,12522,5538,5814,2762,5495,6481,6192,2430,12111,8828,3922,11121,2584,4844,11694,12076,4852,8113,7462,12837,12049,5491,6542,1474,4569,5328,7531,5109,8198,9052,9057,8770,1913,12482,9090,7559,1378,7824,11398,2623,7444,10361,9160,3683,9699,12216,11019,12758,11673,3960,10990,7884,7390,10252,8329,4480,6384,4767,8614,2909,3031,1900,4555,2211,1346,6184,3689,9738,12246,1336,4574,4108,8028,7949,8213,5898,7922,5423,3930,12876,8828,12001,11784,9579,1857,5653,2080,2939,1181,1555,9044,10426,9976,12532,6055,12209,4304,5795,7186,3987,9407,12357,6475,10443,9611,7828,12199,6525,8610,6367,2089,8223,12359,6233,5571,4766,10563,1600,11390,3234,1471,10070,12530,8416,6955,7336,2760 /tmp/1651689733050.txt 2 ./1651689709553.json ./1651689709548.json
AD REPEATABILITY OF ONE-SLOT METHOD : 160
2.2929

[One slot] ALLOCATING WITH RANDOM METHOD: 160
2.66526

[Multi slots] ALLOCATING WITH RANDOM METHOD: 160
AD REPEATABILITY OF RANDOM METHOD: 160
2.53614

allocated
{'VFS_one_method': [0], 'VFS_multi_method': [0], 'new_method': [51], 'oneslot_method': [52]}
adrepp
{'VFS_one_method': ['2.66526'], 'VFS_multi_method': ['2.53614'], 'new_method': ['2.2891'], 'oneslot_method': ['2.2929']}
revenue
{'VFS_one_method': [], 'VFS_multi_method': [], 'new_method': [], 'oneslot_method': []}
got patterns
sorted patterns
started allocation
Allocation accuracy: 54
total views sold: 511298
Allocation accuracy new method: 54
0.0
got patterns
sorted patterns
started allocation
Allocation accuracy: 54
total views sold: 511560
Allocation accuracy new method: 54
('META_DATA_FILE_PATH', '/home/preetham_sathineni/adslot/web_page_meta_dict_adslots_1_dataset_kosaraktxt.pkl')
/tmp/1651689816547.txt
Allocation accuracy: 36
total views sold: 413230
('META_DATA_FILE_PATH', '/home/preetham_sathineni/adslot/web_page_meta_dict_adslots_1_dataset_kosaraktxt.pkl')
/tmp/1651689826567.txt
Allocation accuracy: 34
total views sold: 393258
###############     ARGUMENTS     ############
['plot_results.py', '../test1/kosarak_minfreq_0.005_maxcs_1_maxor_0.04/patterns.txt', '../CMineMR-Mapreduce-algorithm-to-extract-coverage-patterns-master/dataset/kosarak.txt', '180', '7000', '6000', '1']
##############################################
web_page_to_adv_json_file : ./1651689774407.json
allocated_adslots_file: ./1651689774411.json
python alloc_fresh.py ../test1/kosarak_minfreq_0.005_maxcs_1_maxor_0.04/patterns.txt /home/preetham_sathineni/adslot/web_page_meta_dict_adslots_1_dataset_kosaraktxt.pkl /home/preetham_sathineni/adslot/web_page_freq_sorted_adslots_1_dataset_kosaraktxt.pkl 2203,2404,7843,5600,6948,10729,7068,9618,5367,3031,7290,1603,7771,9699,11570,1123,10442,9212,2431,9215,6394,8773,8081,2620,9886,9656,10005,7554,5273,5938,9280,7483,12798,7971,10805,8115,8407,10281,4172,12459,9394,11259,1156,6707,11193,12791,11149,7501,5008,9737,9923,3471,7173,5539,1995,5029,3640,3156,4924,11645,11059,9118,9245,9496,8810,11162,2446,10832,5077,8201,4882,11665,6853,10002,12386,6344,8440,3235,2067,3909,4845,6946,1499,1137,3475,4106,3527,5349,9140,2198,9948,5551,6659,11716,12460,5831,3156,6071,6932,1389,9468,11333,5959,1368,2524,4948,4400,3084,7763,8160,4115,7608,2822,9929,7807,3500,7386,12411,3230,11833,2667,4428,4489,12204,10293,3319,3088,4215,12163,11719,11202,6959,3799,4390,4232,8648,8087,4528,6152,8056,4166,1531,11673,10379,12328,8452,12677,8025,8453,2016,4367,3524,3281,11739,12898,3783,8414,7278,9970,2515,7659,5759,3464,3254,9418,8784,6567,7052,3191,9938,1175,4401,8609,3778,5061,7812,4604,9527,4413,8668 /tmp/1651689774415.txt 2 ./1651689774411.json ./1651689774407.json
AD REPEATABILITY OF OUR NEW METHOD : 180
2.23254

ALLOCATING WITH OUR OLD METHOD: 180
python alloc_fresh.py ../test1/kosarak_minfreq_0.005_maxcs_1_maxor_0.04/patterns.txt /home/preetham_sathineni/adslot/web_page_meta_dict_adslots_1_dataset_kosaraktxt.pkl /home/preetham_sathineni/adslot/web_page_freq_sorted_adslots_1_dataset_kosaraktxt.pkl 2203,2404,7843,5600,6948,10729,7068,9618,5367,3031,7290,1603,7771,9699,11570,1123,10442,9212,2431,9215,6394,8773,8081,2620,9886,9656,10005,7554,5273,5938,9280,7483,12798,7971,10805,8115,8407,10281,4172,12459,9394,11259,1156,6707,11193,12791,11149,7501,5008,9737,9923,3471,7173,5539,1995,5029,3640,3156,4924,11645,11059,9118,9245,9496,8810,11162,2446,10832,5077,8201,4882,11665,6853,10002,12386,6344,8440,3235,2067,3909,4845,6946,1499,1137,3475,4106,3527,5349,9140,2198,9948,5551,6659,11716,12460,5831,3156,6071,6932,1389,9468,11333,5959,1368,2524,4948,4400,3084,7763,8160,4115,7608,2822,9929,7807,3500,7386,12411,3230,11833,2667,4428,4489,12204,10293,3319,3088,4215,12163,11719,11202,6959,3799,4390,4232,8648,8087,4528,6152,8056,4166,1531,11673,10379,12328,8452,12677,8025,8453,2016,4367,3524,3281,11739,12898,3783,8414,7278,9970,2515,7659,5759,3464,3254,9418,8784,6567,7052,3191,9938,1175,4401,8609,3778,5061,7812,4604,9527,4413,8668 /tmp/1651689794301.txt 2 ./1651689774411.json ./1651689774407.json
AD REPEATABILITY OF ONE-SLOT METHOD : 180
2.23365

[One slot] ALLOCATING WITH RANDOM METHOD: 180
2.53592

[Multi slots] ALLOCATING WITH RANDOM METHOD: 180
AD REPEATABILITY OF RANDOM METHOD: 180
2.57713

allocated
{'VFS_one_method': [0], 'VFS_multi_method': [0], 'new_method': [54], 'oneslot_method': [54]}
adrepp
{'VFS_one_method': ['2.53592'], 'VFS_multi_method': ['2.57713'], 'new_method': ['2.23254'], 'oneslot_method': ['2.23365']}
revenue
{'VFS_one_method': [], 'VFS_multi_method': [], 'new_method': [], 'oneslot_method': []}
got patterns
sorted patterns
started allocation
Allocation accuracy: 50
total views sold: 496951
Allocation accuracy new method: 50
0.0
got patterns
sorted patterns
started allocation
Allocation accuracy: 50
total views sold: 498315
Allocation accuracy new method: 50
('META_DATA_FILE_PATH', '/home/preetham_sathineni/adslot/web_page_meta_dict_adslots_1_dataset_kosaraktxt.pkl')
/tmp/1651689884802.txt
Allocation accuracy: 32
total views sold: 389233
('META_DATA_FILE_PATH', '/home/preetham_sathineni/adslot/web_page_meta_dict_adslots_1_dataset_kosaraktxt.pkl')
/tmp/1651689895217.txt
Allocation accuracy: 33
total views sold: 400335
###############     ARGUMENTS     ############
['plot_results.py', '../test1/kosarak_minfreq_0.005_maxcs_1_maxor_0.04/patterns.txt', '../CMineMR-Mapreduce-algorithm-to-extract-coverage-patterns-master/dataset/kosarak.txt', '200', '7000', '6000', '1']
##############################################
web_page_to_adv_json_file : ./1651689837161.json
allocated_adslots_file: ./1651689837165.json
python alloc_fresh.py ../test1/kosarak_minfreq_0.005_maxcs_1_maxor_0.04/patterns.txt /home/preetham_sathineni/adslot/web_page_meta_dict_adslots_1_dataset_kosaraktxt.pkl /home/preetham_sathineni/adslot/web_page_freq_sorted_adslots_1_dataset_kosaraktxt.pkl 12888,10048,10488,7260,1495,4925,10906,3268,4189,3754,9864,9259,5179,8401,3501,5167,4668,12754,8109,9021,6145,2582,12947,3799,9668,7178,11838,8780,7414,10685,11022,9189,12292,3120,8657,8997,4124,10890,6510,3033,7303,1189,6727,5801,12156,4094,9925,4306,9787,7794,6761,3202,6416,10714,12780,7523,6596,11901,2114,1978,10626,5230,8861,8448,4726,8888,4172,5765,4862,11102,3188,8866,5242,12937,10894,10092,7895,6879,12350,8223,7219,12609,7648,3164,12922,2550,8882,2879,10134,12602,3461,8377,1440,6328,11135,9908,10072,10948,6904,5176,4473,11679,8314,11795,1023,4167,2171,6300,8562,10315,6630,7953,10986,5124,7753,2560,10279,4896,6767,7383,6778,8433,12892,4530,10037,5054,6200,3589,6633,9274,7199,4512,2778,10807,8968,11695,3615,4742,3912,10315,3419,1905,1033,11761,1379,4288,10304,3899,9259,7903,11592,8791,6090,2827,11043,2616,10397,9905,11298,11907,2268,11132,12529,11781,5814,4197,6059,12418,2783,5780,12293,7914,11147,9987,8237,9082,7563,7295,10346,6036,12395,3342,10561,10329,6674,3387,2287,6860,2508,3955,5401,9012,1848,2804,8119,12741,4102,6288,12896,11171 /tmp/1651689837168.txt 2 ./1651689837165.json ./1651689837161.json
AD REPEATABILITY OF OUR NEW METHOD : 200
2.36

ALLOCATING WITH OUR OLD METHOD: 200
python alloc_fresh.py ../test1/kosarak_minfreq_0.005_maxcs_1_maxor_0.04/patterns.txt /home/preetham_sathineni/adslot/web_page_meta_dict_adslots_1_dataset_kosaraktxt.pkl /home/preetham_sathineni/adslot/web_page_freq_sorted_adslots_1_dataset_kosaraktxt.pkl 12888,10048,10488,7260,1495,4925,10906,3268,4189,3754,9864,9259,5179,8401,3501,5167,4668,12754,8109,9021,6145,2582,12947,3799,9668,7178,11838,8780,7414,10685,11022,9189,12292,3120,8657,8997,4124,10890,6510,3033,7303,1189,6727,5801,12156,4094,9925,4306,9787,7794,6761,3202,6416,10714,12780,7523,6596,11901,2114,1978,10626,5230,8861,8448,4726,8888,4172,5765,4862,11102,3188,8866,5242,12937,10894,10092,7895,6879,12350,8223,7219,12609,7648,3164,12922,2550,8882,2879,10134,12602,3461,8377,1440,6328,11135,9908,10072,10948,6904,5176,4473,11679,8314,11795,1023,4167,2171,6300,8562,10315,6630,7953,10986,5124,7753,2560,10279,4896,6767,7383,6778,8433,12892,4530,10037,5054,6200,3589,6633,9274,7199,4512,2778,10807,8968,11695,3615,4742,3912,10315,3419,1905,1033,11761,1379,4288,10304,3899,9259,7903,11592,8791,6090,2827,11043,2616,10397,9905,11298,11907,2268,11132,12529,11781,5814,4197,6059,12418,2783,5780,12293,7914,11147,9987,8237,9082,7563,7295,10346,6036,12395,3342,10561,10329,6674,3387,2287,6860,2508,3955,5401,9012,1848,2804,8119,12741,4102,6288,12896,11171 /tmp/1651689860216.txt 2 ./1651689837165.json ./1651689837161.json
AD REPEATABILITY OF ONE-SLOT METHOD : 200
2.33766

[One slot] ALLOCATING WITH RANDOM METHOD: 200
2.66028

[Multi slots] ALLOCATING WITH RANDOM METHOD: 200
AD REPEATABILITY OF RANDOM METHOD: 200
2.65797

allocated
{'VFS_one_method': [0], 'VFS_multi_method': [0], 'new_method': [50], 'oneslot_method': [50]}
adrepp
{'VFS_one_method': ['2.66028'], 'VFS_multi_method': ['2.65797'], 'new_method': ['2.36'], 'oneslot_method': ['2.33766']}
revenue
{'VFS_one_method': [], 'VFS_multi_method': [], 'new_method': [], 'oneslot_method': []}
got patterns
sorted patterns
started allocation
Allocation accuracy: 55
total views sold: 509726
Allocation accuracy new method: 55
0.0
got patterns
sorted patterns
started allocation
Allocation accuracy: 55
total views sold: 503554
Allocation accuracy new method: 55
('META_DATA_FILE_PATH', '/home/preetham_sathineni/adslot/web_page_meta_dict_adslots_1_dataset_kosaraktxt.pkl')
/tmp/1651689955836.txt
Allocation accuracy: 31
total views sold: 379025
('META_DATA_FILE_PATH', '/home/preetham_sathineni/adslot/web_page_meta_dict_adslots_1_dataset_kosaraktxt.pkl')
/tmp/1651689966454.txt
Allocation accuracy: 31
total views sold: 379025
###############     ARGUMENTS     ############
['plot_results.py', '../test1/kosarak_minfreq_0.005_maxcs_1_maxor_0.04/patterns.txt', '../CMineMR-Mapreduce-algorithm-to-extract-coverage-patterns-master/dataset/kosarak.txt', '220', '7000', '6000', '1']
##############################################
web_page_to_adv_json_file : ./1651689905998.json
allocated_adslots_file: ./1651689906002.json
python alloc_fresh.py ../test1/kosarak_minfreq_0.005_maxcs_1_maxor_0.04/patterns.txt /home/preetham_sathineni/adslot/web_page_meta_dict_adslots_1_dataset_kosaraktxt.pkl /home/preetham_sathineni/adslot/web_page_freq_sorted_adslots_1_dataset_kosaraktxt.pkl 3184,12246,3506,2305,9055,10741,3617,8750,4941,8413,1256,5898,1166,6931,9098,2052,12432,11257,4062,12470,11112,8142,6187,11228,11110,3165,8220,3630,4079,9706,9750,2071,8483,1633,12919,5944,5754,10901,9725,2561,6384,4938,12120,5713,10650,1552,12648,11651,1794,2727,4487,4568,2342,2699,9983,11053,4888,3837,6446,11408,11799,4063,6211,1599,11118,5988,2007,2442,3118,3496,12752,2196,6381,6601,4188,12037,9488,12004,4621,4566,4878,2363,12712,6273,1509,8426,10652,12473,5097,8320,12858,8969,3161,3731,3939,2775,1118,6439,3168,12512,2866,3210,11346,12837,5077,12308,6994,7271,11603,1875,1785,6318,11932,12637,10359,6921,1412,12195,1443,9146,7928,6796,9621,4705,4811,1063,11064,9879,11498,7917,8137,9145,9125,4404,3499,5211,12770,5389,1266,7679,3932,8641,8087,6781,9328,2593,4656,3570,3086,3958,8763,1819,8567,11904,5392,12799,7117,5944,3302,4620,9754,7201,7195,5533,4609,5816,7114,1136,9452,10013,11291,1830,7187,9262,5142,7572,9453,1699,9545,7820,8524,1118,1860,7444,9083,12350,8700,11519,11959,2119,2819,10276,9517,4438,9642,7747,5085,7375,12000,6543,6039,8206,7873,10240,11252,9429,2375,7111,10595,4355,4060,3462,8919,8041,8287,6644,8204,8123,11673,7460 /tmp/1651689906006.txt 2 ./1651689906002.json ./1651689905998.json
AD REPEATABILITY OF OUR NEW METHOD : 220
2.40166

ALLOCATING WITH OUR OLD METHOD: 220
python alloc_fresh.py ../test1/kosarak_minfreq_0.005_maxcs_1_maxor_0.04/patterns.txt /home/preetham_sathineni/adslot/web_page_meta_dict_adslots_1_dataset_kosaraktxt.pkl /home/preetham_sathineni/adslot/web_page_freq_sorted_adslots_1_dataset_kosaraktxt.pkl 3184,12246,3506,2305,9055,10741,3617,8750,4941,8413,1256,5898,1166,6931,9098,2052,12432,11257,4062,12470,11112,8142,6187,11228,11110,3165,8220,3630,4079,9706,9750,2071,8483,1633,12919,5944,5754,10901,9725,2561,6384,4938,12120,5713,10650,1552,12648,11651,1794,2727,4487,4568,2342,2699,9983,11053,4888,3837,6446,11408,11799,4063,6211,1599,11118,5988,2007,2442,3118,3496,12752,2196,6381,6601,4188,12037,9488,12004,4621,4566,4878,2363,12712,6273,1509,8426,10652,12473,5097,8320,12858,8969,3161,3731,3939,2775,1118,6439,3168,12512,2866,3210,11346,12837,5077,12308,6994,7271,11603,1875,1785,6318,11932,12637,10359,6921,1412,12195,1443,9146,7928,6796,9621,4705,4811,1063,11064,9879,11498,7917,8137,9145,9125,4404,3499,5211,12770,5389,1266,7679,3932,8641,8087,6781,9328,2593,4656,3570,3086,3958,8763,1819,8567,11904,5392,12799,7117,5944,3302,4620,9754,7201,7195,5533,4609,5816,7114,1136,9452,10013,11291,1830,7187,9262,5142,7572,9453,1699,9545,7820,8524,1118,1860,7444,9083,12350,8700,11519,11959,2119,2819,10276,9517,4438,9642,7747,5085,7375,12000,6543,6039,8206,7873,10240,11252,9429,2375,7111,10595,4355,4060,3462,8919,8041,8287,6644,8204,8123,11673,7460 /tmp/1651689926497.txt 2 ./1651689906002.json ./1651689905998.json
AD REPEATABILITY OF ONE-SLOT METHOD : 220
2.40149

[One slot] ALLOCATING WITH RANDOM METHOD: 220
2.75339

[Multi slots] ALLOCATING WITH RANDOM METHOD: 220
AD REPEATABILITY OF RANDOM METHOD: 220
2.69324

allocated
{'VFS_one_method': [0], 'VFS_multi_method': [0], 'new_method': [55], 'oneslot_method': [55]}
adrepp
{'VFS_one_method': ['2.75339'], 'VFS_multi_method': ['2.69324'], 'new_method': ['2.40166'], 'oneslot_method': ['2.40149']}
revenue
{'VFS_one_method': [], 'VFS_multi_method': [], 'new_method': [], 'oneslot_method': []}
got patterns
sorted patterns
started allocation
Allocation accuracy: 50
total views sold: 494135
Allocation accuracy new method: 50
0.0
got patterns
sorted patterns
started allocation
Allocation accuracy: 50
total views sold: 512502
Allocation accuracy new method: 50
('META_DATA_FILE_PATH', '/home/preetham_sathineni/adslot/web_page_meta_dict_adslots_1_dataset_kosaraktxt.pkl')
/tmp/1651690020052.txt
Allocation accuracy: 33
total views sold: 401755
('META_DATA_FILE_PATH', '/home/preetham_sathineni/adslot/web_page_meta_dict_adslots_1_dataset_kosaraktxt.pkl')
/tmp/1651690030285.txt
Allocation accuracy: 33
total views sold: 401755
###############     ARGUMENTS     ############
['plot_results.py', '../test1/kosarak_minfreq_0.005_maxcs_1_maxor_0.04/patterns.txt', '../CMineMR-Mapreduce-algorithm-to-extract-coverage-patterns-master/dataset/kosarak.txt', '240', '7000', '6000', '1']
##############################################
web_page_to_adv_json_file : ./1651689977074.json
allocated_adslots_file: ./1651689977078.json
python alloc_fresh.py ../test1/kosarak_minfreq_0.005_maxcs_1_maxor_0.04/patterns.txt /home/preetham_sathineni/adslot/web_page_meta_dict_adslots_1_dataset_kosaraktxt.pkl /home/preetham_sathineni/adslot/web_page_freq_sorted_adslots_1_dataset_kosaraktxt.pkl 7500,2877,5203,5687,4234,6453,10605,10700,12916,8314,4490,3440,4549,9864,4974,5408,2910,7926,12269,8541,4451,12227,7619,2729,5581,6966,10370,7987,5800,5267,9480,3449,10289,6982,4538,3911,10297,5993,12684,6662,9873,2339,11294,6977,1794,1903,1430,8671,9561,4409,12128,2098,5025,12693,1411,10731,6073,11550,8424,3581,9792,4780,5928,10075,12169,12877,2227,4258,12922,2522,10262,10997,10405,11175,1688,11950,4809,4700,10512,4732,8033,8441,11765,7297,2038,12837,8157,1862,9163,1635,8424,1428,5582,1968,9117,8845,3074,5267,9706,9919,1740,2401,7713,10939,2845,3809,3541,11201,9213,3082,12395,5315,7651,5594,8107,8052,4411,10222,11736,6101,7359,10584,8265,11821,3729,11505,3139,5647,7929,12903,8383,6539,3314,4613,10908,8342,6068,12423,7075,10662,2644,10699,2304,6979,8722,9879,8604,4762,12657,9838,9613,12606,10819,10600,10358,5665,7072,6373,10395,4700,8995,3739,3862,4861,7844,12886,3660,9128,8040,2515,11057,5355,12384,2302,12263,1480,5022,3866,6714,2665,6595,7808,10468,10898,2699,4471,12833,5841,5847,2825,12178,5113,3073,4310,3767,2592,5105,3798,11111,6153,7206,4849,7455,10519,7041,1868,7711,9719,7587,2447,8604,1479,4511,7009,6176,11621,8488,5176,9509,2118,9064,6239,2118,6620,5885,5202,2950,11432,1032,10924,5374,11621,8803,8112,9613,11524,1091,1391,11485,9306 /tmp/1651689977083.txt 2 ./1651689977078.json ./1651689977074.json
AD REPEATABILITY OF OUR NEW METHOD : 240
2.34108

ALLOCATING WITH OUR OLD METHOD: 240
python alloc_fresh.py ../test1/kosarak_minfreq_0.005_maxcs_1_maxor_0.04/patterns.txt /home/preetham_sathineni/adslot/web_page_meta_dict_adslots_1_dataset_kosaraktxt.pkl /home/preetham_sathineni/adslot/web_page_freq_sorted_adslots_1_dataset_kosaraktxt.pkl 7500,2877,5203,5687,4234,6453,10605,10700,12916,8314,4490,3440,4549,9864,4974,5408,2910,7926,12269,8541,4451,12227,7619,2729,5581,6966,10370,7987,5800,5267,9480,3449,10289,6982,4538,3911,10297,5993,12684,6662,9873,2339,11294,6977,1794,1903,1430,8671,9561,4409,12128,2098,5025,12693,1411,10731,6073,11550,8424,3581,9792,4780,5928,10075,12169,12877,2227,4258,12922,2522,10262,10997,10405,11175,1688,11950,4809,4700,10512,4732,8033,8441,11765,7297,2038,12837,8157,1862,9163,1635,8424,1428,5582,1968,9117,8845,3074,5267,9706,9919,1740,2401,7713,10939,2845,3809,3541,11201,9213,3082,12395,5315,7651,5594,8107,8052,4411,10222,11736,6101,7359,10584,8265,11821,3729,11505,3139,5647,7929,12903,8383,6539,3314,4613,10908,8342,6068,12423,7075,10662,2644,10699,2304,6979,8722,9879,8604,4762,12657,9838,9613,12606,10819,10600,10358,5665,7072,6373,10395,4700,8995,3739,3862,4861,7844,12886,3660,9128,8040,2515,11057,5355,12384,2302,12263,1480,5022,3866,6714,2665,6595,7808,10468,10898,2699,4471,12833,5841,5847,2825,12178,5113,3073,4310,3767,2592,5105,3798,11111,6153,7206,4849,7455,10519,7041,1868,7711,9719,7587,2447,8604,1479,4511,7009,6176,11621,8488,5176,9509,2118,9064,6239,2118,6620,5885,5202,2950,11432,1032,10924,5374,11621,8803,8112,9613,11524,1091,1391,11485,9306 /tmp/1651689996863.txt 2 ./1651689977078.json ./1651689977074.json
AD REPEATABILITY OF ONE-SLOT METHOD : 240
2.49644

[One slot] ALLOCATING WITH RANDOM METHOD: 240
2.60941

[Multi slots] ALLOCATING WITH RANDOM METHOD: 240
AD REPEATABILITY OF RANDOM METHOD: 240
2.63532

allocated
{'VFS_one_method': [0], 'VFS_multi_method': [0], 'new_method': [50], 'oneslot_method': [50]}
adrepp
{'VFS_one_method': ['2.60941'], 'VFS_multi_method': ['2.63532'], 'new_method': ['2.34108'], 'oneslot_method': ['2.49644']}
revenue
{'VFS_one_method': [], 'VFS_multi_method': [], 'new_method': [], 'oneslot_method': []}
got patterns
sorted patterns
started allocation
Allocation accuracy: 50
total views sold: 499018
Allocation accuracy new method: 50
0.0
got patterns
sorted patterns
started allocation
Allocation accuracy: 50
total views sold: 496749
Allocation accuracy new method: 50
('META_DATA_FILE_PATH', '/home/preetham_sathineni/adslot/web_page_meta_dict_adslots_1_dataset_kosaraktxt.pkl')
/tmp/1651690094610.txt
Allocation accuracy: 33
total views sold: 403336
('META_DATA_FILE_PATH', '/home/preetham_sathineni/adslot/web_page_meta_dict_adslots_1_dataset_kosaraktxt.pkl')
/tmp/1651690104999.txt
Allocation accuracy: 31
total views sold: 380590
###############     ARGUMENTS     ############
['plot_results.py', '../test1/kosarak_minfreq_0.005_maxcs_1_maxor_0.04/patterns.txt', '../CMineMR-Mapreduce-algorithm-to-extract-coverage-patterns-master/dataset/kosarak.txt', '260', '7000', '6000', '1']
##############################################
web_page_to_adv_json_file : ./1651690041007.json
allocated_adslots_file: ./1651690041011.json
python alloc_fresh.py ../test1/kosarak_minfreq_0.005_maxcs_1_maxor_0.04/patterns.txt /home/preetham_sathineni/adslot/web_page_meta_dict_adslots_1_dataset_kosaraktxt.pkl /home/preetham_sathineni/adslot/web_page_freq_sorted_adslots_1_dataset_kosaraktxt.pkl 3359,3518,4310,5097,8660,8855,1972,7766,8696,10240,5357,6626,1734,1379,4067,12113,5798,12969,2191,9640,1618,7173,1543,6598,7053,2293,6600,10692,6320,5419,10062,4489,6421,3769,12409,8009,10313,3601,4928,2187,9538,10665,4402,5127,7574,3403,7495,3083,4324,10245,3305,8980,3511,2344,2524,12345,7025,10692,1487,2202,11555,5388,2567,9937,1925,10479,8861,5432,10007,2884,2004,7510,1725,2517,4456,9459,11091,8651,2024,8511,2263,12208,4351,2976,5022,8050,9490,3470,9621,9994,8098,8324,1529,11705,9000,8516,6982,5627,10889,9209,9487,7126,6985,8993,9741,11517,6414,7018,11368,9986,3214,1351,9228,11970,3739,5390,6986,4775,2191,12143,4868,2628,7688,4613,8819,2383,10313,1359,7136,12894,6983,11704,4914,3023,7194,9580,5852,1484,9679,5528,2843,8951,7839,6445,10284,2622,12828,8742,8630,12696,8767,5271,2255,8651,3014,6821,6377,5753,10263,9675,5761,11227,4074,6668,12922,2894,10011,12481,5593,8582,12891,2288,7682,12647,9788,7112,12842,2612,8402,5851,1445,2655,12149,7968,7000,8764,1733,5112,3298,12397,11515,3228,12774,8055,6219,3271,5427,10526,3870,12498,11789,5777,11934,3044,9679,7514,4461,3100,12480,3426,9480,9042,10540,5109,4343,12208,9077,8719,10605,8771,3788,9414,11441,3993,5572,9112,11822,4967,9977,1234,5572,11378,7837,2074,10801,4660,4164,6678,2966,12744,9446,4554,11047,10103,6459,3287,5096,4359,2412,3892,5686,1774,5108,9635,3818,6994,6876,4913,6476,5485 /tmp/1651690041015.txt 2 ./1651690041011.json ./1651690041007.json
AD REPEATABILITY OF OUR NEW METHOD : 260
2.37589

ALLOCATING WITH OUR OLD METHOD: 260
python alloc_fresh.py ../test1/kosarak_minfreq_0.005_maxcs_1_maxor_0.04/patterns.txt /home/preetham_sathineni/adslot/web_page_meta_dict_adslots_1_dataset_kosaraktxt.pkl /home/preetham_sathineni/adslot/web_page_freq_sorted_adslots_1_dataset_kosaraktxt.pkl 3359,3518,4310,5097,8660,8855,1972,7766,8696,10240,5357,6626,1734,1379,4067,12113,5798,12969,2191,9640,1618,7173,1543,6598,7053,2293,6600,10692,6320,5419,10062,4489,6421,3769,12409,8009,10313,3601,4928,2187,9538,10665,4402,5127,7574,3403,7495,3083,4324,10245,3305,8980,3511,2344,2524,12345,7025,10692,1487,2202,11555,5388,2567,9937,1925,10479,8861,5432,10007,2884,2004,7510,1725,2517,4456,9459,11091,8651,2024,8511,2263,12208,4351,2976,5022,8050,9490,3470,9621,9994,8098,8324,1529,11705,9000,8516,6982,5627,10889,9209,9487,7126,6985,8993,9741,11517,6414,7018,11368,9986,3214,1351,9228,11970,3739,5390,6986,4775,2191,12143,4868,2628,7688,4613,8819,2383,10313,1359,7136,12894,6983,11704,4914,3023,7194,9580,5852,1484,9679,5528,2843,8951,7839,6445,10284,2622,12828,8742,8630,12696,8767,5271,2255,8651,3014,6821,6377,5753,10263,9675,5761,11227,4074,6668,12922,2894,10011,12481,5593,8582,12891,2288,7682,12647,9788,7112,12842,2612,8402,5851,1445,2655,12149,7968,7000,8764,1733,5112,3298,12397,11515,3228,12774,8055,6219,3271,5427,10526,3870,12498,11789,5777,11934,3044,9679,7514,4461,3100,12480,3426,9480,9042,10540,5109,4343,12208,9077,8719,10605,8771,3788,9414,11441,3993,5572,9112,11822,4967,9977,1234,5572,11378,7837,2074,10801,4660,4164,6678,2966,12744,9446,4554,11047,10103,6459,3287,5096,4359,2412,3892,5686,1774,5108,9635,3818,6994,6876,4913,6476,5485 /tmp/1651690074207.txt 2 ./1651690041011.json ./1651690041007.json
AD REPEATABILITY OF ONE-SLOT METHOD : 260
2.34188

[One slot] ALLOCATING WITH RANDOM METHOD: 260
2.60506

[Multi slots] ALLOCATING WITH RANDOM METHOD: 260
AD REPEATABILITY OF RANDOM METHOD: 260
2.65554

allocated
{'VFS_one_method': [0], 'VFS_multi_method': [0], 'new_method': [50], 'oneslot_method': [50]}
adrepp
{'VFS_one_method': ['2.60506'], 'VFS_multi_method': ['2.65554'], 'new_method': ['2.37589'], 'oneslot_method': ['2.34188']}
revenue
{'VFS_one_method': [], 'VFS_multi_method': [], 'new_method': [], 'oneslot_method': []}
got patterns
sorted patterns
started allocation
Allocation accuracy: 61
total views sold: 508251
Allocation accuracy new method: 61
0.0
got patterns
sorted patterns
started allocation
Allocation accuracy: 60
total views sold: 521686
Allocation accuracy new method: 60
('META_DATA_FILE_PATH', '/home/preetham_sathineni/adslot/web_page_meta_dict_adslots_1_dataset_kosaraktxt.pkl')
/tmp/1651690170034.txt
Allocation accuracy: 32
total views sold: 387733
('META_DATA_FILE_PATH', '/home/preetham_sathineni/adslot/web_page_meta_dict_adslots_1_dataset_kosaraktxt.pkl')
/tmp/1651690180267.txt
Allocation accuracy: 31
total views sold: 376335
###############     ARGUMENTS     ############
['plot_results.py', '../test1/kosarak_minfreq_0.005_maxcs_1_maxor_0.04/patterns.txt', '../CMineMR-Mapreduce-algorithm-to-extract-coverage-patterns-master/dataset/kosarak.txt', '280', '7000', '6000', '1']
##############################################
web_page_to_adv_json_file : ./1651690116088.json
allocated_adslots_file: ./1651690116092.json
python alloc_fresh.py ../test1/kosarak_minfreq_0.005_maxcs_1_maxor_0.04/patterns.txt /home/preetham_sathineni/adslot/web_page_meta_dict_adslots_1_dataset_kosaraktxt.pkl /home/preetham_sathineni/adslot/web_page_freq_sorted_adslots_1_dataset_kosaraktxt.pkl 2478,5499,4934,8093,1647,11646,1754,1464,3750,5197,8814,2778,3444,1107,5719,11043,11589,6676,4296,8428,12048,10452,4698,7416,8449,7149,2977,6022,10851,3832,2580,12084,3173,7691,7565,3789,4837,5965,10387,11706,2225,9334,3922,10624,3451,9933,6956,11725,8175,9024,3090,10588,2815,4576,10783,10532,6876,4773,8580,5980,6879,12042,12502,1895,10341,7250,6460,8115,6025,2257,1386,10311,3605,10740,12875,4893,11837,6354,7954,6107,8434,3429,6626,3119,1859,6644,9980,3836,10337,2186,4605,5640,3368,9828,2473,1192,10024,2199,10774,4151,4252,8370,9529,2615,6472,6960,5783,12159,10969,3891,1134,6692,6707,2361,1507,1107,7134,2687,9583,10862,4487,7247,1097,4220,9027,10453,1362,5729,1986,1075,8354,2636,12286,2625,6338,4666,12744,5271,11109,6017,7440,8762,1492,9784,9951,4807,10282,2154,3761,7570,1980,12108,6313,4243,11680,1151,7012,9618,9954,11120,9588,3552,12054,2561,6211,9574,6829,11398,12189,5273,6486,11162,3609,3165,9808,11224,1476,9993,6223,1567,10916,11882,1253,7029,8798,7763,5492,7108,9235,3607,2543,1115,1851,6360,7581,7250,9421,11968,6960,8824,11421,5141,8194,2137,10844,12914,9950,11840,3031,8789,4075,8708,8241,3442,11732,4363,12203,8351,11363,8162,4924,2108,7652,4438,8486,12452,9288,2649,7835,8394,6504,10290,1178,10123,5292,2450,2211,8644,1031,2491,12529,12861,1646,10164,7062,5559,10303,2041,11298,7776,11343,8665,3329,9315,4152,6303,4097,10688,3894,6145,7799,1358,7676,7459,11835,1872,9439,1297,4904,12552,4672,4410,3465,11936,12936,7596,6603,1144,9542,2284 /tmp/1651690116096.txt 2 ./1651690116092.json ./1651690116088.json
AD REPEATABILITY OF OUR NEW METHOD : 280
2.35771

ALLOCATING WITH OUR OLD METHOD: 280
python alloc_fresh.py ../test1/kosarak_minfreq_0.005_maxcs_1_maxor_0.04/patterns.txt /home/preetham_sathineni/adslot/web_page_meta_dict_adslots_1_dataset_kosaraktxt.pkl /home/preetham_sathineni/adslot/web_page_freq_sorted_adslots_1_dataset_kosaraktxt.pkl 2478,5499,4934,8093,1647,11646,1754,1464,3750,5197,8814,2778,3444,1107,5719,11043,11589,6676,4296,8428,12048,10452,4698,7416,8449,7149,2977,6022,10851,3832,2580,12084,3173,7691,7565,3789,4837,5965,10387,11706,2225,9334,3922,10624,3451,9933,6956,11725,8175,9024,3090,10588,2815,4576,10783,10532,6876,4773,8580,5980,6879,12042,12502,1895,10341,7250,6460,8115,6025,2257,1386,10311,3605,10740,12875,4893,11837,6354,7954,6107,8434,3429,6626,3119,1859,6644,9980,3836,10337,2186,4605,5640,3368,9828,2473,1192,10024,2199,10774,4151,4252,8370,9529,2615,6472,6960,5783,12159,10969,3891,1134,6692,6707,2361,1507,1107,7134,2687,9583,10862,4487,7247,1097,4220,9027,10453,1362,5729,1986,1075,8354,2636,12286,2625,6338,4666,12744,5271,11109,6017,7440,8762,1492,9784,9951,4807,10282,2154,3761,7570,1980,12108,6313,4243,11680,1151,7012,9618,9954,11120,9588,3552,12054,2561,6211,9574,6829,11398,12189,5273,6486,11162,3609,3165,9808,11224,1476,9993,6223,1567,10916,11882,1253,7029,8798,7763,5492,7108,9235,3607,2543,1115,1851,6360,7581,7250,9421,11968,6960,8824,11421,5141,8194,2137,10844,12914,9950,11840,3031,8789,4075,8708,8241,3442,11732,4363,12203,8351,11363,8162,4924,2108,7652,4438,8486,12452,9288,2649,7835,8394,6504,10290,1178,10123,5292,2450,2211,8644,1031,2491,12529,12861,1646,10164,7062,5559,10303,2041,11298,7776,11343,8665,3329,9315,4152,6303,4097,10688,3894,6145,7799,1358,7676,7459,11835,1872,9439,1297,4904,12552,4672,4410,3465,11936,12936,7596,6603,1144,9542,2284 /tmp/1651690137549.txt 2 ./1651690116092.json ./1651690116088.json
AD REPEATABILITY OF ONE-SLOT METHOD : 280
2.48884

[One slot] ALLOCATING WITH RANDOM METHOD: 280
2.64481

[Multi slots] ALLOCATING WITH RANDOM METHOD: 280
AD REPEATABILITY OF RANDOM METHOD: 280
2.70673

allocated
{'VFS_one_method': [0], 'VFS_multi_method': [0], 'new_method': [61], 'oneslot_method': [60]}
adrepp
{'VFS_one_method': ['2.64481'], 'VFS_multi_method': ['2.70673'], 'new_method': ['2.35771'], 'oneslot_method': ['2.48884']}
revenue
{'VFS_one_method': [], 'VFS_multi_method': [], 'new_method': [], 'oneslot_method': []}
got patterns
sorted patterns
started allocation
Allocation accuracy: 55
total views sold: 513590
Allocation accuracy new method: 55
0.0
got patterns
sorted patterns
started allocation
Allocation accuracy: 55
total views sold: 512962
Allocation accuracy new method: 55
('META_DATA_FILE_PATH', '/home/preetham_sathineni/adslot/web_page_meta_dict_adslots_1_dataset_kosaraktxt.pkl')
/tmp/1651690269236.txt
Allocation accuracy: 32
total views sold: 390244
('META_DATA_FILE_PATH', '/home/preetham_sathineni/adslot/web_page_meta_dict_adslots_1_dataset_kosaraktxt.pkl')
/tmp/1651690279801.txt
Allocation accuracy: 31
total views sold: 378610
###############     ARGUMENTS     ############
['plot_results.py', '../test1/kosarak_minfreq_0.005_maxcs_1_maxor_0.04/patterns.txt', '../CMineMR-Mapreduce-algorithm-to-extract-coverage-patterns-master/dataset/kosarak.txt', '300', '7000', '6000', '1']
##############################################
web_page_to_adv_json_file : ./1651690191322.json
allocated_adslots_file: ./1651690191327.json
python alloc_fresh.py ../test1/kosarak_minfreq_0.005_maxcs_1_maxor_0.04/patterns.txt /home/preetham_sathineni/adslot/web_page_meta_dict_adslots_1_dataset_kosaraktxt.pkl /home/preetham_sathineni/adslot/web_page_freq_sorted_adslots_1_dataset_kosaraktxt.pkl 6311,5477,11955,4002,5906,7015,12088,4120,7662,11278,6523,7000,5826,4025,9895,5048,10213,12759,11634,11169,10063,6143,5432,1279,2363,10897,7677,1061,4113,9602,3397,4252,4184,9828,11554,2986,8731,12425,8140,6965,2053,1069,7170,2662,4980,11155,1641,6279,8435,12804,5464,8353,1806,1746,11271,12056,12564,2612,4443,4800,6386,9647,11532,2014,4254,9431,5642,10489,11852,6103,3692,10321,5101,10170,5370,4228,8262,9462,7072,5579,9173,5327,11185,3650,8016,2132,11325,1572,1481,10282,10597,6420,5942,11537,4136,6560,1768,5292,12714,1711,1627,9962,10089,4491,4535,1206,6128,5148,10798,6025,4540,3231,7508,5312,4692,4450,6027,12037,3644,7645,4194,10731,9188,6252,2000,3833,10177,8093,8656,10540,12053,6635,3227,6633,8011,4085,5165,3951,4021,6972,4304,2349,8119,1516,9784,6750,1668,10692,8287,5095,4128,11820,6788,7701,6794,2180,10626,10682,12007,9838,6102,5595,6123,10294,7817,9602,7614,3874,11913,4455,6941,3526,2232,7455,9791,12582,4936,6915,7597,9384,3927,4531,9773,8914,11079,8363,3599,11465,1857,9674,8480,8070,11011,7264,11012,11609,11799,10257,4479,3592,10979,11868,8903,12215,5320,5632,12099,11777,4553,11253,12656,5874,10291,12342,3704,11882,11649,2453,11454,1990,8770,2377,7785,5760,9253,12288,12068,1937,5095,1431,4743,3120,7301,12724,9213,12019,6679,10614,9049,7879,8910,3994,4965,4983,10736,11243,12957,9739,6234,1010,1280,6434,12619,4869,10606,9509,9306,1493,1579,2041,4857,7157,10941,9316,2148,11307,7349,10247,7338,8637,8623,2756,7166,10920,7278,5485,5105,7543,9665,7276,2482,3402,4748,11335,2714,6041,10336,2267,4334,5883,4196,8485,7615,3102,3310,1003,8267,4953,1712,12019 /tmp/1651690191331.txt 2 ./1651690191327.json ./1651690191322.json
AD REPEATABILITY OF OUR NEW METHOD : 300
2.4023

ALLOCATING WITH OUR OLD METHOD: 300
python alloc_fresh.py ../test1/kosarak_minfreq_0.005_maxcs_1_maxor_0.04/patterns.txt /home/preetham_sathineni/adslot/web_page_meta_dict_adslots_1_dataset_kosaraktxt.pkl /home/preetham_sathineni/adslot/web_page_freq_sorted_adslots_1_dataset_kosaraktxt.pkl 6311,5477,11955,4002,5906,7015,12088,4120,7662,11278,6523,7000,5826,4025,9895,5048,10213,12759,11634,11169,10063,6143,5432,1279,2363,10897,7677,1061,4113,9602,3397,4252,4184,9828,11554,2986,8731,12425,8140,6965,2053,1069,7170,2662,4980,11155,1641,6279,8435,12804,5464,8353,1806,1746,11271,12056,12564,2612,4443,4800,6386,9647,11532,2014,4254,9431,5642,10489,11852,6103,3692,10321,5101,10170,5370,4228,8262,9462,7072,5579,9173,5327,11185,3650,8016,2132,11325,1572,1481,10282,10597,6420,5942,11537,4136,6560,1768,5292,12714,1711,1627,9962,10089,4491,4535,1206,6128,5148,10798,6025,4540,3231,7508,5312,4692,4450,6027,12037,3644,7645,4194,10731,9188,6252,2000,3833,10177,8093,8656,10540,12053,6635,3227,6633,8011,4085,5165,3951,4021,6972,4304,2349,8119,1516,9784,6750,1668,10692,8287,5095,4128,11820,6788,7701,6794,2180,10626,10682,12007,9838,6102,5595,6123,10294,7817,9602,7614,3874,11913,4455,6941,3526,2232,7455,9791,12582,4936,6915,7597,9384,3927,4531,9773,8914,11079,8363,3599,11465,1857,9674,8480,8070,11011,7264,11012,11609,11799,10257,4479,3592,10979,11868,8903,12215,5320,5632,12099,11777,4553,11253,12656,5874,10291,12342,3704,11882,11649,2453,11454,1990,8770,2377,7785,5760,9253,12288,12068,1937,5095,1431,4743,3120,7301,12724,9213,12019,6679,10614,9049,7879,8910,3994,4965,4983,10736,11243,12957,9739,6234,1010,1280,6434,12619,4869,10606,9509,9306,1493,1579,2041,4857,7157,10941,9316,2148,11307,7349,10247,7338,8637,8623,2756,7166,10920,7278,5485,5105,7543,9665,7276,2482,3402,4748,11335,2714,6041,10336,2267,4334,5883,4196,8485,7615,3102,3310,1003,8267,4953,1712,12019 /tmp/1651690230399.txt 2 ./1651690191327.json ./1651690191322.json
AD REPEATABILITY OF ONE-SLOT METHOD : 300
2.42088

[One slot] ALLOCATING WITH RANDOM METHOD: 300
2.67093

[Multi slots] ALLOCATING WITH RANDOM METHOD: 300
AD REPEATABILITY OF RANDOM METHOD: 300
2.70691

allocated
{'VFS_one_method': [0], 'VFS_multi_method': [0], 'new_method': [55], 'oneslot_method': [55]}
adrepp
{'VFS_one_method': ['2.67093'], 'VFS_multi_method': ['2.70691'], 'new_method': ['2.4023'], 'oneslot_method': ['2.42088']}
revenue
{'VFS_one_method': [], 'VFS_multi_method': [], 'new_method': [], 'oneslot_method': []}
got patterns
sorted patterns
started allocation
Allocation accuracy: 53
total views sold: 501391
Allocation accuracy new method: 53
0.0
got patterns
sorted patterns
started allocation
Allocation accuracy: 54
total views sold: 503986
Allocation accuracy new method: 54
('META_DATA_FILE_PATH', '/home/preetham_sathineni/adslot/web_page_meta_dict_adslots_1_dataset_kosaraktxt.pkl')
/tmp/1651690338874.txt
Allocation accuracy: 30
total views sold: 375981
('META_DATA_FILE_PATH', '/home/preetham_sathineni/adslot/web_page_meta_dict_adslots_1_dataset_kosaraktxt.pkl')
/tmp/1651690349167.txt
Allocation accuracy: 30
total views sold: 375981
###############     ARGUMENTS     ############
['plot_results.py', '../test1/kosarak_minfreq_0.005_maxcs_1_maxor_0.04/patterns.txt', '../CMineMR-Mapreduce-algorithm-to-extract-coverage-patterns-master/dataset/kosarak.txt', '320', '7000', '6000', '1']
##############################################
web_page_to_adv_json_file : ./1651690290748.json
allocated_adslots_file: ./1651690290753.json
python alloc_fresh.py ../test1/kosarak_minfreq_0.005_maxcs_1_maxor_0.04/patterns.txt /home/preetham_sathineni/adslot/web_page_meta_dict_adslots_1_dataset_kosaraktxt.pkl /home/preetham_sathineni/adslot/web_page_freq_sorted_adslots_1_dataset_kosaraktxt.pkl 9815,8620,10880,4404,2320,8238,4503,1087,4237,2189,10994,1532,4794,6892,3382,4821,2031,7446,9150,3979,9105,2585,7025,3374,3416,9121,2315,3907,2034,11902,6102,9058,5222,2793,3078,5276,10811,11050,3580,2053,6798,3172,5021,9613,8973,9577,12309,7382,8874,8994,11103,9222,10064,8161,2885,4038,1449,12556,6126,4918,6094,5663,7138,9299,7486,10179,5405,7302,12883,2320,3642,1031,4977,3191,8790,10536,11402,10498,10185,9799,10603,12020,7589,1478,8198,2891,8113,6856,6585,2266,9093,3055,3638,12902,6761,9280,3434,12311,5416,4674,11200,10834,5124,1672,8459,5676,4469,9412,2296,9628,6516,5150,4139,6622,7211,10940,2059,7126,6360,4051,8011,5240,12136,5171,6256,6730,11608,8129,10648,6371,1570,10472,9843,1615,11568,7930,4600,2902,10739,11048,2310,8064,10565,8841,1009,9014,4750,12252,6868,12521,12108,9949,3422,12878,1107,3686,12380,5719,9676,11914,4592,8419,3291,11391,7391,1895,10926,12266,4240,10246,1886,10378,3349,4965,4052,7991,6110,6604,9341,8509,8109,7806,4655,10445,8239,5216,9116,10997,7683,12749,3107,8364,2436,3383,12615,5203,6206,4908,5312,8269,6887,10460,9159,11318,10330,7661,8607,4879,4703,8318,12550,12829,3286,3005,9771,4942,2168,6362,3387,9253,12820,6752,1215,1282,5706,2077,9232,2704,2333,5739,7565,10262,8220,12968,7748,11428,7372,6638,6388,6312,8358,12479,9594,8172,2662,10183,7755,3575,8274,3382,12844,12090,1909,12895,4791,3222,5714,10601,7654,4048,12226,10712,12705,9871,7725,6071,2690,6909,2850,8714,5926,5392,5952,9926,11590,12015,11684,4104,12518,3207,5619,8078,2744,8705,9585,8875,10144,12985,8930,6880,4230,4275,6055,12061,1847,6889,4055,7842,7641,2360,5151,2646,10227,8585,10415,11846,11032,9695,12729,2417,10810,8368,4792,6623,6951,3514,2308,7902,2505,12396 /tmp/1651690290757.txt 2 ./1651690290753.json ./1651690290748.json
AD REPEATABILITY OF OUR NEW METHOD : 320
2.49176

ALLOCATING WITH OUR OLD METHOD: 320
python alloc_fresh.py ../test1/kosarak_minfreq_0.005_maxcs_1_maxor_0.04/patterns.txt /home/preetham_sathineni/adslot/web_page_meta_dict_adslots_1_dataset_kosaraktxt.pkl /home/preetham_sathineni/adslot/web_page_freq_sorted_adslots_1_dataset_kosaraktxt.pkl 9815,8620,10880,4404,2320,8238,4503,1087,4237,2189,10994,1532,4794,6892,3382,4821,2031,7446,9150,3979,9105,2585,7025,3374,3416,9121,2315,3907,2034,11902,6102,9058,5222,2793,3078,5276,10811,11050,3580,2053,6798,3172,5021,9613,8973,9577,12309,7382,8874,8994,11103,9222,10064,8161,2885,4038,1449,12556,6126,4918,6094,5663,7138,9299,7486,10179,5405,7302,12883,2320,3642,1031,4977,3191,8790,10536,11402,10498,10185,9799,10603,12020,7589,1478,8198,2891,8113,6856,6585,2266,9093,3055,3638,12902,6761,9280,3434,12311,5416,4674,11200,10834,5124,1672,8459,5676,4469,9412,2296,9628,6516,5150,4139,6622,7211,10940,2059,7126,6360,4051,8011,5240,12136,5171,6256,6730,11608,8129,10648,6371,1570,10472,9843,1615,11568,7930,4600,2902,10739,11048,2310,8064,10565,8841,1009,9014,4750,12252,6868,12521,12108,9949,3422,12878,1107,3686,12380,5719,9676,11914,4592,8419,3291,11391,7391,1895,10926,12266,4240,10246,1886,10378,3349,4965,4052,7991,6110,6604,9341,8509,8109,7806,4655,10445,8239,5216,9116,10997,7683,12749,3107,8364,2436,3383,12615,5203,6206,4908,5312,8269,6887,10460,9159,11318,10330,7661,8607,4879,4703,8318,12550,12829,3286,3005,9771,4942,2168,6362,3387,9253,12820,6752,1215,1282,5706,2077,9232,2704,2333,5739,7565,10262,8220,12968,7748,11428,7372,6638,6388,6312,8358,12479,9594,8172,2662,10183,7755,3575,8274,3382,12844,12090,1909,12895,4791,3222,5714,10601,7654,4048,12226,10712,12705,9871,7725,6071,2690,6909,2850,8714,5926,5392,5952,9926,11590,12015,11684,4104,12518,3207,5619,8078,2744,8705,9585,8875,10144,12985,8930,6880,4230,4275,6055,12061,1847,6889,4055,7842,7641,2360,5151,2646,10227,8585,10415,11846,11032,9695,12729,2417,10810,8368,4792,6623,6951,3514,2308,7902,2505,12396 /tmp/1651690317885.txt 2 ./1651690290753.json ./1651690290748.json
AD REPEATABILITY OF ONE-SLOT METHOD : 320
2.4917

[One slot] ALLOCATING WITH RANDOM METHOD: 320
2.71402

[Multi slots] ALLOCATING WITH RANDOM METHOD: 320
AD REPEATABILITY OF RANDOM METHOD: 320
2.72875

allocated
{'VFS_one_method': [0], 'VFS_multi_method': [0], 'new_method': [53], 'oneslot_method': [54]}
adrepp
{'VFS_one_method': ['2.71402'], 'VFS_multi_method': ['2.72875'], 'new_method': ['2.49176'], 'oneslot_method': ['2.4917']}
revenue
{'VFS_one_method': [], 'VFS_multi_method': [], 'new_method': [], 'oneslot_method': []}
got patterns
sorted patterns
started allocation
Allocation accuracy: 53
total views sold: 490467
Allocation accuracy new method: 53
0.0
got patterns
sorted patterns
started allocation
Allocation accuracy: 53
total views sold: 500912
Allocation accuracy new method: 53
('META_DATA_FILE_PATH', '/home/preetham_sathineni/adslot/web_page_meta_dict_adslots_1_dataset_kosaraktxt.pkl')
/tmp/1651690409628.txt
Allocation accuracy: 32
total views sold: 396944
('META_DATA_FILE_PATH', '/home/preetham_sathineni/adslot/web_page_meta_dict_adslots_1_dataset_kosaraktxt.pkl')
/tmp/1651690420070.txt
Allocation accuracy: 29
total views sold: 361073
###############     ARGUMENTS     ############
['plot_results.py', '../test1/kosarak_minfreq_0.005_maxcs_1_maxor_0.04/patterns.txt', '../CMineMR-Mapreduce-algorithm-to-extract-coverage-patterns-master/dataset/kosarak.txt', '340', '7000', '6000', '1']
##############################################
web_page_to_adv_json_file : ./1651690360037.json
allocated_adslots_file: ./1651690360041.json
python alloc_fresh.py ../test1/kosarak_minfreq_0.005_maxcs_1_maxor_0.04/patterns.txt /home/preetham_sathineni/adslot/web_page_meta_dict_adslots_1_dataset_kosaraktxt.pkl /home/preetham_sathineni/adslot/web_page_freq_sorted_adslots_1_dataset_kosaraktxt.pkl 10150,5296,11359,11301,3039,9855,12037,7401,6444,12043,8766,10253,4699,3689,9123,8889,1494,5835,5289,6681,8438,9748,8214,1868,3783,9453,4047,8996,2357,8647,12188,9206,2731,12397,4557,12919,8530,10313,1517,2104,7511,10979,3860,12705,12645,4868,6929,8526,3494,9062,4521,11195,2711,5088,10117,8549,1630,12411,2333,10044,3854,2134,5072,6720,12932,1027,9024,5740,8944,2219,9179,8957,8791,3668,7729,12798,6056,3826,4087,9509,6990,11425,12040,5105,4182,4786,12523,3606,6885,11046,5734,1835,6649,7047,7922,1318,9266,12974,9186,2327,10575,6593,6520,10687,6246,2201,3181,8024,7393,2271,2172,8571,8500,5003,5334,8105,4494,10527,8752,10610,3382,8078,10470,5912,4524,7486,9164,11231,6400,1940,12893,6086,5318,1718,9913,3120,4530,10873,6471,6633,5034,1480,7621,11073,9607,11172,3430,1880,8866,12110,3763,10761,6015,9207,9287,10536,9519,4475,10396,2047,8173,12660,9577,12149,2342,1548,12550,8760,8593,4863,8605,9205,5774,4840,8803,8395,8838,4413,5458,8960,3198,10114,10917,6861,6136,8483,5240,1773,2022,9455,6487,11973,10177,7775,3829,11556,12315,6037,7861,9829,3322,7908,8322,6942,12111,6856,10380,10914,12584,12499,6094,2404,9076,1313,10564,12118,6337,12236,3982,9779,10421,5752,1870,1891,10195,1764,1593,1653,4579,2569,10974,3925,9006,7876,2011,5976,9298,11328,11394,9075,5894,10415,7330,8929,6412,7024,6353,11001,7132,6981,6953,6452,8037,4153,2298,3946,5527,7772,8931,4009,1228,11763,11509,1864,5168,1875,1361,5031,7338,3860,2951,11699,3104,8929,2946,7006,11008,6382,12604,7035,11864,6848,5667,11920,5763,6188,11972,11201,3221,6189,11926,1413,10530,8358,12823,9046,9704,6181,7423,4296,1422,10256,12326,5501,1631,1871,5990,3086,5162,6990,5091,2901,3396,1350,5560,4565,8559,1664,2108,9311,11694,10558,12325,7831,12158,7339,2213,5257,8854,10876,7219,7928,9170,8235,2740,5792,1397,1959,10725,9999 /tmp/1651690360045.txt 2 ./1651690360041.json ./1651690360037.json
AD REPEATABILITY OF OUR NEW METHOD : 340
2.41327

ALLOCATING WITH OUR OLD METHOD: 340
python alloc_fresh.py ../test1/kosarak_minfreq_0.005_maxcs_1_maxor_0.04/patterns.txt /home/preetham_sathineni/adslot/web_page_meta_dict_adslots_1_dataset_kosaraktxt.pkl /home/preetham_sathineni/adslot/web_page_freq_sorted_adslots_1_dataset_kosaraktxt.pkl 10150,5296,11359,11301,3039,9855,12037,7401,6444,12043,8766,10253,4699,3689,9123,8889,1494,5835,5289,6681,8438,9748,8214,1868,3783,9453,4047,8996,2357,8647,12188,9206,2731,12397,4557,12919,8530,10313,1517,2104,7511,10979,3860,12705,12645,4868,6929,8526,3494,9062,4521,11195,2711,5088,10117,8549,1630,12411,2333,10044,3854,2134,5072,6720,12932,1027,9024,5740,8944,2219,9179,8957,8791,3668,7729,12798,6056,3826,4087,9509,6990,11425,12040,5105,4182,4786,12523,3606,6885,11046,5734,1835,6649,7047,7922,1318,9266,12974,9186,2327,10575,6593,6520,10687,6246,2201,3181,8024,7393,2271,2172,8571,8500,5003,5334,8105,4494,10527,8752,10610,3382,8078,10470,5912,4524,7486,9164,11231,6400,1940,12893,6086,5318,1718,9913,3120,4530,10873,6471,6633,5034,1480,7621,11073,9607,11172,3430,1880,8866,12110,3763,10761,6015,9207,9287,10536,9519,4475,10396,2047,8173,12660,9577,12149,2342,1548,12550,8760,8593,4863,8605,9205,5774,4840,8803,8395,8838,4413,5458,8960,3198,10114,10917,6861,6136,8483,5240,1773,2022,9455,6487,11973,10177,7775,3829,11556,12315,6037,7861,9829,3322,7908,8322,6942,12111,6856,10380,10914,12584,12499,6094,2404,9076,1313,10564,12118,6337,12236,3982,9779,10421,5752,1870,1891,10195,1764,1593,1653,4579,2569,10974,3925,9006,7876,2011,5976,9298,11328,11394,9075,5894,10415,7330,8929,6412,7024,6353,11001,7132,6981,6953,6452,8037,4153,2298,3946,5527,7772,8931,4009,1228,11763,11509,1864,5168,1875,1361,5031,7338,3860,2951,11699,3104,8929,2946,7006,11008,6382,12604,7035,11864,6848,5667,11920,5763,6188,11972,11201,3221,6189,11926,1413,10530,8358,12823,9046,9704,6181,7423,4296,1422,10256,12326,5501,1631,1871,5990,3086,5162,6990,5091,2901,3396,1350,5560,4565,8559,1664,2108,9311,11694,10558,12325,7831,12158,7339,2213,5257,8854,10876,7219,7928,9170,8235,2740,5792,1397,1959,10725,9999 /tmp/1651690379964.txt 2 ./1651690360041.json ./1651690360037.json
AD REPEATABILITY OF ONE-SLOT METHOD : 340
2.41718

[One slot] ALLOCATING WITH RANDOM METHOD: 340
2.65073

[Multi slots] ALLOCATING WITH RANDOM METHOD: 340
AD REPEATABILITY OF RANDOM METHOD: 340
2.80759

allocated
{'VFS_one_method': [0], 'VFS_multi_method': [0], 'new_method': [53], 'oneslot_method': [53]}
adrepp
{'VFS_one_method': ['2.65073'], 'VFS_multi_method': ['2.80759'], 'new_method': ['2.41327'], 'oneslot_method': ['2.41718']}
revenue
{'VFS_one_method': [], 'VFS_multi_method': [], 'new_method': [], 'oneslot_method': []}
got patterns
sorted patterns
started allocation
Allocation accuracy: 57
total views sold: 514321
Allocation accuracy new method: 57
0.0
got patterns
sorted patterns
started allocation
Allocation accuracy: 57
total views sold: 502926
Allocation accuracy new method: 57
('META_DATA_FILE_PATH', '/home/preetham_sathineni/adslot/web_page_meta_dict_adslots_1_dataset_kosaraktxt.pkl')
/tmp/1651690505707.txt
Allocation accuracy: 29
total views sold: 364978
('META_DATA_FILE_PATH', '/home/preetham_sathineni/adslot/web_page_meta_dict_adslots_1_dataset_kosaraktxt.pkl')
/tmp/1651690516484.txt
Allocation accuracy: 31
total views sold: 389085
###############     ARGUMENTS     ############
['plot_results.py', '../test1/kosarak_minfreq_0.005_maxcs_1_maxor_0.04/patterns.txt', '../CMineMR-Mapreduce-algorithm-to-extract-coverage-patterns-master/dataset/kosarak.txt', '360', '7000', '6000', '1']
##############################################
web_page_to_adv_json_file : ./1651690431079.json
allocated_adslots_file: ./1651690431083.json
python alloc_fresh.py ../test1/kosarak_minfreq_0.005_maxcs_1_maxor_0.04/patterns.txt /home/preetham_sathineni/adslot/web_page_meta_dict_adslots_1_dataset_kosaraktxt.pkl /home/preetham_sathineni/adslot/web_page_freq_sorted_adslots_1_dataset_kosaraktxt.pkl 11780,7676,12723,9759,9149,3812,2073,4254,9125,3234,5067,4072,11807,6177,10368,2096,2438,6727,8973,4665,7997,2174,2848,12914,9744,8919,1584,6130,4698,6335,11541,10800,10223,1061,6480,4042,11140,11300,8538,12502,12488,12868,7590,12741,10496,1224,2086,6897,10960,10665,3447,8979,8160,6067,4020,2515,4105,1869,8308,5497,12166,2010,9537,7191,10297,3507,7578,3390,6955,6792,3833,9475,8437,7341,10591,8422,1925,5883,6732,6446,2375,7453,1858,9592,8027,7840,2126,4576,5787,1437,3971,8625,5991,7285,5264,5240,8974,2867,1485,6664,10493,3021,10738,1639,3074,3146,11726,5841,2612,2012,10593,9084,4098,3644,3128,4014,11198,8648,3698,1642,4716,9307,3620,2977,10394,1020,2618,2695,4505,8892,10360,12606,12888,11572,11848,6330,7268,11064,9513,6465,8390,5535,1291,12893,10291,11012,4957,4189,10102,12694,12755,3049,12745,6874,5987,10762,10197,7547,3451,7968,3096,1579,2896,12726,6762,1925,7897,4957,7537,8544,7362,5988,6146,8877,1162,11718,2150,7256,2132,10772,12469,9852,12402,10748,2266,9858,7487,11821,4550,6230,12251,5626,6271,8175,12534,12533,5856,3982,7808,3486,5805,3847,8670,11371,3078,11224,7268,4783,3570,10504,3666,3348,7647,12041,1046,8945,4903,7470,9835,9068,6366,2554,9599,6129,12986,7706,8556,12813,8265,5577,4057,11857,6175,10650,7657,10191,8235,11301,2397,5171,1941,5417,11485,3027,2062,10788,3209,12912,7469,2441,4105,5828,9540,3407,10578,3892,3337,9358,4903,5534,8336,1285,4301,7177,5015,5414,11726,2878,8087,11482,10947,10026,8900,6285,4053,3905,1184,9778,9881,11242,2635,7982,1181,4532,10790,10548,6821,6192,8318,11494,12362,4755,10283,10299,10722,6911,3085,5319,4195,2600,4093,9342,9709,3242,4516,12066,12521,2228,8475,1139,5226,11702,9744,6943,5891,8696,11148,5932,7221,9702,4793,9657,6848,3792,8778,1280,10688,10799,3494,4170,9572,11466,4302,7534,9144,4736,12195,5151,10664,10099,11884,10255,2100,4752,2495,7668,6445,7399,10459,12444,4465,12387,12224,12236,10911,5722,7856,12004,8069,7657 /tmp/1651690431086.txt 2 ./1651690431083.json ./1651690431079.json
AD REPEATABILITY OF OUR NEW METHOD : 360
2.51641

ALLOCATING WITH OUR OLD METHOD: 360
python alloc_fresh.py ../test1/kosarak_minfreq_0.005_maxcs_1_maxor_0.04/patterns.txt /home/preetham_sathineni/adslot/web_page_meta_dict_adslots_1_dataset_kosaraktxt.pkl /home/preetham_sathineni/adslot/web_page_freq_sorted_adslots_1_dataset_kosaraktxt.pkl 11780,7676,12723,9759,9149,3812,2073,4254,9125,3234,5067,4072,11807,6177,10368,2096,2438,6727,8973,4665,7997,2174,2848,12914,9744,8919,1584,6130,4698,6335,11541,10800,10223,1061,6480,4042,11140,11300,8538,12502,12488,12868,7590,12741,10496,1224,2086,6897,10960,10665,3447,8979,8160,6067,4020,2515,4105,1869,8308,5497,12166,2010,9537,7191,10297,3507,7578,3390,6955,6792,3833,9475,8437,7341,10591,8422,1925,5883,6732,6446,2375,7453,1858,9592,8027,7840,2126,4576,5787,1437,3971,8625,5991,7285,5264,5240,8974,2867,1485,6664,10493,3021,10738,1639,3074,3146,11726,5841,2612,2012,10593,9084,4098,3644,3128,4014,11198,8648,3698,1642,4716,9307,3620,2977,10394,1020,2618,2695,4505,8892,10360,12606,12888,11572,11848,6330,7268,11064,9513,6465,8390,5535,1291,12893,10291,11012,4957,4189,10102,12694,12755,3049,12745,6874,5987,10762,10197,7547,3451,7968,3096,1579,2896,12726,6762,1925,7897,4957,7537,8544,7362,5988,6146,8877,1162,11718,2150,7256,2132,10772,12469,9852,12402,10748,2266,9858,7487,11821,4550,6230,12251,5626,6271,8175,12534,12533,5856,3982,7808,3486,5805,3847,8670,11371,3078,11224,7268,4783,3570,10504,3666,3348,7647,12041,1046,8945,4903,7470,9835,9068,6366,2554,9599,6129,12986,7706,8556,12813,8265,5577,4057,11857,6175,10650,7657,10191,8235,11301,2397,5171,1941,5417,11485,3027,2062,10788,3209,12912,7469,2441,4105,5828,9540,3407,10578,3892,3337,9358,4903,5534,8336,1285,4301,7177,5015,5414,11726,2878,8087,11482,10947,10026,8900,6285,4053,3905,1184,9778,9881,11242,2635,7982,1181,4532,10790,10548,6821,6192,8318,11494,12362,4755,10283,10299,10722,6911,3085,5319,4195,2600,4093,9342,9709,3242,4516,12066,12521,2228,8475,1139,5226,11702,9744,6943,5891,8696,11148,5932,7221,9702,4793,9657,6848,3792,8778,1280,10688,10799,3494,4170,9572,11466,4302,7534,9144,4736,12195,5151,10664,10099,11884,10255,2100,4752,2495,7668,6445,7399,10459,12444,4465,12387,12224,12236,10911,5722,7856,12004,8069,7657 /tmp/1651690466069.txt 2 ./1651690431083.json ./1651690431079.json
AD REPEATABILITY OF ONE-SLOT METHOD : 360
2.47126

[One slot] ALLOCATING WITH RANDOM METHOD: 360
2.82186

[Multi slots] ALLOCATING WITH RANDOM METHOD: 360
AD REPEATABILITY OF RANDOM METHOD: 360
2.64441

allocated
{'VFS_one_method': [0], 'VFS_multi_method': [0], 'new_method': [57], 'oneslot_method': [57]}
adrepp
{'VFS_one_method': ['2.82186'], 'VFS_multi_method': ['2.64441'], 'new_method': ['2.51641'], 'oneslot_method': ['2.47126']}
revenue
{'VFS_one_method': [], 'VFS_multi_method': [], 'new_method': [], 'oneslot_method': []}
got patterns
sorted patterns
started allocation
Allocation accuracy: 56
total views sold: 503144
Allocation accuracy new method: 56
0.0
got patterns
sorted patterns
started allocation
Allocation accuracy: 57
total views sold: 515460
Allocation accuracy new method: 57
('META_DATA_FILE_PATH', '/home/preetham_sathineni/adslot/web_page_meta_dict_adslots_1_dataset_kosaraktxt.pkl')
/tmp/1651690618315.txt
Allocation accuracy: 31
total views sold: 389508
('META_DATA_FILE_PATH', '/home/preetham_sathineni/adslot/web_page_meta_dict_adslots_1_dataset_kosaraktxt.pkl')
/tmp/1651690629130.txt
Allocation accuracy: 29
total views sold: 365088
###############     ARGUMENTS     ############
['plot_results.py', '../test1/kosarak_minfreq_0.005_maxcs_1_maxor_0.04/patterns.txt', '../CMineMR-Mapreduce-algorithm-to-extract-coverage-patterns-master/dataset/kosarak.txt', '380', '7000', '6000', '1']
##############################################
web_page_to_adv_json_file : ./1651690527520.json
allocated_adslots_file: ./1651690527524.json
python alloc_fresh.py ../test1/kosarak_minfreq_0.005_maxcs_1_maxor_0.04/patterns.txt /home/preetham_sathineni/adslot/web_page_meta_dict_adslots_1_dataset_kosaraktxt.pkl /home/preetham_sathineni/adslot/web_page_freq_sorted_adslots_1_dataset_kosaraktxt.pkl 2842,6318,1101,5746,10901,8718,7151,12973,5878,7758,12154,5749,1895,4038,4103,1505,11480,8751,5658,2325,10952,3835,3967,6404,7949,10464,12096,7287,12311,10694,11993,6776,10507,7416,4983,6161,7005,7950,12248,6991,12566,10974,10007,12189,2786,10977,4441,6658,3114,8730,10652,10271,6877,1687,9554,10493,4055,11960,1441,5148,11508,7997,12538,6378,11731,2216,11837,5125,11370,6590,8205,11154,11352,5826,10503,1887,1090,9162,7832,10720,7499,12050,7803,3517,7610,12283,9652,11436,7495,12163,7414,9815,5467,11990,12231,8762,4153,3169,7443,12503,12056,11153,1364,3329,9200,9210,10867,10931,2752,9818,9314,10514,6504,4058,3431,10406,10291,8462,6718,1727,10540,6954,1401,8305,4806,6473,1319,12660,9966,4779,8369,5786,6576,1851,2453,3649,12781,5900,4899,3229,5723,3774,2937,4647,7345,11704,10851,9064,10871,3689,11065,3768,10280,12900,8442,12421,12437,5382,11518,5936,6099,2629,11618,6914,1979,6402,9949,9843,10562,9120,2769,10299,1473,11964,4037,4191,6578,12084,7514,2935,8399,12847,9283,10314,11469,11266,11157,11513,4157,8352,5347,8442,6820,3901,9095,11446,12321,10144,11595,3310,2713,10188,11997,3704,8002,6874,8703,9704,5313,9244,10399,2292,2675,8271,4024,12443,5606,7650,6507,12509,12837,2173,12072,2839,9521,7292,6282,2575,6619,7763,3114,5569,11843,6500,5541,12649,5288,3903,6639,5527,11996,12149,4091,5516,3840,10572,4136,5788,3782,9728,3718,1321,8140,11964,4142,12639,9955,2877,1103,7529,12343,11165,11124,12182,3938,10799,7651,3757,5895,8009,1961,11111,8403,3266,11166,5702,6939,5604,8831,2093,11806,4087,12890,11927,9934,1410,10092,2672,6705,1099,2472,4762,6866,12814,7724,2678,1714,6511,10075,4952,11704,12686,10416,3108,2089,2205,5298,12756,6013,5498,3434,6715,6179,2634,2547,4032,1375,8395,11128,10229,8055,3470,7818,9122,1127,11958,3379,9110,6917,11334,8790,12666,4190,8569,3114,3554,1681,1138,12680,5197,4053,10811,10887,10264,9815,5306,9834,5265,3668,10744,12479,8120,10391,1800,7888,12136,4511,1677,7386,6781,4168,4255,4058,1394,11960,12636,7792,11563,4987,10651,5969,8815,7850,12272,1640,9087,9314,7468,2804,10761 /tmp/1651690527528.txt 2 ./1651690527524.json ./1651690527520.json
AD REPEATABILITY OF OUR NEW METHOD : 380
2.45145

ALLOCATING WITH OUR OLD METHOD: 380
python alloc_fresh.py ../test1/kosarak_minfreq_0.005_maxcs_1_maxor_0.04/patterns.txt /home/preetham_sathineni/adslot/web_page_meta_dict_adslots_1_dataset_kosaraktxt.pkl /home/preetham_sathineni/adslot/web_page_freq_sorted_adslots_1_dataset_kosaraktxt.pkl 2842,6318,1101,5746,10901,8718,7151,12973,5878,7758,12154,5749,1895,4038,4103,1505,11480,8751,5658,2325,10952,3835,3967,6404,7949,10464,12096,7287,12311,10694,11993,6776,10507,7416,4983,6161,7005,7950,12248,6991,12566,10974,10007,12189,2786,10977,4441,6658,3114,8730,10652,10271,6877,1687,9554,10493,4055,11960,1441,5148,11508,7997,12538,6378,11731,2216,11837,5125,11370,6590,8205,11154,11352,5826,10503,1887,1090,9162,7832,10720,7499,12050,7803,3517,7610,12283,9652,11436,7495,12163,7414,9815,5467,11990,12231,8762,4153,3169,7443,12503,12056,11153,1364,3329,9200,9210,10867,10931,2752,9818,9314,10514,6504,4058,3431,10406,10291,8462,6718,1727,10540,6954,1401,8305,4806,6473,1319,12660,9966,4779,8369,5786,6576,1851,2453,3649,12781,5900,4899,3229,5723,3774,2937,4647,7345,11704,10851,9064,10871,3689,11065,3768,10280,12900,8442,12421,12437,5382,11518,5936,6099,2629,11618,6914,1979,6402,9949,9843,10562,9120,2769,10299,1473,11964,4037,4191,6578,12084,7514,2935,8399,12847,9283,10314,11469,11266,11157,11513,4157,8352,5347,8442,6820,3901,9095,11446,12321,10144,11595,3310,2713,10188,11997,3704,8002,6874,8703,9704,5313,9244,10399,2292,2675,8271,4024,12443,5606,7650,6507,12509,12837,2173,12072,2839,9521,7292,6282,2575,6619,7763,3114,5569,11843,6500,5541,12649,5288,3903,6639,5527,11996,12149,4091,5516,3840,10572,4136,5788,3782,9728,3718,1321,8140,11964,4142,12639,9955,2877,1103,7529,12343,11165,11124,12182,3938,10799,7651,3757,5895,8009,1961,11111,8403,3266,11166,5702,6939,5604,8831,2093,11806,4087,12890,11927,9934,1410,10092,2672,6705,1099,2472,4762,6866,12814,7724,2678,1714,6511,10075,4952,11704,12686,10416,3108,2089,2205,5298,12756,6013,5498,3434,6715,6179,2634,2547,4032,1375,8395,11128,10229,8055,3470,7818,9122,1127,11958,3379,9110,6917,11334,8790,12666,4190,8569,3114,3554,1681,1138,12680,5197,4053,10811,10887,10264,9815,5306,9834,5265,3668,10744,12479,8120,10391,1800,7888,12136,4511,1677,7386,6781,4168,4255,4058,1394,11960,12636,7792,11563,4987,10651,5969,8815,7850,12272,1640,9087,9314,7468,2804,10761 /tmp/1651690579652.txt 2 ./1651690527524.json ./1651690527520.json
AD REPEATABILITY OF ONE-SLOT METHOD : 380
2.49692

[One slot] ALLOCATING WITH RANDOM METHOD: 380
2.71217

[Multi slots] ALLOCATING WITH RANDOM METHOD: 380
AD REPEATABILITY OF RANDOM METHOD: 380
2.74942

allocated
{'VFS_one_method': [0], 'VFS_multi_method': [0], 'new_method': [56], 'oneslot_method': [57]}
adrepp
{'VFS_one_method': ['2.71217'], 'VFS_multi_method': ['2.74942'], 'new_method': ['2.45145'], 'oneslot_method': ['2.49692']}
revenue
{'VFS_one_method': [], 'VFS_multi_method': [], 'new_method': [], 'oneslot_method': []}
got patterns
sorted patterns
started allocation
Allocation accuracy: 63
total views sold: 508383
Allocation accuracy new method: 63
0.0
got patterns
sorted patterns
started allocation
Allocation accuracy: 64
total views sold: 513359
Allocation accuracy new method: 64
('META_DATA_FILE_PATH', '/home/preetham_sathineni/adslot/web_page_meta_dict_adslots_1_dataset_kosaraktxt.pkl')
/tmp/1651690725902.txt
Allocation accuracy: 32
total views sold: 402385
('META_DATA_FILE_PATH', '/home/preetham_sathineni/adslot/web_page_meta_dict_adslots_1_dataset_kosaraktxt.pkl')
/tmp/1651690736532.txt
Allocation accuracy: 30
total views sold: 377958
###############     ARGUMENTS     ############
['plot_results.py', '../test1/kosarak_minfreq_0.005_maxcs_1_maxor_0.04/patterns.txt', '../CMineMR-Mapreduce-algorithm-to-extract-coverage-patterns-master/dataset/kosarak.txt', '400', '7000', '6000', '1']
##############################################
web_page_to_adv_json_file : ./1651690640283.json
allocated_adslots_file: ./1651690640288.json
python alloc_fresh.py ../test1/kosarak_minfreq_0.005_maxcs_1_maxor_0.04/patterns.txt /home/preetham_sathineni/adslot/web_page_meta_dict_adslots_1_dataset_kosaraktxt.pkl /home/preetham_sathineni/adslot/web_page_freq_sorted_adslots_1_dataset_kosaraktxt.pkl 1035,11921,7952,4739,10167,3184,1236,8734,8449,1098,3188,4504,8633,6718,7580,10985,6680,3971,3970,9309,10375,10970,6914,6775,10872,11677,8428,1603,5900,8591,12499,6779,10041,3116,10831,11395,5777,11013,2773,6993,9360,8101,10548,7155,6387,2184,1819,12350,2886,11070,11627,9029,12285,4393,2322,7849,4154,9304,8375,4365,11420,4358,8188,2364,11513,12337,12545,12254,12110,10404,9691,8651,9670,4772,9374,9115,11137,5624,7834,3300,11363,12688,3203,1146,6068,3253,5446,11483,10383,10304,4873,6625,9638,10780,9392,1961,6015,8223,7680,3297,7641,7260,10016,11485,1456,12361,4298,12045,5402,1351,7604,4464,6553,9913,5465,4957,10754,4957,10752,10869,7823,9522,9794,5837,1068,3808,1352,8297,1863,1908,5308,7046,8852,9155,1041,5093,11802,11986,1623,3075,5671,1112,8103,4819,12441,10724,9428,7629,9888,2611,4152,3887,10018,1137,8533,5605,5886,1275,2444,9808,12475,9075,10500,5738,7659,2024,7979,12806,10300,8247,10176,11917,10609,6056,12705,8599,8739,4338,10127,6005,1724,1763,8722,4328,2345,9210,4119,8795,5183,7977,3239,10436,7786,10387,4383,8007,8561,3266,11353,12072,3830,12657,9869,4448,7258,6424,12521,12113,4509,5555,3706,6711,5886,3891,7705,4170,4875,12724,6103,10733,6082,9880,8985,3802,9981,6403,1400,7765,3198,10273,1084,12944,8914,12686,3360,12931,3718,1742,1247,3667,10759,2246,2818,9155,9680,8982,6137,3431,8115,4521,4774,2586,7262,8045,4305,8474,11304,2717,2482,12356,4523,4837,11013,4192,2999,12467,1340,12952,7511,11365,2130,9858,10709,3656,10003,6941,12945,3276,11572,1099,2226,3704,3303,3941,10693,10494,4682,9833,2016,5035,7427,6011,6931,12555,11548,3928,10333,12917,12588,12427,4781,10715,5378,10745,3832,1399,1060,9070,10939,1158,1179,11149,11810,3960,8066,9050,9442,8445,5965,10635,1604,7642,4643,5513,7177,2407,10949,12415,10661,1286,7626,10358,6317,9010,12366,11050,7038,1299,8621,10873,5590,1742,7626,3627,2076,12173,10352,11343,6870,1432,10574,9459,9398,5682,3864,9202,10075,12994,12729,12143,6003,9312,9187,9939,5436,10058,3504,9607,3548,8058,10350,12292,1305,6140,6955,10664,1671,6752,2314,7054,11405,11265,2056,6759,2694,11226,5535,5639,10857,4201,11810,6656,3021,11033,5568,6013,2996,8421,1888,2567 /tmp/1651690640292.txt 2 ./1651690640288.json ./1651690640283.json
AD REPEATABILITY OF OUR NEW METHOD : 400
2.4361

ALLOCATING WITH OUR OLD METHOD: 400
python alloc_fresh.py ../test1/kosarak_minfreq_0.005_maxcs_1_maxor_0.04/patterns.txt /home/preetham_sathineni/adslot/web_page_meta_dict_adslots_1_dataset_kosaraktxt.pkl /home/preetham_sathineni/adslot/web_page_freq_sorted_adslots_1_dataset_kosaraktxt.pkl 1035,11921,7952,4739,10167,3184,1236,8734,8449,1098,3188,4504,8633,6718,7580,10985,6680,3971,3970,9309,10375,10970,6914,6775,10872,11677,8428,1603,5900,8591,12499,6779,10041,3116,10831,11395,5777,11013,2773,6993,9360,8101,10548,7155,6387,2184,1819,12350,2886,11070,11627,9029,12285,4393,2322,7849,4154,9304,8375,4365,11420,4358,8188,2364,11513,12337,12545,12254,12110,10404,9691,8651,9670,4772,9374,9115,11137,5624,7834,3300,11363,12688,3203,1146,6068,3253,5446,11483,10383,10304,4873,6625,9638,10780,9392,1961,6015,8223,7680,3297,7641,7260,10016,11485,1456,12361,4298,12045,5402,1351,7604,4464,6553,9913,5465,4957,10754,4957,10752,10869,7823,9522,9794,5837,1068,3808,1352,8297,1863,1908,5308,7046,8852,9155,1041,5093,11802,11986,1623,3075,5671,1112,8103,4819,12441,10724,9428,7629,9888,2611,4152,3887,10018,1137,8533,5605,5886,1275,2444,9808,12475,9075,10500,5738,7659,2024,7979,12806,10300,8247,10176,11917,10609,6056,12705,8599,8739,4338,10127,6005,1724,1763,8722,4328,2345,9210,4119,8795,5183,7977,3239,10436,7786,10387,4383,8007,8561,3266,11353,12072,3830,12657,9869,4448,7258,6424,12521,12113,4509,5555,3706,6711,5886,3891,7705,4170,4875,12724,6103,10733,6082,9880,8985,3802,9981,6403,1400,7765,3198,10273,1084,12944,8914,12686,3360,12931,3718,1742,1247,3667,10759,2246,2818,9155,9680,8982,6137,3431,8115,4521,4774,2586,7262,8045,4305,8474,11304,2717,2482,12356,4523,4837,11013,4192,2999,12467,1340,12952,7511,11365,2130,9858,10709,3656,10003,6941,12945,3276,11572,1099,2226,3704,3303,3941,10693,10494,4682,9833,2016,5035,7427,6011,6931,12555,11548,3928,10333,12917,12588,12427,4781,10715,5378,10745,3832,1399,1060,9070,10939,1158,1179,11149,11810,3960,8066,9050,9442,8445,5965,10635,1604,7642,4643,5513,7177,2407,10949,12415,10661,1286,7626,10358,6317,9010,12366,11050,7038,1299,8621,10873,5590,1742,7626,3627,2076,12173,10352,11343,6870,1432,10574,9459,9398,5682,3864,9202,10075,12994,12729,12143,6003,9312,9187,9939,5436,10058,3504,9607,3548,8058,10350,12292,1305,6140,6955,10664,1671,6752,2314,7054,11405,11265,2056,6759,2694,11226,5535,5639,10857,4201,11810,6656,3021,11033,5568,6013,2996,8421,1888,2567 /tmp/1651690688160.txt 2 ./1651690640288.json ./1651690640283.json
AD REPEATABILITY OF ONE-SLOT METHOD : 400
2.46265

[One slot] ALLOCATING WITH RANDOM METHOD: 400
2.65803

[Multi slots] ALLOCATING WITH RANDOM METHOD: 400
AD REPEATABILITY OF RANDOM METHOD: 400
2.71933

allocated
{'VFS_one_method': [0], 'VFS_multi_method': [0], 'new_method': [63], 'oneslot_method': [64]}
adrepp
{'VFS_one_method': ['2.65803'], 'VFS_multi_method': ['2.71933'], 'new_method': ['2.4361'], 'oneslot_method': ['2.46265']}
revenue
{'VFS_one_method': [], 'VFS_multi_method': [], 'new_method': [], 'oneslot_method': []}
