==========================================
SLURM_JOB_ID = 620512
SLURM_NODELIST = gnode52
SLURM_JOB_GPUS = 2
==========================================
got patterns
sorted patterns
started allocation
Allocation accuracy: 320
total views sold: 1307309
Allocation accuracy new method: 320
0.0
got patterns
sorted patterns
started allocation
Allocation accuracy: 156
total views sold: 655865
Allocation accuracy new method: 156
('META_DATA_FILE_PATH', '/home/preetham_sathineni/adslot/web_page_meta_dict_adslots_1_dataset_bmspostxt.pkl')
/tmp/1646332362991.txt
Allocation accuracy: 64
total views sold: 419315
('META_DATA_FILE_PATH', '/home/preetham_sathineni/adslot/web_page_meta_dict_adslots_1_2_3_dataset_bmspostxt.pkl')
/tmp/1646332365788.txt
Allocation accuracy: 134
total views sold: 795584
###############     ARGUMENTS     ############
['plot_results.py', '../test1/bmspos_minfreq_0.002_maxcs_1_maxor_0.01/patterns.txt', '../CMineMR-Mapreduce-algorithm-to-extract-coverage-patterns-master/dataset/bmspos.txt', '320', '4000', '3000', '1_2_3']
##############################################
web_page_to_adv_json_file : ./1646331849684.json
allocated_adslots_file: ./1646331850131.json
python alloc_fresh.py ../test1/bmspos_minfreq_0.002_maxcs_1_maxor_0.01/patterns.txt /home/preetham_sathineni/adslot/web_page_meta_dict_adslots_1_2_3_dataset_bmspostxt.pkl /home/preetham_sathineni/adslot/web_page_freq_sorted_adslots_1_2_3_dataset_bmspostxt.pkl 6147,1014,4623,5582,6463,6335,1577,2064,3561,5860,3592,1615,1886,1265,3856,1111,2397,2404,6315,5017,1469,4580,6106,4593,1035,2731,5716,5502,6003,3388,5270,4315,4744,2824,1208,3022,6204,2093,5933,6946,4245,2056,3849,5663,4396,5715,2183,1665,1460,1188,3452,5640,1640,4157,2199,3147,1755,5193,6790,6396,4558,3202,1615,1875,3631,6608,1285,5213,4142,6632,3028,6140,1009,5588,6264,6303,6424,6897,4738,2958,3520,1561,1879,2100,3899,6985,1212,5534,3046,3561,5299,3611,6134,5675,4624,6648,3036,1747,4770,1334,6274,1415,6156,6777,3629,4396,4476,4352,5370,1433,2524,2722,5140,2777,3861,1116,5077,6552,6619,3328,2408,5413,3199,6964,1570,6576,2441,4414,3545,1646,3301,4831,1264,3478,3242,4358,3220,2455,5937,2527,6565,3550,5967,1092,2488,4722,4786,6076,6008,1654,6976,5290,6517,6679,6752,5088,4942,5820,3340,4706,1770,5545,6262,6390,4747,3378,5622,4716,6035,5754,1297,5239,2346,3801,6630,6043,2839,1580,2544,4334,6837,5549,6915,1232,1944,3713,2701,3975,1853,1716,6372,1177,1440,5065,5929,3777,4286,2009,1029,1994,6900,5233,6131,2060,6603,2212,4493,6012,6652,2319,4364,4340,5331,2123,4846,6929,2035,3805,4609,2202,3335,1090,2058,5448,3636,3102,3676,6020,5108,6092,5291,5615,6329,6744,2443,2799,6872,3871,3790,2673,4241,6866,1933,2211,1650,3827,3109,4982,6049,1708,3207,5190,1394,2181,2938,1103,4743,2938,4633,6815,4200,2380,3624,6950,4602,4489,1276,3168,6943,2211,1792,6119,2106,6222,1938,1530,1472,3570,2240,5864,6967,1170,4560,3800,6654,5977,3784,6642,5004,4244,5826,6203,6793,5399,6851,2327,6709,1196,2614,5348,1417,4755,6980,6543,4828,5408,4267,2158,4282,5708,2953,6131,4263,3843,3093,2367,5704,3291,3599,2420 /tmp/1646331850426.txt 2 ./1646331850131.json ./1646331849684.json
AD REPEATABILITY OF OUR NEW METHOD : 320
0.28414

ALLOCATING WITH OUR OLD METHOD: 320
python alloc_fresh.py ../test1/bmspos_minfreq_0.002_maxcs_1_maxor_0.01/patterns.txt /home/preetham_sathineni/adslot/web_page_meta_dict_adslots_1_dataset_bmspostxt.pkl /home/preetham_sathineni/adslot/web_page_freq_sorted_adslots_1_dataset_bmspostxt.pkl 6147,1014,4623,5582,6463,6335,1577,2064,3561,5860,3592,1615,1886,1265,3856,1111,2397,2404,6315,5017,1469,4580,6106,4593,1035,2731,5716,5502,6003,3388,5270,4315,4744,2824,1208,3022,6204,2093,5933,6946,4245,2056,3849,5663,4396,5715,2183,1665,1460,1188,3452,5640,1640,4157,2199,3147,1755,5193,6790,6396,4558,3202,1615,1875,3631,6608,1285,5213,4142,6632,3028,6140,1009,5588,6264,6303,6424,6897,4738,2958,3520,1561,1879,2100,3899,6985,1212,5534,3046,3561,5299,3611,6134,5675,4624,6648,3036,1747,4770,1334,6274,1415,6156,6777,3629,4396,4476,4352,5370,1433,2524,2722,5140,2777,3861,1116,5077,6552,6619,3328,2408,5413,3199,6964,1570,6576,2441,4414,3545,1646,3301,4831,1264,3478,3242,4358,3220,2455,5937,2527,6565,3550,5967,1092,2488,4722,4786,6076,6008,1654,6976,5290,6517,6679,6752,5088,4942,5820,3340,4706,1770,5545,6262,6390,4747,3378,5622,4716,6035,5754,1297,5239,2346,3801,6630,6043,2839,1580,2544,4334,6837,5549,6915,1232,1944,3713,2701,3975,1853,1716,6372,1177,1440,5065,5929,3777,4286,2009,1029,1994,6900,5233,6131,2060,6603,2212,4493,6012,6652,2319,4364,4340,5331,2123,4846,6929,2035,3805,4609,2202,3335,1090,2058,5448,3636,3102,3676,6020,5108,6092,5291,5615,6329,6744,2443,2799,6872,3871,3790,2673,4241,6866,1933,2211,1650,3827,3109,4982,6049,1708,3207,5190,1394,2181,2938,1103,4743,2938,4633,6815,4200,2380,3624,6950,4602,4489,1276,3168,6943,2211,1792,6119,2106,6222,1938,1530,1472,3570,2240,5864,6967,1170,4560,3800,6654,5977,3784,6642,5004,4244,5826,6203,6793,5399,6851,2327,6709,1196,2614,5348,1417,4755,6980,6543,4828,5408,4267,2158,4282,5708,2953,6131,4263,3843,3093,2367,5704,3291,3599,2420 /tmp/1646332173064.txt 2 ./1646331850131.json ./1646331849684.json
AD REPEATABILITY OF ONE-SLOT METHOD : 320
0.20654

[One slot] ALLOCATING WITH RANDOM METHOD: 320
0.3868

[Multi slots] ALLOCATING WITH RANDOM METHOD: 320
AD REPEATABILITY OF RANDOM METHOD: 320
0.81644

allocated
{'VFS_one_method': [0], 'VFS_multi_method': [0], 'new_method': [320], 'oneslot_method': [156]}
adrepp
{'VFS_one_method': ['0.3868'], 'VFS_multi_method': ['0.81644'], 'new_method': ['0.28414'], 'oneslot_method': ['0.20654']}
revenue
{'VFS_one_method': [], 'VFS_multi_method': [], 'new_method': [], 'oneslot_method': []}
got patterns
sorted patterns
started allocation
Allocation accuracy: 340
total views sold: 1422690
Allocation accuracy new method: 340
0.0
got patterns
sorted patterns
started allocation
Allocation accuracy: 146
total views sold: 637916
Allocation accuracy new method: 146
('META_DATA_FILE_PATH', '/home/preetham_sathineni/adslot/web_page_meta_dict_adslots_1_dataset_bmspostxt.pkl')
/tmp/1646332904278.txt
Allocation accuracy: 63
total views sold: 408651
('META_DATA_FILE_PATH', '/home/preetham_sathineni/adslot/web_page_meta_dict_adslots_1_2_3_dataset_bmspostxt.pkl')
/tmp/1646332907859.txt
Allocation accuracy: 137
total views sold: 810689
###############     ARGUMENTS     ############
['plot_results.py', '../test1/bmspos_minfreq_0.002_maxcs_1_maxor_0.01/patterns.txt', '../CMineMR-Mapreduce-algorithm-to-extract-coverage-patterns-master/dataset/bmspos.txt', '340', '4000', '3000', '1_2_3']
##############################################
web_page_to_adv_json_file : ./1646332478946.json
allocated_adslots_file: ./1646332479280.json
python alloc_fresh.py ../test1/bmspos_minfreq_0.002_maxcs_1_maxor_0.01/patterns.txt /home/preetham_sathineni/adslot/web_page_meta_dict_adslots_1_2_3_dataset_bmspostxt.pkl /home/preetham_sathineni/adslot/web_page_freq_sorted_adslots_1_2_3_dataset_bmspostxt.pkl 5993,1468,1219,3010,5450,2027,4312,1487,6398,5704,5387,6381,3974,5314,3489,1569,5675,3169,4603,3319,1151,3131,6820,1490,4462,4701,5525,3324,2035,6270,5454,5593,5245,6688,5104,6489,5043,2766,5032,6281,3552,4101,6759,6184,1199,3509,1980,4428,3922,6566,5053,2740,5627,4331,2670,6928,4410,4199,3018,6253,5184,6289,3941,4274,4681,6483,2150,3322,2517,6882,6470,5522,5173,5240,3966,5580,4112,4318,6350,4602,3784,5344,5141,1605,2257,1958,1032,4941,1665,6470,2783,4055,6402,6619,5412,2618,4319,4875,5937,6571,5679,3760,5848,5743,5015,1366,2017,2811,2871,5023,3462,5512,3458,3164,5216,6925,4515,3850,4705,6815,1955,2948,4560,3953,2731,4729,6577,6561,3520,6075,1238,3823,6072,3256,1741,5600,1264,6780,6743,3752,5464,4675,2880,5274,3224,6215,5668,6124,3408,3676,4302,6165,5048,6327,6845,1961,6252,2525,1351,6162,4101,1800,1247,2383,3659,4054,4758,5037,3126,4484,1017,3814,2483,2198,4942,3555,6945,5212,5528,3727,5865,6717,6115,2743,3558,5442,4154,6178,6893,5681,6591,5351,3365,5609,5896,5182,2378,4659,1316,2708,6072,3238,2976,4990,6952,4705,1087,1087,6276,2180,5172,4697,6265,4807,5394,5479,3320,4597,1113,2074,2603,5749,3746,5274,3796,3773,4142,2517,1195,1661,1194,2742,5835,3806,1850,4659,2976,6075,6437,6705,2034,3991,6095,1676,2052,2123,6214,1959,6943,3403,3278,2032,5869,4255,3173,3225,5694,4175,4133,1518,5733,5809,5806,1325,5848,1386,5341,5071,1500,2502,4160,3296,4274,6820,6576,4472,2441,5190,6295,2650,3894,3975,1499,1443,4644,5827,2551,5600,3929,6467,1826,3090,1285,5873,3492,2820,3143,4699,4185,3678,5226,1988,3818,3565,3120,3585,4244,6302,4102,6028,2909,6935,6740,4708,3059,1254,6174,2496,6770,4600,6231,6200,5210,2791,2268,1641,1628,1910,4586,1244,2443,6549,2350,2854,2109,2517,3996,3750,3183,1659 /tmp/1646332479325.txt 2 ./1646332479280.json ./1646332478946.json
AD REPEATABILITY OF OUR NEW METHOD : 340
0.30472

ALLOCATING WITH OUR OLD METHOD: 340
python alloc_fresh.py ../test1/bmspos_minfreq_0.002_maxcs_1_maxor_0.01/patterns.txt /home/preetham_sathineni/adslot/web_page_meta_dict_adslots_1_dataset_bmspostxt.pkl /home/preetham_sathineni/adslot/web_page_freq_sorted_adslots_1_dataset_bmspostxt.pkl 5993,1468,1219,3010,5450,2027,4312,1487,6398,5704,5387,6381,3974,5314,3489,1569,5675,3169,4603,3319,1151,3131,6820,1490,4462,4701,5525,3324,2035,6270,5454,5593,5245,6688,5104,6489,5043,2766,5032,6281,3552,4101,6759,6184,1199,3509,1980,4428,3922,6566,5053,2740,5627,4331,2670,6928,4410,4199,3018,6253,5184,6289,3941,4274,4681,6483,2150,3322,2517,6882,6470,5522,5173,5240,3966,5580,4112,4318,6350,4602,3784,5344,5141,1605,2257,1958,1032,4941,1665,6470,2783,4055,6402,6619,5412,2618,4319,4875,5937,6571,5679,3760,5848,5743,5015,1366,2017,2811,2871,5023,3462,5512,3458,3164,5216,6925,4515,3850,4705,6815,1955,2948,4560,3953,2731,4729,6577,6561,3520,6075,1238,3823,6072,3256,1741,5600,1264,6780,6743,3752,5464,4675,2880,5274,3224,6215,5668,6124,3408,3676,4302,6165,5048,6327,6845,1961,6252,2525,1351,6162,4101,1800,1247,2383,3659,4054,4758,5037,3126,4484,1017,3814,2483,2198,4942,3555,6945,5212,5528,3727,5865,6717,6115,2743,3558,5442,4154,6178,6893,5681,6591,5351,3365,5609,5896,5182,2378,4659,1316,2708,6072,3238,2976,4990,6952,4705,1087,1087,6276,2180,5172,4697,6265,4807,5394,5479,3320,4597,1113,2074,2603,5749,3746,5274,3796,3773,4142,2517,1195,1661,1194,2742,5835,3806,1850,4659,2976,6075,6437,6705,2034,3991,6095,1676,2052,2123,6214,1959,6943,3403,3278,2032,5869,4255,3173,3225,5694,4175,4133,1518,5733,5809,5806,1325,5848,1386,5341,5071,1500,2502,4160,3296,4274,6820,6576,4472,2441,5190,6295,2650,3894,3975,1499,1443,4644,5827,2551,5600,3929,6467,1826,3090,1285,5873,3492,2820,3143,4699,4185,3678,5226,1988,3818,3565,3120,3585,4244,6302,4102,6028,2909,6935,6740,4708,3059,1254,6174,2496,6770,4600,6231,6200,5210,2791,2268,1641,1628,1910,4586,1244,2443,6549,2350,2854,2109,2517,3996,3750,3183,1659 /tmp/1646332729210.txt 2 ./1646332479280.json ./1646332478946.json
AD REPEATABILITY OF ONE-SLOT METHOD : 340
0.1924

[One slot] ALLOCATING WITH RANDOM METHOD: 340
0.4368

[Multi slots] ALLOCATING WITH RANDOM METHOD: 340
AD REPEATABILITY OF RANDOM METHOD: 340
0.82417

allocated
{'VFS_one_method': [0], 'VFS_multi_method': [0], 'new_method': [340], 'oneslot_method': [146]}
adrepp
{'VFS_one_method': ['0.4368'], 'VFS_multi_method': ['0.82417'], 'new_method': ['0.30472'], 'oneslot_method': ['0.1924']}
revenue
{'VFS_one_method': [], 'VFS_multi_method': [], 'new_method': [], 'oneslot_method': []}
got patterns
sorted patterns
started allocation
Allocation accuracy: 339
total views sold: 1429112
Allocation accuracy new method: 339
0.0
got patterns
sorted patterns
started allocation
Allocation accuracy: 157
total views sold: 648780
Allocation accuracy new method: 157
('META_DATA_FILE_PATH', '/home/preetham_sathineni/adslot/web_page_meta_dict_adslots_1_dataset_bmspostxt.pkl')
/tmp/1646333471351.txt
Allocation accuracy: 65
total views sold: 422608
('META_DATA_FILE_PATH', '/home/preetham_sathineni/adslot/web_page_meta_dict_adslots_1_2_3_dataset_bmspostxt.pkl')
/tmp/1646333474674.txt
Allocation accuracy: 137
total views sold: 815303
###############     ARGUMENTS     ############
['plot_results.py', '../test1/bmspos_minfreq_0.002_maxcs_1_maxor_0.01/patterns.txt', '../CMineMR-Mapreduce-algorithm-to-extract-coverage-patterns-master/dataset/bmspos.txt', '360', '4000', '3000', '1_2_3']
##############################################
web_page_to_adv_json_file : ./1646333024181.json
allocated_adslots_file: ./1646333024574.json
python alloc_fresh.py ../test1/bmspos_minfreq_0.002_maxcs_1_maxor_0.01/patterns.txt /home/preetham_sathineni/adslot/web_page_meta_dict_adslots_1_2_3_dataset_bmspostxt.pkl /home/preetham_sathineni/adslot/web_page_freq_sorted_adslots_1_2_3_dataset_bmspostxt.pkl 5590,6583,5313,5405,2232,2277,6649,3962,5368,1338,6249,2930,3425,6324,5396,4819,1403,1661,2413,4455,3999,5257,6179,2169,4272,6150,4301,5794,6693,5243,2568,4084,6003,3749,1923,1105,1470,3265,1076,1824,6319,6394,2914,1402,2338,6874,1260,5718,5389,6225,3471,3016,5244,5500,2133,5687,4248,4608,3268,4430,3526,3337,6133,5264,5778,4193,5399,4672,2940,4481,2974,3157,1602,3136,6444,6676,6709,5179,6534,2609,4332,6033,5324,4207,6588,5065,6875,5883,2436,3369,3089,5414,1276,2064,3235,5651,5356,2043,6444,1051,3451,1668,4246,1754,1820,6796,4440,3198,6655,6993,5146,4657,2884,5654,3734,6885,6639,4315,4034,1117,4212,3509,2029,6437,3912,6441,5739,3599,1955,3526,6033,1377,1119,6763,2253,4883,6691,5825,2566,6186,3356,1663,5060,3614,5992,2420,6169,3852,2676,6055,2047,6442,2793,6207,4777,5597,5915,4426,2805,6464,6904,4214,4144,6504,6209,2037,2808,3326,2078,3349,1291,4083,5723,2689,3904,4957,4762,6797,1059,3766,1964,4678,3630,6155,2080,4825,6976,4978,2163,5715,4336,2658,2022,6908,3447,6735,2321,4769,2799,2099,3554,5758,1357,3760,1654,2350,4537,4931,1351,3366,5277,4309,6241,4312,3989,3656,4561,5543,2657,6677,4215,6995,1787,5738,6073,1548,1368,6641,6075,2051,5515,6726,4838,5781,3594,3289,4329,1772,1249,6180,4572,2634,4609,1079,1986,2809,1691,1270,5114,6786,5457,4677,5328,1238,5694,2164,6471,3291,4343,1855,2717,4546,1016,6846,4893,6900,6002,2712,5832,5770,4216,2119,2593,1933,2829,2270,4498,4350,1268,1437,5312,2949,1426,2275,1271,3414,3674,2149,6093,1642,5151,1312,5280,5377,4562,3767,6038,2557,5146,2409,2107,4424,3627,2121,5722,6770,1631,5845,5063,1211,1028,3548,4065,5282,4059,4417,6471,4783,2295,1271,3684,6830,1047,2773,6294,1072,1477,2150,4098,2539,6609,3937,5218,4356,2570,3662,5744,1846,4140,5837,5702,4003,2679,3189,4591,5553,3018,6168,2224,1678,6605,2911,5586,4850,5656,2743,1371,4044,4758,5671 /tmp/1646333024917.txt 2 ./1646333024574.json ./1646333024181.json
AD REPEATABILITY OF OUR NEW METHOD : 360
0.33315

ALLOCATING WITH OUR OLD METHOD: 360
python alloc_fresh.py ../test1/bmspos_minfreq_0.002_maxcs_1_maxor_0.01/patterns.txt /home/preetham_sathineni/adslot/web_page_meta_dict_adslots_1_dataset_bmspostxt.pkl /home/preetham_sathineni/adslot/web_page_freq_sorted_adslots_1_dataset_bmspostxt.pkl 5590,6583,5313,5405,2232,2277,6649,3962,5368,1338,6249,2930,3425,6324,5396,4819,1403,1661,2413,4455,3999,5257,6179,2169,4272,6150,4301,5794,6693,5243,2568,4084,6003,3749,1923,1105,1470,3265,1076,1824,6319,6394,2914,1402,2338,6874,1260,5718,5389,6225,3471,3016,5244,5500,2133,5687,4248,4608,3268,4430,3526,3337,6133,5264,5778,4193,5399,4672,2940,4481,2974,3157,1602,3136,6444,6676,6709,5179,6534,2609,4332,6033,5324,4207,6588,5065,6875,5883,2436,3369,3089,5414,1276,2064,3235,5651,5356,2043,6444,1051,3451,1668,4246,1754,1820,6796,4440,3198,6655,6993,5146,4657,2884,5654,3734,6885,6639,4315,4034,1117,4212,3509,2029,6437,3912,6441,5739,3599,1955,3526,6033,1377,1119,6763,2253,4883,6691,5825,2566,6186,3356,1663,5060,3614,5992,2420,6169,3852,2676,6055,2047,6442,2793,6207,4777,5597,5915,4426,2805,6464,6904,4214,4144,6504,6209,2037,2808,3326,2078,3349,1291,4083,5723,2689,3904,4957,4762,6797,1059,3766,1964,4678,3630,6155,2080,4825,6976,4978,2163,5715,4336,2658,2022,6908,3447,6735,2321,4769,2799,2099,3554,5758,1357,3760,1654,2350,4537,4931,1351,3366,5277,4309,6241,4312,3989,3656,4561,5543,2657,6677,4215,6995,1787,5738,6073,1548,1368,6641,6075,2051,5515,6726,4838,5781,3594,3289,4329,1772,1249,6180,4572,2634,4609,1079,1986,2809,1691,1270,5114,6786,5457,4677,5328,1238,5694,2164,6471,3291,4343,1855,2717,4546,1016,6846,4893,6900,6002,2712,5832,5770,4216,2119,2593,1933,2829,2270,4498,4350,1268,1437,5312,2949,1426,2275,1271,3414,3674,2149,6093,1642,5151,1312,5280,5377,4562,3767,6038,2557,5146,2409,2107,4424,3627,2121,5722,6770,1631,5845,5063,1211,1028,3548,4065,5282,4059,4417,6471,4783,2295,1271,3684,6830,1047,2773,6294,1072,1477,2150,4098,2539,6609,3937,5218,4356,2570,3662,5744,1846,4140,5837,5702,4003,2679,3189,4591,5553,3018,6168,2224,1678,6605,2911,5586,4850,5656,2743,1371,4044,4758,5671 /tmp/1646333315456.txt 2 ./1646333024574.json ./1646333024181.json
AD REPEATABILITY OF ONE-SLOT METHOD : 360
0.19516

[One slot] ALLOCATING WITH RANDOM METHOD: 360
0.40674

[Multi slots] ALLOCATING WITH RANDOM METHOD: 360
AD REPEATABILITY OF RANDOM METHOD: 360
0.79456

allocated
{'VFS_one_method': [0], 'VFS_multi_method': [0], 'new_method': [339], 'oneslot_method': [157]}
adrepp
{'VFS_one_method': ['0.40674'], 'VFS_multi_method': ['0.79456'], 'new_method': ['0.33315'], 'oneslot_method': ['0.19516']}
revenue
{'VFS_one_method': [], 'VFS_multi_method': [], 'new_method': [], 'oneslot_method': []}
got patterns
sorted patterns
started allocation
Allocation accuracy: 342
total views sold: 1428683
Allocation accuracy new method: 342
0.0
got patterns
sorted patterns
started allocation
Allocation accuracy: 165
total views sold: 673057
Allocation accuracy new method: 165
('META_DATA_FILE_PATH', '/home/preetham_sathineni/adslot/web_page_meta_dict_adslots_1_dataset_bmspostxt.pkl')
/tmp/1646334007759.txt
Allocation accuracy: 63
total views sold: 405072
('META_DATA_FILE_PATH', '/home/preetham_sathineni/adslot/web_page_meta_dict_adslots_1_2_3_dataset_bmspostxt.pkl')
/tmp/1646334010973.txt
Allocation accuracy: 135
total views sold: 793540
###############     ARGUMENTS     ############
['plot_results.py', '../test1/bmspos_minfreq_0.002_maxcs_1_maxor_0.01/patterns.txt', '../CMineMR-Mapreduce-algorithm-to-extract-coverage-patterns-master/dataset/bmspos.txt', '380', '4000', '3000', '1_2_3']
##############################################
web_page_to_adv_json_file : ./1646333600173.json
allocated_adslots_file: ./1646333600627.json
python alloc_fresh.py ../test1/bmspos_minfreq_0.002_maxcs_1_maxor_0.01/patterns.txt /home/preetham_sathineni/adslot/web_page_meta_dict_adslots_1_2_3_dataset_bmspostxt.pkl /home/preetham_sathineni/adslot/web_page_freq_sorted_adslots_1_2_3_dataset_bmspostxt.pkl 2042,1180,6929,4699,4017,6699,3347,5462,2038,6958,1899,2734,6151,5336,1677,2769,3650,4391,4779,3678,2409,3222,2446,1933,1878,4703,2656,1837,4512,2129,5085,5853,4439,3754,2751,6364,1477,3627,3356,3866,1117,3045,5610,4259,5844,4065,5467,2170,2479,4983,4800,1649,4857,6089,2645,1871,6165,5565,1311,3022,5211,6532,6093,1430,5595,6438,3226,1225,2120,5660,1485,2582,3056,3426,3643,3317,5722,2223,4543,5165,2630,3402,6651,3428,6283,2450,3661,5207,3633,4322,1931,6949,4252,1328,4556,5659,6768,1435,2375,1883,1581,5419,3636,4484,3163,1612,1171,5472,1831,1659,6576,5988,3401,3746,4424,6424,4203,2259,1634,3354,5199,4449,1235,1665,1840,2967,4869,3672,1002,5130,2773,1204,2723,6857,1633,4651,6485,2332,3972,6406,4574,3310,2235,1949,1001,3127,5627,5732,4712,5901,3549,5349,1586,6327,3766,1464,3126,4113,2551,2640,6319,1367,1733,5718,3982,5452,5942,4380,6046,5084,5976,1441,6467,2555,1313,2892,5709,6452,3023,4175,3020,1198,5386,1160,1926,4736,3274,2460,6313,3180,4226,6848,5540,5231,2887,2048,3041,5379,1577,6542,5174,2397,6088,3419,1640,2311,3904,4360,4904,4868,1877,6372,5410,4205,1970,2713,5113,6405,6540,6133,2295,4374,3890,4515,4942,1474,5439,2339,6212,1315,2024,5498,3220,1286,5909,3090,5993,6038,5810,3012,2622,3536,1034,6716,4678,5709,1935,4060,2969,6777,4321,1027,3394,1274,4615,5063,6813,3337,2859,4743,2748,5025,2742,5783,3006,1143,4574,6926,3204,1056,5090,2439,5064,6918,6187,4081,1057,5593,6222,4647,2986,2759,5518,1283,5165,1126,6755,1975,5712,3562,1656,3902,2454,2973,6785,3515,4245,4492,5138,1352,2087,3655,1957,5400,4269,2977,4115,4575,4997,4261,1518,6395,5564,3598,5251,6233,4581,5201,5192,5072,6672,2941,6534,4063,2906,6169,6644,5803,2952,3301,4298,2860,5625,6246,1020,1065,4688,3842,1898,4533,5142,3146,5611,4425,2410,5836,1757,5693,1420,5888,4901,2986,6658,3319,2507,3074,6499,1094,1670,2920,5820,6507,5923,6243,2386,4795,2728,6363,3743,5069,1932,2293,5184,2952,5520,1353,4928,6897,6263,3835 /tmp/1646333600929.txt 2 ./1646333600627.json ./1646333600173.json
AD REPEATABILITY OF OUR NEW METHOD : 380
0.31455

ALLOCATING WITH OUR OLD METHOD: 380
python alloc_fresh.py ../test1/bmspos_minfreq_0.002_maxcs_1_maxor_0.01/patterns.txt /home/preetham_sathineni/adslot/web_page_meta_dict_adslots_1_dataset_bmspostxt.pkl /home/preetham_sathineni/adslot/web_page_freq_sorted_adslots_1_dataset_bmspostxt.pkl 2042,1180,6929,4699,4017,6699,3347,5462,2038,6958,1899,2734,6151,5336,1677,2769,3650,4391,4779,3678,2409,3222,2446,1933,1878,4703,2656,1837,4512,2129,5085,5853,4439,3754,2751,6364,1477,3627,3356,3866,1117,3045,5610,4259,5844,4065,5467,2170,2479,4983,4800,1649,4857,6089,2645,1871,6165,5565,1311,3022,5211,6532,6093,1430,5595,6438,3226,1225,2120,5660,1485,2582,3056,3426,3643,3317,5722,2223,4543,5165,2630,3402,6651,3428,6283,2450,3661,5207,3633,4322,1931,6949,4252,1328,4556,5659,6768,1435,2375,1883,1581,5419,3636,4484,3163,1612,1171,5472,1831,1659,6576,5988,3401,3746,4424,6424,4203,2259,1634,3354,5199,4449,1235,1665,1840,2967,4869,3672,1002,5130,2773,1204,2723,6857,1633,4651,6485,2332,3972,6406,4574,3310,2235,1949,1001,3127,5627,5732,4712,5901,3549,5349,1586,6327,3766,1464,3126,4113,2551,2640,6319,1367,1733,5718,3982,5452,5942,4380,6046,5084,5976,1441,6467,2555,1313,2892,5709,6452,3023,4175,3020,1198,5386,1160,1926,4736,3274,2460,6313,3180,4226,6848,5540,5231,2887,2048,3041,5379,1577,6542,5174,2397,6088,3419,1640,2311,3904,4360,4904,4868,1877,6372,5410,4205,1970,2713,5113,6405,6540,6133,2295,4374,3890,4515,4942,1474,5439,2339,6212,1315,2024,5498,3220,1286,5909,3090,5993,6038,5810,3012,2622,3536,1034,6716,4678,5709,1935,4060,2969,6777,4321,1027,3394,1274,4615,5063,6813,3337,2859,4743,2748,5025,2742,5783,3006,1143,4574,6926,3204,1056,5090,2439,5064,6918,6187,4081,1057,5593,6222,4647,2986,2759,5518,1283,5165,1126,6755,1975,5712,3562,1656,3902,2454,2973,6785,3515,4245,4492,5138,1352,2087,3655,1957,5400,4269,2977,4115,4575,4997,4261,1518,6395,5564,3598,5251,6233,4581,5201,5192,5072,6672,2941,6534,4063,2906,6169,6644,5803,2952,3301,4298,2860,5625,6246,1020,1065,4688,3842,1898,4533,5142,3146,5611,4425,2410,5836,1757,5693,1420,5888,4901,2986,6658,3319,2507,3074,6499,1094,1670,2920,5820,6507,5923,6243,2386,4795,2728,6363,3743,5069,1932,2293,5184,2952,5520,1353,4928,6897,6263,3835 /tmp/1646333842057.txt 2 ./1646333600627.json ./1646333600173.json
AD REPEATABILITY OF ONE-SLOT METHOD : 380
0.19213

[One slot] ALLOCATING WITH RANDOM METHOD: 380
0.39701

[Multi slots] ALLOCATING WITH RANDOM METHOD: 380
AD REPEATABILITY OF RANDOM METHOD: 380
0.7636

allocated
{'VFS_one_method': [0], 'VFS_multi_method': [0], 'new_method': [342], 'oneslot_method': [165]}
adrepp
{'VFS_one_method': ['0.39701'], 'VFS_multi_method': ['0.7636'], 'new_method': ['0.31455'], 'oneslot_method': ['0.19213']}
revenue
{'VFS_one_method': [], 'VFS_multi_method': [], 'new_method': [], 'oneslot_method': []}
got patterns
sorted patterns
started allocation
Allocation accuracy: 356
total views sold: 1503009
Allocation accuracy new method: 356
0.0
got patterns
sorted patterns
started allocation
Allocation accuracy: 164
total views sold: 680046
Allocation accuracy new method: 164
('META_DATA_FILE_PATH', '/home/preetham_sathineni/adslot/web_page_meta_dict_adslots_1_dataset_bmspostxt.pkl')
/tmp/1646334517494.txt
Allocation accuracy: 65
total views sold: 418557
('META_DATA_FILE_PATH', '/home/preetham_sathineni/adslot/web_page_meta_dict_adslots_1_2_3_dataset_bmspostxt.pkl')
/tmp/1646334520427.txt
Allocation accuracy: 134
total views sold: 795425
###############     ARGUMENTS     ############
['plot_results.py', '../test1/bmspos_minfreq_0.002_maxcs_1_maxor_0.01/patterns.txt', '../CMineMR-Mapreduce-algorithm-to-extract-coverage-patterns-master/dataset/bmspos.txt', '400', '4000', '3000', '1_2_3']
##############################################
web_page_to_adv_json_file : ./1646334101030.json
allocated_adslots_file: ./1646334101395.json
python alloc_fresh.py ../test1/bmspos_minfreq_0.002_maxcs_1_maxor_0.01/patterns.txt /home/preetham_sathineni/adslot/web_page_meta_dict_adslots_1_2_3_dataset_bmspostxt.pkl /home/preetham_sathineni/adslot/web_page_freq_sorted_adslots_1_2_3_dataset_bmspostxt.pkl 6058,3062,1731,1964,3191,1329,6427,4526,1369,5294,3337,4031,1258,5690,5100,6145,1597,3022,1109,4956,6819,5289,3044,2768,3274,5228,3921,4751,2136,5908,1608,2401,4983,2992,2030,4482,2027,1981,4042,6253,2089,2617,6345,2482,6384,4022,1464,4042,3135,4510,4996,1172,3643,4706,3568,2140,5065,6740,1486,6699,4497,1446,2311,6765,5588,1260,4612,1975,5634,5490,4844,4950,4770,6171,3781,2058,5836,5985,2471,2002,2229,6362,4851,3828,1879,5775,6625,1469,2188,4557,5759,6284,3695,1111,4679,3644,4750,6093,5940,2972,6575,2550,1792,3398,6667,2208,1064,4566,5074,1321,5377,6615,5618,2489,6883,3103,1830,2284,3125,3790,2736,2902,1134,1030,2968,6296,2788,4184,6720,4901,2950,4865,2602,4614,3661,5814,6995,5186,5454,1668,5830,6436,2195,2399,5509,4432,2016,4174,5481,6278,3841,6399,6866,3075,5536,1297,3866,3931,6452,2964,5980,4029,6886,3141,4318,5691,6101,5495,5412,6131,1158,3067,4517,3620,2368,1451,5763,4759,2391,4964,3733,2718,4252,3494,5412,6622,5461,6613,2529,3248,2631,5482,5026,1828,2292,6015,3085,6477,5771,3544,5083,2824,5644,3437,5361,2254,4296,3900,5211,1841,3170,1596,5973,2109,6201,1824,3497,3871,1549,4287,5787,1562,5412,2598,5154,3902,3837,5036,5689,4542,3695,1309,4890,2836,3875,6009,3919,4013,3205,3738,2513,5074,1528,5666,5408,2945,6346,2868,2648,2526,5882,1659,3376,6294,5282,4665,1724,6286,6460,3005,6249,1383,5353,4909,2800,4707,3902,4344,4391,1892,1913,1277,6598,6012,1923,2378,2080,5218,3660,1461,6955,6243,2147,4334,1202,4725,5668,5336,2826,3394,4822,4016,6943,2843,3761,4591,4870,1973,1032,3376,1327,2885,1356,2220,1172,4424,3141,3197,5062,1727,5694,5257,4459,4110,6378,6716,5807,3261,5229,6405,4603,2053,1307,4098,4658,5608,2292,2433,3815,1948,2405,6524,1056,6986,2495,1941,1517,6034,6846,1476,3593,6676,2871,4707,6455,1520,2814,3558,6165,3100,5627,4802,5639,2987,6884,1155,1596,6713,4573,4938,4201,3850,2997,6369,6035,3488,3962,4219,1573,1221,5446,5777,1261,6578,5260,4975,4017,1706,4747,2165,5752,5196,4155,4726,3080,2406,5458,6062,1281,4976,1945,5595,3692,3783,5230,3717,3210,1811,1706,1437 /tmp/1646334101626.txt 2 ./1646334101395.json ./1646334101030.json
AD REPEATABILITY OF OUR NEW METHOD : 400
0.30233

ALLOCATING WITH OUR OLD METHOD: 400
python alloc_fresh.py ../test1/bmspos_minfreq_0.002_maxcs_1_maxor_0.01/patterns.txt /home/preetham_sathineni/adslot/web_page_meta_dict_adslots_1_dataset_bmspostxt.pkl /home/preetham_sathineni/adslot/web_page_freq_sorted_adslots_1_dataset_bmspostxt.pkl 6058,3062,1731,1964,3191,1329,6427,4526,1369,5294,3337,4031,1258,5690,5100,6145,1597,3022,1109,4956,6819,5289,3044,2768,3274,5228,3921,4751,2136,5908,1608,2401,4983,2992,2030,4482,2027,1981,4042,6253,2089,2617,6345,2482,6384,4022,1464,4042,3135,4510,4996,1172,3643,4706,3568,2140,5065,6740,1486,6699,4497,1446,2311,6765,5588,1260,4612,1975,5634,5490,4844,4950,4770,6171,3781,2058,5836,5985,2471,2002,2229,6362,4851,3828,1879,5775,6625,1469,2188,4557,5759,6284,3695,1111,4679,3644,4750,6093,5940,2972,6575,2550,1792,3398,6667,2208,1064,4566,5074,1321,5377,6615,5618,2489,6883,3103,1830,2284,3125,3790,2736,2902,1134,1030,2968,6296,2788,4184,6720,4901,2950,4865,2602,4614,3661,5814,6995,5186,5454,1668,5830,6436,2195,2399,5509,4432,2016,4174,5481,6278,3841,6399,6866,3075,5536,1297,3866,3931,6452,2964,5980,4029,6886,3141,4318,5691,6101,5495,5412,6131,1158,3067,4517,3620,2368,1451,5763,4759,2391,4964,3733,2718,4252,3494,5412,6622,5461,6613,2529,3248,2631,5482,5026,1828,2292,6015,3085,6477,5771,3544,5083,2824,5644,3437,5361,2254,4296,3900,5211,1841,3170,1596,5973,2109,6201,1824,3497,3871,1549,4287,5787,1562,5412,2598,5154,3902,3837,5036,5689,4542,3695,1309,4890,2836,3875,6009,3919,4013,3205,3738,2513,5074,1528,5666,5408,2945,6346,2868,2648,2526,5882,1659,3376,6294,5282,4665,1724,6286,6460,3005,6249,1383,5353,4909,2800,4707,3902,4344,4391,1892,1913,1277,6598,6012,1923,2378,2080,5218,3660,1461,6955,6243,2147,4334,1202,4725,5668,5336,2826,3394,4822,4016,6943,2843,3761,4591,4870,1973,1032,3376,1327,2885,1356,2220,1172,4424,3141,3197,5062,1727,5694,5257,4459,4110,6378,6716,5807,3261,5229,6405,4603,2053,1307,4098,4658,5608,2292,2433,3815,1948,2405,6524,1056,6986,2495,1941,1517,6034,6846,1476,3593,6676,2871,4707,6455,1520,2814,3558,6165,3100,5627,4802,5639,2987,6884,1155,1596,6713,4573,4938,4201,3850,2997,6369,6035,3488,3962,4219,1573,1221,5446,5777,1261,6578,5260,4975,4017,1706,4747,2165,5752,5196,4155,4726,3080,2406,5458,6062,1281,4976,1945,5595,3692,3783,5230,3717,3210,1811,1706,1437 /tmp/1646334356955.txt 2 ./1646334101395.json ./1646334101030.json
AD REPEATABILITY OF ONE-SLOT METHOD : 400
0.19381

[One slot] ALLOCATING WITH RANDOM METHOD: 400
0.39325

[Multi slots] ALLOCATING WITH RANDOM METHOD: 400
AD REPEATABILITY OF RANDOM METHOD: 400
0.82152

allocated
{'VFS_one_method': [0], 'VFS_multi_method': [0], 'new_method': [356], 'oneslot_method': [164]}
adrepp
{'VFS_one_method': ['0.39325'], 'VFS_multi_method': ['0.82152'], 'new_method': ['0.30233'], 'oneslot_method': ['0.19381']}
revenue
{'VFS_one_method': [], 'VFS_multi_method': [], 'new_method': [], 'oneslot_method': []}
