limit 1 to 1
/tmp/1619775536760.txt
Allocation accuracy: 35
limit 2 to 5
/tmp/1619775538632.txt
Allocation accuracy: 123
###############     ARGUMENTS     ############
['plot_results.py', 'patterns/k100_patterns.txt', 'dataset/k100.txt', '300', '8000', '3000']
##############################################
web_page_to_adv_json_file : ./1619775536752.json
allocated_adslots_file: ./1619775536756.json
[One slot] ALLOCATING WITH RANDOM METHOD: 300
AD REPEATABILITY OF RANDOM METHOD: 300
0.48577

[Multi slots] ALLOCATING WITH RANDOM METHOD: 300
AD REPEATABILITY OF RANDOM METHOD: 300
1.89979

allocated
{'VFS_one_method': [36], 'VFS_multi_method': [124], 'new_method': [], 'oneslot_method': []}
adrepp
{'VFS_one_method': ['0.48577'], 'VFS_multi_method': ['1.89979'], 'new_method': [], 'oneslot_method': []}
revenue
{'VFS_one_method': [189610], 'VFS_multi_method': [778159], 'new_method': [], 'oneslot_method': []}
Traceback (most recent call last):
  File "plot_results.py", line 211, in <module>
    f.write(str(advertiser_lengths[i])+'  '+str(allocated['new_method'][i])+'  '+str(allocated['oneslot_method'][i])+'  '+str(allocated['VFS_one_method'][i])+'  '+str(allocated['VFS_multi_method'][i])+'\n')
IndexError: list index out of range
