==========================================
SLURM_JOB_ID = 620513
SLURM_NODELIST = gnode54
SLURM_JOB_GPUS = 2
==========================================
got patterns
sorted patterns
started allocation
Allocation accuracy: 320
total views sold: 1299808
Allocation accuracy new method: 320
0.0
got patterns
sorted patterns
started allocation
Allocation accuracy: 152
total views sold: 644239
Allocation accuracy new method: 152
('META_DATA_FILE_PATH', '/home/preetham_sathineni/adslot/web_page_meta_dict_adslots_1_dataset_bmspostxt.pkl')
/tmp/1646332015827.txt
Allocation accuracy: 68
total views sold: 431905
('META_DATA_FILE_PATH', '/home/preetham_sathineni/adslot/web_page_meta_dict_adslots_3_dataset_bmspostxt.pkl')
/tmp/1646332016914.txt
Allocation accuracy: 247
total views sold: 1175886
###############     ARGUMENTS     ############
['plot_results.py', '../test1/bmspos_minfreq_0.002_maxcs_1_maxor_0.01/patterns.txt', '../CMineMR-Mapreduce-algorithm-to-extract-coverage-patterns-master/dataset/bmspos.txt', '320', '4000', '3000', '3']
##############################################
web_page_to_adv_json_file : ./1646331534546.json
allocated_adslots_file: ./1646331534553.json
python alloc_fresh.py ../test1/bmspos_minfreq_0.002_maxcs_1_maxor_0.01/patterns.txt /home/preetham_sathineni/adslot/web_page_meta_dict_adslots_3_dataset_bmspostxt.pkl /home/preetham_sathineni/adslot/web_page_freq_sorted_adslots_3_dataset_bmspostxt.pkl 5806,3639,2080,2895,2012,3954,6976,4210,5098,1482,2228,4498,3978,2314,1870,3020,5581,3282,3934,4829,6425,4486,6229,2638,3806,5206,2775,3212,4889,4680,4352,3643,1388,5511,6825,5922,2497,2145,3038,1420,1593,4624,5958,2286,6712,1007,1335,1032,6412,5634,1379,3419,4656,6824,4955,4168,5389,5280,3678,1039,5906,3936,3059,2214,6157,5755,3395,2809,6740,5949,4421,1815,6436,2817,3301,1684,5650,1081,2101,6343,1773,1535,3945,4805,4972,1702,4466,5995,2908,5479,5902,2489,1968,6212,4308,1079,3400,4823,6525,2735,1432,6151,3589,1011,5551,1347,6893,4912,3921,5101,2400,5919,3577,1791,6336,6606,1326,1975,6715,1446,3249,5395,4236,1103,5367,1120,4020,2756,1756,4053,3935,1806,4058,6830,5564,4724,4499,4591,2154,4889,1826,4577,4738,3885,4172,4524,3690,6256,2483,2807,5336,2484,1832,4606,4615,6062,6800,4325,2249,4203,2894,6914,2178,5807,1756,1505,3801,1614,6408,3028,3342,4449,4833,6883,5496,3096,3743,5490,1645,6058,1088,5996,3398,5386,3221,6119,1919,3279,3888,5126,2419,1382,1275,6501,6024,3911,6252,6730,6173,4917,3222,5279,4396,3318,4411,5440,6690,4985,1565,5529,3710,2573,5310,6020,5382,6840,5841,5563,5991,3921,4462,4227,5168,1862,5435,3548,6922,2850,1165,1692,4389,5937,5212,2503,3965,4772,4714,5774,5628,5894,1923,3136,6632,6358,4612,5233,5449,6236,2652,6349,6936,2577,5348,6344,6904,6800,5753,2810,3631,4443,2900,5430,1740,3256,2130,6869,5314,2906,1228,1325,1653,3503,1999,3363,5228,2826,2508,5637,3361,4887,5687,6306,4935,3160,6497,2391,4721,3677,1911,2678,1119,2310,1490,2436,1801,6191,5557,6655,3832,2638,2839,3771,4335,4440,3394,2100,5901,3832,5020,1966,4631,4130,4566,4249,5675,2779,5804,6772,1199,3858 /tmp/1646331534557.txt 2 ./1646331534553.json ./1646331534546.json
AD REPEATABILITY OF OUR NEW METHOD : 320
0.18768

ALLOCATING WITH OUR OLD METHOD: 320
python alloc_fresh.py ../test1/bmspos_minfreq_0.002_maxcs_1_maxor_0.01/patterns.txt /home/preetham_sathineni/adslot/web_page_meta_dict_adslots_1_dataset_bmspostxt.pkl /home/preetham_sathineni/adslot/web_page_freq_sorted_adslots_1_dataset_bmspostxt.pkl 5806,3639,2080,2895,2012,3954,6976,4210,5098,1482,2228,4498,3978,2314,1870,3020,5581,3282,3934,4829,6425,4486,6229,2638,3806,5206,2775,3212,4889,4680,4352,3643,1388,5511,6825,5922,2497,2145,3038,1420,1593,4624,5958,2286,6712,1007,1335,1032,6412,5634,1379,3419,4656,6824,4955,4168,5389,5280,3678,1039,5906,3936,3059,2214,6157,5755,3395,2809,6740,5949,4421,1815,6436,2817,3301,1684,5650,1081,2101,6343,1773,1535,3945,4805,4972,1702,4466,5995,2908,5479,5902,2489,1968,6212,4308,1079,3400,4823,6525,2735,1432,6151,3589,1011,5551,1347,6893,4912,3921,5101,2400,5919,3577,1791,6336,6606,1326,1975,6715,1446,3249,5395,4236,1103,5367,1120,4020,2756,1756,4053,3935,1806,4058,6830,5564,4724,4499,4591,2154,4889,1826,4577,4738,3885,4172,4524,3690,6256,2483,2807,5336,2484,1832,4606,4615,6062,6800,4325,2249,4203,2894,6914,2178,5807,1756,1505,3801,1614,6408,3028,3342,4449,4833,6883,5496,3096,3743,5490,1645,6058,1088,5996,3398,5386,3221,6119,1919,3279,3888,5126,2419,1382,1275,6501,6024,3911,6252,6730,6173,4917,3222,5279,4396,3318,4411,5440,6690,4985,1565,5529,3710,2573,5310,6020,5382,6840,5841,5563,5991,3921,4462,4227,5168,1862,5435,3548,6922,2850,1165,1692,4389,5937,5212,2503,3965,4772,4714,5774,5628,5894,1923,3136,6632,6358,4612,5233,5449,6236,2652,6349,6936,2577,5348,6344,6904,6800,5753,2810,3631,4443,2900,5430,1740,3256,2130,6869,5314,2906,1228,1325,1653,3503,1999,3363,5228,2826,2508,5637,3361,4887,5687,6306,4935,3160,6497,2391,4721,3677,1911,2678,1119,2310,1490,2436,1801,6191,5557,6655,3832,2638,2839,3771,4335,4440,3394,2100,5901,3832,5020,1966,4631,4130,4566,4249,5675,2779,5804,6772,1199,3858 /tmp/1646331857454.txt 2 ./1646331534553.json ./1646331534546.json
AD REPEATABILITY OF ONE-SLOT METHOD : 320
0.19065

[One slot] ALLOCATING WITH RANDOM METHOD: 320
0.38359

[Multi slots] ALLOCATING WITH RANDOM METHOD: 320
AD REPEATABILITY OF RANDOM METHOD: 320
0.89909

allocated
{'VFS_one_method': [0], 'VFS_multi_method': [0], 'new_method': [320], 'oneslot_method': [152]}
adrepp
{'VFS_one_method': ['0.38359'], 'VFS_multi_method': ['0.89909'], 'new_method': ['0.18768'], 'oneslot_method': ['0.19065']}
revenue
{'VFS_one_method': [], 'VFS_multi_method': [], 'new_method': [], 'oneslot_method': []}
got patterns
sorted patterns
started allocation
Allocation accuracy: 340
total views sold: 1359618
Allocation accuracy new method: 340
0.0
got patterns
sorted patterns
started allocation
Allocation accuracy: 145
total views sold: 639626
Allocation accuracy new method: 145
('META_DATA_FILE_PATH', '/home/preetham_sathineni/adslot/web_page_meta_dict_adslots_1_dataset_bmspostxt.pkl')
/tmp/1646332532287.txt
Allocation accuracy: 65
total views sold: 418200
('META_DATA_FILE_PATH', '/home/preetham_sathineni/adslot/web_page_meta_dict_adslots_3_dataset_bmspostxt.pkl')
/tmp/1646332533406.txt
Allocation accuracy: 250
total views sold: 1191138
###############     ARGUMENTS     ############
['plot_results.py', '../test1/bmspos_minfreq_0.002_maxcs_1_maxor_0.01/patterns.txt', '../CMineMR-Mapreduce-algorithm-to-extract-coverage-patterns-master/dataset/bmspos.txt', '340', '4000', '3000', '3']
##############################################
web_page_to_adv_json_file : ./1646332019639.json
allocated_adslots_file: ./1646332019643.json
python alloc_fresh.py ../test1/bmspos_minfreq_0.002_maxcs_1_maxor_0.01/patterns.txt /home/preetham_sathineni/adslot/web_page_meta_dict_adslots_3_dataset_bmspostxt.pkl /home/preetham_sathineni/adslot/web_page_freq_sorted_adslots_3_dataset_bmspostxt.pkl 2550,2520,6622,5735,6023,2838,2485,3304,1432,4768,3969,4753,3325,3541,6525,5030,2060,6174,5134,6281,2340,3073,6766,1845,5083,3407,3734,6416,2210,4436,1799,2073,1824,1731,2659,5807,4142,5199,5762,3407,4386,3537,4799,3167,5710,3169,2717,1927,2720,1586,3976,6276,6152,5953,1135,4708,3931,2448,6922,1093,2775,3085,3815,1385,3164,2466,1169,4985,2930,1933,4582,2406,3562,6272,6506,4334,4102,6434,3968,2894,5280,5959,5526,2454,4690,4687,3300,1926,3929,5973,3652,5617,3469,6853,1706,2712,5436,3287,6834,6284,5234,4655,4758,3792,6156,2661,3544,6321,4554,3039,1424,5338,1045,2084,4522,1876,6125,3752,6102,6480,4832,5252,2877,2071,5761,1191,2739,6654,2292,2644,3817,5533,3792,5697,5174,2645,1522,1665,6224,5751,5590,5596,2929,1209,1816,2296,2824,5042,4093,6117,1685,6496,5752,2611,1017,2382,4612,2228,1436,6507,5526,5880,2508,2162,1072,1895,2804,4357,1794,4342,5348,1790,6805,4912,3958,2463,5577,6994,6528,1449,5620,3340,3370,6570,2771,3582,6109,2974,6409,5580,2276,3402,1973,5447,2161,4278,6626,5758,6026,5963,5575,2475,2838,2592,3109,4752,5243,3301,1547,1307,1242,6250,2309,1874,3170,5570,3867,4612,2495,2540,6978,5281,6588,4937,4129,4376,2718,1956,6883,5671,2949,5189,2134,3051,3085,6624,6249,6171,6374,3387,4386,2302,2212,1841,6011,6609,2004,6818,3093,5078,6579,6140,2927,4948,2575,4987,6182,6004,5684,1075,5039,6783,4917,2367,1949,3258,1110,5676,6470,1132,2064,1425,2326,4393,4302,3259,3178,2469,3679,2238,3886,1876,1025,1220,4950,3269,2858,2941,4448,6168,5340,2508,2197,5395,6344,3471,1192,3945,3760,5141,4633,2781,4595,5554,4734,3719,6447,1138,1542,5637,6678,5641,2451,2180,3040,4032,6927,3426,3317,3588,4193,3084,5205,6938,3593,2950,4410,3529,4683,3617,1841,6371,4219,6403,6922,5061,6852,3741,1057,4401 /tmp/1646332019648.txt 2 ./1646332019643.json ./1646332019639.json
AD REPEATABILITY OF OUR NEW METHOD : 340
0.20252

ALLOCATING WITH OUR OLD METHOD: 340
python alloc_fresh.py ../test1/bmspos_minfreq_0.002_maxcs_1_maxor_0.01/patterns.txt /home/preetham_sathineni/adslot/web_page_meta_dict_adslots_1_dataset_bmspostxt.pkl /home/preetham_sathineni/adslot/web_page_freq_sorted_adslots_1_dataset_bmspostxt.pkl 2550,2520,6622,5735,6023,2838,2485,3304,1432,4768,3969,4753,3325,3541,6525,5030,2060,6174,5134,6281,2340,3073,6766,1845,5083,3407,3734,6416,2210,4436,1799,2073,1824,1731,2659,5807,4142,5199,5762,3407,4386,3537,4799,3167,5710,3169,2717,1927,2720,1586,3976,6276,6152,5953,1135,4708,3931,2448,6922,1093,2775,3085,3815,1385,3164,2466,1169,4985,2930,1933,4582,2406,3562,6272,6506,4334,4102,6434,3968,2894,5280,5959,5526,2454,4690,4687,3300,1926,3929,5973,3652,5617,3469,6853,1706,2712,5436,3287,6834,6284,5234,4655,4758,3792,6156,2661,3544,6321,4554,3039,1424,5338,1045,2084,4522,1876,6125,3752,6102,6480,4832,5252,2877,2071,5761,1191,2739,6654,2292,2644,3817,5533,3792,5697,5174,2645,1522,1665,6224,5751,5590,5596,2929,1209,1816,2296,2824,5042,4093,6117,1685,6496,5752,2611,1017,2382,4612,2228,1436,6507,5526,5880,2508,2162,1072,1895,2804,4357,1794,4342,5348,1790,6805,4912,3958,2463,5577,6994,6528,1449,5620,3340,3370,6570,2771,3582,6109,2974,6409,5580,2276,3402,1973,5447,2161,4278,6626,5758,6026,5963,5575,2475,2838,2592,3109,4752,5243,3301,1547,1307,1242,6250,2309,1874,3170,5570,3867,4612,2495,2540,6978,5281,6588,4937,4129,4376,2718,1956,6883,5671,2949,5189,2134,3051,3085,6624,6249,6171,6374,3387,4386,2302,2212,1841,6011,6609,2004,6818,3093,5078,6579,6140,2927,4948,2575,4987,6182,6004,5684,1075,5039,6783,4917,2367,1949,3258,1110,5676,6470,1132,2064,1425,2326,4393,4302,3259,3178,2469,3679,2238,3886,1876,1025,1220,4950,3269,2858,2941,4448,6168,5340,2508,2197,5395,6344,3471,1192,3945,3760,5141,4633,2781,4595,5554,4734,3719,6447,1138,1542,5637,6678,5641,2451,2180,3040,4032,6927,3426,3317,3588,4193,3084,5205,6938,3593,2950,4410,3529,4683,3617,1841,6371,4219,6403,6922,5061,6852,3741,1057,4401 /tmp/1646332375277.txt 2 ./1646332019643.json ./1646332019639.json
AD REPEATABILITY OF ONE-SLOT METHOD : 340
0.19662

[One slot] ALLOCATING WITH RANDOM METHOD: 340
0.36069

[Multi slots] ALLOCATING WITH RANDOM METHOD: 340
AD REPEATABILITY OF RANDOM METHOD: 340
0.92103

allocated
{'VFS_one_method': [0], 'VFS_multi_method': [0], 'new_method': [340], 'oneslot_method': [145]}
adrepp
{'VFS_one_method': ['0.36069'], 'VFS_multi_method': ['0.92103'], 'new_method': ['0.20252'], 'oneslot_method': ['0.19662']}
revenue
{'VFS_one_method': [], 'VFS_multi_method': [], 'new_method': [], 'oneslot_method': []}
got patterns
sorted patterns
started allocation
Allocation accuracy: 360
total views sold: 1410943
Allocation accuracy new method: 360
0.0
got patterns
sorted patterns
started allocation
Allocation accuracy: 160
total views sold: 654579
Allocation accuracy new method: 160
('META_DATA_FILE_PATH', '/home/preetham_sathineni/adslot/web_page_meta_dict_adslots_1_dataset_bmspostxt.pkl')
/tmp/1646332993158.txt
Allocation accuracy: 69
total views sold: 440324
('META_DATA_FILE_PATH', '/home/preetham_sathineni/adslot/web_page_meta_dict_adslots_3_dataset_bmspostxt.pkl')
/tmp/1646332994307.txt
Allocation accuracy: 245
total views sold: 1191159
###############     ARGUMENTS     ############
['plot_results.py', '../test1/bmspos_minfreq_0.002_maxcs_1_maxor_0.01/patterns.txt', '../CMineMR-Mapreduce-algorithm-to-extract-coverage-patterns-master/dataset/bmspos.txt', '360', '4000', '3000', '3']
##############################################
web_page_to_adv_json_file : ./1646332536126.json
allocated_adslots_file: ./1646332536131.json
python alloc_fresh.py ../test1/bmspos_minfreq_0.002_maxcs_1_maxor_0.01/patterns.txt /home/preetham_sathineni/adslot/web_page_meta_dict_adslots_3_dataset_bmspostxt.pkl /home/preetham_sathineni/adslot/web_page_freq_sorted_adslots_3_dataset_bmspostxt.pkl 3219,3359,5146,3520,6312,5602,4502,2308,5034,6511,6271,2600,5925,6141,2854,4343,1446,3118,2046,6775,1968,6716,5592,6661,1108,2380,2512,3052,1218,1761,4464,5169,5390,3119,2159,1571,2924,4335,5770,2451,5131,5041,6937,2243,4513,6819,2141,6493,1159,3317,5502,4221,5812,4923,6244,6806,4360,4515,3249,4327,6187,3264,4858,2629,4152,1293,2974,5906,2302,1060,1167,4574,1000,5276,1312,2520,5213,2507,5374,3928,3722,3648,2871,2977,3633,4752,6976,4067,2433,5302,3660,3685,5835,5167,4425,6245,6402,6766,2256,4645,1889,1985,2761,1994,1667,6924,4585,3090,3085,4674,2951,2194,5435,6663,1215,3716,5740,1183,1457,5240,5900,1884,5929,1132,4104,4799,6112,2757,6684,3059,3236,4579,1297,6800,4030,5053,1539,6856,5177,2616,3552,3169,2955,2082,2973,4340,2739,2613,6771,3039,3187,4161,1310,4159,2847,1208,2097,4894,5788,4323,2866,1439,2601,1760,2652,4925,1460,3259,4127,5336,1382,1303,5226,5535,4531,2812,3477,1297,1536,5823,2437,1169,1241,1141,2489,3574,5353,2710,2916,2061,2430,6228,4698,6214,6199,4688,3185,3837,1095,2405,5042,3798,5456,1632,4478,6621,2009,5554,3128,3413,2725,1861,6977,5554,2310,6445,6115,5043,2120,6438,6966,6524,1166,6668,4968,4244,5827,2930,1229,1869,2109,1106,5878,5026,1410,6084,6316,2870,2699,5182,2585,4869,2583,6275,4448,5285,4567,1280,1744,3830,2027,6414,5349,3417,3016,1198,4896,5614,6602,3877,2852,3195,2842,5852,6418,4577,5525,4004,5262,1164,2889,2659,1040,6469,3601,4127,4197,4087,3274,3805,1006,5988,3039,4461,5998,5953,5758,1499,6920,4756,4951,2558,1913,5818,3067,6792,2958,1682,3117,6473,1136,5400,2699,2864,4991,4540,3559,5929,4428,6642,6468,4110,5678,1224,2275,6090,3850,1116,3886,5765,2084,3947,3427,3963,4739,6556,3748,2850,2876,1486,1569,5267,1312,4601,1043,5526,4704,2331,1779,5386,5994,5152,4650,3710,6755,3206,4670,4528,3027,4311,6598,3035,4867,4044,4833,1983,3751,6830,4711,4549 /tmp/1646332536135.txt 2 ./1646332536131.json ./1646332536126.json
AD REPEATABILITY OF OUR NEW METHOD : 360
0.20933

ALLOCATING WITH OUR OLD METHOD: 360
python alloc_fresh.py ../test1/bmspos_minfreq_0.002_maxcs_1_maxor_0.01/patterns.txt /home/preetham_sathineni/adslot/web_page_meta_dict_adslots_1_dataset_bmspostxt.pkl /home/preetham_sathineni/adslot/web_page_freq_sorted_adslots_1_dataset_bmspostxt.pkl 3219,3359,5146,3520,6312,5602,4502,2308,5034,6511,6271,2600,5925,6141,2854,4343,1446,3118,2046,6775,1968,6716,5592,6661,1108,2380,2512,3052,1218,1761,4464,5169,5390,3119,2159,1571,2924,4335,5770,2451,5131,5041,6937,2243,4513,6819,2141,6493,1159,3317,5502,4221,5812,4923,6244,6806,4360,4515,3249,4327,6187,3264,4858,2629,4152,1293,2974,5906,2302,1060,1167,4574,1000,5276,1312,2520,5213,2507,5374,3928,3722,3648,2871,2977,3633,4752,6976,4067,2433,5302,3660,3685,5835,5167,4425,6245,6402,6766,2256,4645,1889,1985,2761,1994,1667,6924,4585,3090,3085,4674,2951,2194,5435,6663,1215,3716,5740,1183,1457,5240,5900,1884,5929,1132,4104,4799,6112,2757,6684,3059,3236,4579,1297,6800,4030,5053,1539,6856,5177,2616,3552,3169,2955,2082,2973,4340,2739,2613,6771,3039,3187,4161,1310,4159,2847,1208,2097,4894,5788,4323,2866,1439,2601,1760,2652,4925,1460,3259,4127,5336,1382,1303,5226,5535,4531,2812,3477,1297,1536,5823,2437,1169,1241,1141,2489,3574,5353,2710,2916,2061,2430,6228,4698,6214,6199,4688,3185,3837,1095,2405,5042,3798,5456,1632,4478,6621,2009,5554,3128,3413,2725,1861,6977,5554,2310,6445,6115,5043,2120,6438,6966,6524,1166,6668,4968,4244,5827,2930,1229,1869,2109,1106,5878,5026,1410,6084,6316,2870,2699,5182,2585,4869,2583,6275,4448,5285,4567,1280,1744,3830,2027,6414,5349,3417,3016,1198,4896,5614,6602,3877,2852,3195,2842,5852,6418,4577,5525,4004,5262,1164,2889,2659,1040,6469,3601,4127,4197,4087,3274,3805,1006,5988,3039,4461,5998,5953,5758,1499,6920,4756,4951,2558,1913,5818,3067,6792,2958,1682,3117,6473,1136,5400,2699,2864,4991,4540,3559,5929,4428,6642,6468,4110,5678,1224,2275,6090,3850,1116,3886,5765,2084,3947,3427,3963,4739,6556,3748,2850,2876,1486,1569,5267,1312,4601,1043,5526,4704,2331,1779,5386,5994,5152,4650,3710,6755,3206,4670,4528,3027,4311,6598,3035,4867,4044,4833,1983,3751,6830,4711,4549 /tmp/1646332846251.txt 2 ./1646332536131.json ./1646332536126.json
AD REPEATABILITY OF ONE-SLOT METHOD : 360
0.19217

[One slot] ALLOCATING WITH RANDOM METHOD: 360
0.36276

[Multi slots] ALLOCATING WITH RANDOM METHOD: 360
AD REPEATABILITY OF RANDOM METHOD: 360
0.93806

allocated
{'VFS_one_method': [0], 'VFS_multi_method': [0], 'new_method': [360], 'oneslot_method': [160]}
adrepp
{'VFS_one_method': ['0.36276'], 'VFS_multi_method': ['0.93806'], 'new_method': ['0.20933'], 'oneslot_method': ['0.19217']}
revenue
{'VFS_one_method': [], 'VFS_multi_method': [], 'new_method': [], 'oneslot_method': []}
got patterns
sorted patterns
started allocation
Allocation accuracy: 380
total views sold: 1516160
Allocation accuracy new method: 380
0.0
got patterns
sorted patterns
started allocation
Allocation accuracy: 156
total views sold: 654555
Allocation accuracy new method: 156
('META_DATA_FILE_PATH', '/home/preetham_sathineni/adslot/web_page_meta_dict_adslots_1_dataset_bmspostxt.pkl')
/tmp/1646333507923.txt
Allocation accuracy: 65
total views sold: 413810
('META_DATA_FILE_PATH', '/home/preetham_sathineni/adslot/web_page_meta_dict_adslots_3_dataset_bmspostxt.pkl')
/tmp/1646333509087.txt
Allocation accuracy: 228
total views sold: 1170367
###############     ARGUMENTS     ############
['plot_results.py', '../test1/bmspos_minfreq_0.002_maxcs_1_maxor_0.01/patterns.txt', '../CMineMR-Mapreduce-algorithm-to-extract-coverage-patterns-master/dataset/bmspos.txt', '380', '4000', '3000', '3']
##############################################
web_page_to_adv_json_file : ./1646332996961.json
allocated_adslots_file: ./1646332996965.json
python alloc_fresh.py ../test1/bmspos_minfreq_0.002_maxcs_1_maxor_0.01/patterns.txt /home/preetham_sathineni/adslot/web_page_meta_dict_adslots_3_dataset_bmspostxt.pkl /home/preetham_sathineni/adslot/web_page_freq_sorted_adslots_3_dataset_bmspostxt.pkl 5083,4963,2104,4045,6493,2947,4881,3764,6805,5824,2965,1321,1371,5198,2847,3232,2821,3535,4902,6150,5322,1342,3158,4222,5484,1103,1614,4477,5569,3803,6831,4227,4375,2003,3231,2619,6509,2174,3735,2843,5006,4568,3186,5130,5256,2257,5503,5449,4672,6525,3260,4191,1589,3245,6354,4996,1478,5628,3012,3791,5597,2872,5262,1274,5183,3440,1871,4618,6124,1063,5980,2685,5284,2512,1983,3928,3756,2650,5305,5856,1579,4735,5762,5310,1884,3612,3644,5821,6949,4392,2687,1478,6991,1257,1853,5251,1219,5315,3425,5659,2992,6233,5126,6092,4230,4667,4599,4876,1492,4420,4310,3595,4963,4899,1095,4417,3758,5211,3083,2227,2061,6080,2343,4513,1655,5989,2880,2611,5828,6240,2623,6817,1042,6562,5713,5207,4578,4530,2896,2689,4295,4500,5839,3196,5151,3990,3035,2063,3748,6951,6918,2590,5872,2892,1389,2334,3866,2016,2955,6593,3192,1607,5786,6020,1298,3919,5411,4300,1490,4633,2491,5680,6253,5477,5700,2875,4263,5981,6786,4313,2342,3850,3928,6913,6907,3608,3747,2238,4743,5766,2730,4131,3120,4460,5010,1540,1578,5937,5756,3189,2751,6553,5236,3398,3593,4888,6479,5190,5840,3665,1321,3161,5494,4262,3674,4731,2169,2395,1045,4972,2921,6402,4149,1547,1753,1716,3008,4840,5447,5418,3757,6887,6243,2611,3479,4122,6169,6326,1038,4244,2530,3407,2726,2246,2187,4850,1871,4336,1662,1497,3742,1326,3711,6301,4979,6260,6878,5800,1202,5476,1745,3263,2254,2815,5883,1607,6956,3815,5043,4855,3946,4882,2931,4220,1964,5221,3206,2293,2916,2328,5146,5488,3357,6814,1052,4843,3744,4879,5622,5341,6880,4394,5627,2227,3193,4943,4224,2607,1970,1874,3660,6137,2064,3432,3232,1838,5021,1692,2284,6950,5624,1398,2149,3568,6559,5920,5282,5608,6917,4693,5362,1603,2722,1367,2213,5515,1907,3654,2781,5695,6230,1002,1159,4896,2635,6578,2415,3434,3566,6271,2768,2297,3257,1363,1835,5589,5022,5563,2605,4035,6608,3308,3195,4744,3377,1598,6260,2235,1570,5860,1684,4473,3090,5207,6050,4778,2904,2122,5229,4023,4083,6374,3721,3197,3772,4022,3902,6561,5841,3399 /tmp/1646332996969.txt 2 ./1646332996965.json ./1646332996961.json
AD REPEATABILITY OF OUR NEW METHOD : 380
0.26426

ALLOCATING WITH OUR OLD METHOD: 380
python alloc_fresh.py ../test1/bmspos_minfreq_0.002_maxcs_1_maxor_0.01/patterns.txt /home/preetham_sathineni/adslot/web_page_meta_dict_adslots_1_dataset_bmspostxt.pkl /home/preetham_sathineni/adslot/web_page_freq_sorted_adslots_1_dataset_bmspostxt.pkl 5083,4963,2104,4045,6493,2947,4881,3764,6805,5824,2965,1321,1371,5198,2847,3232,2821,3535,4902,6150,5322,1342,3158,4222,5484,1103,1614,4477,5569,3803,6831,4227,4375,2003,3231,2619,6509,2174,3735,2843,5006,4568,3186,5130,5256,2257,5503,5449,4672,6525,3260,4191,1589,3245,6354,4996,1478,5628,3012,3791,5597,2872,5262,1274,5183,3440,1871,4618,6124,1063,5980,2685,5284,2512,1983,3928,3756,2650,5305,5856,1579,4735,5762,5310,1884,3612,3644,5821,6949,4392,2687,1478,6991,1257,1853,5251,1219,5315,3425,5659,2992,6233,5126,6092,4230,4667,4599,4876,1492,4420,4310,3595,4963,4899,1095,4417,3758,5211,3083,2227,2061,6080,2343,4513,1655,5989,2880,2611,5828,6240,2623,6817,1042,6562,5713,5207,4578,4530,2896,2689,4295,4500,5839,3196,5151,3990,3035,2063,3748,6951,6918,2590,5872,2892,1389,2334,3866,2016,2955,6593,3192,1607,5786,6020,1298,3919,5411,4300,1490,4633,2491,5680,6253,5477,5700,2875,4263,5981,6786,4313,2342,3850,3928,6913,6907,3608,3747,2238,4743,5766,2730,4131,3120,4460,5010,1540,1578,5937,5756,3189,2751,6553,5236,3398,3593,4888,6479,5190,5840,3665,1321,3161,5494,4262,3674,4731,2169,2395,1045,4972,2921,6402,4149,1547,1753,1716,3008,4840,5447,5418,3757,6887,6243,2611,3479,4122,6169,6326,1038,4244,2530,3407,2726,2246,2187,4850,1871,4336,1662,1497,3742,1326,3711,6301,4979,6260,6878,5800,1202,5476,1745,3263,2254,2815,5883,1607,6956,3815,5043,4855,3946,4882,2931,4220,1964,5221,3206,2293,2916,2328,5146,5488,3357,6814,1052,4843,3744,4879,5622,5341,6880,4394,5627,2227,3193,4943,4224,2607,1970,1874,3660,6137,2064,3432,3232,1838,5021,1692,2284,6950,5624,1398,2149,3568,6559,5920,5282,5608,6917,4693,5362,1603,2722,1367,2213,5515,1907,3654,2781,5695,6230,1002,1159,4896,2635,6578,2415,3434,3566,6271,2768,2297,3257,1363,1835,5589,5022,5563,2605,4035,6608,3308,3195,4744,3377,1598,6260,2235,1570,5860,1684,4473,3090,5207,6050,4778,2904,2122,5229,4023,4083,6374,3721,3197,3772,4022,3902,6561,5841,3399 /tmp/1646333353745.txt 2 ./1646332996965.json ./1646332996961.json
AD REPEATABILITY OF ONE-SLOT METHOD : 380
0.1921

[One slot] ALLOCATING WITH RANDOM METHOD: 380
0.42363

[Multi slots] ALLOCATING WITH RANDOM METHOD: 380
AD REPEATABILITY OF RANDOM METHOD: 380
1.06679

allocated
{'VFS_one_method': [0], 'VFS_multi_method': [0], 'new_method': [380], 'oneslot_method': [156]}
adrepp
{'VFS_one_method': ['0.42363'], 'VFS_multi_method': ['1.06679'], 'new_method': ['0.26426'], 'oneslot_method': ['0.1921']}
revenue
{'VFS_one_method': [], 'VFS_multi_method': [], 'new_method': [], 'oneslot_method': []}
got patterns
sorted patterns
started allocation
Allocation accuracy: 400
total views sold: 1608717
Allocation accuracy new method: 400
0.0
got patterns
sorted patterns
started allocation
Allocation accuracy: 163
total views sold: 658835
Allocation accuracy new method: 163
('META_DATA_FILE_PATH', '/home/preetham_sathineni/adslot/web_page_meta_dict_adslots_1_dataset_bmspostxt.pkl')
/tmp/1646333944543.txt
Allocation accuracy: 66
total views sold: 427422
('META_DATA_FILE_PATH', '/home/preetham_sathineni/adslot/web_page_meta_dict_adslots_3_dataset_bmspostxt.pkl')
/tmp/1646333945707.txt
Allocation accuracy: 221
total views sold: 1181984
###############     ARGUMENTS     ############
['plot_results.py', '../test1/bmspos_minfreq_0.002_maxcs_1_maxor_0.01/patterns.txt', '../CMineMR-Mapreduce-algorithm-to-extract-coverage-patterns-master/dataset/bmspos.txt', '400', '4000', '3000', '3']
##############################################
web_page_to_adv_json_file : ./1646333511761.json
allocated_adslots_file: ./1646333511766.json
python alloc_fresh.py ../test1/bmspos_minfreq_0.002_maxcs_1_maxor_0.01/patterns.txt /home/preetham_sathineni/adslot/web_page_meta_dict_adslots_3_dataset_bmspostxt.pkl /home/preetham_sathineni/adslot/web_page_freq_sorted_adslots_3_dataset_bmspostxt.pkl 3182,4586,1037,4446,2360,3315,6865,2431,2160,5124,1834,5392,6202,2359,4504,5304,4803,6582,5528,3664,1876,6924,2494,2160,1620,3869,4218,5911,5905,6291,6553,5137,5818,2799,2461,2761,2654,4027,6077,1347,6000,4705,1089,5170,1396,3234,1907,3500,4585,3076,4645,1550,5948,2103,4962,1399,3429,2254,1574,2428,6728,3136,3989,1133,4589,6969,5855,6742,3991,6311,3289,1997,4905,5854,3839,5718,5794,6222,4697,4038,4333,5000,4453,1755,2049,1983,5662,6022,5028,3952,3234,3704,6094,6701,5866,4687,3874,1191,4316,2043,3328,2224,5049,3862,2985,4117,4736,2839,2772,3892,4725,3404,2826,6726,1105,5283,6031,4241,1450,5119,5482,4273,1098,2373,6485,3139,2888,2323,3274,6734,3731,1800,4344,5330,3763,3139,6423,4406,2631,2061,4022,4578,4600,5707,6448,2533,4309,5493,2786,2355,4324,2914,3558,5716,5855,2546,4111,3094,5337,5210,6434,1721,4054,6924,4461,3283,6432,4872,4237,1383,3347,5052,2827,4918,3538,1550,5497,3455,5053,3923,5344,4458,3594,3636,6865,2520,5512,1261,3558,1323,4752,5225,3094,3834,6345,5842,5918,1269,6085,4033,6727,6247,2759,3541,6115,5098,5508,5892,2650,5883,3876,4932,3517,6203,5613,3392,1737,6938,4126,6997,3970,6587,6203,6200,6394,2217,5189,5305,3284,3453,2598,5837,2309,3886,6788,3711,1812,6895,1192,3226,3631,6027,1616,1327,5321,5724,5945,6953,3506,4524,2537,4977,5560,3796,4360,3986,5807,4924,2276,2730,4522,3819,2422,6391,5898,2888,4494,2180,1718,1742,2810,5874,6370,1016,3226,3628,1468,3659,1661,5079,1573,1274,5072,5388,5767,5091,3091,6059,5170,2558,2388,3222,1267,5262,6187,4640,1251,2693,5603,6062,6043,2194,1139,1409,4834,6973,2653,5476,3997,1159,3337,2709,1834,6257,6591,3616,2611,1465,3750,5036,5362,1468,1713,5593,3801,1871,3532,3642,3324,6016,2010,2883,2545,1127,5727,1247,6573,2336,1147,1440,1797,2391,5068,1874,5131,1142,3149,2710,4098,1605,4609,6803,1417,6137,2031,3305,5340,4714,6936,6430,2340,6591,6536,1189,3894,6944,6367,4859,1084,6713,5700,1621,1021,3976,6883,6664,4347,3445,5265,5258,3459,3259,3038,2694,2820,2235,4724,4736,4921,2349,1192,1767,6459,4386,5273,5679,1130,4907,4609,3826 /tmp/1646333511771.txt 2 ./1646333511766.json ./1646333511761.json
AD REPEATABILITY OF OUR NEW METHOD : 400
0.30465

ALLOCATING WITH OUR OLD METHOD: 400
python alloc_fresh.py ../test1/bmspos_minfreq_0.002_maxcs_1_maxor_0.01/patterns.txt /home/preetham_sathineni/adslot/web_page_meta_dict_adslots_1_dataset_bmspostxt.pkl /home/preetham_sathineni/adslot/web_page_freq_sorted_adslots_1_dataset_bmspostxt.pkl 3182,4586,1037,4446,2360,3315,6865,2431,2160,5124,1834,5392,6202,2359,4504,5304,4803,6582,5528,3664,1876,6924,2494,2160,1620,3869,4218,5911,5905,6291,6553,5137,5818,2799,2461,2761,2654,4027,6077,1347,6000,4705,1089,5170,1396,3234,1907,3500,4585,3076,4645,1550,5948,2103,4962,1399,3429,2254,1574,2428,6728,3136,3989,1133,4589,6969,5855,6742,3991,6311,3289,1997,4905,5854,3839,5718,5794,6222,4697,4038,4333,5000,4453,1755,2049,1983,5662,6022,5028,3952,3234,3704,6094,6701,5866,4687,3874,1191,4316,2043,3328,2224,5049,3862,2985,4117,4736,2839,2772,3892,4725,3404,2826,6726,1105,5283,6031,4241,1450,5119,5482,4273,1098,2373,6485,3139,2888,2323,3274,6734,3731,1800,4344,5330,3763,3139,6423,4406,2631,2061,4022,4578,4600,5707,6448,2533,4309,5493,2786,2355,4324,2914,3558,5716,5855,2546,4111,3094,5337,5210,6434,1721,4054,6924,4461,3283,6432,4872,4237,1383,3347,5052,2827,4918,3538,1550,5497,3455,5053,3923,5344,4458,3594,3636,6865,2520,5512,1261,3558,1323,4752,5225,3094,3834,6345,5842,5918,1269,6085,4033,6727,6247,2759,3541,6115,5098,5508,5892,2650,5883,3876,4932,3517,6203,5613,3392,1737,6938,4126,6997,3970,6587,6203,6200,6394,2217,5189,5305,3284,3453,2598,5837,2309,3886,6788,3711,1812,6895,1192,3226,3631,6027,1616,1327,5321,5724,5945,6953,3506,4524,2537,4977,5560,3796,4360,3986,5807,4924,2276,2730,4522,3819,2422,6391,5898,2888,4494,2180,1718,1742,2810,5874,6370,1016,3226,3628,1468,3659,1661,5079,1573,1274,5072,5388,5767,5091,3091,6059,5170,2558,2388,3222,1267,5262,6187,4640,1251,2693,5603,6062,6043,2194,1139,1409,4834,6973,2653,5476,3997,1159,3337,2709,1834,6257,6591,3616,2611,1465,3750,5036,5362,1468,1713,5593,3801,1871,3532,3642,3324,6016,2010,2883,2545,1127,5727,1247,6573,2336,1147,1440,1797,2391,5068,1874,5131,1142,3149,2710,4098,1605,4609,6803,1417,6137,2031,3305,5340,4714,6936,6430,2340,6591,6536,1189,3894,6944,6367,4859,1084,6713,5700,1621,1021,3976,6883,6664,4347,3445,5265,5258,3459,3259,3038,2694,2820,2235,4724,4736,4921,2349,1192,1767,6459,4386,5273,5679,1130,4907,4609,3826 /tmp/1646333792531.txt 2 ./1646333511766.json ./1646333511761.json
AD REPEATABILITY OF ONE-SLOT METHOD : 400
0.19174

[One slot] ALLOCATING WITH RANDOM METHOD: 400
0.3891

[Multi slots] ALLOCATING WITH RANDOM METHOD: 400
AD REPEATABILITY OF RANDOM METHOD: 400
1.05553

allocated
{'VFS_one_method': [0], 'VFS_multi_method': [0], 'new_method': [400], 'oneslot_method': [163]}
adrepp
{'VFS_one_method': ['0.3891'], 'VFS_multi_method': ['1.05553'], 'new_method': ['0.30465'], 'oneslot_method': ['0.19174']}
revenue
{'VFS_one_method': [], 'VFS_multi_method': [], 'new_method': [], 'oneslot_method': []}
