limit 1 to 1
/tmp/1619775536760.txt
Allocation accuracy: 35
limit 2 to 5
/tmp/1619775538556.txt
Allocation accuracy: 122
###############     ARGUMENTS     ############
['plot_results.py', 'patterns/k100_patterns.txt', 'dataset/k100.txt', '300', '9000', '4000']
##############################################
web_page_to_adv_json_file : ./1619775536751.json
allocated_adslots_file: ./1619775536757.json
[One slot] ALLOCATING WITH RANDOM METHOD: 300
AD REPEATABILITY OF RANDOM METHOD: 300
0.43955

[Multi slots] ALLOCATING WITH RANDOM METHOD: 300
AD REPEATABILITY OF RANDOM METHOD: 300
1.95206

allocated
{'VFS_one_method': [36], 'VFS_multi_method': [123], 'new_method': [], 'oneslot_method': []}
adrepp
{'VFS_one_method': ['0.43955'], 'VFS_multi_method': ['1.95206'], 'new_method': [], 'oneslot_method': []}
revenue
{'VFS_one_method': [190084], 'VFS_multi_method': [800705], 'new_method': [], 'oneslot_method': []}
Traceback (most recent call last):
  File "plot_results.py", line 211, in <module>
    f.write(str(advertiser_lengths[i])+'  '+str(allocated['new_method'][i])+'  '+str(allocated['oneslot_method'][i])+'  '+str(allocated['VFS_one_method'][i])+'  '+str(allocated['VFS_multi_method'][i])+'\n')
IndexError: list index out of range
