==========================================
SLURM_JOB_ID = 392993
SLURM_NODELIST = gnode38
SLURM_JOB_GPUS = 
==========================================
Loaded all files
got patterns
Allocation accuracy new method: 800
views wasted:0
limit 1 to 1
/tmp/1621595690427.txt
Allocation accuracy: 58
limit 1 to 5
/tmp/1621595917718.txt
Allocation accuracy: 135
###############     ARGUMENTS     ############
['plot_results.py', 'patterns/k100_patterns.txt', 'dataset/k100.txt', '800', '12000', '5000']
##############################################
web_page_to_adv_json_file : ./1621595104832.json
allocated_adslots_file: ./1621595104847.json
ALLOCATING WITH OUR OLD METHOD: 800
AD REPEATABILITY OF ONE-SLOT METHOD : 800
0.0

[One slot] ALLOCATING WITH RANDOM METHOD: 800
AD REPEATABILITY OF RANDOM METHOD: 800
1.99016

[Multi slots] ALLOCATING WITH RANDOM METHOD: 800
AD REPEATABILITY OF RANDOM METHOD: 800
3.75401

allocated
{'VFS_one_method': [59], 'VFS_multi_method': [136], 'new_method': [], 'oneslot_method': [800]}
adrepp
{'VFS_one_method': ['1.99016'], 'VFS_multi_method': ['3.75401'], 'new_method': [], 'oneslot_method': ['0.0']}
revenue
{'VFS_one_method': [], 'VFS_multi_method': [], 'new_method': [], 'oneslot_method': []}
