limit 1 to 1
/tmp/1619775539776.txt
Allocation accuracy: 194
limit 2 to 5
/tmp/1619775542066.txt
Allocation accuracy: 300
###############     ARGUMENTS     ############
['plot_results.py', 'patterns/k100_patterns.txt', 'dataset/k100.txt', '300', '1000', '3000']
##############################################
web_page_to_adv_json_file : ./1619775539738.json
allocated_adslots_file: ./1619775539760.json
[One slot] ALLOCATING WITH RANDOM METHOD: 300
AD REPEATABILITY OF RANDOM METHOD: 300
0.06568

[Multi slots] ALLOCATING WITH RANDOM METHOD: 300
AD REPEATABILITY OF RANDOM METHOD: 300
0.4711

allocated
{'VFS_one_method': [194], 'VFS_multi_method': [300], 'new_method': [], 'oneslot_method': []}
adrepp
{'VFS_one_method': ['0.06568'], 'VFS_multi_method': ['0.4711'], 'new_method': [], 'oneslot_method': []}
revenue
{'VFS_one_method': [4593], 'VFS_multi_method': [312094], 'new_method': [], 'oneslot_method': []}
Traceback (most recent call last):
  File "plot_results.py", line 211, in <module>
    f.write(str(advertiser_lengths[i])+'  '+str(allocated['new_method'][i])+'  '+str(allocated['oneslot_method'][i])+'  '+str(allocated['VFS_one_method'][i])+'  '+str(allocated['VFS_multi_method'][i])+'\n')
IndexError: list index out of range
