==========================================
SLURM_JOB_ID = 620565
SLURM_NODELIST = gnode52
SLURM_JOB_GPUS = 2
==========================================
got patterns
sorted patterns
started allocation
Allocation accuracy: 20
total views sold: 148210
Allocation accuracy new method: 20
0.0
got patterns
sorted patterns
started allocation
Allocation accuracy: 20
total views sold: 148210
Allocation accuracy new method: 20
('META_DATA_FILE_PATH', '/home/preetham_sathineni/adslot/web_page_meta_dict_adslots_1_dataset_kosaraktxt.pkl')
/tmp/1646338176632.txt
Allocation accuracy: 20
total views sold: 148210
('META_DATA_FILE_PATH', '/home/preetham_sathineni/adslot/web_page_meta_dict_adslots_3_dataset_kosaraktxt.pkl')
/tmp/1646338183455.txt
Allocation accuracy: 20
total views sold: 148210
###############     ARGUMENTS     ############
['plot_results.py', '../test1/kosarak_minfreq_0.005_maxcs_1_maxor_0.04/patterns.txt', '../CMineMR-Mapreduce-algorithm-to-extract-coverage-patterns-master/dataset/kosarak.txt', '20', '7000', '6000', '3']
##############################################
web_page_to_adv_json_file : ./1646338094366.json
allocated_adslots_file: ./1646338094850.json
python alloc_fresh.py ../test1/kosarak_minfreq_0.005_maxcs_1_maxor_0.04/patterns.txt /home/preetham_sathineni/adslot/web_page_meta_dict_adslots_3_dataset_kosaraktxt.pkl /home/preetham_sathineni/adslot/web_page_freq_sorted_adslots_3_dataset_kosaraktxt.pkl 9718,11025,6049,4814,7577,3397,3902,12884,4650,7000,11274,3018,9492,7980,10073,7016,4055,4536,11755,7995 /tmp/1646338095167.txt 2 ./1646338094850.json ./1646338094366.json
AD REPEATABILITY OF OUR NEW METHOD : 20
0.01145

ALLOCATING WITH OUR OLD METHOD: 20
python alloc_fresh.py ../test1/kosarak_minfreq_0.005_maxcs_1_maxor_0.04/patterns.txt /home/preetham_sathineni/adslot/web_page_meta_dict_adslots_1_dataset_kosaraktxt.pkl /home/preetham_sathineni/adslot/web_page_freq_sorted_adslots_1_dataset_kosaraktxt.pkl 9718,11025,6049,4814,7577,3397,3902,12884,4650,7000,11274,3018,9492,7980,10073,7016,4055,4536,11755,7995 /tmp/1646338162535.txt 2 ./1646338094850.json ./1646338094366.json
AD REPEATABILITY OF ONE-SLOT METHOD : 20
0.0512

[One slot] ALLOCATING WITH RANDOM METHOD: 20
0.75365

[Multi slots] ALLOCATING WITH RANDOM METHOD: 20
AD REPEATABILITY OF RANDOM METHOD: 20
0.89906

allocated
{'VFS_one_method': [0], 'VFS_multi_method': [0], 'new_method': [20], 'oneslot_method': [20]}
adrepp
{'VFS_one_method': ['0.75365'], 'VFS_multi_method': ['0.89906'], 'new_method': ['0.01145'], 'oneslot_method': ['0.0512']}
revenue
{'VFS_one_method': [], 'VFS_multi_method': [], 'new_method': [], 'oneslot_method': []}
got patterns
sorted patterns
started allocation
Allocation accuracy: 40
total views sold: 266668
Allocation accuracy new method: 40
0.0
got patterns
sorted patterns
started allocation
Allocation accuracy: 40
total views sold: 266668
Allocation accuracy new method: 40
('META_DATA_FILE_PATH', '/home/preetham_sathineni/adslot/web_page_meta_dict_adslots_1_dataset_kosaraktxt.pkl')
/tmp/1646338407631.txt
Allocation accuracy: 40
total views sold: 266668
('META_DATA_FILE_PATH', '/home/preetham_sathineni/adslot/web_page_meta_dict_adslots_3_dataset_kosaraktxt.pkl')
/tmp/1646338416194.txt
Allocation accuracy: 40
total views sold: 266668
###############     ARGUMENTS     ############
['plot_results.py', '../test1/kosarak_minfreq_0.005_maxcs_1_maxor_0.04/patterns.txt', '../CMineMR-Mapreduce-algorithm-to-extract-coverage-patterns-master/dataset/kosarak.txt', '40', '7000', '6000', '3']
##############################################
web_page_to_adv_json_file : ./1646338310266.json
allocated_adslots_file: ./1646338310509.json
python alloc_fresh.py ../test1/kosarak_minfreq_0.005_maxcs_1_maxor_0.04/patterns.txt /home/preetham_sathineni/adslot/web_page_meta_dict_adslots_3_dataset_kosaraktxt.pkl /home/preetham_sathineni/adslot/web_page_freq_sorted_adslots_3_dataset_kosaraktxt.pkl 7187,1178,6892,2353,6517,12826,3207,6398,9550,12942,9779,10914,10243,7213,7438,8234,4756,2006,2763,12580,6821,12513,4386,2959,5511,6248,10944,4586,8848,11846,2900,4908,4532,3499,6549,3881,1970,8912,7727,2152 /tmp/1646338310765.txt 2 ./1646338310509.json ./1646338310266.json
AD REPEATABILITY OF OUR NEW METHOD : 40
0.01606

ALLOCATING WITH OUR OLD METHOD: 40
python alloc_fresh.py ../test1/kosarak_minfreq_0.005_maxcs_1_maxor_0.04/patterns.txt /home/preetham_sathineni/adslot/web_page_meta_dict_adslots_1_dataset_kosaraktxt.pkl /home/preetham_sathineni/adslot/web_page_freq_sorted_adslots_1_dataset_kosaraktxt.pkl 7187,1178,6892,2353,6517,12826,3207,6398,9550,12942,9779,10914,10243,7213,7438,8234,4756,2006,2763,12580,6821,12513,4386,2959,5511,6248,10944,4586,8848,11846,2900,4908,4532,3499,6549,3881,1970,8912,7727,2152 /tmp/1646338380285.txt 2 ./1646338310509.json ./1646338310266.json
AD REPEATABILITY OF ONE-SLOT METHOD : 40
0.38285

[One slot] ALLOCATING WITH RANDOM METHOD: 40
1.12486

[Multi slots] ALLOCATING WITH RANDOM METHOD: 40
AD REPEATABILITY OF RANDOM METHOD: 40
1.38059

allocated
{'VFS_one_method': [0], 'VFS_multi_method': [0], 'new_method': [40], 'oneslot_method': [40]}
adrepp
{'VFS_one_method': ['1.12486'], 'VFS_multi_method': ['1.38059'], 'new_method': ['0.01606'], 'oneslot_method': ['0.38285']}
revenue
{'VFS_one_method': [], 'VFS_multi_method': [], 'new_method': [], 'oneslot_method': []}
got patterns
sorted patterns
started allocation
Allocation accuracy: 60
total views sold: 388550
Allocation accuracy new method: 60
0.0
got patterns
sorted patterns
started allocation
Allocation accuracy: 60
total views sold: 388550
Allocation accuracy new method: 60
('META_DATA_FILE_PATH', '/home/preetham_sathineni/adslot/web_page_meta_dict_adslots_1_dataset_kosaraktxt.pkl')
/tmp/1646338636484.txt
Allocation accuracy: 60
total views sold: 388550
('META_DATA_FILE_PATH', '/home/preetham_sathineni/adslot/web_page_meta_dict_adslots_3_dataset_kosaraktxt.pkl')
/tmp/1646338648819.txt
Allocation accuracy: 60
total views sold: 388550
###############     ARGUMENTS     ############
['plot_results.py', '../test1/kosarak_minfreq_0.005_maxcs_1_maxor_0.04/patterns.txt', '../CMineMR-Mapreduce-algorithm-to-extract-coverage-patterns-master/dataset/kosarak.txt', '60', '7000', '6000', '3']
##############################################
web_page_to_adv_json_file : ./1646338535224.json
allocated_adslots_file: ./1646338535453.json
python alloc_fresh.py ../test1/kosarak_minfreq_0.005_maxcs_1_maxor_0.04/patterns.txt /home/preetham_sathineni/adslot/web_page_meta_dict_adslots_3_dataset_kosaraktxt.pkl /home/preetham_sathineni/adslot/web_page_freq_sorted_adslots_3_dataset_kosaraktxt.pkl 5164,3958,4569,1524,10416,8545,12367,9742,8683,8179,6188,1086,2800,5162,9114,9909,4043,4394,1554,9272,6087,8009,4770,10235,9142,7753,2615,4641,1609,1020,1673,4989,12588,4776,6411,10244,11060,11210,12155,3904,1117,1780,3557,9874,3263,12270,3998,3007,5441,5020,6036,10534,4193,10436,11899,6002,4109,2557,12623,9274 /tmp/1646338535673.txt 2 ./1646338535453.json ./1646338535224.json
AD REPEATABILITY OF OUR NEW METHOD : 60
0.11917

ALLOCATING WITH OUR OLD METHOD: 60
python alloc_fresh.py ../test1/kosarak_minfreq_0.005_maxcs_1_maxor_0.04/patterns.txt /home/preetham_sathineni/adslot/web_page_meta_dict_adslots_1_dataset_kosaraktxt.pkl /home/preetham_sathineni/adslot/web_page_freq_sorted_adslots_1_dataset_kosaraktxt.pkl 5164,3958,4569,1524,10416,8545,12367,9742,8683,8179,6188,1086,2800,5162,9114,9909,4043,4394,1554,9272,6087,8009,4770,10235,9142,7753,2615,4641,1609,1020,1673,4989,12588,4776,6411,10244,11060,11210,12155,3904,1117,1780,3557,9874,3263,12270,3998,3007,5441,5020,6036,10534,4193,10436,11899,6002,4109,2557,12623,9274 /tmp/1646338606173.txt 2 ./1646338535453.json ./1646338535224.json
AD REPEATABILITY OF ONE-SLOT METHOD : 60
0.89022

[One slot] ALLOCATING WITH RANDOM METHOD: 60
1.87569

[Multi slots] ALLOCATING WITH RANDOM METHOD: 60
AD REPEATABILITY OF RANDOM METHOD: 60
2.03367

allocated
{'VFS_one_method': [0], 'VFS_multi_method': [0], 'new_method': [60], 'oneslot_method': [60]}
adrepp
{'VFS_one_method': ['1.87569'], 'VFS_multi_method': ['2.03367'], 'new_method': ['0.11917'], 'oneslot_method': ['0.89022']}
revenue
{'VFS_one_method': [], 'VFS_multi_method': [], 'new_method': [], 'oneslot_method': []}
got patterns
sorted patterns
started allocation
Allocation accuracy: 80
total views sold: 545758
Allocation accuracy new method: 80
0.0
got patterns
sorted patterns
started allocation
Allocation accuracy: 80
total views sold: 545758
Allocation accuracy new method: 80
('META_DATA_FILE_PATH', '/home/preetham_sathineni/adslot/web_page_meta_dict_adslots_1_dataset_kosaraktxt.pkl')
/tmp/1646338875757.txt
Allocation accuracy: 46
total views sold: 428135
('META_DATA_FILE_PATH', '/home/preetham_sathineni/adslot/web_page_meta_dict_adslots_3_dataset_kosaraktxt.pkl')
/tmp/1646338888266.txt
Allocation accuracy: 80
total views sold: 545758
###############     ARGUMENTS     ############
['plot_results.py', '../test1/kosarak_minfreq_0.005_maxcs_1_maxor_0.04/patterns.txt', '../CMineMR-Mapreduce-algorithm-to-extract-coverage-patterns-master/dataset/kosarak.txt', '80', '7000', '6000', '3']
##############################################
web_page_to_adv_json_file : ./1646338782938.json
allocated_adslots_file: ./1646338783412.json
python alloc_fresh.py ../test1/kosarak_minfreq_0.005_maxcs_1_maxor_0.04/patterns.txt /home/preetham_sathineni/adslot/web_page_meta_dict_adslots_3_dataset_kosaraktxt.pkl /home/preetham_sathineni/adslot/web_page_freq_sorted_adslots_3_dataset_kosaraktxt.pkl 11825,9589,5023,9475,8281,10688,10807,7187,11910,8433,6417,12041,2648,4075,2120,10690,8782,9792,4307,4048,1374,8983,3846,3094,9036,2291,2317,7050,9401,5220,8599,9406,5815,9972,5281,11545,5092,7195,12891,12253,10456,10885,10609,2975,7930,11401,1115,2728,5149,1379,8275,6295,2890,5710,7707,1291,6307,2264,2190,2348,9079,8327,2287,5677,7337,6362,11245,1186,8866,9971,6462,6551,2891,6202,5615,11484,3700,10677,9661,3475 /tmp/1646338783725.txt 2 ./1646338783412.json ./1646338782938.json
AD REPEATABILITY OF OUR NEW METHOD : 80
0.5547

ALLOCATING WITH OUR OLD METHOD: 80
python alloc_fresh.py ../test1/kosarak_minfreq_0.005_maxcs_1_maxor_0.04/patterns.txt /home/preetham_sathineni/adslot/web_page_meta_dict_adslots_1_dataset_kosaraktxt.pkl /home/preetham_sathineni/adslot/web_page_freq_sorted_adslots_1_dataset_kosaraktxt.pkl 11825,9589,5023,9475,8281,10688,10807,7187,11910,8433,6417,12041,2648,4075,2120,10690,8782,9792,4307,4048,1374,8983,3846,3094,9036,2291,2317,7050,9401,5220,8599,9406,5815,9972,5281,11545,5092,7195,12891,12253,10456,10885,10609,2975,7930,11401,1115,2728,5149,1379,8275,6295,2890,5710,7707,1291,6307,2264,2190,2348,9079,8327,2287,5677,7337,6362,11245,1186,8866,9971,6462,6551,2891,6202,5615,11484,3700,10677,9661,3475 /tmp/1646338851292.txt 2 ./1646338783412.json ./1646338782938.json
AD REPEATABILITY OF ONE-SLOT METHOD : 80
1.6321

[One slot] ALLOCATING WITH RANDOM METHOD: 80
2.26195

[Multi slots] ALLOCATING WITH RANDOM METHOD: 80
AD REPEATABILITY OF RANDOM METHOD: 80
2.53402

allocated
{'VFS_one_method': [0], 'VFS_multi_method': [0], 'new_method': [80], 'oneslot_method': [80]}
adrepp
{'VFS_one_method': ['2.26195'], 'VFS_multi_method': ['2.53402'], 'new_method': ['0.5547'], 'oneslot_method': ['1.6321']}
revenue
{'VFS_one_method': [], 'VFS_multi_method': [], 'new_method': [], 'oneslot_method': []}
got patterns
sorted patterns
started allocation
Allocation accuracy: 100
total views sold: 722158
Allocation accuracy new method: 100
0.0
got patterns
sorted patterns
started allocation
Allocation accuracy: 56
total views sold: 529681
Allocation accuracy new method: 56
('META_DATA_FILE_PATH', '/home/preetham_sathineni/adslot/web_page_meta_dict_adslots_1_dataset_kosaraktxt.pkl')
/tmp/1646339128578.txt
Allocation accuracy: 39
total views sold: 405600
('META_DATA_FILE_PATH', '/home/preetham_sathineni/adslot/web_page_meta_dict_adslots_3_dataset_kosaraktxt.pkl')
/tmp/1646339140286.txt
Allocation accuracy: 100
total views sold: 722158
###############     ARGUMENTS     ############
['plot_results.py', '../test1/kosarak_minfreq_0.005_maxcs_1_maxor_0.04/patterns.txt', '../CMineMR-Mapreduce-algorithm-to-extract-coverage-patterns-master/dataset/kosarak.txt', '100', '7000', '6000', '3']
##############################################
web_page_to_adv_json_file : ./1646339036235.json
allocated_adslots_file: ./1646339036640.json
python alloc_fresh.py ../test1/kosarak_minfreq_0.005_maxcs_1_maxor_0.04/patterns.txt /home/preetham_sathineni/adslot/web_page_meta_dict_adslots_3_dataset_kosaraktxt.pkl /home/preetham_sathineni/adslot/web_page_freq_sorted_adslots_3_dataset_kosaraktxt.pkl 4460,8679,5530,4145,1052,3352,4988,11801,9498,12072,2670,11278,7645,8418,4967,9888,7764,5818,1617,9778,8412,6868,7829,9301,6847,3007,8959,5089,7024,3557,8145,2302,12044,10966,5813,8065,1209,3906,12803,9062,2011,8583,4956,9872,11890,10294,2987,7279,8059,11069,5138,9821,4388,8454,9436,12280,11122,11056,7311,6084,7775,4794,11808,7732,7294,9773,4230,7341,6193,9326,10707,8956,3537,12103,6688,11215,10774,2888,2715,7591,9285,3667,8186,10300,2803,5581,9190,10628,1487,7322,7790,11578,3587,10062,5903,1843,9889,4247,3445,3207 /tmp/1646339037041.txt 2 ./1646339036640.json ./1646339036235.json
AD REPEATABILITY OF OUR NEW METHOD : 100
1.32927

ALLOCATING WITH OUR OLD METHOD: 100
python alloc_fresh.py ../test1/kosarak_minfreq_0.005_maxcs_1_maxor_0.04/patterns.txt /home/preetham_sathineni/adslot/web_page_meta_dict_adslots_1_dataset_kosaraktxt.pkl /home/preetham_sathineni/adslot/web_page_freq_sorted_adslots_1_dataset_kosaraktxt.pkl 4460,8679,5530,4145,1052,3352,4988,11801,9498,12072,2670,11278,7645,8418,4967,9888,7764,5818,1617,9778,8412,6868,7829,9301,6847,3007,8959,5089,7024,3557,8145,2302,12044,10966,5813,8065,1209,3906,12803,9062,2011,8583,4956,9872,11890,10294,2987,7279,8059,11069,5138,9821,4388,8454,9436,12280,11122,11056,7311,6084,7775,4794,11808,7732,7294,9773,4230,7341,6193,9326,10707,8956,3537,12103,6688,11215,10774,2888,2715,7591,9285,3667,8186,10300,2803,5581,9190,10628,1487,7322,7790,11578,3587,10062,5903,1843,9889,4247,3445,3207 /tmp/1646339105230.txt 2 ./1646339036640.json ./1646339036235.json
AD REPEATABILITY OF ONE-SLOT METHOD : 100
2.03976

[One slot] ALLOCATING WITH RANDOM METHOD: 100
2.49081

[Multi slots] ALLOCATING WITH RANDOM METHOD: 100
AD REPEATABILITY OF RANDOM METHOD: 100
3.64361

allocated
{'VFS_one_method': [0], 'VFS_multi_method': [0], 'new_method': [100], 'oneslot_method': [56]}
adrepp
{'VFS_one_method': ['2.49081'], 'VFS_multi_method': ['3.64361'], 'new_method': ['1.32927'], 'oneslot_method': ['2.03976']}
revenue
{'VFS_one_method': [], 'VFS_multi_method': [], 'new_method': [], 'oneslot_method': []}
got patterns
sorted patterns
started allocation
Allocation accuracy: 120
total views sold: 857326
Allocation accuracy new method: 120
0.0
got patterns
sorted patterns
started allocation
Allocation accuracy: 51
total views sold: 509014
Allocation accuracy new method: 51
('META_DATA_FILE_PATH', '/home/preetham_sathineni/adslot/web_page_meta_dict_adslots_1_dataset_kosaraktxt.pkl')
/tmp/1646339381773.txt
Allocation accuracy: 35
total views sold: 405990
('META_DATA_FILE_PATH', '/home/preetham_sathineni/adslot/web_page_meta_dict_adslots_3_dataset_kosaraktxt.pkl')
/tmp/1646339394667.txt
Allocation accuracy: 120
total views sold: 857326
###############     ARGUMENTS     ############
['plot_results.py', '../test1/kosarak_minfreq_0.005_maxcs_1_maxor_0.04/patterns.txt', '../CMineMR-Mapreduce-algorithm-to-extract-coverage-patterns-master/dataset/kosarak.txt', '120', '7000', '6000', '3']
##############################################
web_page_to_adv_json_file : ./1646339282630.json
allocated_adslots_file: ./1646339282958.json
python alloc_fresh.py ../test1/kosarak_minfreq_0.005_maxcs_1_maxor_0.04/patterns.txt /home/preetham_sathineni/adslot/web_page_meta_dict_adslots_3_dataset_kosaraktxt.pkl /home/preetham_sathineni/adslot/web_page_freq_sorted_adslots_3_dataset_kosaraktxt.pkl 2062,10067,5369,6380,9501,10406,12297,6534,6704,12797,9111,6380,10442,2107,2951,5164,2105,10847,12952,11177,1614,8310,1170,4042,4847,12323,10766,10758,7856,8510,10712,10537,10914,8189,7336,2879,11625,11857,3915,12039,3268,10988,5916,4346,1788,2632,7604,11602,5956,5086,7988,4471,5423,10547,12423,5543,7874,6940,3804,6871,2701,12193,10059,3998,1601,12704,2483,9459,1852,2430,6930,6352,7764,1042,9865,6617,9048,10898,9036,6396,7077,10436,7707,2567,4659,4996,11697,11479,2931,11240,6405,9262,1223,12702,6465,12740,4206,3647,10204,2152,5001,12385,6218,10686,8193,7553,2759,2774,1425,4773,12842,8207,4161,3572,5316,3816,6169,12915,12860,1856 /tmp/1646339283330.txt 2 ./1646339282958.json ./1646339282630.json
AD REPEATABILITY OF OUR NEW METHOD : 120
1.86635

ALLOCATING WITH OUR OLD METHOD: 120
python alloc_fresh.py ../test1/kosarak_minfreq_0.005_maxcs_1_maxor_0.04/patterns.txt /home/preetham_sathineni/adslot/web_page_meta_dict_adslots_1_dataset_kosaraktxt.pkl /home/preetham_sathineni/adslot/web_page_freq_sorted_adslots_1_dataset_kosaraktxt.pkl 2062,10067,5369,6380,9501,10406,12297,6534,6704,12797,9111,6380,10442,2107,2951,5164,2105,10847,12952,11177,1614,8310,1170,4042,4847,12323,10766,10758,7856,8510,10712,10537,10914,8189,7336,2879,11625,11857,3915,12039,3268,10988,5916,4346,1788,2632,7604,11602,5956,5086,7988,4471,5423,10547,12423,5543,7874,6940,3804,6871,2701,12193,10059,3998,1601,12704,2483,9459,1852,2430,6930,6352,7764,1042,9865,6617,9048,10898,9036,6396,7077,10436,7707,2567,4659,4996,11697,11479,2931,11240,6405,9262,1223,12702,6465,12740,4206,3647,10204,2152,5001,12385,6218,10686,8193,7553,2759,2774,1425,4773,12842,8207,4161,3572,5316,3816,6169,12915,12860,1856 /tmp/1646339355665.txt 2 ./1646339282958.json ./1646339282630.json
AD REPEATABILITY OF ONE-SLOT METHOD : 120
2.242

[One slot] ALLOCATING WITH RANDOM METHOD: 120
2.59471

[Multi slots] ALLOCATING WITH RANDOM METHOD: 120
AD REPEATABILITY OF RANDOM METHOD: 120
4.67766

allocated
{'VFS_one_method': [0], 'VFS_multi_method': [0], 'new_method': [120], 'oneslot_method': [51]}
adrepp
{'VFS_one_method': ['2.59471'], 'VFS_multi_method': ['4.67766'], 'new_method': ['1.86635'], 'oneslot_method': ['2.242']}
revenue
{'VFS_one_method': [], 'VFS_multi_method': [], 'new_method': [], 'oneslot_method': []}
got patterns
sorted patterns
started allocation
Allocation accuracy: 140
total views sold: 911309
Allocation accuracy new method: 140
0.0
got patterns
sorted patterns
started allocation
Allocation accuracy: 57
total views sold: 518425
Allocation accuracy new method: 57
('META_DATA_FILE_PATH', '/home/preetham_sathineni/adslot/web_page_meta_dict_adslots_1_dataset_kosaraktxt.pkl')
/tmp/1646339658037.txt
Allocation accuracy: 36
total views sold: 412387
('META_DATA_FILE_PATH', '/home/preetham_sathineni/adslot/web_page_meta_dict_adslots_3_dataset_kosaraktxt.pkl')
/tmp/1646339671370.txt
Allocation accuracy: 140
total views sold: 911309
###############     ARGUMENTS     ############
['plot_results.py', '../test1/kosarak_minfreq_0.005_maxcs_1_maxor_0.04/patterns.txt', '../CMineMR-Mapreduce-algorithm-to-extract-coverage-patterns-master/dataset/kosarak.txt', '140', '7000', '6000', '3']
##############################################
web_page_to_adv_json_file : ./1646339561139.json
allocated_adslots_file: ./1646339561391.json
python alloc_fresh.py ../test1/kosarak_minfreq_0.005_maxcs_1_maxor_0.04/patterns.txt /home/preetham_sathineni/adslot/web_page_meta_dict_adslots_3_dataset_kosaraktxt.pkl /home/preetham_sathineni/adslot/web_page_freq_sorted_adslots_3_dataset_kosaraktxt.pkl 4045,7144,7805,1856,1214,6442,1224,10265,7017,6184,9052,1886,2001,10707,8361,4511,7697,2210,12796,2377,1135,1184,12586,6835,4131,2707,2196,11385,4131,8703,1275,3211,1768,4673,11000,7985,11640,12852,2999,4958,1577,6991,11603,5167,12939,12115,8642,9752,4234,4907,6964,4842,3465,12518,6729,4790,6504,5260,1888,4285,10123,10912,11844,3087,7989,7123,3710,1518,2828,12589,5363,3444,4565,2985,2726,6291,4890,4179,8511,12538,11265,3311,7460,9394,3566,3796,2092,3433,9736,7989,4229,11808,12191,3398,1657,1160,2841,6750,3550,7590,9702,2912,11925,4777,12217,5312,1693,6069,5449,8863,4394,11966,11451,9517,11129,7507,11094,8854,5993,7554,8213,9369,8505,6582,5661,12917,6414,12074,5270,9973,3107,8344,8819,1423,1557,12492,1062,6094,1932,11372 /tmp/1646339561579.txt 2 ./1646339561391.json ./1646339561139.json
AD REPEATABILITY OF OUR NEW METHOD : 140
1.75571

ALLOCATING WITH OUR OLD METHOD: 140
python alloc_fresh.py ../test1/kosarak_minfreq_0.005_maxcs_1_maxor_0.04/patterns.txt /home/preetham_sathineni/adslot/web_page_meta_dict_adslots_1_dataset_kosaraktxt.pkl /home/preetham_sathineni/adslot/web_page_freq_sorted_adslots_1_dataset_kosaraktxt.pkl 4045,7144,7805,1856,1214,6442,1224,10265,7017,6184,9052,1886,2001,10707,8361,4511,7697,2210,12796,2377,1135,1184,12586,6835,4131,2707,2196,11385,4131,8703,1275,3211,1768,4673,11000,7985,11640,12852,2999,4958,1577,6991,11603,5167,12939,12115,8642,9752,4234,4907,6964,4842,3465,12518,6729,4790,6504,5260,1888,4285,10123,10912,11844,3087,7989,7123,3710,1518,2828,12589,5363,3444,4565,2985,2726,6291,4890,4179,8511,12538,11265,3311,7460,9394,3566,3796,2092,3433,9736,7989,4229,11808,12191,3398,1657,1160,2841,6750,3550,7590,9702,2912,11925,4777,12217,5312,1693,6069,5449,8863,4394,11966,11451,9517,11129,7507,11094,8854,5993,7554,8213,9369,8505,6582,5661,12917,6414,12074,5270,9973,3107,8344,8819,1423,1557,12492,1062,6094,1932,11372 /tmp/1646339634836.txt 2 ./1646339561391.json ./1646339561139.json
AD REPEATABILITY OF ONE-SLOT METHOD : 140
2.18508

[One slot] ALLOCATING WITH RANDOM METHOD: 140
2.49086

[Multi slots] ALLOCATING WITH RANDOM METHOD: 140
AD REPEATABILITY OF RANDOM METHOD: 140
4.77893

allocated
{'VFS_one_method': [0], 'VFS_multi_method': [0], 'new_method': [140], 'oneslot_method': [57]}
adrepp
{'VFS_one_method': ['2.49086'], 'VFS_multi_method': ['4.77893'], 'new_method': ['1.75571'], 'oneslot_method': ['2.18508']}
revenue
{'VFS_one_method': [], 'VFS_multi_method': [], 'new_method': [], 'oneslot_method': []}
got patterns
sorted patterns
started allocation
Allocation accuracy: 160
total views sold: 1107063
Allocation accuracy new method: 160
0.0
got patterns
sorted patterns
started allocation
Allocation accuracy: 54
total views sold: 521618
Allocation accuracy new method: 54
('META_DATA_FILE_PATH', '/home/preetham_sathineni/adslot/web_page_meta_dict_adslots_1_dataset_kosaraktxt.pkl')
/tmp/1646339948544.txt
Allocation accuracy: 36
total views sold: 414969
('META_DATA_FILE_PATH', '/home/preetham_sathineni/adslot/web_page_meta_dict_adslots_3_dataset_kosaraktxt.pkl')
/tmp/1646339963380.txt
Allocation accuracy: 160
total views sold: 1107063
###############     ARGUMENTS     ############
['plot_results.py', '../test1/kosarak_minfreq_0.005_maxcs_1_maxor_0.04/patterns.txt', '../CMineMR-Mapreduce-algorithm-to-extract-coverage-patterns-master/dataset/kosarak.txt', '160', '7000', '6000', '3']
##############################################
web_page_to_adv_json_file : ./1646339836776.json
allocated_adslots_file: ./1646339837027.json
python alloc_fresh.py ../test1/kosarak_minfreq_0.005_maxcs_1_maxor_0.04/patterns.txt /home/preetham_sathineni/adslot/web_page_meta_dict_adslots_3_dataset_kosaraktxt.pkl /home/preetham_sathineni/adslot/web_page_freq_sorted_adslots_3_dataset_kosaraktxt.pkl 1638,9864,7442,4620,7787,4888,8658,3186,11247,2050,5103,5009,1383,3822,3130,4283,3551,1691,8441,1848,7041,7174,4175,4619,11929,11566,4167,5215,11847,3634,12089,1274,1226,1994,9707,6429,11455,8361,7018,2120,5434,4576,9189,9643,8220,11185,3083,8455,7595,1931,7857,5056,8139,6984,5615,8394,1060,2970,2243,7088,11728,2281,11765,10159,12952,10605,7824,8263,6038,5786,12844,9763,7456,9721,10556,6196,10093,9990,1276,9790,5651,5873,6701,3809,3615,3557,4530,4624,2000,6303,12457,2837,10341,3964,10256,7914,12032,7275,9254,7897,6731,12931,1291,2451,3075,12877,7669,9243,5502,1706,12939,1183,10580,8926,4409,3592,9101,6917,12444,5706,6735,8746,3254,2372,12027,6261,10976,10609,7142,10774,4624,4693,2591,10522,6130,6700,11805,9380,4752,8295,2248,7845,5304,2263,11389,7757,9444,8913,7285,3552,11638,9678,11367,10064,5536,3826,11171,2934,12081,11733 /tmp/1646339837171.txt 2 ./1646339837027.json ./1646339836776.json
AD REPEATABILITY OF OUR NEW METHOD : 160
2.37835

ALLOCATING WITH OUR OLD METHOD: 160
python alloc_fresh.py ../test1/kosarak_minfreq_0.005_maxcs_1_maxor_0.04/patterns.txt /home/preetham_sathineni/adslot/web_page_meta_dict_adslots_1_dataset_kosaraktxt.pkl /home/preetham_sathineni/adslot/web_page_freq_sorted_adslots_1_dataset_kosaraktxt.pkl 1638,9864,7442,4620,7787,4888,8658,3186,11247,2050,5103,5009,1383,3822,3130,4283,3551,1691,8441,1848,7041,7174,4175,4619,11929,11566,4167,5215,11847,3634,12089,1274,1226,1994,9707,6429,11455,8361,7018,2120,5434,4576,9189,9643,8220,11185,3083,8455,7595,1931,7857,5056,8139,6984,5615,8394,1060,2970,2243,7088,11728,2281,11765,10159,12952,10605,7824,8263,6038,5786,12844,9763,7456,9721,10556,6196,10093,9990,1276,9790,5651,5873,6701,3809,3615,3557,4530,4624,2000,6303,12457,2837,10341,3964,10256,7914,12032,7275,9254,7897,6731,12931,1291,2451,3075,12877,7669,9243,5502,1706,12939,1183,10580,8926,4409,3592,9101,6917,12444,5706,6735,8746,3254,2372,12027,6261,10976,10609,7142,10774,4624,4693,2591,10522,6130,6700,11805,9380,4752,8295,2248,7845,5304,2263,11389,7757,9444,8913,7285,3552,11638,9678,11367,10064,5536,3826,11171,2934,12081,11733 /tmp/1646339915003.txt 2 ./1646339837027.json ./1646339836776.json
AD REPEATABILITY OF ONE-SLOT METHOD : 160
2.33359

[One slot] ALLOCATING WITH RANDOM METHOD: 160
2.49473

[Multi slots] ALLOCATING WITH RANDOM METHOD: 160
AD REPEATABILITY OF RANDOM METHOD: 160
5.55424

allocated
{'VFS_one_method': [0], 'VFS_multi_method': [0], 'new_method': [160], 'oneslot_method': [54]}
adrepp
{'VFS_one_method': ['2.49473'], 'VFS_multi_method': ['5.55424'], 'new_method': ['2.37835'], 'oneslot_method': ['2.33359']}
revenue
{'VFS_one_method': [], 'VFS_multi_method': [], 'new_method': [], 'oneslot_method': []}
got patterns
sorted patterns
started allocation
Allocation accuracy: 180
total views sold: 1229076
Allocation accuracy new method: 180
0.0
got patterns
sorted patterns
started allocation
Allocation accuracy: 52
total views sold: 501754
Allocation accuracy new method: 52
('META_DATA_FILE_PATH', '/home/preetham_sathineni/adslot/web_page_meta_dict_adslots_1_dataset_kosaraktxt.pkl')
/tmp/1646340177943.txt
Allocation accuracy: 33
total views sold: 387320
('META_DATA_FILE_PATH', '/home/preetham_sathineni/adslot/web_page_meta_dict_adslots_3_dataset_kosaraktxt.pkl')
/tmp/1646340191797.txt
Allocation accuracy: 180
total views sold: 1229076
###############     ARGUMENTS     ############
['plot_results.py', '../test1/kosarak_minfreq_0.005_maxcs_1_maxor_0.04/patterns.txt', '../CMineMR-Mapreduce-algorithm-to-extract-coverage-patterns-master/dataset/kosarak.txt', '180', '7000', '6000', '3']
##############################################
web_page_to_adv_json_file : ./1646340096732.json
allocated_adslots_file: ./1646340097082.json
python alloc_fresh.py ../test1/kosarak_minfreq_0.005_maxcs_1_maxor_0.04/patterns.txt /home/preetham_sathineni/adslot/web_page_meta_dict_adslots_3_dataset_kosaraktxt.pkl /home/preetham_sathineni/adslot/web_page_freq_sorted_adslots_3_dataset_kosaraktxt.pkl 7024,1624,8612,8240,8553,7231,9890,8647,11943,1819,3897,8583,4115,10222,4328,5093,6577,12272,10419,7988,5179,8808,4086,6020,1597,3835,5526,8962,9900,10354,3505,7237,4205,5664,4178,11287,1874,8289,10009,10567,1643,11363,7986,9016,7057,12293,5685,4418,2718,12264,11815,8441,11254,7586,1380,1381,6382,9354,5529,11409,6080,11254,5943,9981,11366,3516,7478,8549,12605,4587,4775,2363,11937,7466,4418,9633,9189,1517,12893,12303,9405,3586,4635,9253,10683,8642,5455,9923,3258,12363,3550,1677,9540,11548,8783,12632,7736,4828,4455,3707,2089,7750,7826,12384,1968,3657,6576,9375,4726,9648,9057,7943,12816,4304,10569,4776,6076,6700,7109,9575,7387,6924,8083,3627,1173,4893,12426,1818,3519,1479,3437,3722,9717,3738,11476,2254,1837,9359,10250,4975,11603,10891,3173,11841,7637,5150,1087,8922,9653,4521,10509,2092,3334,5400,1789,2116,5318,3450,2195,6368,5486,2114,5374,4973,3198,5271,2314,4933,3719,9600,5687,12079,5670,4891,3663,12609,11647,7390,5869,7877 /tmp/1646340097216.txt 2 ./1646340097082.json ./1646340096732.json
AD REPEATABILITY OF OUR NEW METHOD : 180
3.14803

ALLOCATING WITH OUR OLD METHOD: 180
python alloc_fresh.py ../test1/kosarak_minfreq_0.005_maxcs_1_maxor_0.04/patterns.txt /home/preetham_sathineni/adslot/web_page_meta_dict_adslots_1_dataset_kosaraktxt.pkl /home/preetham_sathineni/adslot/web_page_freq_sorted_adslots_1_dataset_kosaraktxt.pkl 7024,1624,8612,8240,8553,7231,9890,8647,11943,1819,3897,8583,4115,10222,4328,5093,6577,12272,10419,7988,5179,8808,4086,6020,1597,3835,5526,8962,9900,10354,3505,7237,4205,5664,4178,11287,1874,8289,10009,10567,1643,11363,7986,9016,7057,12293,5685,4418,2718,12264,11815,8441,11254,7586,1380,1381,6382,9354,5529,11409,6080,11254,5943,9981,11366,3516,7478,8549,12605,4587,4775,2363,11937,7466,4418,9633,9189,1517,12893,12303,9405,3586,4635,9253,10683,8642,5455,9923,3258,12363,3550,1677,9540,11548,8783,12632,7736,4828,4455,3707,2089,7750,7826,12384,1968,3657,6576,9375,4726,9648,9057,7943,12816,4304,10569,4776,6076,6700,7109,9575,7387,6924,8083,3627,1173,4893,12426,1818,3519,1479,3437,3722,9717,3738,11476,2254,1837,9359,10250,4975,11603,10891,3173,11841,7637,5150,1087,8922,9653,4521,10509,2092,3334,5400,1789,2116,5318,3450,2195,6368,5486,2114,5374,4973,3198,5271,2314,4933,3719,9600,5687,12079,5670,4891,3663,12609,11647,7390,5869,7877 /tmp/1646340150699.txt 2 ./1646340097082.json ./1646340096732.json
AD REPEATABILITY OF ONE-SLOT METHOD : 180
2.28485

[One slot] ALLOCATING WITH RANDOM METHOD: 180
2.62937

[Multi slots] ALLOCATING WITH RANDOM METHOD: 180
AD REPEATABILITY OF RANDOM METHOD: 180
6.37188

allocated
{'VFS_one_method': [0], 'VFS_multi_method': [0], 'new_method': [180], 'oneslot_method': [52]}
adrepp
{'VFS_one_method': ['2.62937'], 'VFS_multi_method': ['6.37188'], 'new_method': ['3.14803'], 'oneslot_method': ['2.28485']}
revenue
{'VFS_one_method': [], 'VFS_multi_method': [], 'new_method': [], 'oneslot_method': []}
got patterns
sorted patterns
started allocation
Allocation accuracy: 200
total views sold: 1366510
Allocation accuracy new method: 200
0.0
got patterns
sorted patterns
started allocation
Allocation accuracy: 54
total views sold: 510823
Allocation accuracy new method: 54
('META_DATA_FILE_PATH', '/home/preetham_sathineni/adslot/web_page_meta_dict_adslots_1_dataset_kosaraktxt.pkl')
/tmp/1646340404039.txt
Allocation accuracy: 33
total views sold: 387657
('META_DATA_FILE_PATH', '/home/preetham_sathineni/adslot/web_page_meta_dict_adslots_3_dataset_kosaraktxt.pkl')
/tmp/1646340416286.txt
Allocation accuracy: 153
total views sold: 1249120
###############     ARGUMENTS     ############
['plot_results.py', '../test1/kosarak_minfreq_0.005_maxcs_1_maxor_0.04/patterns.txt', '../CMineMR-Mapreduce-algorithm-to-extract-coverage-patterns-master/dataset/kosarak.txt', '200', '7000', '6000', '3']
##############################################
web_page_to_adv_json_file : ./1646340304501.json
allocated_adslots_file: ./1646340304761.json
python alloc_fresh.py ../test1/kosarak_minfreq_0.005_maxcs_1_maxor_0.04/patterns.txt /home/preetham_sathineni/adslot/web_page_meta_dict_adslots_3_dataset_kosaraktxt.pkl /home/preetham_sathineni/adslot/web_page_freq_sorted_adslots_3_dataset_kosaraktxt.pkl 8441,2239,4562,8554,6635,9996,9682,12644,12236,3858,11953,2059,8329,3563,11886,8837,5673,7596,5023,5723,3140,7977,3442,9576,3632,9532,3920,9574,4933,8390,7054,7829,4882,9800,10158,10051,11543,4200,3199,7806,9372,8533,11388,7137,8228,3874,1771,10929,5820,8328,6195,1198,9639,6929,3011,10987,2594,3843,8765,10936,4904,12855,4444,4097,8946,5088,9226,6160,7021,3249,4568,11410,10801,2470,2830,11163,6642,6738,5075,1921,3804,5065,8624,4208,1779,11110,3208,3693,3737,4110,8056,1632,12465,11748,10943,4540,4192,7525,1487,10805,3422,8420,6779,4026,5001,2428,1347,7622,11885,7712,12557,8763,10356,12291,8456,7606,2651,12942,10568,1069,10173,2435,1160,1299,2462,1506,2889,3401,5542,10292,11996,4145,5669,4826,2474,10083,10096,4264,10766,9174,11608,1501,3586,9045,8489,10502,8268,7747,2219,9446,8112,9002,12489,5223,11832,9195,4417,10225,1102,9054,4942,10129,8926,2777,6792,12079,6161,5642,7237,6321,8946,6485,8604,5014,7514,1536,12642,2110,2900,10087,4207,2465,3200,2397,8188,5345,10906,3540,7131,8272,8957,3660,9932,5911,4894,12706,12588,9431,6149,4229 /tmp/1646340304931.txt 2 ./1646340304761.json ./1646340304501.json
AD REPEATABILITY OF OUR NEW METHOD : 200
3.76929

ALLOCATING WITH OUR OLD METHOD: 200
python alloc_fresh.py ../test1/kosarak_minfreq_0.005_maxcs_1_maxor_0.04/patterns.txt /home/preetham_sathineni/adslot/web_page_meta_dict_adslots_1_dataset_kosaraktxt.pkl /home/preetham_sathineni/adslot/web_page_freq_sorted_adslots_1_dataset_kosaraktxt.pkl 8441,2239,4562,8554,6635,9996,9682,12644,12236,3858,11953,2059,8329,3563,11886,8837,5673,7596,5023,5723,3140,7977,3442,9576,3632,9532,3920,9574,4933,8390,7054,7829,4882,9800,10158,10051,11543,4200,3199,7806,9372,8533,11388,7137,8228,3874,1771,10929,5820,8328,6195,1198,9639,6929,3011,10987,2594,3843,8765,10936,4904,12855,4444,4097,8946,5088,9226,6160,7021,3249,4568,11410,10801,2470,2830,11163,6642,6738,5075,1921,3804,5065,8624,4208,1779,11110,3208,3693,3737,4110,8056,1632,12465,11748,10943,4540,4192,7525,1487,10805,3422,8420,6779,4026,5001,2428,1347,7622,11885,7712,12557,8763,10356,12291,8456,7606,2651,12942,10568,1069,10173,2435,1160,1299,2462,1506,2889,3401,5542,10292,11996,4145,5669,4826,2474,10083,10096,4264,10766,9174,11608,1501,3586,9045,8489,10502,8268,7747,2219,9446,8112,9002,12489,5223,11832,9195,4417,10225,1102,9054,4942,10129,8926,2777,6792,12079,6161,5642,7237,6321,8946,6485,8604,5014,7514,1536,12642,2110,2900,10087,4207,2465,3200,2397,8188,5345,10906,3540,7131,8272,8957,3660,9932,5911,4894,12706,12588,9431,6149,4229 /tmp/1646340367745.txt 2 ./1646340304761.json ./1646340304501.json
AD REPEATABILITY OF ONE-SLOT METHOD : 200
2.31105

[One slot] ALLOCATING WITH RANDOM METHOD: 200
2.65892

[Multi slots] ALLOCATING WITH RANDOM METHOD: 200
AD REPEATABILITY OF RANDOM METHOD: 200
6.79445

allocated
{'VFS_one_method': [0], 'VFS_multi_method': [0], 'new_method': [200], 'oneslot_method': [54]}
adrepp
{'VFS_one_method': ['2.65892'], 'VFS_multi_method': ['6.79445'], 'new_method': ['3.76929'], 'oneslot_method': ['2.31105']}
revenue
{'VFS_one_method': [], 'VFS_multi_method': [], 'new_method': [], 'oneslot_method': []}
got patterns
sorted patterns
started allocation
Allocation accuracy: 220
total views sold: 1584049
Allocation accuracy new method: 220
0.0
got patterns
sorted patterns
started allocation
Allocation accuracy: 51
total views sold: 500315
Allocation accuracy new method: 51
('META_DATA_FILE_PATH', '/home/preetham_sathineni/adslot/web_page_meta_dict_adslots_1_dataset_kosaraktxt.pkl')
/tmp/1646340635508.txt
Allocation accuracy: 32
total views sold: 392261
('META_DATA_FILE_PATH', '/home/preetham_sathineni/adslot/web_page_meta_dict_adslots_3_dataset_kosaraktxt.pkl')
/tmp/1646340647572.txt
Allocation accuracy: 123
total views sold: 1192083
###############     ARGUMENTS     ############
['plot_results.py', '../test1/kosarak_minfreq_0.005_maxcs_1_maxor_0.04/patterns.txt', '../CMineMR-Mapreduce-algorithm-to-extract-coverage-patterns-master/dataset/kosarak.txt', '220', '7000', '6000', '3']
##############################################
web_page_to_adv_json_file : ./1646340527857.json
allocated_adslots_file: ./1646340527938.json
python alloc_fresh.py ../test1/kosarak_minfreq_0.005_maxcs_1_maxor_0.04/patterns.txt /home/preetham_sathineni/adslot/web_page_meta_dict_adslots_3_dataset_kosaraktxt.pkl /home/preetham_sathineni/adslot/web_page_freq_sorted_adslots_3_dataset_kosaraktxt.pkl 3494,7613,9171,12829,5489,5948,4124,8467,2522,3063,6114,10426,5127,7953,1218,1086,8095,10834,9332,8515,7889,2968,5351,9931,1900,11237,11133,11014,12327,11693,2485,12163,7646,6166,10435,12589,2319,8108,11325,9736,3886,3315,12317,7016,3402,3215,7049,4216,8365,7919,12232,12692,12750,12269,4085,7887,2694,10751,8194,10492,4177,5633,7024,12348,10531,10786,3085,8104,9690,6342,6015,10451,7216,8271,4380,8182,3445,7682,3414,11021,9835,4620,8148,7829,3443,4783,11268,10325,7984,8174,4983,2263,5299,2495,5102,6052,2203,6146,11628,2987,11417,5069,8057,5390,12582,3754,10302,3214,6409,6009,1975,12615,10204,3061,1307,10762,10973,4984,10409,2842,12470,3854,4287,1327,8365,12360,5817,6510,5415,6429,8245,3517,9147,5622,8218,1347,2946,5056,7712,11715,1726,6410,8070,8754,1251,2233,7992,5009,7284,6354,4819,8160,8657,7821,5564,12594,7232,6625,10924,8919,2289,2053,7145,7604,8604,3401,2438,7274,12988,6119,4437,1332,11100,11967,7995,5245,11182,3550,12328,3284,12333,5016,5253,5903,8673,6576,6885,2512,8189,5944,5558,12852,12042,12262,7281,10106,8397,8136,8230,5145,10917,6583,3677,3916,3335,5795,11790,10834,4350,12971,4565,7448,3961,5266,12525,7912,8871,10380,11934,11354 /tmp/1646340528166.txt 2 ./1646340527938.json ./1646340527857.json
AD REPEATABILITY OF OUR NEW METHOD : 220
5.34869

ALLOCATING WITH OUR OLD METHOD: 220
python alloc_fresh.py ../test1/kosarak_minfreq_0.005_maxcs_1_maxor_0.04/patterns.txt /home/preetham_sathineni/adslot/web_page_meta_dict_adslots_1_dataset_kosaraktxt.pkl /home/preetham_sathineni/adslot/web_page_freq_sorted_adslots_1_dataset_kosaraktxt.pkl 3494,7613,9171,12829,5489,5948,4124,8467,2522,3063,6114,10426,5127,7953,1218,1086,8095,10834,9332,8515,7889,2968,5351,9931,1900,11237,11133,11014,12327,11693,2485,12163,7646,6166,10435,12589,2319,8108,11325,9736,3886,3315,12317,7016,3402,3215,7049,4216,8365,7919,12232,12692,12750,12269,4085,7887,2694,10751,8194,10492,4177,5633,7024,12348,10531,10786,3085,8104,9690,6342,6015,10451,7216,8271,4380,8182,3445,7682,3414,11021,9835,4620,8148,7829,3443,4783,11268,10325,7984,8174,4983,2263,5299,2495,5102,6052,2203,6146,11628,2987,11417,5069,8057,5390,12582,3754,10302,3214,6409,6009,1975,12615,10204,3061,1307,10762,10973,4984,10409,2842,12470,3854,4287,1327,8365,12360,5817,6510,5415,6429,8245,3517,9147,5622,8218,1347,2946,5056,7712,11715,1726,6410,8070,8754,1251,2233,7992,5009,7284,6354,4819,8160,8657,7821,5564,12594,7232,6625,10924,8919,2289,2053,7145,7604,8604,3401,2438,7274,12988,6119,4437,1332,11100,11967,7995,5245,11182,3550,12328,3284,12333,5016,5253,5903,8673,6576,6885,2512,8189,5944,5558,12852,12042,12262,7281,10106,8397,8136,8230,5145,10917,6583,3677,3916,3335,5795,11790,10834,4350,12971,4565,7448,3961,5266,12525,7912,8871,10380,11934,11354 /tmp/1646340599174.txt 2 ./1646340527938.json ./1646340527857.json
AD REPEATABILITY OF ONE-SLOT METHOD : 220
2.38735

[One slot] ALLOCATING WITH RANDOM METHOD: 220
2.6491

[Multi slots] ALLOCATING WITH RANDOM METHOD: 220
AD REPEATABILITY OF RANDOM METHOD: 220
7.48102

allocated
{'VFS_one_method': [0], 'VFS_multi_method': [0], 'new_method': [220], 'oneslot_method': [51]}
adrepp
{'VFS_one_method': ['2.6491'], 'VFS_multi_method': ['7.48102'], 'new_method': ['5.34869'], 'oneslot_method': ['2.38735']}
revenue
{'VFS_one_method': [], 'VFS_multi_method': [], 'new_method': [], 'oneslot_method': []}
got patterns
sorted patterns
started allocation
Allocation accuracy: 240
total views sold: 1744078
Allocation accuracy new method: 240
0.0
got patterns
sorted patterns
started allocation
Allocation accuracy: 54
total views sold: 500220
Allocation accuracy new method: 54
('META_DATA_FILE_PATH', '/home/preetham_sathineni/adslot/web_page_meta_dict_adslots_1_dataset_kosaraktxt.pkl')
/tmp/1646340859764.txt
Allocation accuracy: 32
total views sold: 390862
('META_DATA_FILE_PATH', '/home/preetham_sathineni/adslot/web_page_meta_dict_adslots_3_dataset_kosaraktxt.pkl')
/tmp/1646340871703.txt
Allocation accuracy: 113
total views sold: 1183488
###############     ARGUMENTS     ############
['plot_results.py', '../test1/kosarak_minfreq_0.005_maxcs_1_maxor_0.04/patterns.txt', '../CMineMR-Mapreduce-algorithm-to-extract-coverage-patterns-master/dataset/kosarak.txt', '240', '7000', '6000', '3']
##############################################
web_page_to_adv_json_file : ./1646340756538.json
allocated_adslots_file: ./1646340756795.json
python alloc_fresh.py ../test1/kosarak_minfreq_0.005_maxcs_1_maxor_0.04/patterns.txt /home/preetham_sathineni/adslot/web_page_meta_dict_adslots_3_dataset_kosaraktxt.pkl /home/preetham_sathineni/adslot/web_page_freq_sorted_adslots_3_dataset_kosaraktxt.pkl 1159,10217,1992,5988,12665,9703,6245,9596,9691,3257,11409,4192,12847,8164,11136,9409,3949,9181,2436,10609,11174,3978,9995,6273,2937,3229,10851,3034,1333,4201,5881,5103,10358,3905,2333,9253,7228,4345,5357,11969,3377,8340,7339,12760,1110,4780,1959,2875,1678,7179,10917,7025,7123,11971,5926,1743,10279,11712,6672,6185,7734,10460,9331,5615,2780,5074,4173,5612,11215,11181,10161,8754,11110,3056,4049,5016,12875,3317,4640,10535,12379,5549,1148,6646,4259,5531,6608,5184,3469,9404,5854,11723,4198,11103,9170,11455,8562,10107,2754,1452,7389,5378,5945,3967,8046,11497,9510,7880,6696,5803,11613,3093,10771,4868,6639,4495,6990,10494,3715,5461,9298,2480,11129,8437,2942,7410,12417,8122,12435,8796,11011,9017,4063,9630,1315,2329,3678,6988,8387,4711,6141,2238,9991,8742,8014,11576,5575,9495,11224,1703,6309,4705,10961,9408,1730,6716,1130,11942,8353,11755,8270,5537,3920,3746,12560,2494,10126,10493,1334,12922,6964,9771,4883,12429,4912,6427,12216,2690,8210,11120,11222,3503,3389,9270,7922,5326,2611,12873,5469,4187,9241,5561,11928,10661,7901,11747,5611,9656,5857,12890,7768,12673,9146,10673,6193,10624,7020,1993,7156,4319,2775,10634,1359,4016,3368,11798,1819,2740,11097,9334,12613,3048,5735,6794,12432,11592,10640,12057,5125,10741,9791,5864,1193,10452,9351,6555,11232,11631,12365,7185 /tmp/1646340757164.txt 2 ./1646340756795.json ./1646340756538.json
AD REPEATABILITY OF OUR NEW METHOD : 240
5.38019

ALLOCATING WITH OUR OLD METHOD: 240
python alloc_fresh.py ../test1/kosarak_minfreq_0.005_maxcs_1_maxor_0.04/patterns.txt /home/preetham_sathineni/adslot/web_page_meta_dict_adslots_1_dataset_kosaraktxt.pkl /home/preetham_sathineni/adslot/web_page_freq_sorted_adslots_1_dataset_kosaraktxt.pkl 1159,10217,1992,5988,12665,9703,6245,9596,9691,3257,11409,4192,12847,8164,11136,9409,3949,9181,2436,10609,11174,3978,9995,6273,2937,3229,10851,3034,1333,4201,5881,5103,10358,3905,2333,9253,7228,4345,5357,11969,3377,8340,7339,12760,1110,4780,1959,2875,1678,7179,10917,7025,7123,11971,5926,1743,10279,11712,6672,6185,7734,10460,9331,5615,2780,5074,4173,5612,11215,11181,10161,8754,11110,3056,4049,5016,12875,3317,4640,10535,12379,5549,1148,6646,4259,5531,6608,5184,3469,9404,5854,11723,4198,11103,9170,11455,8562,10107,2754,1452,7389,5378,5945,3967,8046,11497,9510,7880,6696,5803,11613,3093,10771,4868,6639,4495,6990,10494,3715,5461,9298,2480,11129,8437,2942,7410,12417,8122,12435,8796,11011,9017,4063,9630,1315,2329,3678,6988,8387,4711,6141,2238,9991,8742,8014,11576,5575,9495,11224,1703,6309,4705,10961,9408,1730,6716,1130,11942,8353,11755,8270,5537,3920,3746,12560,2494,10126,10493,1334,12922,6964,9771,4883,12429,4912,6427,12216,2690,8210,11120,11222,3503,3389,9270,7922,5326,2611,12873,5469,4187,9241,5561,11928,10661,7901,11747,5611,9656,5857,12890,7768,12673,9146,10673,6193,10624,7020,1993,7156,4319,2775,10634,1359,4016,3368,11798,1819,2740,11097,9334,12613,3048,5735,6794,12432,11592,10640,12057,5125,10741,9791,5864,1193,10452,9351,6555,11232,11631,12365,7185 /tmp/1646340826008.txt 2 ./1646340756795.json ./1646340756538.json
AD REPEATABILITY OF ONE-SLOT METHOD : 240
2.36405

[One slot] ALLOCATING WITH RANDOM METHOD: 240
2.63797

[Multi slots] ALLOCATING WITH RANDOM METHOD: 240
AD REPEATABILITY OF RANDOM METHOD: 240
7.59901

allocated
{'VFS_one_method': [0], 'VFS_multi_method': [0], 'new_method': [240], 'oneslot_method': [54]}
adrepp
{'VFS_one_method': ['2.63797'], 'VFS_multi_method': ['7.59901'], 'new_method': ['5.38019'], 'oneslot_method': ['2.36405']}
revenue
{'VFS_one_method': [], 'VFS_multi_method': [], 'new_method': [], 'oneslot_method': []}
got patterns
sorted patterns
started allocation
Allocation accuracy: 260
total views sold: 1716826
Allocation accuracy new method: 260
0.0
got patterns
sorted patterns
started allocation
Allocation accuracy: 59
total views sold: 512598
Allocation accuracy new method: 59
('META_DATA_FILE_PATH', '/home/preetham_sathineni/adslot/web_page_meta_dict_adslots_1_dataset_kosaraktxt.pkl')
/tmp/1646341080647.txt
Allocation accuracy: 32
total views sold: 392117
('META_DATA_FILE_PATH', '/home/preetham_sathineni/adslot/web_page_meta_dict_adslots_3_dataset_kosaraktxt.pkl')
/tmp/1646341093184.txt
Allocation accuracy: 118
total views sold: 1183143
###############     ARGUMENTS     ############
['plot_results.py', '../test1/kosarak_minfreq_0.005_maxcs_1_maxor_0.04/patterns.txt', '../CMineMR-Mapreduce-algorithm-to-extract-coverage-patterns-master/dataset/kosarak.txt', '260', '7000', '6000', '3']
##############################################
web_page_to_adv_json_file : ./1646340980965.json
allocated_adslots_file: ./1646340981451.json
python alloc_fresh.py ../test1/kosarak_minfreq_0.005_maxcs_1_maxor_0.04/patterns.txt /home/preetham_sathineni/adslot/web_page_meta_dict_adslots_3_dataset_kosaraktxt.pkl /home/preetham_sathineni/adslot/web_page_freq_sorted_adslots_3_dataset_kosaraktxt.pkl 5968,12708,3478,1222,8895,5738,1738,6648,12000,10650,11960,11963,10971,4929,11050,7485,4867,7369,1937,4633,6651,4028,2383,6167,9603,5220,11683,7919,1594,6371,1096,6369,5430,10350,5584,12342,12034,1714,9974,9965,5765,2612,5225,11912,5448,5603,7033,6668,8873,11951,4752,2572,1913,2074,4404,3932,6854,6491,7478,9684,1638,1104,5177,8346,8180,12034,8710,2483,5730,12919,5355,2412,7400,12131,10214,12607,2422,7680,3428,7918,8511,2209,2327,6435,2663,5150,4440,12809,12158,6077,3791,1461,12231,2893,8870,1732,3455,2194,12238,5096,1041,5689,12271,9072,3691,4565,11295,4278,9398,4934,6637,10887,12528,11795,2564,9570,4773,1801,9647,11539,10832,8003,11441,9561,4479,3136,2276,2614,3982,2329,12367,1906,1340,7920,10982,2756,9936,4546,2594,10606,5523,5818,8702,5978,11630,2445,3167,11735,8745,4795,8028,11205,2707,4043,12803,11543,1664,12085,4528,1533,2679,8827,8789,11349,1138,6994,3000,10209,9468,2102,10298,6825,8863,5004,6175,1813,12505,2111,9005,2833,4637,2912,9371,10268,5902,9738,9143,11260,6653,4601,8042,7016,5037,1803,10712,11653,10190,7536,7716,11055,2689,12362,5956,6645,9278,4764,12704,4070,3541,4542,1954,8648,10106,10205,2569,6680,2024,6716,7858,2953,2829,8947,8534,3053,7950,7724,4895,3229,7790,4694,6405,6111,5082,1323,9871,5168,5663,10610,11039,3868,10730,1148,1143,2325,12741,2546,8257,5346,12951,1021,6825,12307,1638,1875,10228,5938,1181,1532,8142,3855 /tmp/1646340981767.txt 2 ./1646340981451.json ./1646340980965.json
AD REPEATABILITY OF OUR NEW METHOD : 260
4.81759

ALLOCATING WITH OUR OLD METHOD: 260
python alloc_fresh.py ../test1/kosarak_minfreq_0.005_maxcs_1_maxor_0.04/patterns.txt /home/preetham_sathineni/adslot/web_page_meta_dict_adslots_1_dataset_kosaraktxt.pkl /home/preetham_sathineni/adslot/web_page_freq_sorted_adslots_1_dataset_kosaraktxt.pkl 5968,12708,3478,1222,8895,5738,1738,6648,12000,10650,11960,11963,10971,4929,11050,7485,4867,7369,1937,4633,6651,4028,2383,6167,9603,5220,11683,7919,1594,6371,1096,6369,5430,10350,5584,12342,12034,1714,9974,9965,5765,2612,5225,11912,5448,5603,7033,6668,8873,11951,4752,2572,1913,2074,4404,3932,6854,6491,7478,9684,1638,1104,5177,8346,8180,12034,8710,2483,5730,12919,5355,2412,7400,12131,10214,12607,2422,7680,3428,7918,8511,2209,2327,6435,2663,5150,4440,12809,12158,6077,3791,1461,12231,2893,8870,1732,3455,2194,12238,5096,1041,5689,12271,9072,3691,4565,11295,4278,9398,4934,6637,10887,12528,11795,2564,9570,4773,1801,9647,11539,10832,8003,11441,9561,4479,3136,2276,2614,3982,2329,12367,1906,1340,7920,10982,2756,9936,4546,2594,10606,5523,5818,8702,5978,11630,2445,3167,11735,8745,4795,8028,11205,2707,4043,12803,11543,1664,12085,4528,1533,2679,8827,8789,11349,1138,6994,3000,10209,9468,2102,10298,6825,8863,5004,6175,1813,12505,2111,9005,2833,4637,2912,9371,10268,5902,9738,9143,11260,6653,4601,8042,7016,5037,1803,10712,11653,10190,7536,7716,11055,2689,12362,5956,6645,9278,4764,12704,4070,3541,4542,1954,8648,10106,10205,2569,6680,2024,6716,7858,2953,2829,8947,8534,3053,7950,7724,4895,3229,7790,4694,6405,6111,5082,1323,9871,5168,5663,10610,11039,3868,10730,1148,1143,2325,12741,2546,8257,5346,12951,1021,6825,12307,1638,1875,10228,5938,1181,1532,8142,3855 /tmp/1646341043921.txt 2 ./1646340981451.json ./1646340980965.json
AD REPEATABILITY OF ONE-SLOT METHOD : 260
2.39145

[One slot] ALLOCATING WITH RANDOM METHOD: 260
2.64417

[Multi slots] ALLOCATING WITH RANDOM METHOD: 260
AD REPEATABILITY OF RANDOM METHOD: 260
7.57279

allocated
{'VFS_one_method': [0], 'VFS_multi_method': [0], 'new_method': [260], 'oneslot_method': [59]}
adrepp
{'VFS_one_method': ['2.64417'], 'VFS_multi_method': ['7.57279'], 'new_method': ['4.81759'], 'oneslot_method': ['2.39145']}
revenue
{'VFS_one_method': [], 'VFS_multi_method': [], 'new_method': [], 'oneslot_method': []}
got patterns
sorted patterns
started allocation
Allocation accuracy: 280
total views sold: 1978872
Allocation accuracy new method: 280
0.0
got patterns
sorted patterns
started allocation
Allocation accuracy: 54
total views sold: 495354
Allocation accuracy new method: 54
('META_DATA_FILE_PATH', '/home/preetham_sathineni/adslot/web_page_meta_dict_adslots_1_dataset_kosaraktxt.pkl')
/tmp/1646341329264.txt
Allocation accuracy: 32
total views sold: 398517
('META_DATA_FILE_PATH', '/home/preetham_sathineni/adslot/web_page_meta_dict_adslots_3_dataset_kosaraktxt.pkl')
/tmp/1646341344558.txt
Allocation accuracy: 108
total views sold: 1179213
###############     ARGUMENTS     ############
['plot_results.py', '../test1/kosarak_minfreq_0.005_maxcs_1_maxor_0.04/patterns.txt', '../CMineMR-Mapreduce-algorithm-to-extract-coverage-patterns-master/dataset/kosarak.txt', '280', '7000', '6000', '3']
##############################################
web_page_to_adv_json_file : ./1646341204871.json
allocated_adslots_file: ./1646341205242.json
python alloc_fresh.py ../test1/kosarak_minfreq_0.005_maxcs_1_maxor_0.04/patterns.txt /home/preetham_sathineni/adslot/web_page_meta_dict_adslots_3_dataset_kosaraktxt.pkl /home/preetham_sathineni/adslot/web_page_freq_sorted_adslots_3_dataset_kosaraktxt.pkl 11777,11840,1182,5757,1709,9359,9564,3421,8577,6932,12849,10890,2717,7759,11873,11398,6449,8075,8599,9551,12528,12931,10993,5401,4781,5666,12896,7736,6524,5496,6417,2414,1980,3958,11273,7849,4798,7695,3068,12308,9599,9245,6798,2568,6895,12893,7661,7157,3043,11303,3753,4542,8127,3881,6423,11103,4062,7748,11937,2532,5191,1445,12257,12749,7692,8301,6790,11204,1608,10451,5504,4142,8688,11436,1814,4175,3128,8572,6674,12538,8393,7791,6291,8664,9723,10152,8142,10902,11534,4676,2600,12329,5408,11518,7624,6060,3697,1916,12656,8953,7050,2834,1546,7970,8871,8391,12054,3013,9746,12821,2942,6541,4024,8738,6459,10937,4259,7547,9402,10298,5339,11674,10871,9667,1524,4565,5473,8956,4159,12740,12454,4870,10008,4643,8200,1241,9754,3259,4652,1982,6031,12208,10176,2402,7398,2537,12395,3830,11314,10808,7078,1962,8515,10581,11605,11752,5837,5151,2305,1278,10005,2451,8955,8611,2728,12894,7554,8769,5539,7555,2792,2778,2815,6740,11408,2139,1388,2575,8909,3692,2157,10542,2270,6572,1742,4497,1809,4211,2735,4829,12165,6336,11335,10250,12322,6232,12108,5458,7432,11980,1227,11264,4209,4322,10690,1621,11233,10568,7904,12233,6388,3203,5167,10614,12202,12404,1443,12097,3538,4064,4871,8451,7695,3278,3858,1050,11218,9138,5748,1279,11850,5949,12966,5372,4966,9635,11624,10373,12875,8020,2800,2185,9912,2528,7051,6307,3602,4186,4157,11911,3182,4231,7324,1792,4263,8766,2111,10727,2972,11887,11051,5802,3605,9345,2611,1455,10216,7507,9124,3686,12930,6625,6357,3346,11010,10363,1627,9292,1388,7467 /tmp/1646341205524.txt 2 ./1646341205242.json ./1646341204871.json
AD REPEATABILITY OF OUR NEW METHOD : 280
7.04229

ALLOCATING WITH OUR OLD METHOD: 280
python alloc_fresh.py ../test1/kosarak_minfreq_0.005_maxcs_1_maxor_0.04/patterns.txt /home/preetham_sathineni/adslot/web_page_meta_dict_adslots_1_dataset_kosaraktxt.pkl /home/preetham_sathineni/adslot/web_page_freq_sorted_adslots_1_dataset_kosaraktxt.pkl 11777,11840,1182,5757,1709,9359,9564,3421,8577,6932,12849,10890,2717,7759,11873,11398,6449,8075,8599,9551,12528,12931,10993,5401,4781,5666,12896,7736,6524,5496,6417,2414,1980,3958,11273,7849,4798,7695,3068,12308,9599,9245,6798,2568,6895,12893,7661,7157,3043,11303,3753,4542,8127,3881,6423,11103,4062,7748,11937,2532,5191,1445,12257,12749,7692,8301,6790,11204,1608,10451,5504,4142,8688,11436,1814,4175,3128,8572,6674,12538,8393,7791,6291,8664,9723,10152,8142,10902,11534,4676,2600,12329,5408,11518,7624,6060,3697,1916,12656,8953,7050,2834,1546,7970,8871,8391,12054,3013,9746,12821,2942,6541,4024,8738,6459,10937,4259,7547,9402,10298,5339,11674,10871,9667,1524,4565,5473,8956,4159,12740,12454,4870,10008,4643,8200,1241,9754,3259,4652,1982,6031,12208,10176,2402,7398,2537,12395,3830,11314,10808,7078,1962,8515,10581,11605,11752,5837,5151,2305,1278,10005,2451,8955,8611,2728,12894,7554,8769,5539,7555,2792,2778,2815,6740,11408,2139,1388,2575,8909,3692,2157,10542,2270,6572,1742,4497,1809,4211,2735,4829,12165,6336,11335,10250,12322,6232,12108,5458,7432,11980,1227,11264,4209,4322,10690,1621,11233,10568,7904,12233,6388,3203,5167,10614,12202,12404,1443,12097,3538,4064,4871,8451,7695,3278,3858,1050,11218,9138,5748,1279,11850,5949,12966,5372,4966,9635,11624,10373,12875,8020,2800,2185,9912,2528,7051,6307,3602,4186,4157,11911,3182,4231,7324,1792,4263,8766,2111,10727,2972,11887,11051,5802,3605,9345,2611,1455,10216,7507,9124,3686,12930,6625,6357,3346,11010,10363,1627,9292,1388,7467 /tmp/1646341293237.txt 2 ./1646341205242.json ./1646341204871.json
AD REPEATABILITY OF ONE-SLOT METHOD : 280
2.4172

[One slot] ALLOCATING WITH RANDOM METHOD: 280
2.68759

[Multi slots] ALLOCATING WITH RANDOM METHOD: 280
AD REPEATABILITY OF RANDOM METHOD: 280
7.8818

allocated
{'VFS_one_method': [0], 'VFS_multi_method': [0], 'new_method': [280], 'oneslot_method': [54]}
adrepp
{'VFS_one_method': ['2.68759'], 'VFS_multi_method': ['7.8818'], 'new_method': ['7.04229'], 'oneslot_method': ['2.4172']}
revenue
{'VFS_one_method': [], 'VFS_multi_method': [], 'new_method': [], 'oneslot_method': []}
got patterns
sorted patterns
started allocation
Allocation accuracy: 300
total views sold: 2150668
Allocation accuracy new method: 300
0.0
got patterns
sorted patterns
started allocation
Allocation accuracy: 57
total views sold: 506951
Allocation accuracy new method: 57
('META_DATA_FILE_PATH', '/home/preetham_sathineni/adslot/web_page_meta_dict_adslots_1_dataset_kosaraktxt.pkl')
/tmp/1646341617295.txt
Allocation accuracy: 32
total views sold: 399682
('META_DATA_FILE_PATH', '/home/preetham_sathineni/adslot/web_page_meta_dict_adslots_3_dataset_kosaraktxt.pkl')
/tmp/1646341632403.txt
Allocation accuracy: 106
total views sold: 1188766
###############     ARGUMENTS     ############
['plot_results.py', '../test1/kosarak_minfreq_0.005_maxcs_1_maxor_0.04/patterns.txt', '../CMineMR-Mapreduce-algorithm-to-extract-coverage-patterns-master/dataset/kosarak.txt', '300', '7000', '6000', '3']
##############################################
web_page_to_adv_json_file : ./1646341457811.json
allocated_adslots_file: ./1646341458035.json
python alloc_fresh.py ../test1/kosarak_minfreq_0.005_maxcs_1_maxor_0.04/patterns.txt /home/preetham_sathineni/adslot/web_page_meta_dict_adslots_3_dataset_kosaraktxt.pkl /home/preetham_sathineni/adslot/web_page_freq_sorted_adslots_3_dataset_kosaraktxt.pkl 8604,9228,1657,2682,5701,11822,12088,10643,1771,5348,9211,2867,11134,3168,4495,3001,6155,11813,8158,1652,12670,2551,2291,7346,6596,6823,7253,12468,12406,6563,1747,7399,7009,11066,8848,4291,2146,5734,6233,6718,8745,8407,2492,1146,12692,3406,2932,12487,6132,8125,5811,1410,10079,5168,1738,7903,7879,12651,3634,11382,1872,1801,2083,7280,4346,12027,11981,8133,10399,9589,5641,4526,9755,9899,12664,2748,8301,1312,4045,8391,2701,11940,11909,10197,3177,4951,11950,7682,11185,6864,4431,9886,7308,2108,4398,1385,8894,10773,5086,8213,10320,1389,11153,11040,6441,5618,3360,11030,6387,8955,9647,10343,9532,12608,11590,12685,7085,11678,3555,10800,2657,4027,3078,11718,3424,8138,5067,4586,7103,1227,12866,1810,2748,11072,12769,11407,8585,11489,7865,3529,10681,4781,7932,6341,4875,7866,12265,9895,10903,7342,1649,5475,6350,5802,8934,3464,5628,3107,1638,5962,9734,12950,11835,7261,12069,9200,11287,8295,4250,5900,12307,5231,7080,6410,7688,12174,6629,7083,9243,1770,1924,3130,6884,9660,12463,7923,7321,10717,2696,4200,9420,5979,5334,11095,3728,5725,3463,1325,10677,3234,1058,10651,2578,1729,8038,8405,11272,7123,4226,11379,11535,10212,8866,1232,11395,12816,1269,10283,9735,2102,10116,4190,11714,2099,3840,9369,12116,7355,12792,12167,9238,1584,3459,3546,8927,4820,3252,5205,1562,9200,4765,10510,9901,3989,4683,9115,1949,5659,10272,6850,7623,1672,12432,4292,12804,6729,5230,1763,2797,12026,10767,2119,11643,1868,12070,12288,1814,10361,1093,4665,9862,11953,12824,12504,6437,6246,12331,10442,12716,5516,12100,4080,8655,6366,6547,4658,7544,8307,2266,4211,7689,9607,7620,9334,4002,6657,10473,8026,1080,12440 /tmp/1646341458454.txt 2 ./1646341458035.json ./1646341457811.json
AD REPEATABILITY OF OUR NEW METHOD : 300
8.56555

ALLOCATING WITH OUR OLD METHOD: 300
python alloc_fresh.py ../test1/kosarak_minfreq_0.005_maxcs_1_maxor_0.04/patterns.txt /home/preetham_sathineni/adslot/web_page_meta_dict_adslots_1_dataset_kosaraktxt.pkl /home/preetham_sathineni/adslot/web_page_freq_sorted_adslots_1_dataset_kosaraktxt.pkl 8604,9228,1657,2682,5701,11822,12088,10643,1771,5348,9211,2867,11134,3168,4495,3001,6155,11813,8158,1652,12670,2551,2291,7346,6596,6823,7253,12468,12406,6563,1747,7399,7009,11066,8848,4291,2146,5734,6233,6718,8745,8407,2492,1146,12692,3406,2932,12487,6132,8125,5811,1410,10079,5168,1738,7903,7879,12651,3634,11382,1872,1801,2083,7280,4346,12027,11981,8133,10399,9589,5641,4526,9755,9899,12664,2748,8301,1312,4045,8391,2701,11940,11909,10197,3177,4951,11950,7682,11185,6864,4431,9886,7308,2108,4398,1385,8894,10773,5086,8213,10320,1389,11153,11040,6441,5618,3360,11030,6387,8955,9647,10343,9532,12608,11590,12685,7085,11678,3555,10800,2657,4027,3078,11718,3424,8138,5067,4586,7103,1227,12866,1810,2748,11072,12769,11407,8585,11489,7865,3529,10681,4781,7932,6341,4875,7866,12265,9895,10903,7342,1649,5475,6350,5802,8934,3464,5628,3107,1638,5962,9734,12950,11835,7261,12069,9200,11287,8295,4250,5900,12307,5231,7080,6410,7688,12174,6629,7083,9243,1770,1924,3130,6884,9660,12463,7923,7321,10717,2696,4200,9420,5979,5334,11095,3728,5725,3463,1325,10677,3234,1058,10651,2578,1729,8038,8405,11272,7123,4226,11379,11535,10212,8866,1232,11395,12816,1269,10283,9735,2102,10116,4190,11714,2099,3840,9369,12116,7355,12792,12167,9238,1584,3459,3546,8927,4820,3252,5205,1562,9200,4765,10510,9901,3989,4683,9115,1949,5659,10272,6850,7623,1672,12432,4292,12804,6729,5230,1763,2797,12026,10767,2119,11643,1868,12070,12288,1814,10361,1093,4665,9862,11953,12824,12504,6437,6246,12331,10442,12716,5516,12100,4080,8655,6366,6547,4658,7544,8307,2266,4211,7689,9607,7620,9334,4002,6657,10473,8026,1080,12440 /tmp/1646341560272.txt 2 ./1646341458035.json ./1646341457811.json
AD REPEATABILITY OF ONE-SLOT METHOD : 300
2.49118

[One slot] ALLOCATING WITH RANDOM METHOD: 300
2.66923

[Multi slots] ALLOCATING WITH RANDOM METHOD: 300
AD REPEATABILITY OF RANDOM METHOD: 300
7.77998

allocated
{'VFS_one_method': [0], 'VFS_multi_method': [0], 'new_method': [300], 'oneslot_method': [57]}
adrepp
{'VFS_one_method': ['2.66923'], 'VFS_multi_method': ['7.77998'], 'new_method': ['8.56555'], 'oneslot_method': ['2.49118']}
revenue
{'VFS_one_method': [], 'VFS_multi_method': [], 'new_method': [], 'oneslot_method': []}
got patterns
sorted patterns
started allocation
Allocation accuracy: 244
total views sold: 2135304
Allocation accuracy new method: 244
0.0
got patterns
sorted patterns
started allocation
Allocation accuracy: 56
total views sold: 504484
Allocation accuracy new method: 56
('META_DATA_FILE_PATH', '/home/preetham_sathineni/adslot/web_page_meta_dict_adslots_1_dataset_kosaraktxt.pkl')
/tmp/1646341888895.txt
Allocation accuracy: 30
total views sold: 375196
('META_DATA_FILE_PATH', '/home/preetham_sathineni/adslot/web_page_meta_dict_adslots_3_dataset_kosaraktxt.pkl')
/tmp/1646341904006.txt
Allocation accuracy: 104
total views sold: 1182164
###############     ARGUMENTS     ############
['plot_results.py', '../test1/kosarak_minfreq_0.005_maxcs_1_maxor_0.04/patterns.txt', '../CMineMR-Mapreduce-algorithm-to-extract-coverage-patterns-master/dataset/kosarak.txt', '320', '7000', '6000', '3']
##############################################
web_page_to_adv_json_file : ./1646341752091.json
allocated_adslots_file: ./1646341752491.json
python alloc_fresh.py ../test1/kosarak_minfreq_0.005_maxcs_1_maxor_0.04/patterns.txt /home/preetham_sathineni/adslot/web_page_meta_dict_adslots_3_dataset_kosaraktxt.pkl /home/preetham_sathineni/adslot/web_page_freq_sorted_adslots_3_dataset_kosaraktxt.pkl 6493,1149,4467,10114,8333,4587,1881,12033,5304,10121,6567,2399,5151,1453,4630,2186,9541,1821,10190,10810,3246,2039,11661,5052,8259,3968,1299,4059,7207,7294,12549,6328,9904,10874,11656,12496,8191,6057,8171,12315,1922,7147,7321,2629,2802,12412,9255,3747,7211,3365,3583,9931,12867,4885,5810,5712,7577,2621,3117,8271,12516,7847,9675,12790,12520,12663,6778,10205,2214,3497,5634,1245,12328,9288,9892,5396,5708,3225,12680,7235,2425,6687,3977,10507,7011,6326,8657,9509,11263,5249,3693,7259,1015,5374,7010,5918,12091,11404,8829,11596,7217,11265,10725,5182,6543,12270,3311,5544,9805,11707,10919,9839,8281,1743,6250,7917,9393,11496,5044,3553,9487,3120,3876,7918,11905,6023,2988,4410,1062,2813,12111,9377,10142,8491,3342,10857,1430,2999,9105,4280,10834,12954,4351,7721,3652,2092,3486,4149,5320,9509,9855,5779,7534,10276,5117,11446,10659,5738,10510,8164,1879,7655,12055,11665,6662,10932,3601,8100,8993,8869,3413,4035,2308,9585,5157,7121,12797,1369,1990,10336,10116,11897,9380,10072,11575,8871,7245,8216,2840,11740,5396,4815,9894,9715,4160,5825,6517,10317,3740,8072,10122,1635,10742,11350,11468,11251,12781,3198,1553,3870,10534,9948,2838,3111,5841,8234,10581,1651,6107,6726,1373,11495,11607,10813,12930,12177,11634,6719,11820,8892,5482,11578,2215,7263,12151,11930,11662,5288,8824,6171,8162,5806,4884,5834,3674,12269,8073,12879,8283,8203,6429,3455,11026,4086,5746,6895,12013,12235,7269,10875,11669,1941,8644,11619,10994,4675,7633,4409,8280,2431,7576,1052,11658,8617,9432,11825,2213,4451,8626,1380,3026,1038,12731,4872,9199,10258,4677,7675,10067,7480,1600,4871,8659,1244,12921,5054,4922,12952,5728,2968,10367,5845,7962,7275,5087,11941,3487,5231,2281,11613,2514,11754,5066,7182,2225,8826,10294,12550,9833,12173 /tmp/1646341752733.txt 2 ./1646341752491.json ./1646341752091.json
AD REPEATABILITY OF OUR NEW METHOD : 320
9.31153

ALLOCATING WITH OUR OLD METHOD: 320
python alloc_fresh.py ../test1/kosarak_minfreq_0.005_maxcs_1_maxor_0.04/patterns.txt /home/preetham_sathineni/adslot/web_page_meta_dict_adslots_1_dataset_kosaraktxt.pkl /home/preetham_sathineni/adslot/web_page_freq_sorted_adslots_1_dataset_kosaraktxt.pkl 6493,1149,4467,10114,8333,4587,1881,12033,5304,10121,6567,2399,5151,1453,4630,2186,9541,1821,10190,10810,3246,2039,11661,5052,8259,3968,1299,4059,7207,7294,12549,6328,9904,10874,11656,12496,8191,6057,8171,12315,1922,7147,7321,2629,2802,12412,9255,3747,7211,3365,3583,9931,12867,4885,5810,5712,7577,2621,3117,8271,12516,7847,9675,12790,12520,12663,6778,10205,2214,3497,5634,1245,12328,9288,9892,5396,5708,3225,12680,7235,2425,6687,3977,10507,7011,6326,8657,9509,11263,5249,3693,7259,1015,5374,7010,5918,12091,11404,8829,11596,7217,11265,10725,5182,6543,12270,3311,5544,9805,11707,10919,9839,8281,1743,6250,7917,9393,11496,5044,3553,9487,3120,3876,7918,11905,6023,2988,4410,1062,2813,12111,9377,10142,8491,3342,10857,1430,2999,9105,4280,10834,12954,4351,7721,3652,2092,3486,4149,5320,9509,9855,5779,7534,10276,5117,11446,10659,5738,10510,8164,1879,7655,12055,11665,6662,10932,3601,8100,8993,8869,3413,4035,2308,9585,5157,7121,12797,1369,1990,10336,10116,11897,9380,10072,11575,8871,7245,8216,2840,11740,5396,4815,9894,9715,4160,5825,6517,10317,3740,8072,10122,1635,10742,11350,11468,11251,12781,3198,1553,3870,10534,9948,2838,3111,5841,8234,10581,1651,6107,6726,1373,11495,11607,10813,12930,12177,11634,6719,11820,8892,5482,11578,2215,7263,12151,11930,11662,5288,8824,6171,8162,5806,4884,5834,3674,12269,8073,12879,8283,8203,6429,3455,11026,4086,5746,6895,12013,12235,7269,10875,11669,1941,8644,11619,10994,4675,7633,4409,8280,2431,7576,1052,11658,8617,9432,11825,2213,4451,8626,1380,3026,1038,12731,4872,9199,10258,4677,7675,10067,7480,1600,4871,8659,1244,12921,5054,4922,12952,5728,2968,10367,5845,7962,7275,5087,11941,3487,5231,2281,11613,2514,11754,5066,7182,2225,8826,10294,12550,9833,12173 /tmp/1646341838236.txt 2 ./1646341752491.json ./1646341752091.json
AD REPEATABILITY OF ONE-SLOT METHOD : 320
2.48036

[One slot] ALLOCATING WITH RANDOM METHOD: 320
2.74081

[Multi slots] ALLOCATING WITH RANDOM METHOD: 320
AD REPEATABILITY OF RANDOM METHOD: 320
7.87083

allocated
{'VFS_one_method': [0], 'VFS_multi_method': [0], 'new_method': [244], 'oneslot_method': [56]}
adrepp
{'VFS_one_method': ['2.74081'], 'VFS_multi_method': ['7.87083'], 'new_method': ['9.31153'], 'oneslot_method': ['2.48036']}
revenue
{'VFS_one_method': [], 'VFS_multi_method': [], 'new_method': [], 'oneslot_method': []}
got patterns
sorted patterns
started allocation
Allocation accuracy: 340
total views sold: 2316930
Allocation accuracy new method: 340
0.0
got patterns
sorted patterns
started allocation
Allocation accuracy: 59
total views sold: 503959
Allocation accuracy new method: 59
('META_DATA_FILE_PATH', '/home/preetham_sathineni/adslot/web_page_meta_dict_adslots_1_dataset_kosaraktxt.pkl')
/tmp/1646342132152.txt
Allocation accuracy: 32
total views sold: 393469
('META_DATA_FILE_PATH', '/home/preetham_sathineni/adslot/web_page_meta_dict_adslots_3_dataset_kosaraktxt.pkl')
/tmp/1646342145376.txt
Allocation accuracy: 109
total views sold: 1172580
###############     ARGUMENTS     ############
['plot_results.py', '../test1/kosarak_minfreq_0.005_maxcs_1_maxor_0.04/patterns.txt', '../CMineMR-Mapreduce-algorithm-to-extract-coverage-patterns-master/dataset/kosarak.txt', '340', '7000', '6000', '3']
##############################################
web_page_to_adv_json_file : ./1646342015992.json
allocated_adslots_file: ./1646342016343.json
python alloc_fresh.py ../test1/kosarak_minfreq_0.005_maxcs_1_maxor_0.04/patterns.txt /home/preetham_sathineni/adslot/web_page_meta_dict_adslots_3_dataset_kosaraktxt.pkl /home/preetham_sathineni/adslot/web_page_freq_sorted_adslots_3_dataset_kosaraktxt.pkl 11400,1479,12224,4458,9904,9194,5860,1137,5458,4806,11127,7933,11301,6525,10818,10990,1911,6972,1207,5677,5295,3506,12520,2968,4386,11852,5659,8975,4673,4957,12234,2422,11311,11035,8744,2822,2061,12456,11928,3160,5318,1036,6804,10621,1630,6999,3081,3766,4309,9580,7818,5676,9931,1096,5949,9863,3737,7560,6765,5601,4845,4543,2871,1257,6096,5096,7807,2291,10976,6077,7948,6942,4986,9169,12885,3101,8423,4330,9677,5391,1138,6655,10969,10151,1416,12627,12917,10172,5898,11476,7503,2693,4525,1540,7927,2694,10722,7404,4461,4939,3205,8800,3342,8733,2463,11189,8305,10579,7615,2039,8085,1973,3281,11249,8275,5241,5512,6363,6935,9652,2041,1584,9125,9580,11364,4427,12621,12678,4911,6264,5691,7675,5245,1821,11265,4028,11971,8038,10823,10163,10455,10082,12133,12531,4430,8711,12330,7383,2370,5842,9659,6233,3166,12809,5643,9611,2212,4426,4249,10054,1513,5933,1815,12886,11180,4204,9805,1390,3292,2954,7946,3972,6796,3203,10303,6838,7469,4668,8121,5497,7289,7238,8686,1317,6999,11399,9812,6978,11481,9020,8398,1271,10623,12222,1884,8848,3200,2968,3009,1557,8910,8131,4107,7588,8058,6326,11700,7890,12108,5017,7341,4815,4542,7144,7294,7202,7834,4391,1173,9789,1186,3511,5954,11052,6941,4453,1825,6254,11441,1644,4486,4956,1133,6506,6121,8935,9309,9903,7182,8271,11867,12554,8016,6105,2122,11494,7798,10632,2877,9664,9352,3564,9188,12035,11541,10718,11229,4953,7615,8439,9005,6534,4244,3298,6759,4507,8850,8121,7585,9317,7376,2759,12719,1828,4457,10306,7421,12544,5859,3232,5883,5474,3246,5121,1137,7462,1944,1974,10519,6282,5033,8965,12137,6537,2098,8094,12869,7084,4686,10572,3196,1775,9245,7783,12209,4814,12174,11694,5004,6352,3009,6256,10660,5219,1488,9485,10384,8609,6524,10255,4058,6115,5546,1730,6869,9605,6189,5188,7479,9553,8610,7600,8846,1628,4874,3710,9195,1911,2511,6067 /tmp/1646342016658.txt 2 ./1646342016343.json ./1646342015992.json
AD REPEATABILITY OF OUR NEW METHOD : 340
8.408

ALLOCATING WITH OUR OLD METHOD: 340
python alloc_fresh.py ../test1/kosarak_minfreq_0.005_maxcs_1_maxor_0.04/patterns.txt /home/preetham_sathineni/adslot/web_page_meta_dict_adslots_1_dataset_kosaraktxt.pkl /home/preetham_sathineni/adslot/web_page_freq_sorted_adslots_1_dataset_kosaraktxt.pkl 11400,1479,12224,4458,9904,9194,5860,1137,5458,4806,11127,7933,11301,6525,10818,10990,1911,6972,1207,5677,5295,3506,12520,2968,4386,11852,5659,8975,4673,4957,12234,2422,11311,11035,8744,2822,2061,12456,11928,3160,5318,1036,6804,10621,1630,6999,3081,3766,4309,9580,7818,5676,9931,1096,5949,9863,3737,7560,6765,5601,4845,4543,2871,1257,6096,5096,7807,2291,10976,6077,7948,6942,4986,9169,12885,3101,8423,4330,9677,5391,1138,6655,10969,10151,1416,12627,12917,10172,5898,11476,7503,2693,4525,1540,7927,2694,10722,7404,4461,4939,3205,8800,3342,8733,2463,11189,8305,10579,7615,2039,8085,1973,3281,11249,8275,5241,5512,6363,6935,9652,2041,1584,9125,9580,11364,4427,12621,12678,4911,6264,5691,7675,5245,1821,11265,4028,11971,8038,10823,10163,10455,10082,12133,12531,4430,8711,12330,7383,2370,5842,9659,6233,3166,12809,5643,9611,2212,4426,4249,10054,1513,5933,1815,12886,11180,4204,9805,1390,3292,2954,7946,3972,6796,3203,10303,6838,7469,4668,8121,5497,7289,7238,8686,1317,6999,11399,9812,6978,11481,9020,8398,1271,10623,12222,1884,8848,3200,2968,3009,1557,8910,8131,4107,7588,8058,6326,11700,7890,12108,5017,7341,4815,4542,7144,7294,7202,7834,4391,1173,9789,1186,3511,5954,11052,6941,4453,1825,6254,11441,1644,4486,4956,1133,6506,6121,8935,9309,9903,7182,8271,11867,12554,8016,6105,2122,11494,7798,10632,2877,9664,9352,3564,9188,12035,11541,10718,11229,4953,7615,8439,9005,6534,4244,3298,6759,4507,8850,8121,7585,9317,7376,2759,12719,1828,4457,10306,7421,12544,5859,3232,5883,5474,3246,5121,1137,7462,1944,1974,10519,6282,5033,8965,12137,6537,2098,8094,12869,7084,4686,10572,3196,1775,9245,7783,12209,4814,12174,11694,5004,6352,3009,6256,10660,5219,1488,9485,10384,8609,6524,10255,4058,6115,5546,1730,6869,9605,6189,5188,7479,9553,8610,7600,8846,1628,4874,3710,9195,1911,2511,6067 /tmp/1646342102664.txt 2 ./1646342016343.json ./1646342015992.json
AD REPEATABILITY OF ONE-SLOT METHOD : 340
2.37528

[One slot] ALLOCATING WITH RANDOM METHOD: 340
2.62338

[Multi slots] ALLOCATING WITH RANDOM METHOD: 340
AD REPEATABILITY OF RANDOM METHOD: 340
7.74839

allocated
{'VFS_one_method': [0], 'VFS_multi_method': [0], 'new_method': [340], 'oneslot_method': [59]}
adrepp
{'VFS_one_method': ['2.62338'], 'VFS_multi_method': ['7.74839'], 'new_method': ['8.408'], 'oneslot_method': ['2.37528']}
revenue
{'VFS_one_method': [], 'VFS_multi_method': [], 'new_method': [], 'oneslot_method': []}
got patterns
sorted patterns
started allocation
Allocation accuracy: 258
total views sold: 2250305
Allocation accuracy new method: 258
0.0
got patterns
sorted patterns
started allocation
Allocation accuracy: 57
total views sold: 513770
Allocation accuracy new method: 57
('META_DATA_FILE_PATH', '/home/preetham_sathineni/adslot/web_page_meta_dict_adslots_1_dataset_kosaraktxt.pkl')
/tmp/1646342403118.txt
Allocation accuracy: 31
total views sold: 387074
('META_DATA_FILE_PATH', '/home/preetham_sathineni/adslot/web_page_meta_dict_adslots_3_dataset_kosaraktxt.pkl')
/tmp/1646342415669.txt
Allocation accuracy: 106
total views sold: 1205653
###############     ARGUMENTS     ############
['plot_results.py', '../test1/kosarak_minfreq_0.005_maxcs_1_maxor_0.04/patterns.txt', '../CMineMR-Mapreduce-algorithm-to-extract-coverage-patterns-master/dataset/kosarak.txt', '360', '7000', '6000', '3']
##############################################
web_page_to_adv_json_file : ./1646342257553.json
allocated_adslots_file: ./1646342257806.json
python alloc_fresh.py ../test1/kosarak_minfreq_0.005_maxcs_1_maxor_0.04/patterns.txt /home/preetham_sathineni/adslot/web_page_meta_dict_adslots_3_dataset_kosaraktxt.pkl /home/preetham_sathineni/adslot/web_page_freq_sorted_adslots_3_dataset_kosaraktxt.pkl 4749,5910,12121,11853,5749,7987,11389,6063,8624,1804,5398,3861,10831,7625,12593,4149,11042,11979,5460,1313,7098,10266,12831,6037,1297,7741,2196,11189,1698,7658,3169,4667,10967,10671,9804,8214,5540,7382,10227,8572,8065,5589,9869,8318,9070,10239,11248,7855,2114,1120,12341,3993,12349,4248,2578,3504,7626,4905,7151,1498,5643,1565,11659,12873,8820,2216,1299,4516,10780,11958,6299,11949,2627,8699,8915,3468,11187,5662,10201,12690,5492,1724,9810,1299,3865,4101,5327,6707,8469,7738,6844,10243,3044,10961,5323,3153,3430,12011,2355,3579,1820,5430,8346,10482,3975,5075,4445,9831,11065,6032,4831,11072,3407,6259,9488,9539,12493,12453,2068,2606,12771,5040,12026,3694,7284,10766,9305,7662,7779,10266,9385,6779,3807,8654,8260,2876,8959,6303,8742,11388,3765,6618,10885,3948,11871,3004,8475,10052,4488,2108,11541,6570,3537,1709,10021,2992,7927,5703,7301,8408,10037,7440,1654,9880,9250,6981,11828,7483,5392,11613,11902,7916,12583,6155,7567,6912,2271,3175,7162,7466,7613,1717,8777,10540,6882,3420,6158,8195,9563,6959,2947,10341,12436,12561,3171,12304,12567,2931,3204,3486,11393,1074,10456,7319,11488,9419,7336,7392,5806,9033,12750,6173,11034,3391,11274,11242,2006,9292,1249,1207,8294,7840,5140,1110,6488,11605,2654,12429,2183,5328,7545,12809,9753,5381,1850,1834,6180,12488,10194,10677,1493,12151,11448,6846,5465,11987,1352,1683,10438,6402,11708,4172,10762,6394,3226,10966,1842,5293,10941,6578,4949,6342,11184,4501,12670,10462,8237,9007,4237,9568,9049,5639,5318,10278,7369,10020,4324,9850,3655,11595,2380,5846,10242,5989,7840,2667,12871,4305,11237,3150,5129,6620,8700,2704,11711,5615,12347,3460,3339,11007,2446,12673,4388,5714,5458,8498,6654,2710,8438,9363,2694,9461,12181,12528,11258,9142,6170,10190,9501,9365,11430,10219,5790,3596,1775,4910,10780,8211,7545,2200,3770,3129,11823,5715,2669,3074,6712,4347,5143,9520,7480,11903,8881,7432,3686,4549,11919,12315,1592,6531,3236,8811,12872,3482,5801,4463,7136,9946,3671,2024 /tmp/1646342258180.txt 2 ./1646342257806.json ./1646342257553.json
AD REPEATABILITY OF OUR NEW METHOD : 360
9.60884

ALLOCATING WITH OUR OLD METHOD: 360
python alloc_fresh.py ../test1/kosarak_minfreq_0.005_maxcs_1_maxor_0.04/patterns.txt /home/preetham_sathineni/adslot/web_page_meta_dict_adslots_1_dataset_kosaraktxt.pkl /home/preetham_sathineni/adslot/web_page_freq_sorted_adslots_1_dataset_kosaraktxt.pkl 4749,5910,12121,11853,5749,7987,11389,6063,8624,1804,5398,3861,10831,7625,12593,4149,11042,11979,5460,1313,7098,10266,12831,6037,1297,7741,2196,11189,1698,7658,3169,4667,10967,10671,9804,8214,5540,7382,10227,8572,8065,5589,9869,8318,9070,10239,11248,7855,2114,1120,12341,3993,12349,4248,2578,3504,7626,4905,7151,1498,5643,1565,11659,12873,8820,2216,1299,4516,10780,11958,6299,11949,2627,8699,8915,3468,11187,5662,10201,12690,5492,1724,9810,1299,3865,4101,5327,6707,8469,7738,6844,10243,3044,10961,5323,3153,3430,12011,2355,3579,1820,5430,8346,10482,3975,5075,4445,9831,11065,6032,4831,11072,3407,6259,9488,9539,12493,12453,2068,2606,12771,5040,12026,3694,7284,10766,9305,7662,7779,10266,9385,6779,3807,8654,8260,2876,8959,6303,8742,11388,3765,6618,10885,3948,11871,3004,8475,10052,4488,2108,11541,6570,3537,1709,10021,2992,7927,5703,7301,8408,10037,7440,1654,9880,9250,6981,11828,7483,5392,11613,11902,7916,12583,6155,7567,6912,2271,3175,7162,7466,7613,1717,8777,10540,6882,3420,6158,8195,9563,6959,2947,10341,12436,12561,3171,12304,12567,2931,3204,3486,11393,1074,10456,7319,11488,9419,7336,7392,5806,9033,12750,6173,11034,3391,11274,11242,2006,9292,1249,1207,8294,7840,5140,1110,6488,11605,2654,12429,2183,5328,7545,12809,9753,5381,1850,1834,6180,12488,10194,10677,1493,12151,11448,6846,5465,11987,1352,1683,10438,6402,11708,4172,10762,6394,3226,10966,1842,5293,10941,6578,4949,6342,11184,4501,12670,10462,8237,9007,4237,9568,9049,5639,5318,10278,7369,10020,4324,9850,3655,11595,2380,5846,10242,5989,7840,2667,12871,4305,11237,3150,5129,6620,8700,2704,11711,5615,12347,3460,3339,11007,2446,12673,4388,5714,5458,8498,6654,2710,8438,9363,2694,9461,12181,12528,11258,9142,6170,10190,9501,9365,11430,10219,5790,3596,1775,4910,10780,8211,7545,2200,3770,3129,11823,5715,2669,3074,6712,4347,5143,9520,7480,11903,8881,7432,3686,4549,11919,12315,1592,6531,3236,8811,12872,3482,5801,4463,7136,9946,3671,2024 /tmp/1646342347384.txt 2 ./1646342257806.json ./1646342257553.json
AD REPEATABILITY OF ONE-SLOT METHOD : 360
2.52421

[One slot] ALLOCATING WITH RANDOM METHOD: 360
2.69321

[Multi slots] ALLOCATING WITH RANDOM METHOD: 360
AD REPEATABILITY OF RANDOM METHOD: 360
7.7599

allocated
{'VFS_one_method': [0], 'VFS_multi_method': [0], 'new_method': [258], 'oneslot_method': [57]}
adrepp
{'VFS_one_method': ['2.69321'], 'VFS_multi_method': ['7.7599'], 'new_method': ['9.60884'], 'oneslot_method': ['2.52421']}
revenue
{'VFS_one_method': [], 'VFS_multi_method': [], 'new_method': [], 'oneslot_method': []}
got patterns
sorted patterns
started allocation
Allocation accuracy: 211
total views sold: 2066502
Allocation accuracy new method: 211
0.0
got patterns
sorted patterns
started allocation
Allocation accuracy: 57
total views sold: 506589
Allocation accuracy new method: 57
('META_DATA_FILE_PATH', '/home/preetham_sathineni/adslot/web_page_meta_dict_adslots_1_dataset_kosaraktxt.pkl')
/tmp/1646342669995.txt
Allocation accuracy: 30
total views sold: 375844
('META_DATA_FILE_PATH', '/home/preetham_sathineni/adslot/web_page_meta_dict_adslots_3_dataset_kosaraktxt.pkl')
/tmp/1646342684852.txt
Allocation accuracy: 103
total views sold: 1189518
###############     ARGUMENTS     ############
['plot_results.py', '../test1/kosarak_minfreq_0.005_maxcs_1_maxor_0.04/patterns.txt', '../CMineMR-Mapreduce-algorithm-to-extract-coverage-patterns-master/dataset/kosarak.txt', '380', '7000', '6000', '3']
##############################################
web_page_to_adv_json_file : ./1646342519603.json
allocated_adslots_file: ./1646342519740.json
python alloc_fresh.py ../test1/kosarak_minfreq_0.005_maxcs_1_maxor_0.04/patterns.txt /home/preetham_sathineni/adslot/web_page_meta_dict_adslots_3_dataset_kosaraktxt.pkl /home/preetham_sathineni/adslot/web_page_freq_sorted_adslots_3_dataset_kosaraktxt.pkl 8731,8148,1433,4485,7681,2030,2204,8915,7921,8170,1965,10598,3896,10910,9870,2505,6819,7595,12132,1559,10127,7252,7397,3357,6562,7175,6797,11118,5931,11244,3293,12000,8825,2510,3053,7179,2639,12420,12537,4822,5772,12952,2759,7480,4660,4118,10266,7226,7655,4440,12914,7921,9298,11366,4001,10069,10678,1469,7302,10105,11183,6721,2997,2545,10349,1681,6432,12404,3974,5239,11651,5914,6686,2220,12649,6203,3677,5847,8754,11428,8868,5845,1133,11955,5200,11071,10358,4638,3028,8033,9403,1979,7182,6548,3149,12374,6811,9034,7701,10745,3298,7144,12118,4857,6632,12787,6971,10258,10811,1341,7068,12098,2816,9725,6164,4477,10967,10139,6194,2203,10805,1105,7991,2443,1367,1885,3438,9186,4269,12088,2252,9193,5429,10418,7945,8782,4221,3972,11394,10440,12959,1516,3308,9659,4112,7873,12588,4977,11226,12500,6874,5586,11905,6070,9909,5055,2807,7890,6538,5904,2924,2118,7979,12345,10085,7790,12708,1909,6506,7337,8048,5897,3454,4459,4472,6371,8131,11358,8035,1488,5705,2019,6629,11267,8522,8119,6383,7997,12469,11775,3531,9461,12352,6020,9628,2747,12648,10356,12340,11629,7050,4931,7181,6117,9191,7640,11026,12534,2479,10119,4612,5028,12245,7896,9938,8989,2727,8738,5309,6575,9119,12288,11917,8037,3392,9593,7769,9628,12785,3495,5021,12310,6279,11513,3695,6003,12305,6165,11486,11407,6921,3909,11467,1121,10634,1427,4774,2775,1925,9517,4548,1145,1545,5778,5014,11901,3588,6105,3654,1213,10595,1251,8650,5586,11517,1256,11365,3549,12566,3340,11984,3436,7943,3924,10354,7977,9756,6595,6401,11166,8742,7112,11253,7227,5072,6572,12253,8918,6612,10217,3232,3962,5803,11325,3473,7531,2699,8352,10668,4180,5504,3493,12171,6891,10380,7811,5763,10561,4979,11754,7877,7694,12362,11852,1343,7901,12300,2405,6960,5353,4432,2705,4087,10093,6188,3143,3835,6325,11179,9735,12312,5329,7945,2163,11712,12911,12727,11946,3340,5418,2035,3990,2151,8693,10397,10896,10739,8412,10614,2340,9956,9986,9213,11383,6981,1587,5304,11682,11779,2353,5582,8347,6423,7708,2202,6926,9817,12112,6177,7999,9236,3407,10267,6518,7212,1603,9423,4844,6308,8382 /tmp/1646342519972.txt 2 ./1646342519740.json ./1646342519603.json
AD REPEATABILITY OF OUR NEW METHOD : 380
10.03545

ALLOCATING WITH OUR OLD METHOD: 380
python alloc_fresh.py ../test1/kosarak_minfreq_0.005_maxcs_1_maxor_0.04/patterns.txt /home/preetham_sathineni/adslot/web_page_meta_dict_adslots_1_dataset_kosaraktxt.pkl /home/preetham_sathineni/adslot/web_page_freq_sorted_adslots_1_dataset_kosaraktxt.pkl 8731,8148,1433,4485,7681,2030,2204,8915,7921,8170,1965,10598,3896,10910,9870,2505,6819,7595,12132,1559,10127,7252,7397,3357,6562,7175,6797,11118,5931,11244,3293,12000,8825,2510,3053,7179,2639,12420,12537,4822,5772,12952,2759,7480,4660,4118,10266,7226,7655,4440,12914,7921,9298,11366,4001,10069,10678,1469,7302,10105,11183,6721,2997,2545,10349,1681,6432,12404,3974,5239,11651,5914,6686,2220,12649,6203,3677,5847,8754,11428,8868,5845,1133,11955,5200,11071,10358,4638,3028,8033,9403,1979,7182,6548,3149,12374,6811,9034,7701,10745,3298,7144,12118,4857,6632,12787,6971,10258,10811,1341,7068,12098,2816,9725,6164,4477,10967,10139,6194,2203,10805,1105,7991,2443,1367,1885,3438,9186,4269,12088,2252,9193,5429,10418,7945,8782,4221,3972,11394,10440,12959,1516,3308,9659,4112,7873,12588,4977,11226,12500,6874,5586,11905,6070,9909,5055,2807,7890,6538,5904,2924,2118,7979,12345,10085,7790,12708,1909,6506,7337,8048,5897,3454,4459,4472,6371,8131,11358,8035,1488,5705,2019,6629,11267,8522,8119,6383,7997,12469,11775,3531,9461,12352,6020,9628,2747,12648,10356,12340,11629,7050,4931,7181,6117,9191,7640,11026,12534,2479,10119,4612,5028,12245,7896,9938,8989,2727,8738,5309,6575,9119,12288,11917,8037,3392,9593,7769,9628,12785,3495,5021,12310,6279,11513,3695,6003,12305,6165,11486,11407,6921,3909,11467,1121,10634,1427,4774,2775,1925,9517,4548,1145,1545,5778,5014,11901,3588,6105,3654,1213,10595,1251,8650,5586,11517,1256,11365,3549,12566,3340,11984,3436,7943,3924,10354,7977,9756,6595,6401,11166,8742,7112,11253,7227,5072,6572,12253,8918,6612,10217,3232,3962,5803,11325,3473,7531,2699,8352,10668,4180,5504,3493,12171,6891,10380,7811,5763,10561,4979,11754,7877,7694,12362,11852,1343,7901,12300,2405,6960,5353,4432,2705,4087,10093,6188,3143,3835,6325,11179,9735,12312,5329,7945,2163,11712,12911,12727,11946,3340,5418,2035,3990,2151,8693,10397,10896,10739,8412,10614,2340,9956,9986,9213,11383,6981,1587,5304,11682,11779,2353,5582,8347,6423,7708,2202,6926,9817,12112,6177,7999,9236,3407,10267,6518,7212,1603,9423,4844,6308,8382 /tmp/1646342607627.txt 2 ./1646342519740.json ./1646342519603.json
AD REPEATABILITY OF ONE-SLOT METHOD : 380
2.46947

[One slot] ALLOCATING WITH RANDOM METHOD: 380
2.71589

[Multi slots] ALLOCATING WITH RANDOM METHOD: 380
AD REPEATABILITY OF RANDOM METHOD: 380
7.79227

allocated
{'VFS_one_method': [0], 'VFS_multi_method': [0], 'new_method': [211], 'oneslot_method': [57]}
adrepp
{'VFS_one_method': ['2.71589'], 'VFS_multi_method': ['7.79227'], 'new_method': ['10.03545'], 'oneslot_method': ['2.46947']}
revenue
{'VFS_one_method': [], 'VFS_multi_method': [], 'new_method': [], 'oneslot_method': []}
got patterns
sorted patterns
started allocation
Allocation accuracy: 249
total views sold: 2182916
Allocation accuracy new method: 249
0.0
got patterns
sorted patterns
started allocation
Allocation accuracy: 61
total views sold: 517695
Allocation accuracy new method: 61
('META_DATA_FILE_PATH', '/home/preetham_sathineni/adslot/web_page_meta_dict_adslots_1_dataset_kosaraktxt.pkl')
/tmp/1646342954145.txt
Allocation accuracy: 31
total views sold: 392216
('META_DATA_FILE_PATH', '/home/preetham_sathineni/adslot/web_page_meta_dict_adslots_3_dataset_kosaraktxt.pkl')
/tmp/1646342970842.txt
Allocation accuracy: 99
total views sold: 1143719
###############     ARGUMENTS     ############
['plot_results.py', '../test1/kosarak_minfreq_0.005_maxcs_1_maxor_0.04/patterns.txt', '../CMineMR-Mapreduce-algorithm-to-extract-coverage-patterns-master/dataset/kosarak.txt', '400', '7000', '6000', '3']
##############################################
web_page_to_adv_json_file : ./1646342800267.json
allocated_adslots_file: ./1646342800392.json
python alloc_fresh.py ../test1/kosarak_minfreq_0.005_maxcs_1_maxor_0.04/patterns.txt /home/preetham_sathineni/adslot/web_page_meta_dict_adslots_3_dataset_kosaraktxt.pkl /home/preetham_sathineni/adslot/web_page_freq_sorted_adslots_3_dataset_kosaraktxt.pkl 1845,5835,11717,4672,6618,6989,3576,11717,3702,1603,6726,5435,12117,6350,6239,3433,7847,6197,7395,4476,12317,11417,2776,8933,9921,1865,11413,3552,2234,10559,3650,10213,10715,5592,1453,1400,4844,3061,10153,4804,12631,8746,11158,7549,3221,6147,8066,7970,9084,4520,7442,9396,5053,3942,8685,9139,1961,1633,5049,2862,2991,4790,10655,3198,12954,9421,8275,6139,7823,7853,4304,12433,1119,7381,3388,12620,1309,1088,4114,9573,10574,9802,7432,6925,1164,10029,4106,12311,2843,11030,1861,10658,6300,9054,2634,6267,12383,2807,12815,5876,2639,7863,7444,3008,1227,5515,11304,8081,11030,11675,3175,8397,6932,3914,3675,11263,12723,1337,4481,3287,9211,11131,4785,12031,12786,6648,7733,4943,5583,5601,2301,7433,5898,1230,4256,10914,3802,10471,12370,10624,7650,6007,12271,3271,12339,8821,11364,7284,3733,6289,5676,8254,5437,5295,9314,6237,10608,11827,4312,8787,2018,10644,6827,2618,2786,11423,8467,2683,2911,11838,3119,10936,4235,1883,8395,1132,2015,1681,2759,8558,6510,3287,7144,7417,4634,5056,11308,8223,1621,3307,1133,11609,6911,10062,6671,7359,6219,6814,10829,10114,10319,12117,4002,6758,6214,9596,6890,6225,3637,12796,8967,11359,9622,2179,6745,1720,5842,3217,7077,6458,3717,8677,3425,10876,6257,11327,12771,12669,12744,9768,9804,2887,6679,8681,4174,10171,12470,10480,9472,12304,6390,6665,10664,7231,10674,3659,6071,3073,8494,4201,2086,4000,9773,9234,1457,11034,11891,1368,8333,3784,8167,10739,11700,10331,3350,12533,1017,9367,6109,1678,4343,12730,7003,6437,10227,4480,7085,11789,11802,3240,4298,6619,9338,1050,9693,11698,8910,6734,2971,11611,7697,5539,4393,1611,10387,8845,6165,8463,1774,6915,7708,1795,4823,11045,1640,9245,6100,12999,9140,12202,4938,3397,2817,6818,7811,9663,6160,5041,12745,5855,6803,6942,8356,1808,6936,3664,12990,1559,8834,10894,4904,11009,12585,8963,10014,1028,3486,1334,3493,12647,6514,12853,7504,8457,3097,10251,5447,5465,6446,10231,9864,9205,11445,9276,2496,1550,3727,8691,5040,2765,8161,12416,7894,2185,4697,4475,7351,5446,1162,12983,12646,6143,12944,5444,1736,3413,4516,12218,9795,6729,9251,4142,10036,3633,12709,3164,1839,6410,4268,11561,5572,5586,7032,1320,5710,8174,1318,6493,7735,2045 /tmp/1646342800606.txt 2 ./1646342800392.json ./1646342800267.json
AD REPEATABILITY OF OUR NEW METHOD : 400
9.4583

ALLOCATING WITH OUR OLD METHOD: 400
python alloc_fresh.py ../test1/kosarak_minfreq_0.005_maxcs_1_maxor_0.04/patterns.txt /home/preetham_sathineni/adslot/web_page_meta_dict_adslots_1_dataset_kosaraktxt.pkl /home/preetham_sathineni/adslot/web_page_freq_sorted_adslots_1_dataset_kosaraktxt.pkl 1845,5835,11717,4672,6618,6989,3576,11717,3702,1603,6726,5435,12117,6350,6239,3433,7847,6197,7395,4476,12317,11417,2776,8933,9921,1865,11413,3552,2234,10559,3650,10213,10715,5592,1453,1400,4844,3061,10153,4804,12631,8746,11158,7549,3221,6147,8066,7970,9084,4520,7442,9396,5053,3942,8685,9139,1961,1633,5049,2862,2991,4790,10655,3198,12954,9421,8275,6139,7823,7853,4304,12433,1119,7381,3388,12620,1309,1088,4114,9573,10574,9802,7432,6925,1164,10029,4106,12311,2843,11030,1861,10658,6300,9054,2634,6267,12383,2807,12815,5876,2639,7863,7444,3008,1227,5515,11304,8081,11030,11675,3175,8397,6932,3914,3675,11263,12723,1337,4481,3287,9211,11131,4785,12031,12786,6648,7733,4943,5583,5601,2301,7433,5898,1230,4256,10914,3802,10471,12370,10624,7650,6007,12271,3271,12339,8821,11364,7284,3733,6289,5676,8254,5437,5295,9314,6237,10608,11827,4312,8787,2018,10644,6827,2618,2786,11423,8467,2683,2911,11838,3119,10936,4235,1883,8395,1132,2015,1681,2759,8558,6510,3287,7144,7417,4634,5056,11308,8223,1621,3307,1133,11609,6911,10062,6671,7359,6219,6814,10829,10114,10319,12117,4002,6758,6214,9596,6890,6225,3637,12796,8967,11359,9622,2179,6745,1720,5842,3217,7077,6458,3717,8677,3425,10876,6257,11327,12771,12669,12744,9768,9804,2887,6679,8681,4174,10171,12470,10480,9472,12304,6390,6665,10664,7231,10674,3659,6071,3073,8494,4201,2086,4000,9773,9234,1457,11034,11891,1368,8333,3784,8167,10739,11700,10331,3350,12533,1017,9367,6109,1678,4343,12730,7003,6437,10227,4480,7085,11789,11802,3240,4298,6619,9338,1050,9693,11698,8910,6734,2971,11611,7697,5539,4393,1611,10387,8845,6165,8463,1774,6915,7708,1795,4823,11045,1640,9245,6100,12999,9140,12202,4938,3397,2817,6818,7811,9663,6160,5041,12745,5855,6803,6942,8356,1808,6936,3664,12990,1559,8834,10894,4904,11009,12585,8963,10014,1028,3486,1334,3493,12647,6514,12853,7504,8457,3097,10251,5447,5465,6446,10231,9864,9205,11445,9276,2496,1550,3727,8691,5040,2765,8161,12416,7894,2185,4697,4475,7351,5446,1162,12983,12646,6143,12944,5444,1736,3413,4516,12218,9795,6729,9251,4142,10036,3633,12709,3164,1839,6410,4268,11561,5572,5586,7032,1320,5710,8174,1318,6493,7735,2045 /tmp/1646342905650.txt 2 ./1646342800392.json ./1646342800267.json
AD REPEATABILITY OF ONE-SLOT METHOD : 400
2.60707

[One slot] ALLOCATING WITH RANDOM METHOD: 400
2.67197

[Multi slots] ALLOCATING WITH RANDOM METHOD: 400
AD REPEATABILITY OF RANDOM METHOD: 400
8.11248

allocated
{'VFS_one_method': [0], 'VFS_multi_method': [0], 'new_method': [249], 'oneslot_method': [61]}
adrepp
{'VFS_one_method': ['2.67197'], 'VFS_multi_method': ['8.11248'], 'new_method': ['9.4583'], 'oneslot_method': ['2.60707']}
revenue
{'VFS_one_method': [], 'VFS_multi_method': [], 'new_method': [], 'oneslot_method': []}
