==========================================
SLURM_JOB_ID = 393053
SLURM_NODELIST = gnode12
SLURM_JOB_GPUS = 
==========================================
Loaded all files
got patterns
Allocation accuracy new method: 1000
views wasted:0
limit 1 to 1
/tmp/1621599437327.txt
Allocation accuracy: 8
limit 1 to 5
/tmp/1621599692985.txt
Allocation accuracy: 25
###############     ARGUMENTS     ############
['plot_results.py', 'patterns/k100_patterns.txt', 'dataset/k100.txt', '1000', '35000', '0']
##############################################
web_page_to_adv_json_file : ./1621598610465.json
allocated_adslots_file: ./1621598610470.json
ALLOCATING WITH OUR OLD METHOD: 1000
AD REPEATABILITY OF ONE-SLOT METHOD : 1000
0.0

[One slot] ALLOCATING WITH RANDOM METHOD: 1000
AD REPEATABILITY OF RANDOM METHOD: 1000
4.28503

[Multi slots] ALLOCATING WITH RANDOM METHOD: 1000
AD REPEATABILITY OF RANDOM METHOD: 1000
10.23322

allocated
{'VFS_one_method': [9], 'VFS_multi_method': [26], 'new_method': [], 'oneslot_method': [1000]}
adrepp
{'VFS_one_method': ['4.28503'], 'VFS_multi_method': ['10.23322'], 'new_method': [], 'oneslot_method': ['0.0']}
revenue
{'VFS_one_method': [], 'VFS_multi_method': [], 'new_method': [], 'oneslot_method': []}
