==========================================
SLURM_JOB_ID = 668834
SLURM_NODELIST = gnode17
SLURM_JOB_GPUS = 0
==========================================
got patterns
sorted patterns
started allocation
Allocation accuracy: 320
total views sold: 1347540
Allocation accuracy new method: 320
0.0
got patterns
sorted patterns
started allocation
Allocation accuracy: 142
total views sold: 631175
Allocation accuracy new method: 142
('META_DATA_FILE_PATH', '/home/preetham_sathineni/adslot/web_page_meta_dict_adslots_1_dataset_bmspostxt.pkl')
/tmp/1651689564043.txt
Allocation accuracy: 67
total views sold: 435076
('META_DATA_FILE_PATH', '/home/preetham_sathineni/adslot/web_page_meta_dict_adslots_6_dataset_bmspostxt.pkl')
/tmp/1651689565021.txt
Allocation accuracy: 320
total views sold: 1347540
###############     ARGUMENTS     ############
['plot_results.py', '../test1/bmspos_minfreq_0.002_maxcs_1_maxor_0.01/patterns.txt', '../CMineMR-Mapreduce-algorithm-to-extract-coverage-patterns-master/dataset/bmspos.txt', '320', '4000', '3000', '6']
##############################################
web_page_to_adv_json_file : ./1651689009597.json
allocated_adslots_file: ./1651689009602.json
python alloc_fresh.py ../test1/bmspos_minfreq_0.002_maxcs_1_maxor_0.01/patterns.txt /home/preetham_sathineni/adslot/web_page_meta_dict_adslots_6_dataset_bmspostxt.pkl /home/preetham_sathineni/adslot/web_page_freq_sorted_adslots_6_dataset_bmspostxt.pkl 5209,3231,6888,6779,6197,5608,2352,1985,6863,4346,3223,3288,5531,5506,5457,2100,4990,3517,2443,2619,5134,4118,3169,3774,5151,1378,4101,4252,2866,5039,5396,3321,6983,5820,3563,5820,4335,5497,6933,1775,2319,2567,2960,6093,5807,6790,5445,4002,3899,5520,4878,4465,4085,2480,5858,1018,5567,1718,4348,6720,2763,3222,6331,1177,6543,2039,4897,3546,5830,6174,5108,4480,3596,1487,6695,3953,6479,1365,3330,4786,1439,2004,5972,5006,6573,5638,6925,2764,2725,6065,4228,2722,5005,6471,5229,4577,6260,2565,3374,5671,1904,5623,1227,3026,1422,2257,5072,1924,6334,4500,4129,5943,1547,6749,5147,2120,5476,1901,3437,6735,1344,2002,3000,2855,2109,6987,3898,3421,5635,6962,3258,2594,2439,4623,2265,2232,1231,6796,6940,2073,6151,4782,4511,4329,1137,3349,5955,4736,4861,3945,2930,2471,5667,1880,3140,3033,5813,6288,6119,2955,1060,4396,6824,4930,2271,5336,2540,5985,6727,2739,3980,3450,5659,6082,3735,1939,5938,3991,6164,5247,5860,1375,2869,5072,5257,5071,5189,2200,4943,2528,6965,1416,6529,4222,2635,3356,1672,4829,3164,1785,6881,6889,4402,5715,5823,6986,4020,2724,4550,5594,5351,3340,6593,5611,1037,1540,3055,5717,6785,5369,3330,6572,3415,3553,3049,5195,4732,1679,5649,4398,6957,5513,4356,4967,1979,2232,6233,6560,6624,6770,2648,1319,6263,4401,2247,4292,5093,1589,5263,6856,4691,5289,2117,6248,5823,6887,4586,5412,1204,2972,2034,1556,1039,6806,2974,2444,5020,2409,4442,2868,2027,2414,2587,4868,6372,5422,4038,3932,5723,6773,2288,4400,5320,6723,2825,5245,1350,5430,5466,1616,6011,4490,3963,4941,3086,3544,4634,3476,2554,1776,5113,2885,1653,1726,1574,2521,4782,5795,1593,2555,3060,4964,6858,2486,4735,2899,5844,5549,5581,6307 /tmp/1651689009605.txt 2 ./1651689009602.json ./1651689009597.json
AD REPEATABILITY OF OUR NEW METHOD : 320
0.00857

ALLOCATING WITH OUR OLD METHOD: 320
python alloc_fresh.py ../test1/bmspos_minfreq_0.002_maxcs_1_maxor_0.01/patterns.txt /home/preetham_sathineni/adslot/web_page_meta_dict_adslots_1_dataset_bmspostxt.pkl /home/preetham_sathineni/adslot/web_page_freq_sorted_adslots_1_dataset_bmspostxt.pkl 5209,3231,6888,6779,6197,5608,2352,1985,6863,4346,3223,3288,5531,5506,5457,2100,4990,3517,2443,2619,5134,4118,3169,3774,5151,1378,4101,4252,2866,5039,5396,3321,6983,5820,3563,5820,4335,5497,6933,1775,2319,2567,2960,6093,5807,6790,5445,4002,3899,5520,4878,4465,4085,2480,5858,1018,5567,1718,4348,6720,2763,3222,6331,1177,6543,2039,4897,3546,5830,6174,5108,4480,3596,1487,6695,3953,6479,1365,3330,4786,1439,2004,5972,5006,6573,5638,6925,2764,2725,6065,4228,2722,5005,6471,5229,4577,6260,2565,3374,5671,1904,5623,1227,3026,1422,2257,5072,1924,6334,4500,4129,5943,1547,6749,5147,2120,5476,1901,3437,6735,1344,2002,3000,2855,2109,6987,3898,3421,5635,6962,3258,2594,2439,4623,2265,2232,1231,6796,6940,2073,6151,4782,4511,4329,1137,3349,5955,4736,4861,3945,2930,2471,5667,1880,3140,3033,5813,6288,6119,2955,1060,4396,6824,4930,2271,5336,2540,5985,6727,2739,3980,3450,5659,6082,3735,1939,5938,3991,6164,5247,5860,1375,2869,5072,5257,5071,5189,2200,4943,2528,6965,1416,6529,4222,2635,3356,1672,4829,3164,1785,6881,6889,4402,5715,5823,6986,4020,2724,4550,5594,5351,3340,6593,5611,1037,1540,3055,5717,6785,5369,3330,6572,3415,3553,3049,5195,4732,1679,5649,4398,6957,5513,4356,4967,1979,2232,6233,6560,6624,6770,2648,1319,6263,4401,2247,4292,5093,1589,5263,6856,4691,5289,2117,6248,5823,6887,4586,5412,1204,2972,2034,1556,1039,6806,2974,2444,5020,2409,4442,2868,2027,2414,2587,4868,6372,5422,4038,3932,5723,6773,2288,4400,5320,6723,2825,5245,1350,5430,5466,1616,6011,4490,3963,4941,3086,3544,4634,3476,2554,1776,5113,2885,1653,1726,1574,2521,4782,5795,1593,2555,3060,4964,6858,2486,4735,2899,5844,5549,5581,6307 /tmp/1651689434566.txt 2 ./1651689009602.json ./1651689009597.json
AD REPEATABILITY OF ONE-SLOT METHOD : 320
0.20597

[One slot] ALLOCATING WITH RANDOM METHOD: 320
0.3659

[Multi slots] ALLOCATING WITH RANDOM METHOD: 320
AD REPEATABILITY OF RANDOM METHOD: 320
1.08356

allocated
{'VFS_one_method': [0], 'VFS_multi_method': [0], 'new_method': [320], 'oneslot_method': [142]}
adrepp
{'VFS_one_method': ['0.3659'], 'VFS_multi_method': ['1.08356'], 'new_method': ['0.00857'], 'oneslot_method': ['0.20597']}
revenue
{'VFS_one_method': [], 'VFS_multi_method': [], 'new_method': [], 'oneslot_method': []}
got patterns
sorted patterns
started allocation
Allocation accuracy: 340
total views sold: 1398298
Allocation accuracy new method: 340
0.0
got patterns
sorted patterns
started allocation
Allocation accuracy: 148
total views sold: 638531
Allocation accuracy new method: 148
('META_DATA_FILE_PATH', '/home/preetham_sathineni/adslot/web_page_meta_dict_adslots_1_dataset_bmspostxt.pkl')
/tmp/1651690106793.txt
Allocation accuracy: 64
total views sold: 410152
('META_DATA_FILE_PATH', '/home/preetham_sathineni/adslot/web_page_meta_dict_adslots_6_dataset_bmspostxt.pkl')
/tmp/1651690107758.txt
Allocation accuracy: 340
total views sold: 1398298
###############     ARGUMENTS     ############
['plot_results.py', '../test1/bmspos_minfreq_0.002_maxcs_1_maxor_0.01/patterns.txt', '../CMineMR-Mapreduce-algorithm-to-extract-coverage-patterns-master/dataset/bmspos.txt', '340', '4000', '3000', '6']
##############################################
web_page_to_adv_json_file : ./1651689567712.json
allocated_adslots_file: ./1651689567716.json
python alloc_fresh.py ../test1/bmspos_minfreq_0.002_maxcs_1_maxor_0.01/patterns.txt /home/preetham_sathineni/adslot/web_page_meta_dict_adslots_6_dataset_bmspostxt.pkl /home/preetham_sathineni/adslot/web_page_freq_sorted_adslots_6_dataset_bmspostxt.pkl 5173,5544,4543,6362,6913,5548,1971,1952,5834,5160,6365,6201,6642,2470,4215,6162,4916,5741,4405,6969,5025,5134,5266,3310,1373,1764,3676,3391,4349,2554,4232,3277,6241,4735,2695,2276,2653,6713,5242,1358,5794,5780,4187,3517,6509,6179,3917,3848,4638,2015,1075,5322,3653,3159,4387,4379,3401,3611,6270,5222,6581,1487,3964,4928,6417,4256,2896,1878,3649,6284,5729,2164,6321,4351,5353,6652,2667,5912,6027,4498,6149,6143,5918,6467,6780,1898,1486,2295,2556,3755,4197,1236,1373,6811,6322,2224,3410,5790,2993,3518,1657,2055,4376,1925,4474,5601,3079,1119,6794,4094,5271,3343,4264,3228,3375,5088,3429,4225,5197,5489,2668,1432,6666,3665,2103,4006,3193,5147,5435,2070,2544,1286,4274,5046,3733,2142,4922,2836,5055,5078,2684,1176,3738,5773,6205,3110,5042,1723,5114,5178,6517,5612,3797,2166,6537,6704,3930,6036,4947,2059,5318,3783,2470,4568,3408,6197,3999,3160,6103,1445,4109,6019,4332,4545,1753,6952,2896,5257,3065,3407,1306,2207,6429,6060,1580,6867,5158,1447,4201,4144,2907,1562,4142,5170,1182,3543,6218,4439,5295,5602,5024,4375,3789,6769,6170,1045,5306,3579,4897,3283,3781,6012,3699,2664,5458,2408,6349,1005,6680,6853,4612,6819,5139,1411,3846,1147,2022,4865,3304,4927,4551,3266,4344,6781,2496,3779,4895,2711,1237,6983,1603,4647,3917,5257,2963,5293,2684,6131,1884,5538,4554,5211,6355,2761,4433,2036,3004,4501,5759,4792,4038,6808,2337,6435,1965,5945,3372,3885,2939,2732,1828,6564,3964,3559,1297,3162,4204,4624,2171,4603,4167,1621,4513,4730,4230,1886,2031,3519,5155,3864,3376,6333,3296,3540,2742,1081,2879,6787,1137,1127,5190,5437,1243,4045,5578,1675,5720,4693,5676,1822,4607,4642,5031,2494,5071,2043,6221,4154,5167,1787,6150,5500,3128,1172,3586,2951,5848,1582,5656,1285,4960,3502,6917,3312,3251,5706,3880,4463,2628,4250 /tmp/1651689567720.txt 2 ./1651689567716.json ./1651689567712.json
AD REPEATABILITY OF OUR NEW METHOD : 340
0.00872

ALLOCATING WITH OUR OLD METHOD: 340
python alloc_fresh.py ../test1/bmspos_minfreq_0.002_maxcs_1_maxor_0.01/patterns.txt /home/preetham_sathineni/adslot/web_page_meta_dict_adslots_1_dataset_bmspostxt.pkl /home/preetham_sathineni/adslot/web_page_freq_sorted_adslots_1_dataset_bmspostxt.pkl 5173,5544,4543,6362,6913,5548,1971,1952,5834,5160,6365,6201,6642,2470,4215,6162,4916,5741,4405,6969,5025,5134,5266,3310,1373,1764,3676,3391,4349,2554,4232,3277,6241,4735,2695,2276,2653,6713,5242,1358,5794,5780,4187,3517,6509,6179,3917,3848,4638,2015,1075,5322,3653,3159,4387,4379,3401,3611,6270,5222,6581,1487,3964,4928,6417,4256,2896,1878,3649,6284,5729,2164,6321,4351,5353,6652,2667,5912,6027,4498,6149,6143,5918,6467,6780,1898,1486,2295,2556,3755,4197,1236,1373,6811,6322,2224,3410,5790,2993,3518,1657,2055,4376,1925,4474,5601,3079,1119,6794,4094,5271,3343,4264,3228,3375,5088,3429,4225,5197,5489,2668,1432,6666,3665,2103,4006,3193,5147,5435,2070,2544,1286,4274,5046,3733,2142,4922,2836,5055,5078,2684,1176,3738,5773,6205,3110,5042,1723,5114,5178,6517,5612,3797,2166,6537,6704,3930,6036,4947,2059,5318,3783,2470,4568,3408,6197,3999,3160,6103,1445,4109,6019,4332,4545,1753,6952,2896,5257,3065,3407,1306,2207,6429,6060,1580,6867,5158,1447,4201,4144,2907,1562,4142,5170,1182,3543,6218,4439,5295,5602,5024,4375,3789,6769,6170,1045,5306,3579,4897,3283,3781,6012,3699,2664,5458,2408,6349,1005,6680,6853,4612,6819,5139,1411,3846,1147,2022,4865,3304,4927,4551,3266,4344,6781,2496,3779,4895,2711,1237,6983,1603,4647,3917,5257,2963,5293,2684,6131,1884,5538,4554,5211,6355,2761,4433,2036,3004,4501,5759,4792,4038,6808,2337,6435,1965,5945,3372,3885,2939,2732,1828,6564,3964,3559,1297,3162,4204,4624,2171,4603,4167,1621,4513,4730,4230,1886,2031,3519,5155,3864,3376,6333,3296,3540,2742,1081,2879,6787,1137,1127,5190,5437,1243,4045,5578,1675,5720,4693,5676,1822,4607,4642,5031,2494,5071,2043,6221,4154,5167,1787,6150,5500,3128,1172,3586,2951,5848,1582,5656,1285,4960,3502,6917,3312,3251,5706,3880,4463,2628,4250 /tmp/1651689989378.txt 2 ./1651689567716.json ./1651689567712.json
AD REPEATABILITY OF ONE-SLOT METHOD : 340
0.19913

[One slot] ALLOCATING WITH RANDOM METHOD: 340
0.37201

[Multi slots] ALLOCATING WITH RANDOM METHOD: 340
AD REPEATABILITY OF RANDOM METHOD: 340
1.26818

allocated
{'VFS_one_method': [0], 'VFS_multi_method': [0], 'new_method': [340], 'oneslot_method': [148]}
adrepp
{'VFS_one_method': ['0.37201'], 'VFS_multi_method': ['1.26818'], 'new_method': ['0.00872'], 'oneslot_method': ['0.19913']}
revenue
{'VFS_one_method': [], 'VFS_multi_method': [], 'new_method': [], 'oneslot_method': []}
got patterns
sorted patterns
started allocation
Allocation accuracy: 360
total views sold: 1449689
Allocation accuracy new method: 360
0.0
got patterns
sorted patterns
started allocation
Allocation accuracy: 146
total views sold: 634770
Allocation accuracy new method: 146
('META_DATA_FILE_PATH', '/home/preetham_sathineni/adslot/web_page_meta_dict_adslots_1_dataset_bmspostxt.pkl')
/tmp/1651690626977.txt
Allocation accuracy: 67
total views sold: 429255
('META_DATA_FILE_PATH', '/home/preetham_sathineni/adslot/web_page_meta_dict_adslots_6_dataset_bmspostxt.pkl')
/tmp/1651690627949.txt
Allocation accuracy: 360
total views sold: 1449689
###############     ARGUMENTS     ############
['plot_results.py', '../test1/bmspos_minfreq_0.002_maxcs_1_maxor_0.01/patterns.txt', '../CMineMR-Mapreduce-algorithm-to-extract-coverage-patterns-master/dataset/bmspos.txt', '360', '4000', '3000', '6']
##############################################
web_page_to_adv_json_file : ./1651690110527.json
allocated_adslots_file: ./1651690110532.json
python alloc_fresh.py ../test1/bmspos_minfreq_0.002_maxcs_1_maxor_0.01/patterns.txt /home/preetham_sathineni/adslot/web_page_meta_dict_adslots_6_dataset_bmspostxt.pkl /home/preetham_sathineni/adslot/web_page_freq_sorted_adslots_6_dataset_bmspostxt.pkl 2871,5274,6615,1281,3059,4233,3440,3367,1855,3383,2711,5899,3548,1208,6744,1237,1975,1890,6299,3213,3968,3905,5354,6287,3411,5934,5366,6378,4770,5411,5994,3467,2183,2292,3302,1833,6412,4194,3615,4453,4443,2929,2723,3978,1929,4239,6352,2050,6468,5649,4857,2911,5867,5663,6158,1440,5408,3444,5268,2369,6561,4028,5685,6260,4473,5409,5846,4012,1479,6990,3064,2396,2012,3948,3956,2685,4618,5774,4654,4585,3113,2095,5310,3078,1142,6827,3095,1050,4882,3156,1810,6174,2887,3816,4936,2457,5361,2833,3897,4355,1738,2500,5471,5765,6194,2178,5833,6189,4657,5925,6662,6474,1642,5215,3947,5034,5107,1377,6186,2107,6210,2607,1565,2244,1438,1996,6275,5055,5936,6566,6149,1748,4461,5046,3845,4375,4225,3968,6778,1316,2207,3834,5715,4035,4902,3738,1996,5025,1287,6003,5419,2537,6958,3349,6320,6127,3005,2477,4317,4889,4796,5574,2310,2118,6065,5324,5903,1677,5487,1912,5131,1480,2650,2820,5734,1304,3508,4101,1344,3033,1485,3351,6803,3117,6483,2672,2849,3689,2317,6751,3225,2542,4660,4943,2780,1910,3903,1955,1024,4974,3299,3040,2855,1961,2686,1729,3214,1650,5287,3429,3004,5668,5019,2217,6838,2356,1674,3675,4400,5227,3578,3246,3822,3882,5364,6886,6144,4782,3697,4225,2799,3152,4652,3999,5862,4376,3234,5160,1949,4229,6653,1970,5832,1920,3445,1495,5988,4460,6170,2925,4725,2262,2403,1529,1994,6876,6527,5961,5482,1969,3638,4095,5533,3938,2159,1561,2234,1655,1300,3368,6542,6253,5162,6276,1426,1023,4709,2194,3382,3137,5292,3014,2142,2862,5823,1920,1337,6541,3577,3414,2518,4462,6976,6470,6958,4062,5040,4686,6482,5697,6542,6065,2994,2561,5667,6845,2753,1871,6285,5520,2375,1637,5446,2463,5165,1254,3083,3921,6256,5885,6680,5990,3746,6327,5550,2317,2693,4870,4769,2970,2729,5413,1002,3236,3382,4201,3231,3902,4263,3888,3820,4031,5072,2344,2790,6594,2823,4547,4698,6886,5745,2328,1175,6245,6533,5826,2023,4345,6056,3018 /tmp/1651690110536.txt 2 ./1651690110532.json ./1651690110527.json
AD REPEATABILITY OF OUR NEW METHOD : 360
0.01049

ALLOCATING WITH OUR OLD METHOD: 360
python alloc_fresh.py ../test1/bmspos_minfreq_0.002_maxcs_1_maxor_0.01/patterns.txt /home/preetham_sathineni/adslot/web_page_meta_dict_adslots_1_dataset_bmspostxt.pkl /home/preetham_sathineni/adslot/web_page_freq_sorted_adslots_1_dataset_bmspostxt.pkl 2871,5274,6615,1281,3059,4233,3440,3367,1855,3383,2711,5899,3548,1208,6744,1237,1975,1890,6299,3213,3968,3905,5354,6287,3411,5934,5366,6378,4770,5411,5994,3467,2183,2292,3302,1833,6412,4194,3615,4453,4443,2929,2723,3978,1929,4239,6352,2050,6468,5649,4857,2911,5867,5663,6158,1440,5408,3444,5268,2369,6561,4028,5685,6260,4473,5409,5846,4012,1479,6990,3064,2396,2012,3948,3956,2685,4618,5774,4654,4585,3113,2095,5310,3078,1142,6827,3095,1050,4882,3156,1810,6174,2887,3816,4936,2457,5361,2833,3897,4355,1738,2500,5471,5765,6194,2178,5833,6189,4657,5925,6662,6474,1642,5215,3947,5034,5107,1377,6186,2107,6210,2607,1565,2244,1438,1996,6275,5055,5936,6566,6149,1748,4461,5046,3845,4375,4225,3968,6778,1316,2207,3834,5715,4035,4902,3738,1996,5025,1287,6003,5419,2537,6958,3349,6320,6127,3005,2477,4317,4889,4796,5574,2310,2118,6065,5324,5903,1677,5487,1912,5131,1480,2650,2820,5734,1304,3508,4101,1344,3033,1485,3351,6803,3117,6483,2672,2849,3689,2317,6751,3225,2542,4660,4943,2780,1910,3903,1955,1024,4974,3299,3040,2855,1961,2686,1729,3214,1650,5287,3429,3004,5668,5019,2217,6838,2356,1674,3675,4400,5227,3578,3246,3822,3882,5364,6886,6144,4782,3697,4225,2799,3152,4652,3999,5862,4376,3234,5160,1949,4229,6653,1970,5832,1920,3445,1495,5988,4460,6170,2925,4725,2262,2403,1529,1994,6876,6527,5961,5482,1969,3638,4095,5533,3938,2159,1561,2234,1655,1300,3368,6542,6253,5162,6276,1426,1023,4709,2194,3382,3137,5292,3014,2142,2862,5823,1920,1337,6541,3577,3414,2518,4462,6976,6470,6958,4062,5040,4686,6482,5697,6542,6065,2994,2561,5667,6845,2753,1871,6285,5520,2375,1637,5446,2463,5165,1254,3083,3921,6256,5885,6680,5990,3746,6327,5550,2317,2693,4870,4769,2970,2729,5413,1002,3236,3382,4201,3231,3902,4263,3888,3820,4031,5072,2344,2790,6594,2823,4547,4698,6886,5745,2328,1175,6245,6533,5826,2023,4345,6056,3018 /tmp/1651690508903.txt 2 ./1651690110532.json ./1651690110527.json
AD REPEATABILITY OF ONE-SLOT METHOD : 360
0.18832

[One slot] ALLOCATING WITH RANDOM METHOD: 360
0.34688

[Multi slots] ALLOCATING WITH RANDOM METHOD: 360
AD REPEATABILITY OF RANDOM METHOD: 360
1.16352

allocated
{'VFS_one_method': [0], 'VFS_multi_method': [0], 'new_method': [360], 'oneslot_method': [146]}
adrepp
{'VFS_one_method': ['0.34688'], 'VFS_multi_method': ['1.16352'], 'new_method': ['0.01049'], 'oneslot_method': ['0.18832']}
revenue
{'VFS_one_method': [], 'VFS_multi_method': [], 'new_method': [], 'oneslot_method': []}
got patterns
sorted patterns
started allocation
Allocation accuracy: 380
total views sold: 1546703
Allocation accuracy new method: 380
0.0
got patterns
sorted patterns
started allocation
Allocation accuracy: 156
total views sold: 652484
Allocation accuracy new method: 156
('META_DATA_FILE_PATH', '/home/preetham_sathineni/adslot/web_page_meta_dict_adslots_1_dataset_bmspostxt.pkl')
/tmp/1651691187559.txt
Allocation accuracy: 64
total views sold: 412726
('META_DATA_FILE_PATH', '/home/preetham_sathineni/adslot/web_page_meta_dict_adslots_6_dataset_bmspostxt.pkl')
/tmp/1651691188515.txt
Allocation accuracy: 380
total views sold: 1546703
###############     ARGUMENTS     ############
['plot_results.py', '../test1/bmspos_minfreq_0.002_maxcs_1_maxor_0.01/patterns.txt', '../CMineMR-Mapreduce-algorithm-to-extract-coverage-patterns-master/dataset/bmspos.txt', '380', '4000', '3000', '6']
##############################################
web_page_to_adv_json_file : ./1651690630578.json
allocated_adslots_file: ./1651690630582.json
python alloc_fresh.py ../test1/bmspos_minfreq_0.002_maxcs_1_maxor_0.01/patterns.txt /home/preetham_sathineni/adslot/web_page_meta_dict_adslots_6_dataset_bmspostxt.pkl /home/preetham_sathineni/adslot/web_page_freq_sorted_adslots_6_dataset_bmspostxt.pkl 3401,6716,5373,1157,5880,2102,4541,5426,6515,4314,1947,6133,3078,3964,1674,5739,5976,1381,3085,4693,6668,2999,1242,5572,5382,5260,6166,1794,5219,1378,1191,5456,5980,6585,5260,1300,6475,6976,2509,2335,2766,3950,6847,4364,3626,6910,1115,3714,5347,5315,3100,4590,2081,1759,3825,5455,2957,4156,6447,1607,1093,5559,1505,2098,3134,5749,4444,5154,2582,5065,2508,5171,4128,3677,1815,6886,5760,5883,3947,3872,1712,2690,6805,3699,4365,2776,5009,4082,6708,6710,5232,5189,1548,3050,1191,2465,5247,5170,5192,2753,4044,2338,2690,3415,3012,2600,5902,4621,1817,2373,1308,6046,1636,5675,3911,2916,3778,4936,4738,1463,6272,1234,3302,5187,4394,5236,1991,1307,3501,6565,6952,5677,1202,2656,4226,2962,2893,5837,4574,2485,4247,6302,4064,6735,2710,2429,1809,4858,6262,6577,3893,5698,6215,6361,1893,1915,3090,4586,4221,4173,2354,4332,3990,4935,1071,2681,5976,6873,2999,4854,4555,5200,4166,6215,6488,5028,1869,2099,6468,1281,5576,3579,5888,3896,2937,5556,3764,2379,2862,5414,6437,3635,4511,6209,6102,6154,4526,5066,5680,5630,6383,4942,4252,1135,1027,6652,4555,3836,3328,5725,1652,4659,4641,4606,5223,5639,3491,2815,6318,4708,3466,4751,4133,3211,2287,6409,1416,1802,5023,4906,3131,4553,1598,5292,5456,5142,1624,5064,6604,3109,2039,6419,5753,2547,3468,1844,1835,4961,1440,3353,5100,5942,3493,4893,4722,5804,6638,6623,1129,4039,3001,4739,4119,2284,4016,6471,1221,1636,3659,4611,3339,2096,5928,6960,6826,1474,2722,4057,5380,3523,6817,4591,4002,3672,6424,2268,4252,2827,3043,2886,3275,3296,3471,1566,4932,1041,6090,6933,6500,5160,5265,1981,4670,2989,4944,3572,1480,1708,2900,1918,2080,5166,4724,2996,6071,3057,2393,3161,5289,3457,4812,5935,4416,5987,6540,1933,2842,3622,1760,3376,1892,1999,3084,4133,2191,2407,2666,6619,6528,5525,3045,2721,6766,5834,3158,3526,5038,5018,4429,2735,5644,1884,3238,2004,5534,5798,4277,1638,3999,5797,3133,4856,6022,4774,1549,5913,5727,4530,4172,5911,6012,1529,1253,5772,2797,1588,2720,3536,5086,6597 /tmp/1651690630586.txt 2 ./1651690630582.json ./1651690630578.json
AD REPEATABILITY OF OUR NEW METHOD : 380
0.01276

ALLOCATING WITH OUR OLD METHOD: 380
python alloc_fresh.py ../test1/bmspos_minfreq_0.002_maxcs_1_maxor_0.01/patterns.txt /home/preetham_sathineni/adslot/web_page_meta_dict_adslots_1_dataset_bmspostxt.pkl /home/preetham_sathineni/adslot/web_page_freq_sorted_adslots_1_dataset_bmspostxt.pkl 3401,6716,5373,1157,5880,2102,4541,5426,6515,4314,1947,6133,3078,3964,1674,5739,5976,1381,3085,4693,6668,2999,1242,5572,5382,5260,6166,1794,5219,1378,1191,5456,5980,6585,5260,1300,6475,6976,2509,2335,2766,3950,6847,4364,3626,6910,1115,3714,5347,5315,3100,4590,2081,1759,3825,5455,2957,4156,6447,1607,1093,5559,1505,2098,3134,5749,4444,5154,2582,5065,2508,5171,4128,3677,1815,6886,5760,5883,3947,3872,1712,2690,6805,3699,4365,2776,5009,4082,6708,6710,5232,5189,1548,3050,1191,2465,5247,5170,5192,2753,4044,2338,2690,3415,3012,2600,5902,4621,1817,2373,1308,6046,1636,5675,3911,2916,3778,4936,4738,1463,6272,1234,3302,5187,4394,5236,1991,1307,3501,6565,6952,5677,1202,2656,4226,2962,2893,5837,4574,2485,4247,6302,4064,6735,2710,2429,1809,4858,6262,6577,3893,5698,6215,6361,1893,1915,3090,4586,4221,4173,2354,4332,3990,4935,1071,2681,5976,6873,2999,4854,4555,5200,4166,6215,6488,5028,1869,2099,6468,1281,5576,3579,5888,3896,2937,5556,3764,2379,2862,5414,6437,3635,4511,6209,6102,6154,4526,5066,5680,5630,6383,4942,4252,1135,1027,6652,4555,3836,3328,5725,1652,4659,4641,4606,5223,5639,3491,2815,6318,4708,3466,4751,4133,3211,2287,6409,1416,1802,5023,4906,3131,4553,1598,5292,5456,5142,1624,5064,6604,3109,2039,6419,5753,2547,3468,1844,1835,4961,1440,3353,5100,5942,3493,4893,4722,5804,6638,6623,1129,4039,3001,4739,4119,2284,4016,6471,1221,1636,3659,4611,3339,2096,5928,6960,6826,1474,2722,4057,5380,3523,6817,4591,4002,3672,6424,2268,4252,2827,3043,2886,3275,3296,3471,1566,4932,1041,6090,6933,6500,5160,5265,1981,4670,2989,4944,3572,1480,1708,2900,1918,2080,5166,4724,2996,6071,3057,2393,3161,5289,3457,4812,5935,4416,5987,6540,1933,2842,3622,1760,3376,1892,1999,3084,4133,2191,2407,2666,6619,6528,5525,3045,2721,6766,5834,3158,3526,5038,5018,4429,2735,5644,1884,3238,2004,5534,5798,4277,1638,3999,5797,3133,4856,6022,4774,1549,5913,5727,4530,4172,5911,6012,1529,1253,5772,2797,1588,2720,3536,5086,6597 /tmp/1651691070369.txt 2 ./1651690630582.json ./1651690630578.json
AD REPEATABILITY OF ONE-SLOT METHOD : 380
0.19455

[One slot] ALLOCATING WITH RANDOM METHOD: 380
0.41604

[Multi slots] ALLOCATING WITH RANDOM METHOD: 380
AD REPEATABILITY OF RANDOM METHOD: 380
1.08295

allocated
{'VFS_one_method': [0], 'VFS_multi_method': [0], 'new_method': [380], 'oneslot_method': [156]}
adrepp
{'VFS_one_method': ['0.41604'], 'VFS_multi_method': ['1.08295'], 'new_method': ['0.01276'], 'oneslot_method': ['0.19455']}
revenue
{'VFS_one_method': [], 'VFS_multi_method': [], 'new_method': [], 'oneslot_method': []}
got patterns
sorted patterns
started allocation
Allocation accuracy: 400
total views sold: 1586748
Allocation accuracy new method: 400
0.0
got patterns
sorted patterns
started allocation
Allocation accuracy: 168
total views sold: 663034
Allocation accuracy new method: 168
('META_DATA_FILE_PATH', '/home/preetham_sathineni/adslot/web_page_meta_dict_adslots_1_dataset_bmspostxt.pkl')
/tmp/1651691731353.txt
Allocation accuracy: 64
total views sold: 414120
('META_DATA_FILE_PATH', '/home/preetham_sathineni/adslot/web_page_meta_dict_adslots_6_dataset_bmspostxt.pkl')
/tmp/1651691732323.txt
Allocation accuracy: 400
total views sold: 1586748
###############     ARGUMENTS     ############
['plot_results.py', '../test1/bmspos_minfreq_0.002_maxcs_1_maxor_0.01/patterns.txt', '../CMineMR-Mapreduce-algorithm-to-extract-coverage-patterns-master/dataset/bmspos.txt', '400', '4000', '3000', '6']
##############################################
web_page_to_adv_json_file : ./1651691191284.json
allocated_adslots_file: ./1651691191289.json
python alloc_fresh.py ../test1/bmspos_minfreq_0.002_maxcs_1_maxor_0.01/patterns.txt /home/preetham_sathineni/adslot/web_page_meta_dict_adslots_6_dataset_bmspostxt.pkl /home/preetham_sathineni/adslot/web_page_freq_sorted_adslots_6_dataset_bmspostxt.pkl 4068,3799,2062,5064,1533,4194,4625,2020,6475,3411,4906,4056,3567,4972,5561,3508,3182,1304,5821,5948,5136,1570,3437,4076,2250,6806,3550,3209,1857,2339,1563,2995,3890,1859,3616,4833,3635,6411,6153,3590,3713,6220,6105,4122,1149,4559,6291,4884,3414,1215,2956,6861,2388,3623,2717,1689,1947,5958,4491,5126,1279,3658,3131,2114,1864,2543,5777,4274,6992,4824,4266,3887,4276,1131,6512,1829,2634,6831,1089,2469,3029,3217,6036,5332,6909,3156,1788,6212,2180,2046,6422,6440,4832,5124,3089,4295,2144,1056,2974,1266,3494,4283,2719,4526,1566,5095,1181,5275,6095,1684,5555,1190,4912,1840,1004,5465,1832,1074,6358,6478,6291,1953,4956,2843,4976,2356,4423,3276,1425,6259,5637,6141,6557,2650,5657,4757,3005,1561,5975,3737,5880,1154,4224,2962,1281,2172,3456,6188,5455,6787,6833,6539,5346,1477,6095,4817,1854,5012,1531,5331,1031,1005,4262,2107,3072,2266,2492,4861,5066,3276,4291,3034,5774,6391,3597,2761,4706,5807,6991,3890,2541,1798,5771,1239,4288,5006,3107,5625,4675,5240,3003,5643,6359,1135,4848,5381,5452,1273,1835,1561,1144,5114,1502,2753,5159,6859,4458,6176,1790,5944,3512,6772,1590,3714,3202,3297,4007,5056,5914,6986,4584,6593,2191,3997,1092,6114,3599,4514,6633,1579,5464,1976,3539,3447,6575,3198,4244,2777,5823,2276,1067,3854,5287,1021,6227,1664,3270,4317,6416,3913,1987,3500,5379,3663,4679,5950,4616,3288,2336,6166,4493,5827,4218,1560,2231,5608,3353,6600,2505,4102,1673,5611,2751,3504,2951,5117,2371,3329,5284,5380,6105,6334,2967,5857,5036,2812,6838,5940,5097,2752,2256,4981,6758,1966,4155,5576,1846,5234,3799,1679,1187,2707,1457,4315,4474,3757,4501,3754,5060,1433,5222,6136,5322,6677,5397,2611,6452,3056,1364,3767,4837,6339,3545,5576,1881,2651,3873,6585,4963,6109,5401,3637,3035,3953,3666,3524,2553,1361,3253,2474,4606,2981,5248,5954,1483,1349,4641,2256,6526,5432,6033,2623,4448,6743,6478,2339,4732,3938,3220,6139,1072,6186,5673,4504,1350,3943,5404,3632,3928,1128,2642,1101,5291,3875,6495,4834,3125,4395,1406,5685,4453,2709,6609,4418,6835,1534,3827,5834,1812,5697,6647,4212,3177,5667,3318,6941,2656,1465,2599,1294 /tmp/1651691191293.txt 2 ./1651691191289.json ./1651691191284.json
AD REPEATABILITY OF OUR NEW METHOD : 400
0.03333

ALLOCATING WITH OUR OLD METHOD: 400
python alloc_fresh.py ../test1/bmspos_minfreq_0.002_maxcs_1_maxor_0.01/patterns.txt /home/preetham_sathineni/adslot/web_page_meta_dict_adslots_1_dataset_bmspostxt.pkl /home/preetham_sathineni/adslot/web_page_freq_sorted_adslots_1_dataset_bmspostxt.pkl 4068,3799,2062,5064,1533,4194,4625,2020,6475,3411,4906,4056,3567,4972,5561,3508,3182,1304,5821,5948,5136,1570,3437,4076,2250,6806,3550,3209,1857,2339,1563,2995,3890,1859,3616,4833,3635,6411,6153,3590,3713,6220,6105,4122,1149,4559,6291,4884,3414,1215,2956,6861,2388,3623,2717,1689,1947,5958,4491,5126,1279,3658,3131,2114,1864,2543,5777,4274,6992,4824,4266,3887,4276,1131,6512,1829,2634,6831,1089,2469,3029,3217,6036,5332,6909,3156,1788,6212,2180,2046,6422,6440,4832,5124,3089,4295,2144,1056,2974,1266,3494,4283,2719,4526,1566,5095,1181,5275,6095,1684,5555,1190,4912,1840,1004,5465,1832,1074,6358,6478,6291,1953,4956,2843,4976,2356,4423,3276,1425,6259,5637,6141,6557,2650,5657,4757,3005,1561,5975,3737,5880,1154,4224,2962,1281,2172,3456,6188,5455,6787,6833,6539,5346,1477,6095,4817,1854,5012,1531,5331,1031,1005,4262,2107,3072,2266,2492,4861,5066,3276,4291,3034,5774,6391,3597,2761,4706,5807,6991,3890,2541,1798,5771,1239,4288,5006,3107,5625,4675,5240,3003,5643,6359,1135,4848,5381,5452,1273,1835,1561,1144,5114,1502,2753,5159,6859,4458,6176,1790,5944,3512,6772,1590,3714,3202,3297,4007,5056,5914,6986,4584,6593,2191,3997,1092,6114,3599,4514,6633,1579,5464,1976,3539,3447,6575,3198,4244,2777,5823,2276,1067,3854,5287,1021,6227,1664,3270,4317,6416,3913,1987,3500,5379,3663,4679,5950,4616,3288,2336,6166,4493,5827,4218,1560,2231,5608,3353,6600,2505,4102,1673,5611,2751,3504,2951,5117,2371,3329,5284,5380,6105,6334,2967,5857,5036,2812,6838,5940,5097,2752,2256,4981,6758,1966,4155,5576,1846,5234,3799,1679,1187,2707,1457,4315,4474,3757,4501,3754,5060,1433,5222,6136,5322,6677,5397,2611,6452,3056,1364,3767,4837,6339,3545,5576,1881,2651,3873,6585,4963,6109,5401,3637,3035,3953,3666,3524,2553,1361,3253,2474,4606,2981,5248,5954,1483,1349,4641,2256,6526,5432,6033,2623,4448,6743,6478,2339,4732,3938,3220,6139,1072,6186,5673,4504,1350,3943,5404,3632,3928,1128,2642,1101,5291,3875,6495,4834,3125,4395,1406,5685,4453,2709,6609,4418,6835,1534,3827,5834,1812,5697,6647,4212,3177,5667,3318,6941,2656,1465,2599,1294 /tmp/1651691613610.txt 2 ./1651691191289.json ./1651691191284.json
AD REPEATABILITY OF ONE-SLOT METHOD : 400
0.1945

[One slot] ALLOCATING WITH RANDOM METHOD: 400
0.38012

[Multi slots] ALLOCATING WITH RANDOM METHOD: 400
AD REPEATABILITY OF RANDOM METHOD: 400
1.21842

allocated
{'VFS_one_method': [0], 'VFS_multi_method': [0], 'new_method': [400], 'oneslot_method': [168]}
adrepp
{'VFS_one_method': ['0.38012'], 'VFS_multi_method': ['1.21842'], 'new_method': ['0.03333'], 'oneslot_method': ['0.1945']}
revenue
{'VFS_one_method': [], 'VFS_multi_method': [], 'new_method': [], 'oneslot_method': []}
