got patterns
sorted patterns
started allocation
Allocation accuracy: 20
total views sold: 80519
Allocation accuracy new method: 20
0.0
got patterns
sorted patterns
started allocation
Allocation accuracy: 20
total views sold: 80519
Allocation accuracy new method: 20
('META_DATA_FILE_PATH', '/home/preetham_sathineni/adslot/web_page_meta_dict_adslots_1_dataset_bmspostxt.pkl')
/tmp/1646300152575.txt
Allocation accuracy: 20
total views sold: 80519
('META_DATA_FILE_PATH', '/home/preetham_sathineni/adslot/web_page_meta_dict_adslots_3_dataset_bmspostxt.pkl')
/tmp/1646300153079.txt
Allocation accuracy: 20
total views sold: 80519
###############     ARGUMENTS     ############
['plot_results.py', '../test1/bmspos_minfreq_0.02_maxcs_1_maxor_0.1/patterns.txt', '../CMineMR-Mapreduce-algorithm-to-extract-coverage-patterns-master/dataset/bmspos.txt', '20', '4000', '3000', '3']
##############################################
web_page_to_adv_json_file : ./1646300150165.json
allocated_adslots_file: ./1646300150170.json
python alloc_fresh.py ../test1/bmspos_minfreq_0.02_maxcs_1_maxor_0.1/patterns.txt /home/preetham_sathineni/adslot/web_page_meta_dict_adslots_3_dataset_bmspostxt.pkl /home/preetham_sathineni/adslot/web_page_freq_sorted_adslots_3_dataset_bmspostxt.pkl 3802,4587,5827,5304,1117,4142,6113,6878,3065,1105,3203,3410,1183,6630,2932,3656,5134,3720,2328,6383 /tmp/1646300150174.txt 2 ./1646300150170.json ./1646300150165.json
AD REPEATABILITY OF OUR NEW METHOD : 20
0.0

ALLOCATING WITH OUR OLD METHOD: 20
python alloc_fresh.py ../test1/bmspos_minfreq_0.02_maxcs_1_maxor_0.1/patterns.txt /home/preetham_sathineni/adslot/web_page_meta_dict_adslots_1_dataset_bmspostxt.pkl /home/preetham_sathineni/adslot/web_page_freq_sorted_adslots_1_dataset_bmspostxt.pkl 3802,4587,5827,5304,1117,4142,6113,6878,3065,1105,3203,3410,1183,6630,2932,3656,5134,3720,2328,6383 /tmp/1646300151717.txt 2 ./1646300150170.json ./1646300150165.json
AD REPEATABILITY OF ONE-SLOT METHOD : 20
0.0

[One slot] ALLOCATING WITH RANDOM METHOD: 20
0.05736

[Multi slots] ALLOCATING WITH RANDOM METHOD: 20
AD REPEATABILITY OF RANDOM METHOD: 20
0.08478

allocated
{'VFS_one_method': [0], 'VFS_multi_method': [0], 'new_method': [20], 'oneslot_method': [20]}
adrepp
{'VFS_one_method': ['0.05736'], 'VFS_multi_method': ['0.08478'], 'new_method': ['0.0'], 'oneslot_method': ['0.0']}
revenue
{'VFS_one_method': [], 'VFS_multi_method': [], 'new_method': [], 'oneslot_method': []}
got patterns
sorted patterns
started allocation
Allocation accuracy: 40
total views sold: 158776
Allocation accuracy new method: 40
0.0
got patterns
sorted patterns
started allocation
Allocation accuracy: 40
total views sold: 158776
Allocation accuracy new method: 40
('META_DATA_FILE_PATH', '/home/preetham_sathineni/adslot/web_page_meta_dict_adslots_1_dataset_bmspostxt.pkl')
/tmp/1646300157058.txt
Allocation accuracy: 40
total views sold: 158776
('META_DATA_FILE_PATH', '/home/preetham_sathineni/adslot/web_page_meta_dict_adslots_3_dataset_bmspostxt.pkl')
/tmp/1646300157737.txt
Allocation accuracy: 40
total views sold: 158776
###############     ARGUMENTS     ############
['plot_results.py', '../test1/bmspos_minfreq_0.02_maxcs_1_maxor_0.1/patterns.txt', '../CMineMR-Mapreduce-algorithm-to-extract-coverage-patterns-master/dataset/bmspos.txt', '40', '4000', '3000', '3']
##############################################
web_page_to_adv_json_file : ./1646300154008.json
allocated_adslots_file: ./1646300154013.json
python alloc_fresh.py ../test1/bmspos_minfreq_0.02_maxcs_1_maxor_0.1/patterns.txt /home/preetham_sathineni/adslot/web_page_meta_dict_adslots_3_dataset_bmspostxt.pkl /home/preetham_sathineni/adslot/web_page_freq_sorted_adslots_3_dataset_bmspostxt.pkl 2612,6677,4842,3977,4847,4688,6433,2843,1599,3778,5942,5099,5774,1552,5460,3709,1117,3144,5351,2091,4492,2968,6829,3529,3270,5421,5443,5943,2086,3978,5909,2131,2787,2918,3412,2227,5703,5381,1293,1521 /tmp/1646300154017.txt 2 ./1646300154013.json ./1646300154008.json
AD REPEATABILITY OF OUR NEW METHOD : 40
0.0

ALLOCATING WITH OUR OLD METHOD: 40
python alloc_fresh.py ../test1/bmspos_minfreq_0.02_maxcs_1_maxor_0.1/patterns.txt /home/preetham_sathineni/adslot/web_page_meta_dict_adslots_1_dataset_bmspostxt.pkl /home/preetham_sathineni/adslot/web_page_freq_sorted_adslots_1_dataset_bmspostxt.pkl 2612,6677,4842,3977,4847,4688,6433,2843,1599,3778,5942,5099,5774,1552,5460,3709,1117,3144,5351,2091,4492,2968,6829,3529,3270,5421,5443,5943,2086,3978,5909,2131,2787,2918,3412,2227,5703,5381,1293,1521 /tmp/1646300155718.txt 2 ./1646300154013.json ./1646300154008.json
AD REPEATABILITY OF ONE-SLOT METHOD : 40
0.0

[One slot] ALLOCATING WITH RANDOM METHOD: 40
0.09725

[Multi slots] ALLOCATING WITH RANDOM METHOD: 40
AD REPEATABILITY OF RANDOM METHOD: 40
0.13431

allocated
{'VFS_one_method': [0], 'VFS_multi_method': [0], 'new_method': [40], 'oneslot_method': [40]}
adrepp
{'VFS_one_method': ['0.09725'], 'VFS_multi_method': ['0.13431'], 'new_method': ['0.0'], 'oneslot_method': ['0.0']}
revenue
{'VFS_one_method': [], 'VFS_multi_method': [], 'new_method': [], 'oneslot_method': []}
got patterns
sorted patterns
started allocation
Allocation accuracy: 60
total views sold: 232534
Allocation accuracy new method: 60
0.0
got patterns
sorted patterns
started allocation
Allocation accuracy: 60
total views sold: 232534
Allocation accuracy new method: 60
('META_DATA_FILE_PATH', '/home/preetham_sathineni/adslot/web_page_meta_dict_adslots_1_dataset_bmspostxt.pkl')
/tmp/1646300163060.txt
Allocation accuracy: 60
total views sold: 232534
('META_DATA_FILE_PATH', '/home/preetham_sathineni/adslot/web_page_meta_dict_adslots_3_dataset_bmspostxt.pkl')
/tmp/1646300163910.txt
Allocation accuracy: 60
total views sold: 232534
###############     ARGUMENTS     ############
['plot_results.py', '../test1/bmspos_minfreq_0.02_maxcs_1_maxor_0.1/patterns.txt', '../CMineMR-Mapreduce-algorithm-to-extract-coverage-patterns-master/dataset/bmspos.txt', '60', '4000', '3000', '3']
##############################################
web_page_to_adv_json_file : ./1646300158737.json
allocated_adslots_file: ./1646300158742.json
python alloc_fresh.py ../test1/bmspos_minfreq_0.02_maxcs_1_maxor_0.1/patterns.txt /home/preetham_sathineni/adslot/web_page_meta_dict_adslots_3_dataset_bmspostxt.pkl /home/preetham_sathineni/adslot/web_page_freq_sorted_adslots_3_dataset_bmspostxt.pkl 6862,5311,1046,2970,1377,2617,5515,4681,4973,5847,3419,5079,4216,5011,1548,3856,1619,3433,1263,2233,6244,1863,6057,3604,6790,6093,2691,5910,3432,4066,2345,4165,1750,6079,5246,2563,4120,3537,5308,4648,3679,3650,3120,2544,4220,2766,4408,3470,4997,4323,2193,1923,1689,4297,2025,4844,4998,2716,5475,5810 /tmp/1646300158746.txt 2 ./1646300158742.json ./1646300158737.json
AD REPEATABILITY OF OUR NEW METHOD : 60
0.0

ALLOCATING WITH OUR OLD METHOD: 60
python alloc_fresh.py ../test1/bmspos_minfreq_0.02_maxcs_1_maxor_0.1/patterns.txt /home/preetham_sathineni/adslot/web_page_meta_dict_adslots_1_dataset_bmspostxt.pkl /home/preetham_sathineni/adslot/web_page_freq_sorted_adslots_1_dataset_bmspostxt.pkl 6862,5311,1046,2970,1377,2617,5515,4681,4973,5847,3419,5079,4216,5011,1548,3856,1619,3433,1263,2233,6244,1863,6057,3604,6790,6093,2691,5910,3432,4066,2345,4165,1750,6079,5246,2563,4120,3537,5308,4648,3679,3650,3120,2544,4220,2766,4408,3470,4997,4323,2193,1923,1689,4297,2025,4844,4998,2716,5475,5810 /tmp/1646300161230.txt 2 ./1646300158742.json ./1646300158737.json
AD REPEATABILITY OF ONE-SLOT METHOD : 60
0.0

[One slot] ALLOCATING WITH RANDOM METHOD: 60
0.19025

[Multi slots] ALLOCATING WITH RANDOM METHOD: 60
AD REPEATABILITY OF RANDOM METHOD: 60
0.22388

allocated
{'VFS_one_method': [0], 'VFS_multi_method': [0], 'new_method': [60], 'oneslot_method': [60]}
adrepp
{'VFS_one_method': ['0.19025'], 'VFS_multi_method': ['0.22388'], 'new_method': ['0.0'], 'oneslot_method': ['0.0']}
revenue
{'VFS_one_method': [], 'VFS_multi_method': [], 'new_method': [], 'oneslot_method': []}
got patterns
sorted patterns
started allocation
Allocation accuracy: 80
total views sold: 318157
Allocation accuracy new method: 80
0.0
got patterns
sorted patterns
started allocation
Allocation accuracy: 80
total views sold: 318157
Allocation accuracy new method: 80
('META_DATA_FILE_PATH', '/home/preetham_sathineni/adslot/web_page_meta_dict_adslots_1_dataset_bmspostxt.pkl')
/tmp/1646300168722.txt
Allocation accuracy: 80
total views sold: 318157
('META_DATA_FILE_PATH', '/home/preetham_sathineni/adslot/web_page_meta_dict_adslots_3_dataset_bmspostxt.pkl')
/tmp/1646300169673.txt
Allocation accuracy: 80
total views sold: 318157
###############     ARGUMENTS     ############
['plot_results.py', '../test1/bmspos_minfreq_0.02_maxcs_1_maxor_0.1/patterns.txt', '../CMineMR-Mapreduce-algorithm-to-extract-coverage-patterns-master/dataset/bmspos.txt', '80', '4000', '3000', '3']
##############################################
web_page_to_adv_json_file : ./1646300165134.json
allocated_adslots_file: ./1646300165139.json
python alloc_fresh.py ../test1/bmspos_minfreq_0.02_maxcs_1_maxor_0.1/patterns.txt /home/preetham_sathineni/adslot/web_page_meta_dict_adslots_3_dataset_bmspostxt.pkl /home/preetham_sathineni/adslot/web_page_freq_sorted_adslots_3_dataset_bmspostxt.pkl 4258,2787,3971,1094,3688,2329,3232,4141,6165,6871,5459,4721,1287,3667,2078,6842,6465,1748,1770,2728,2403,6380,6147,6772,2580,4435,2677,2107,2702,5614,1582,1950,4892,3017,6534,5995,6701,3933,2934,1796,2536,2062,5519,1803,5932,4785,3457,2430,4731,5884,4646,3402,3823,4441,6350,2768,5702,5562,5262,1986,6537,5811,4419,1639,5897,1579,2942,6623,3094,3728,3533,3268,4502,4758,2333,5267,4189,4489,1065,2951 /tmp/1646300165142.txt 2 ./1646300165139.json ./1646300165134.json
AD REPEATABILITY OF OUR NEW METHOD : 80
0.0

ALLOCATING WITH OUR OLD METHOD: 80
python alloc_fresh.py ../test1/bmspos_minfreq_0.02_maxcs_1_maxor_0.1/patterns.txt /home/preetham_sathineni/adslot/web_page_meta_dict_adslots_1_dataset_bmspostxt.pkl /home/preetham_sathineni/adslot/web_page_freq_sorted_adslots_1_dataset_bmspostxt.pkl 4258,2787,3971,1094,3688,2329,3232,4141,6165,6871,5459,4721,1287,3667,2078,6842,6465,1748,1770,2728,2403,6380,6147,6772,2580,4435,2677,2107,2702,5614,1582,1950,4892,3017,6534,5995,6701,3933,2934,1796,2536,2062,5519,1803,5932,4785,3457,2430,4731,5884,4646,3402,3823,4441,6350,2768,5702,5562,5262,1986,6537,5811,4419,1639,5897,1579,2942,6623,3094,3728,3533,3268,4502,4758,2333,5267,4189,4489,1065,2951 /tmp/1646300167268.txt 2 ./1646300165139.json ./1646300165134.json
AD REPEATABILITY OF ONE-SLOT METHOD : 80
0.01889

[One slot] ALLOCATING WITH RANDOM METHOD: 80
0.21841

[Multi slots] ALLOCATING WITH RANDOM METHOD: 80
AD REPEATABILITY OF RANDOM METHOD: 80
0.21399

allocated
{'VFS_one_method': [0], 'VFS_multi_method': [0], 'new_method': [80], 'oneslot_method': [80]}
adrepp
{'VFS_one_method': ['0.21841'], 'VFS_multi_method': ['0.21399'], 'new_method': ['0.0'], 'oneslot_method': ['0.01889']}
revenue
{'VFS_one_method': [], 'VFS_multi_method': [], 'new_method': [], 'oneslot_method': []}
got patterns
sorted patterns
started allocation
Allocation accuracy: 100
total views sold: 409535
Allocation accuracy new method: 100
0.0
got patterns
sorted patterns
started allocation
Allocation accuracy: 100
total views sold: 409535
Allocation accuracy new method: 100
('META_DATA_FILE_PATH', '/home/preetham_sathineni/adslot/web_page_meta_dict_adslots_1_dataset_bmspostxt.pkl')
/tmp/1646300174933.txt
Allocation accuracy: 91
total views sold: 397116
('META_DATA_FILE_PATH', '/home/preetham_sathineni/adslot/web_page_meta_dict_adslots_3_dataset_bmspostxt.pkl')
/tmp/1646300176024.txt
Allocation accuracy: 100
total views sold: 409535
###############     ARGUMENTS     ############
['plot_results.py', '../test1/bmspos_minfreq_0.02_maxcs_1_maxor_0.1/patterns.txt', '../CMineMR-Mapreduce-algorithm-to-extract-coverage-patterns-master/dataset/bmspos.txt', '100', '4000', '3000', '3']
##############################################
web_page_to_adv_json_file : ./1646300171047.json
allocated_adslots_file: ./1646300171052.json
python alloc_fresh.py ../test1/bmspos_minfreq_0.02_maxcs_1_maxor_0.1/patterns.txt /home/preetham_sathineni/adslot/web_page_meta_dict_adslots_3_dataset_bmspostxt.pkl /home/preetham_sathineni/adslot/web_page_freq_sorted_adslots_3_dataset_bmspostxt.pkl 5027,3117,1498,3917,2330,4391,5643,2179,5892,1347,6010,5636,1996,5750,3736,6589,2011,5125,6119,5265,6922,4261,2752,1491,2244,3404,2042,6119,3099,4173,2507,5672,1235,4202,3100,3249,4382,1412,3678,6897,2221,3685,2404,4894,3470,5400,4871,4722,1383,6345,4432,5041,1769,4885,6015,6965,2760,4583,4224,3666,6863,1087,3320,5170,6696,2904,4928,6118,4824,3811,5085,5122,4822,6620,3313,6056,1548,5876,2475,3783,1418,2570,5427,6485,2015,1929,6518,3318,2856,3680,6002,2600,4370,4090,6688,2026,4423,6280,2877,3388 /tmp/1646300171056.txt 2 ./1646300171052.json ./1646300171047.json
AD REPEATABILITY OF OUR NEW METHOD : 100
0.0

ALLOCATING WITH OUR OLD METHOD: 100
python alloc_fresh.py ../test1/bmspos_minfreq_0.02_maxcs_1_maxor_0.1/patterns.txt /home/preetham_sathineni/adslot/web_page_meta_dict_adslots_1_dataset_bmspostxt.pkl /home/preetham_sathineni/adslot/web_page_freq_sorted_adslots_1_dataset_bmspostxt.pkl 5027,3117,1498,3917,2330,4391,5643,2179,5892,1347,6010,5636,1996,5750,3736,6589,2011,5125,6119,5265,6922,4261,2752,1491,2244,3404,2042,6119,3099,4173,2507,5672,1235,4202,3100,3249,4382,1412,3678,6897,2221,3685,2404,4894,3470,5400,4871,4722,1383,6345,4432,5041,1769,4885,6015,6965,2760,4583,4224,3666,6863,1087,3320,5170,6696,2904,4928,6118,4824,3811,5085,5122,4822,6620,3313,6056,1548,5876,2475,3783,1418,2570,5427,6485,2015,1929,6518,3318,2856,3680,6002,2600,4370,4090,6688,2026,4423,6280,2877,3388 /tmp/1646300173275.txt 2 ./1646300171052.json ./1646300171047.json
AD REPEATABILITY OF ONE-SLOT METHOD : 100
0.07919

[One slot] ALLOCATING WITH RANDOM METHOD: 100
0.27456

[Multi slots] ALLOCATING WITH RANDOM METHOD: 100
AD REPEATABILITY OF RANDOM METHOD: 100
0.35867

allocated
{'VFS_one_method': [0], 'VFS_multi_method': [0], 'new_method': [100], 'oneslot_method': [100]}
adrepp
{'VFS_one_method': ['0.27456'], 'VFS_multi_method': ['0.35867'], 'new_method': ['0.0'], 'oneslot_method': ['0.07919']}
revenue
{'VFS_one_method': [], 'VFS_multi_method': [], 'new_method': [], 'oneslot_method': []}
got patterns
sorted patterns
started allocation
Allocation accuracy: 120
total views sold: 500940
Allocation accuracy new method: 120
0.0
got patterns
sorted patterns
started allocation
Allocation accuracy: 119
total views sold: 499895
Allocation accuracy new method: 119
('META_DATA_FILE_PATH', '/home/preetham_sathineni/adslot/web_page_meta_dict_adslots_1_dataset_bmspostxt.pkl')
/tmp/1646300181637.txt
Allocation accuracy: 79
total views sold: 410959
('META_DATA_FILE_PATH', '/home/preetham_sathineni/adslot/web_page_meta_dict_adslots_3_dataset_bmspostxt.pkl')
/tmp/1646300182742.txt
Allocation accuracy: 120
total views sold: 500940
###############     ARGUMENTS     ############
['plot_results.py', '../test1/bmspos_minfreq_0.02_maxcs_1_maxor_0.1/patterns.txt', '../CMineMR-Mapreduce-algorithm-to-extract-coverage-patterns-master/dataset/bmspos.txt', '120', '4000', '3000', '3']
##############################################
web_page_to_adv_json_file : ./1646300177493.json
allocated_adslots_file: ./1646300177498.json
python alloc_fresh.py ../test1/bmspos_minfreq_0.02_maxcs_1_maxor_0.1/patterns.txt /home/preetham_sathineni/adslot/web_page_meta_dict_adslots_3_dataset_bmspostxt.pkl /home/preetham_sathineni/adslot/web_page_freq_sorted_adslots_3_dataset_bmspostxt.pkl 4457,4192,5704,4488,5624,5945,4083,3384,6926,3177,6581,2134,3265,2304,1711,5865,4572,4204,5935,4112,4762,2444,2432,3080,2169,6508,6277,1991,5053,6423,6963,1657,1152,3534,4049,5738,6789,5353,6590,4717,2092,6580,3341,5186,3369,3347,4861,6258,5025,6113,2583,5146,1264,1054,3505,1049,3398,6869,5634,1364,6476,3260,4022,2420,2652,1182,3485,2974,3621,4488,2843,3133,5006,6218,2704,3970,2232,4845,6947,2002,6801,1641,4203,3920,6482,4107,2844,2939,6670,6365,4522,5204,1045,5878,4129,6021,2020,3615,5659,1702,2550,2024,6520,3186,6595,2792,3876,6901,2327,6357,1133,5227,2770,1949,6072,4990,5216,5914,5666,4246 /tmp/1646300177502.txt 2 ./1646300177498.json ./1646300177493.json
AD REPEATABILITY OF OUR NEW METHOD : 120
0.0

ALLOCATING WITH OUR OLD METHOD: 120
python alloc_fresh.py ../test1/bmspos_minfreq_0.02_maxcs_1_maxor_0.1/patterns.txt /home/preetham_sathineni/adslot/web_page_meta_dict_adslots_1_dataset_bmspostxt.pkl /home/preetham_sathineni/adslot/web_page_freq_sorted_adslots_1_dataset_bmspostxt.pkl 4457,4192,5704,4488,5624,5945,4083,3384,6926,3177,6581,2134,3265,2304,1711,5865,4572,4204,5935,4112,4762,2444,2432,3080,2169,6508,6277,1991,5053,6423,6963,1657,1152,3534,4049,5738,6789,5353,6590,4717,2092,6580,3341,5186,3369,3347,4861,6258,5025,6113,2583,5146,1264,1054,3505,1049,3398,6869,5634,1364,6476,3260,4022,2420,2652,1182,3485,2974,3621,4488,2843,3133,5006,6218,2704,3970,2232,4845,6947,2002,6801,1641,4203,3920,6482,4107,2844,2939,6670,6365,4522,5204,1045,5878,4129,6021,2020,3615,5659,1702,2550,2024,6520,3186,6595,2792,3876,6901,2327,6357,1133,5227,2770,1949,6072,4990,5216,5914,5666,4246 /tmp/1646300179909.txt 2 ./1646300177498.json ./1646300177493.json
AD REPEATABILITY OF ONE-SLOT METHOD : 120
0.12759

[One slot] ALLOCATING WITH RANDOM METHOD: 120
0.30207

[Multi slots] ALLOCATING WITH RANDOM METHOD: 120
AD REPEATABILITY OF RANDOM METHOD: 120
0.40768

allocated
{'VFS_one_method': [0], 'VFS_multi_method': [0], 'new_method': [120], 'oneslot_method': [119]}
adrepp
{'VFS_one_method': ['0.30207'], 'VFS_multi_method': ['0.40768'], 'new_method': ['0.0'], 'oneslot_method': ['0.12759']}
revenue
{'VFS_one_method': [], 'VFS_multi_method': [], 'new_method': [], 'oneslot_method': []}
got patterns
sorted patterns
started allocation
Allocation accuracy: 140
total views sold: 556936
Allocation accuracy new method: 140
0.0
got patterns
sorted patterns
started allocation
Allocation accuracy: 106
total views sold: 496079
Allocation accuracy new method: 106
('META_DATA_FILE_PATH', '/home/preetham_sathineni/adslot/web_page_meta_dict_adslots_1_dataset_bmspostxt.pkl')
/tmp/1646300188770.txt
Allocation accuracy: 77
total views sold: 409197
('META_DATA_FILE_PATH', '/home/preetham_sathineni/adslot/web_page_meta_dict_adslots_3_dataset_bmspostxt.pkl')
/tmp/1646300189831.txt
Allocation accuracy: 140
total views sold: 556936
###############     ARGUMENTS     ############
['plot_results.py', '../test1/bmspos_minfreq_0.02_maxcs_1_maxor_0.1/patterns.txt', '../CMineMR-Mapreduce-algorithm-to-extract-coverage-patterns-master/dataset/bmspos.txt', '140', '4000', '3000', '3']
##############################################
web_page_to_adv_json_file : ./1646300184392.json
allocated_adslots_file: ./1646300184397.json
python alloc_fresh.py ../test1/bmspos_minfreq_0.02_maxcs_1_maxor_0.1/patterns.txt /home/preetham_sathineni/adslot/web_page_meta_dict_adslots_3_dataset_bmspostxt.pkl /home/preetham_sathineni/adslot/web_page_freq_sorted_adslots_3_dataset_bmspostxt.pkl 1535,3830,6114,5463,4460,3121,2549,3356,4804,2560,6155,5470,5171,3225,4835,4581,4212,6857,6491,6407,1679,2014,4333,6714,1453,4529,5673,2992,2171,5789,3981,2437,6622,4198,2614,6937,5360,2223,2067,1235,6119,3203,1005,2690,2913,3684,2442,2783,3199,3998,5904,2006,3156,2980,4792,2012,1809,6441,5728,5575,1247,4440,3983,6440,2329,3690,6969,2189,1463,1743,2693,1378,4262,5709,4434,5417,4815,4777,6241,2720,4744,4710,1350,3169,2832,6087,3877,5098,4131,3775,6783,3233,6179,2957,1279,1554,5839,1564,3761,5741,2988,4934,5443,1876,5084,3496,6130,3272,4377,4923,2644,6705,1740,3334,4314,5139,1396,2608,1289,1863,3021,5784,5936,5778,2986,2761,3376,5192,4131,5947,6136,2468,6418,5390,6962,4686,2374,1892,1226,6659 /tmp/1646300184401.txt 2 ./1646300184397.json ./1646300184392.json
AD REPEATABILITY OF OUR NEW METHOD : 140
0.0

ALLOCATING WITH OUR OLD METHOD: 140
python alloc_fresh.py ../test1/bmspos_minfreq_0.02_maxcs_1_maxor_0.1/patterns.txt /home/preetham_sathineni/adslot/web_page_meta_dict_adslots_1_dataset_bmspostxt.pkl /home/preetham_sathineni/adslot/web_page_freq_sorted_adslots_1_dataset_bmspostxt.pkl 1535,3830,6114,5463,4460,3121,2549,3356,4804,2560,6155,5470,5171,3225,4835,4581,4212,6857,6491,6407,1679,2014,4333,6714,1453,4529,5673,2992,2171,5789,3981,2437,6622,4198,2614,6937,5360,2223,2067,1235,6119,3203,1005,2690,2913,3684,2442,2783,3199,3998,5904,2006,3156,2980,4792,2012,1809,6441,5728,5575,1247,4440,3983,6440,2329,3690,6969,2189,1463,1743,2693,1378,4262,5709,4434,5417,4815,4777,6241,2720,4744,4710,1350,3169,2832,6087,3877,5098,4131,3775,6783,3233,6179,2957,1279,1554,5839,1564,3761,5741,2988,4934,5443,1876,5084,3496,6130,3272,4377,4923,2644,6705,1740,3334,4314,5139,1396,2608,1289,1863,3021,5784,5936,5778,2986,2761,3376,5192,4131,5947,6136,2468,6418,5390,6962,4686,2374,1892,1226,6659 /tmp/1646300187005.txt 2 ./1646300184397.json ./1646300184392.json
AD REPEATABILITY OF ONE-SLOT METHOD : 140
0.15673

[One slot] ALLOCATING WITH RANDOM METHOD: 140
0.32915

[Multi slots] ALLOCATING WITH RANDOM METHOD: 140
AD REPEATABILITY OF RANDOM METHOD: 140
0.42227

allocated
{'VFS_one_method': [0], 'VFS_multi_method': [0], 'new_method': [140], 'oneslot_method': [106]}
adrepp
{'VFS_one_method': ['0.32915'], 'VFS_multi_method': ['0.42227'], 'new_method': ['0.0'], 'oneslot_method': ['0.15673']}
revenue
{'VFS_one_method': [], 'VFS_multi_method': [], 'new_method': [], 'oneslot_method': []}
got patterns
sorted patterns
started allocation
Allocation accuracy: 160
total views sold: 635763
Allocation accuracy new method: 160
0.0
got patterns
sorted patterns
started allocation
Allocation accuracy: 97
total views sold: 499961
Allocation accuracy new method: 97
('META_DATA_FILE_PATH', '/home/preetham_sathineni/adslot/web_page_meta_dict_adslots_1_dataset_bmspostxt.pkl')
/tmp/1646300196336.txt
Allocation accuracy: 72
total views sold: 403788
('META_DATA_FILE_PATH', '/home/preetham_sathineni/adslot/web_page_meta_dict_adslots_3_dataset_bmspostxt.pkl')
/tmp/1646300197434.txt
Allocation accuracy: 160
total views sold: 635763
###############     ARGUMENTS     ############
['plot_results.py', '../test1/bmspos_minfreq_0.02_maxcs_1_maxor_0.1/patterns.txt', '../CMineMR-Mapreduce-algorithm-to-extract-coverage-patterns-master/dataset/bmspos.txt', '160', '4000', '3000', '3']
##############################################
web_page_to_adv_json_file : ./1646300191596.json
allocated_adslots_file: ./1646300191601.json
python alloc_fresh.py ../test1/bmspos_minfreq_0.02_maxcs_1_maxor_0.1/patterns.txt /home/preetham_sathineni/adslot/web_page_meta_dict_adslots_3_dataset_bmspostxt.pkl /home/preetham_sathineni/adslot/web_page_freq_sorted_adslots_3_dataset_bmspostxt.pkl 6319,2163,6647,4585,1006,2806,1074,5168,2524,2522,2484,3248,4067,4477,2445,1822,5982,6356,4207,6849,3816,2924,4497,2819,4647,2891,3382,4761,1145,1873,5607,1116,6519,3546,4081,5005,4293,4297,5682,5622,5893,6414,2019,5443,4955,6843,6176,6957,3004,1982,6372,5265,6723,1675,4794,6274,6205,5608,6123,3891,4574,5953,4432,5945,4041,6538,4947,1106,1776,4255,5893,4063,4137,3722,1980,6644,1248,1258,2910,5372,1011,6008,5566,3761,3408,1735,2954,5356,3138,3618,6224,4857,4503,3747,2564,5476,6711,5433,3062,4138,1354,1178,1432,6983,5126,3745,2466,2597,2163,2911,3488,4830,2568,3701,3082,5039,4366,1179,6784,2884,6021,6235,5949,3768,4834,1861,1331,1795,3152,4002,4193,1639,1257,4773,5312,1710,5132,1849,3173,1561,4913,6885,4341,1125,3118,1147,2730,4061,5516,3157,5638,4230,1094,5499,3911,6239,4781,5095,1307,1599 /tmp/1646300191605.txt 2 ./1646300191601.json ./1646300191596.json
AD REPEATABILITY OF OUR NEW METHOD : 160
0.0

ALLOCATING WITH OUR OLD METHOD: 160
python alloc_fresh.py ../test1/bmspos_minfreq_0.02_maxcs_1_maxor_0.1/patterns.txt /home/preetham_sathineni/adslot/web_page_meta_dict_adslots_1_dataset_bmspostxt.pkl /home/preetham_sathineni/adslot/web_page_freq_sorted_adslots_1_dataset_bmspostxt.pkl 6319,2163,6647,4585,1006,2806,1074,5168,2524,2522,2484,3248,4067,4477,2445,1822,5982,6356,4207,6849,3816,2924,4497,2819,4647,2891,3382,4761,1145,1873,5607,1116,6519,3546,4081,5005,4293,4297,5682,5622,5893,6414,2019,5443,4955,6843,6176,6957,3004,1982,6372,5265,6723,1675,4794,6274,6205,5608,6123,3891,4574,5953,4432,5945,4041,6538,4947,1106,1776,4255,5893,4063,4137,3722,1980,6644,1248,1258,2910,5372,1011,6008,5566,3761,3408,1735,2954,5356,3138,3618,6224,4857,4503,3747,2564,5476,6711,5433,3062,4138,1354,1178,1432,6983,5126,3745,2466,2597,2163,2911,3488,4830,2568,3701,3082,5039,4366,1179,6784,2884,6021,6235,5949,3768,4834,1861,1331,1795,3152,4002,4193,1639,1257,4773,5312,1710,5132,1849,3173,1561,4913,6885,4341,1125,3118,1147,2730,4061,5516,3157,5638,4230,1094,5499,3911,6239,4781,5095,1307,1599 /tmp/1646300194470.txt 2 ./1646300191601.json ./1646300191596.json
AD REPEATABILITY OF ONE-SLOT METHOD : 160
0.16857

[One slot] ALLOCATING WITH RANDOM METHOD: 160
0.31808

[Multi slots] ALLOCATING WITH RANDOM METHOD: 160
AD REPEATABILITY OF RANDOM METHOD: 160
0.5091

allocated
{'VFS_one_method': [0], 'VFS_multi_method': [0], 'new_method': [160], 'oneslot_method': [97]}
adrepp
{'VFS_one_method': ['0.31808'], 'VFS_multi_method': ['0.5091'], 'new_method': ['0.0'], 'oneslot_method': ['0.16857']}
revenue
{'VFS_one_method': [], 'VFS_multi_method': [], 'new_method': [], 'oneslot_method': []}
got patterns
sorted patterns
started allocation
Allocation accuracy: 180
total views sold: 709659
Allocation accuracy new method: 180
0.0
got patterns
sorted patterns
started allocation
Allocation accuracy: 94
total views sold: 504029
Allocation accuracy new method: 94
('META_DATA_FILE_PATH', '/home/preetham_sathineni/adslot/web_page_meta_dict_adslots_1_dataset_bmspostxt.pkl')
/tmp/1646300205282.txt
Allocation accuracy: 72
total views sold: 415338
('META_DATA_FILE_PATH', '/home/preetham_sathineni/adslot/web_page_meta_dict_adslots_3_dataset_bmspostxt.pkl')
/tmp/1646300206372.txt
Allocation accuracy: 180
total views sold: 709659
###############     ARGUMENTS     ############
['plot_results.py', '../test1/bmspos_minfreq_0.02_maxcs_1_maxor_0.1/patterns.txt', '../CMineMR-Mapreduce-algorithm-to-extract-coverage-patterns-master/dataset/bmspos.txt', '180', '4000', '3000', '3']
##############################################
web_page_to_adv_json_file : ./1646300199289.json
allocated_adslots_file: ./1646300199293.json
python alloc_fresh.py ../test1/bmspos_minfreq_0.02_maxcs_1_maxor_0.1/patterns.txt /home/preetham_sathineni/adslot/web_page_meta_dict_adslots_3_dataset_bmspostxt.pkl /home/preetham_sathineni/adslot/web_page_freq_sorted_adslots_3_dataset_bmspostxt.pkl 2803,4014,4933,3085,3610,1990,2801,4133,3100,3970,1921,1821,5426,2285,2766,1341,1267,4902,6140,5668,1640,2907,3144,6181,5630,6595,1006,3232,4869,4083,6973,4801,6539,2230,4011,3865,5589,6781,4344,6922,4202,2407,2564,3933,6637,1212,1533,4631,2804,5200,5354,3321,2443,6239,2370,2241,4335,6582,3489,6421,4741,3203,2350,5667,6332,5945,5958,1794,3454,4489,4593,6833,5243,4647,3137,2298,6810,4511,1047,2000,4703,2868,2205,4818,4439,6824,3779,6671,1828,3987,2027,1433,2343,5902,2924,2999,4352,6556,2231,6687,2799,6293,2897,6020,2978,2087,6729,3144,6180,6310,2645,4966,3734,1849,1524,3115,2959,4893,1429,1733,5101,6015,2566,3851,2583,6471,4264,5700,6485,4660,5088,1639,5832,3909,5827,1659,5290,6146,3240,2392,4903,3173,3129,4041,1988,6422,5068,2147,2756,1670,5802,2340,1829,4454,4123,6142,2237,3407,1539,5750,2047,6812,2704,4876,3416,1778,1867,5580,6994,1272,6495,2336,2458,2807,2183,4716,2200,4829,2860,3643 /tmp/1646300199298.txt 2 ./1646300199293.json ./1646300199289.json
AD REPEATABILITY OF OUR NEW METHOD : 180
0.0

ALLOCATING WITH OUR OLD METHOD: 180
python alloc_fresh.py ../test1/bmspos_minfreq_0.02_maxcs_1_maxor_0.1/patterns.txt /home/preetham_sathineni/adslot/web_page_meta_dict_adslots_1_dataset_bmspostxt.pkl /home/preetham_sathineni/adslot/web_page_freq_sorted_adslots_1_dataset_bmspostxt.pkl 2803,4014,4933,3085,3610,1990,2801,4133,3100,3970,1921,1821,5426,2285,2766,1341,1267,4902,6140,5668,1640,2907,3144,6181,5630,6595,1006,3232,4869,4083,6973,4801,6539,2230,4011,3865,5589,6781,4344,6922,4202,2407,2564,3933,6637,1212,1533,4631,2804,5200,5354,3321,2443,6239,2370,2241,4335,6582,3489,6421,4741,3203,2350,5667,6332,5945,5958,1794,3454,4489,4593,6833,5243,4647,3137,2298,6810,4511,1047,2000,4703,2868,2205,4818,4439,6824,3779,6671,1828,3987,2027,1433,2343,5902,2924,2999,4352,6556,2231,6687,2799,6293,2897,6020,2978,2087,6729,3144,6180,6310,2645,4966,3734,1849,1524,3115,2959,4893,1429,1733,5101,6015,2566,3851,2583,6471,4264,5700,6485,4660,5088,1639,5832,3909,5827,1659,5290,6146,3240,2392,4903,3173,3129,4041,1988,6422,5068,2147,2756,1670,5802,2340,1829,4454,4123,6142,2237,3407,1539,5750,2047,6812,2704,4876,3416,1778,1867,5580,6994,1272,6495,2336,2458,2807,2183,4716,2200,4829,2860,3643 /tmp/1646300203417.txt 2 ./1646300199293.json ./1646300199289.json
AD REPEATABILITY OF ONE-SLOT METHOD : 180
0.17422

[One slot] ALLOCATING WITH RANDOM METHOD: 180
0.32496

[Multi slots] ALLOCATING WITH RANDOM METHOD: 180
AD REPEATABILITY OF RANDOM METHOD: 180
0.56517

allocated
{'VFS_one_method': [0], 'VFS_multi_method': [0], 'new_method': [180], 'oneslot_method': [94]}
adrepp
{'VFS_one_method': ['0.32496'], 'VFS_multi_method': ['0.56517'], 'new_method': ['0.0'], 'oneslot_method': ['0.17422']}
revenue
{'VFS_one_method': [], 'VFS_multi_method': [], 'new_method': [], 'oneslot_method': []}
got patterns
sorted patterns
started allocation
Allocation accuracy: 200
total views sold: 792654
Allocation accuracy new method: 200
0.0
got patterns
sorted patterns
started allocation
Allocation accuracy: 90
total views sold: 501162
Allocation accuracy new method: 90
('META_DATA_FILE_PATH', '/home/preetham_sathineni/adslot/web_page_meta_dict_adslots_1_dataset_bmspostxt.pkl')
/tmp/1646300214773.txt
Allocation accuracy: 71
total views sold: 416753
('META_DATA_FILE_PATH', '/home/preetham_sathineni/adslot/web_page_meta_dict_adslots_3_dataset_bmspostxt.pkl')
/tmp/1646300215863.txt
Allocation accuracy: 200
total views sold: 792654
###############     ARGUMENTS     ############
['plot_results.py', '../test1/bmspos_minfreq_0.02_maxcs_1_maxor_0.1/patterns.txt', '../CMineMR-Mapreduce-algorithm-to-extract-coverage-patterns-master/dataset/bmspos.txt', '200', '4000', '3000', '3']
##############################################
web_page_to_adv_json_file : ./1646300208310.json
allocated_adslots_file: ./1646300208315.json
python alloc_fresh.py ../test1/bmspos_minfreq_0.02_maxcs_1_maxor_0.1/patterns.txt /home/preetham_sathineni/adslot/web_page_meta_dict_adslots_3_dataset_bmspostxt.pkl /home/preetham_sathineni/adslot/web_page_freq_sorted_adslots_3_dataset_bmspostxt.pkl 1523,2728,4596,2400,3281,2781,4638,5917,1558,5122,4923,3042,3303,6283,6464,2708,3710,6028,6615,1033,5142,3834,6128,3432,6553,1701,1948,4704,2799,6986,4661,5896,3170,2056,3306,5321,1805,2211,6361,2488,4416,5154,4872,5505,4089,5380,6471,2982,4137,6349,3427,1019,2592,6359,5003,6842,4865,3167,5141,5990,2514,6117,3463,4103,5385,4095,2241,3124,1132,5074,6838,6569,6336,1943,3377,3878,2217,5272,4709,5506,4552,6564,4566,6435,5583,1324,6869,1827,1167,2188,1283,3947,1126,6855,3449,6678,3611,2853,4532,2075,1983,5041,4788,1609,4732,1496,5521,5914,3968,1111,6257,2072,3720,3483,3297,5003,2527,2026,6120,4018,3798,4943,3155,2530,5751,1996,6387,4087,5082,5194,2371,2932,1478,1741,3033,4416,6232,6812,5812,2413,3363,2266,6292,2474,4236,1970,1188,4203,4481,2142,4284,4325,2806,6847,5507,1741,4034,2336,2014,6261,3087,1691,3623,1655,3983,1185,4281,1437,4219,3170,5819,3186,5618,1744,4750,2702,4916,1795,2370,6440,1990,4239,4426,1798,4076,2376,5985,3241,2769,2381,5082,5413,6599,2614,6365,3245,6696,5555,4368,3854 /tmp/1646300208319.txt 2 ./1646300208315.json ./1646300208310.json
AD REPEATABILITY OF OUR NEW METHOD : 200
0.00724

ALLOCATING WITH OUR OLD METHOD: 200
python alloc_fresh.py ../test1/bmspos_minfreq_0.02_maxcs_1_maxor_0.1/patterns.txt /home/preetham_sathineni/adslot/web_page_meta_dict_adslots_1_dataset_bmspostxt.pkl /home/preetham_sathineni/adslot/web_page_freq_sorted_adslots_1_dataset_bmspostxt.pkl 1523,2728,4596,2400,3281,2781,4638,5917,1558,5122,4923,3042,3303,6283,6464,2708,3710,6028,6615,1033,5142,3834,6128,3432,6553,1701,1948,4704,2799,6986,4661,5896,3170,2056,3306,5321,1805,2211,6361,2488,4416,5154,4872,5505,4089,5380,6471,2982,4137,6349,3427,1019,2592,6359,5003,6842,4865,3167,5141,5990,2514,6117,3463,4103,5385,4095,2241,3124,1132,5074,6838,6569,6336,1943,3377,3878,2217,5272,4709,5506,4552,6564,4566,6435,5583,1324,6869,1827,1167,2188,1283,3947,1126,6855,3449,6678,3611,2853,4532,2075,1983,5041,4788,1609,4732,1496,5521,5914,3968,1111,6257,2072,3720,3483,3297,5003,2527,2026,6120,4018,3798,4943,3155,2530,5751,1996,6387,4087,5082,5194,2371,2932,1478,1741,3033,4416,6232,6812,5812,2413,3363,2266,6292,2474,4236,1970,1188,4203,4481,2142,4284,4325,2806,6847,5507,1741,4034,2336,2014,6261,3087,1691,3623,1655,3983,1185,4281,1437,4219,3170,5819,3186,5618,1744,4750,2702,4916,1795,2370,6440,1990,4239,4426,1798,4076,2376,5985,3241,2769,2381,5082,5413,6599,2614,6365,3245,6696,5555,4368,3854 /tmp/1646300212866.txt 2 ./1646300208315.json ./1646300208310.json
AD REPEATABILITY OF ONE-SLOT METHOD : 200
0.19853

[One slot] ALLOCATING WITH RANDOM METHOD: 200
0.34484

[Multi slots] ALLOCATING WITH RANDOM METHOD: 200
AD REPEATABILITY OF RANDOM METHOD: 200
0.62873

allocated
{'VFS_one_method': [0], 'VFS_multi_method': [0], 'new_method': [200], 'oneslot_method': [90]}
adrepp
{'VFS_one_method': ['0.34484'], 'VFS_multi_method': ['0.62873'], 'new_method': ['0.00724'], 'oneslot_method': ['0.19853']}
revenue
{'VFS_one_method': [], 'VFS_multi_method': [], 'new_method': [], 'oneslot_method': []}
got patterns
sorted patterns
started allocation
Allocation accuracy: 220
total views sold: 889651
Allocation accuracy new method: 220
0.0
got patterns
sorted patterns
started allocation
Allocation accuracy: 84
total views sold: 498485
Allocation accuracy new method: 84
('META_DATA_FILE_PATH', '/home/preetham_sathineni/adslot/web_page_meta_dict_adslots_1_dataset_bmspostxt.pkl')
/tmp/1646300224313.txt
Allocation accuracy: 68
total views sold: 417978
('META_DATA_FILE_PATH', '/home/preetham_sathineni/adslot/web_page_meta_dict_adslots_3_dataset_bmspostxt.pkl')
/tmp/1646300225419.txt
Allocation accuracy: 220
total views sold: 889651
###############     ARGUMENTS     ############
['plot_results.py', '../test1/bmspos_minfreq_0.02_maxcs_1_maxor_0.1/patterns.txt', '../CMineMR-Mapreduce-algorithm-to-extract-coverage-patterns-master/dataset/bmspos.txt', '220', '4000', '3000', '3']
##############################################
web_page_to_adv_json_file : ./1646300217853.json
allocated_adslots_file: ./1646300217858.json
python alloc_fresh.py ../test1/bmspos_minfreq_0.02_maxcs_1_maxor_0.1/patterns.txt /home/preetham_sathineni/adslot/web_page_meta_dict_adslots_3_dataset_bmspostxt.pkl /home/preetham_sathineni/adslot/web_page_freq_sorted_adslots_3_dataset_bmspostxt.pkl 3597,1966,2384,5975,3845,3622,5703,6161,2514,2316,6283,5126,3678,1244,2971,1317,5244,3423,2378,1967,1448,4155,1905,6262,5974,6361,6704,1375,5026,3661,6203,5983,5647,1865,2755,5573,6469,6500,3063,6902,5146,6235,2932,3662,4582,4301,1966,4553,4477,3428,6047,2178,6696,4244,5159,1779,3157,3425,4392,5643,5698,4907,1616,2709,1524,1723,3801,3976,2643,2385,6840,6737,6131,4401,5152,3540,6097,5918,3363,2859,4337,4218,4540,1350,3131,3585,6209,1668,5745,6467,4500,6658,3834,2287,4028,1721,6788,3546,4002,5061,1248,6416,1271,1062,3318,3005,3120,3079,5299,4526,3647,3578,6209,2918,3993,1322,5776,5743,3338,5011,1906,1246,3523,4531,4967,4701,3522,6482,3803,1861,6284,3636,1779,1755,3831,6934,4775,6609,1144,3030,3515,3464,6492,2885,4830,1172,6077,6466,2374,5270,4770,4606,6480,5302,3981,1394,2123,6441,6994,6251,3918,3608,6020,1126,5322,1363,6902,4866,5195,2834,4282,1482,1309,5702,6962,3882,2715,3065,1716,6349,5210,5287,3145,2560,2014,2570,1628,5843,6041,1583,1529,3834,6836,3007,5463,3547,5836,3440,1582,2704,1606,2860,1152,6745,4706,5268,5110,3458,2590,1790,5281,5395,1239,6507,4966,2287,6680,3822,3424,6161 /tmp/1646300217862.txt 2 ./1646300217858.json ./1646300217853.json
AD REPEATABILITY OF OUR NEW METHOD : 220
0.04724

ALLOCATING WITH OUR OLD METHOD: 220
python alloc_fresh.py ../test1/bmspos_minfreq_0.02_maxcs_1_maxor_0.1/patterns.txt /home/preetham_sathineni/adslot/web_page_meta_dict_adslots_1_dataset_bmspostxt.pkl /home/preetham_sathineni/adslot/web_page_freq_sorted_adslots_1_dataset_bmspostxt.pkl 3597,1966,2384,5975,3845,3622,5703,6161,2514,2316,6283,5126,3678,1244,2971,1317,5244,3423,2378,1967,1448,4155,1905,6262,5974,6361,6704,1375,5026,3661,6203,5983,5647,1865,2755,5573,6469,6500,3063,6902,5146,6235,2932,3662,4582,4301,1966,4553,4477,3428,6047,2178,6696,4244,5159,1779,3157,3425,4392,5643,5698,4907,1616,2709,1524,1723,3801,3976,2643,2385,6840,6737,6131,4401,5152,3540,6097,5918,3363,2859,4337,4218,4540,1350,3131,3585,6209,1668,5745,6467,4500,6658,3834,2287,4028,1721,6788,3546,4002,5061,1248,6416,1271,1062,3318,3005,3120,3079,5299,4526,3647,3578,6209,2918,3993,1322,5776,5743,3338,5011,1906,1246,3523,4531,4967,4701,3522,6482,3803,1861,6284,3636,1779,1755,3831,6934,4775,6609,1144,3030,3515,3464,6492,2885,4830,1172,6077,6466,2374,5270,4770,4606,6480,5302,3981,1394,2123,6441,6994,6251,3918,3608,6020,1126,5322,1363,6902,4866,5195,2834,4282,1482,1309,5702,6962,3882,2715,3065,1716,6349,5210,5287,3145,2560,2014,2570,1628,5843,6041,1583,1529,3834,6836,3007,5463,3547,5836,3440,1582,2704,1606,2860,1152,6745,4706,5268,5110,3458,2590,1790,5281,5395,1239,6507,4966,2287,6680,3822,3424,6161 /tmp/1646300222384.txt 2 ./1646300217858.json ./1646300217853.json
AD REPEATABILITY OF ONE-SLOT METHOD : 220
0.21005

[One slot] ALLOCATING WITH RANDOM METHOD: 220
0.36871

[Multi slots] ALLOCATING WITH RANDOM METHOD: 220
AD REPEATABILITY OF RANDOM METHOD: 220
0.66937

allocated
{'VFS_one_method': [0], 'VFS_multi_method': [0], 'new_method': [220], 'oneslot_method': [84]}
adrepp
{'VFS_one_method': ['0.36871'], 'VFS_multi_method': ['0.66937'], 'new_method': ['0.04724'], 'oneslot_method': ['0.21005']}
revenue
{'VFS_one_method': [], 'VFS_multi_method': [], 'new_method': [], 'oneslot_method': []}
got patterns
sorted patterns
started allocation
Allocation accuracy: 240
total views sold: 908849
Allocation accuracy new method: 240
0.0
got patterns
sorted patterns
started allocation
Allocation accuracy: 89
total views sold: 506328
Allocation accuracy new method: 89
('META_DATA_FILE_PATH', '/home/preetham_sathineni/adslot/web_page_meta_dict_adslots_1_dataset_bmspostxt.pkl')
/tmp/1646300233062.txt
Allocation accuracy: 69
total views sold: 412668
('META_DATA_FILE_PATH', '/home/preetham_sathineni/adslot/web_page_meta_dict_adslots_3_dataset_bmspostxt.pkl')
/tmp/1646300234140.txt
Allocation accuracy: 240
total views sold: 908849
###############     ARGUMENTS     ############
['plot_results.py', '../test1/bmspos_minfreq_0.02_maxcs_1_maxor_0.1/patterns.txt', '../CMineMR-Mapreduce-algorithm-to-extract-coverage-patterns-master/dataset/bmspos.txt', '240', '4000', '3000', '3']
##############################################
web_page_to_adv_json_file : ./1646300227576.json
allocated_adslots_file: ./1646300227581.json
python alloc_fresh.py ../test1/bmspos_minfreq_0.02_maxcs_1_maxor_0.1/patterns.txt /home/preetham_sathineni/adslot/web_page_meta_dict_adslots_3_dataset_bmspostxt.pkl /home/preetham_sathineni/adslot/web_page_freq_sorted_adslots_3_dataset_bmspostxt.pkl 6271,3150,5319,6213,3460,6385,6155,5058,1655,6519,5478,5869,4957,1288,4479,1051,3958,2923,6706,4620,4265,1345,5352,6125,2886,4880,3424,3146,3874,3340,5413,6371,4010,1588,3357,4233,1549,6518,2207,3890,6615,6934,1058,2195,4205,2215,6370,4545,1639,4679,4439,3589,2230,1259,2989,5221,5113,3487,4168,1037,6827,3873,1567,2592,6105,5715,1578,2675,1642,1222,4213,5204,3808,4300,3092,1317,5337,5556,5389,1573,6671,3585,4342,1421,1795,5349,4908,3888,1591,6743,2236,5661,4469,4977,4680,3341,5320,4898,3725,5309,1327,6576,3718,2655,3881,4886,5195,4631,2105,1510,4724,6362,3190,4701,1057,5134,1433,1494,3175,1713,6761,3875,6704,6166,4856,5324,2790,3383,2035,4052,1425,1889,4693,5865,1493,5338,1407,4177,6795,4235,5303,2712,4809,1298,2511,3721,3951,5602,5475,2586,6520,5149,2779,3865,2322,3631,2423,6322,3564,1831,2728,1478,1358,2491,6001,1698,6533,1221,5202,1932,5755,2072,4282,6176,2672,6999,5855,1801,2963,6985,1283,2747,1002,1011,1657,6896,2442,6342,4197,3659,3100,1874,3955,1452,3213,4021,4535,2218,6021,2197,1800,4067,6855,1094,1091,3060,4523,6491,5815,2590,6343,3623,2786,1495,1337,4671,1757,5452,1689,2040,2677,1917,3840,2151,2679,3777,4330,3714,2109,4455,2621,5190,1707,2306,3798,3911,5093,3859,2358,6882 /tmp/1646300227586.txt 2 ./1646300227581.json ./1646300227576.json
AD REPEATABILITY OF OUR NEW METHOD : 240
0.04579

ALLOCATING WITH OUR OLD METHOD: 240
python alloc_fresh.py ../test1/bmspos_minfreq_0.02_maxcs_1_maxor_0.1/patterns.txt /home/preetham_sathineni/adslot/web_page_meta_dict_adslots_1_dataset_bmspostxt.pkl /home/preetham_sathineni/adslot/web_page_freq_sorted_adslots_1_dataset_bmspostxt.pkl 6271,3150,5319,6213,3460,6385,6155,5058,1655,6519,5478,5869,4957,1288,4479,1051,3958,2923,6706,4620,4265,1345,5352,6125,2886,4880,3424,3146,3874,3340,5413,6371,4010,1588,3357,4233,1549,6518,2207,3890,6615,6934,1058,2195,4205,2215,6370,4545,1639,4679,4439,3589,2230,1259,2989,5221,5113,3487,4168,1037,6827,3873,1567,2592,6105,5715,1578,2675,1642,1222,4213,5204,3808,4300,3092,1317,5337,5556,5389,1573,6671,3585,4342,1421,1795,5349,4908,3888,1591,6743,2236,5661,4469,4977,4680,3341,5320,4898,3725,5309,1327,6576,3718,2655,3881,4886,5195,4631,2105,1510,4724,6362,3190,4701,1057,5134,1433,1494,3175,1713,6761,3875,6704,6166,4856,5324,2790,3383,2035,4052,1425,1889,4693,5865,1493,5338,1407,4177,6795,4235,5303,2712,4809,1298,2511,3721,3951,5602,5475,2586,6520,5149,2779,3865,2322,3631,2423,6322,3564,1831,2728,1478,1358,2491,6001,1698,6533,1221,5202,1932,5755,2072,4282,6176,2672,6999,5855,1801,2963,6985,1283,2747,1002,1011,1657,6896,2442,6342,4197,3659,3100,1874,3955,1452,3213,4021,4535,2218,6021,2197,1800,4067,6855,1094,1091,3060,4523,6491,5815,2590,6343,3623,2786,1495,1337,4671,1757,5452,1689,2040,2677,1917,3840,2151,2679,3777,4330,3714,2109,4455,2621,5190,1707,2306,3798,3911,5093,3859,2358,6882 /tmp/1646300231138.txt 2 ./1646300227581.json ./1646300227576.json
AD REPEATABILITY OF ONE-SLOT METHOD : 240
0.19066

[One slot] ALLOCATING WITH RANDOM METHOD: 240
0.33863

[Multi slots] ALLOCATING WITH RANDOM METHOD: 240
AD REPEATABILITY OF RANDOM METHOD: 240
0.66236

allocated
{'VFS_one_method': [0], 'VFS_multi_method': [0], 'new_method': [240], 'oneslot_method': [89]}
adrepp
{'VFS_one_method': ['0.33863'], 'VFS_multi_method': ['0.66236'], 'new_method': ['0.04579'], 'oneslot_method': ['0.19066']}
revenue
{'VFS_one_method': [], 'VFS_multi_method': [], 'new_method': [], 'oneslot_method': []}
got patterns
sorted patterns
started allocation
Allocation accuracy: 260
total views sold: 1068402
Allocation accuracy new method: 260
0.0
got patterns
sorted patterns
started allocation
Allocation accuracy: 83
total views sold: 503477
Allocation accuracy new method: 83
('META_DATA_FILE_PATH', '/home/preetham_sathineni/adslot/web_page_meta_dict_adslots_1_dataset_bmspostxt.pkl')
/tmp/1646300242391.txt
Allocation accuracy: 66
total views sold: 415904
('META_DATA_FILE_PATH', '/home/preetham_sathineni/adslot/web_page_meta_dict_adslots_3_dataset_bmspostxt.pkl')
/tmp/1646300243506.txt
Allocation accuracy: 260
total views sold: 1068402
###############     ARGUMENTS     ############
['plot_results.py', '../test1/bmspos_minfreq_0.02_maxcs_1_maxor_0.1/patterns.txt', '../CMineMR-Mapreduce-algorithm-to-extract-coverage-patterns-master/dataset/bmspos.txt', '260', '4000', '3000', '3']
##############################################
web_page_to_adv_json_file : ./1646300236365.json
allocated_adslots_file: ./1646300236370.json
python alloc_fresh.py ../test1/bmspos_minfreq_0.02_maxcs_1_maxor_0.1/patterns.txt /home/preetham_sathineni/adslot/web_page_meta_dict_adslots_3_dataset_bmspostxt.pkl /home/preetham_sathineni/adslot/web_page_freq_sorted_adslots_3_dataset_bmspostxt.pkl 6841,5500,3058,4593,5043,2536,6235,1357,1865,2642,4144,2675,6050,1773,5554,6136,3358,2243,3080,4600,4713,6836,6427,2663,5913,3361,6586,6526,5455,3310,6905,1315,5282,3926,5184,1739,1692,4174,4078,2281,2808,2062,4983,3086,4962,1669,5566,6110,6828,3491,4699,3311,3565,3268,4771,1357,1440,5913,3572,5989,6686,1000,4685,6841,5755,5941,5584,5227,3930,1640,5920,4425,3296,3547,5100,3609,5162,2572,2075,1235,5537,6973,3414,4595,4745,4931,6579,4743,1723,5419,3316,1321,2291,6165,4313,4185,1082,6043,4210,2381,1069,2195,6361,3029,3190,4627,6636,4723,1635,3317,4856,4339,6033,3491,6133,1911,1353,3752,6797,6993,5056,3861,4604,4961,5401,1272,5131,5920,2755,3056,5987,4686,5803,6243,6073,4567,4199,6201,1103,6490,3765,5408,2020,3111,6989,5674,3921,4391,3733,6810,4617,4648,6982,1340,1751,3655,2955,6124,1717,2414,3185,2062,1590,4034,1101,3119,1861,3744,1728,5879,5350,2183,2676,1445,6849,4217,2565,2148,4809,1004,2623,5509,4028,2265,6697,2919,1423,5613,3805,3163,1824,2389,2783,4262,6026,5698,3897,2346,1203,5104,3488,3548,2095,5287,4201,2187,2985,6750,6800,4022,3395,5129,4165,5773,3733,4781,2024,3613,6722,6408,4401,3956,5877,5424,1202,5218,2007,5350,6305,4350,6398,5595,6761,6116,3912,6153,1282,3849,2530,2291,3909,4729,6435,2251,2541,1945,3200,1097,6532,6548,5370,6156,6216,3842,1102,4263,3957,4603,4381,4987 /tmp/1646300236374.txt 2 ./1646300236370.json ./1646300236365.json
AD REPEATABILITY OF OUR NEW METHOD : 260
0.19624

ALLOCATING WITH OUR OLD METHOD: 260
python alloc_fresh.py ../test1/bmspos_minfreq_0.02_maxcs_1_maxor_0.1/patterns.txt /home/preetham_sathineni/adslot/web_page_meta_dict_adslots_1_dataset_bmspostxt.pkl /home/preetham_sathineni/adslot/web_page_freq_sorted_adslots_1_dataset_bmspostxt.pkl 6841,5500,3058,4593,5043,2536,6235,1357,1865,2642,4144,2675,6050,1773,5554,6136,3358,2243,3080,4600,4713,6836,6427,2663,5913,3361,6586,6526,5455,3310,6905,1315,5282,3926,5184,1739,1692,4174,4078,2281,2808,2062,4983,3086,4962,1669,5566,6110,6828,3491,4699,3311,3565,3268,4771,1357,1440,5913,3572,5989,6686,1000,4685,6841,5755,5941,5584,5227,3930,1640,5920,4425,3296,3547,5100,3609,5162,2572,2075,1235,5537,6973,3414,4595,4745,4931,6579,4743,1723,5419,3316,1321,2291,6165,4313,4185,1082,6043,4210,2381,1069,2195,6361,3029,3190,4627,6636,4723,1635,3317,4856,4339,6033,3491,6133,1911,1353,3752,6797,6993,5056,3861,4604,4961,5401,1272,5131,5920,2755,3056,5987,4686,5803,6243,6073,4567,4199,6201,1103,6490,3765,5408,2020,3111,6989,5674,3921,4391,3733,6810,4617,4648,6982,1340,1751,3655,2955,6124,1717,2414,3185,2062,1590,4034,1101,3119,1861,3744,1728,5879,5350,2183,2676,1445,6849,4217,2565,2148,4809,1004,2623,5509,4028,2265,6697,2919,1423,5613,3805,3163,1824,2389,2783,4262,6026,5698,3897,2346,1203,5104,3488,3548,2095,5287,4201,2187,2985,6750,6800,4022,3395,5129,4165,5773,3733,4781,2024,3613,6722,6408,4401,3956,5877,5424,1202,5218,2007,5350,6305,4350,6398,5595,6761,6116,3912,6153,1282,3849,2530,2291,3909,4729,6435,2251,2541,1945,3200,1097,6532,6548,5370,6156,6216,3842,1102,4263,3957,4603,4381,4987 /tmp/1646300240300.txt 2 ./1646300236370.json ./1646300236365.json
AD REPEATABILITY OF ONE-SLOT METHOD : 260
0.22222

[One slot] ALLOCATING WITH RANDOM METHOD: 260
0.37341

[Multi slots] ALLOCATING WITH RANDOM METHOD: 260
AD REPEATABILITY OF RANDOM METHOD: 260
0.90291

allocated
{'VFS_one_method': [0], 'VFS_multi_method': [0], 'new_method': [260], 'oneslot_method': [83]}
adrepp
{'VFS_one_method': ['0.37341'], 'VFS_multi_method': ['0.90291'], 'new_method': ['0.19624'], 'oneslot_method': ['0.22222']}
revenue
{'VFS_one_method': [], 'VFS_multi_method': [], 'new_method': [], 'oneslot_method': []}
got patterns
sorted patterns
started allocation
Allocation accuracy: 280
total views sold: 1127891
Allocation accuracy new method: 280
0.0
got patterns
sorted patterns
started allocation
Allocation accuracy: 81
total views sold: 504289
Allocation accuracy new method: 81
('META_DATA_FILE_PATH', '/home/preetham_sathineni/adslot/web_page_meta_dict_adslots_1_dataset_bmspostxt.pkl')
/tmp/1646300252076.txt
Allocation accuracy: 66
total views sold: 422647
('META_DATA_FILE_PATH', '/home/preetham_sathineni/adslot/web_page_meta_dict_adslots_3_dataset_bmspostxt.pkl')
/tmp/1646300253199.txt
Allocation accuracy: 272
total views sold: 1118918
###############     ARGUMENTS     ############
['plot_results.py', '../test1/bmspos_minfreq_0.02_maxcs_1_maxor_0.1/patterns.txt', '../CMineMR-Mapreduce-algorithm-to-extract-coverage-patterns-master/dataset/bmspos.txt', '280', '4000', '3000', '3']
##############################################
web_page_to_adv_json_file : ./1646300245935.json
allocated_adslots_file: ./1646300245940.json
python alloc_fresh.py ../test1/bmspos_minfreq_0.02_maxcs_1_maxor_0.1/patterns.txt /home/preetham_sathineni/adslot/web_page_meta_dict_adslots_3_dataset_bmspostxt.pkl /home/preetham_sathineni/adslot/web_page_freq_sorted_adslots_3_dataset_bmspostxt.pkl 3861,3871,4538,6251,1438,3138,2343,3040,5014,6438,3438,4179,2675,5576,4450,2500,6084,2976,2251,1805,4971,4580,5694,5049,2660,2194,5760,6775,5502,3308,2957,5932,3742,5819,1254,5221,6795,3217,6748,2572,1764,3609,2807,6082,2708,1743,6223,1319,1223,5956,1794,2228,1933,1121,5454,1275,1784,6885,5265,3903,4768,6127,4974,6483,4353,6342,2696,3384,5876,3849,6509,2324,1141,3585,5864,6959,6185,6530,3717,2927,4769,4839,3669,2672,4208,6792,6184,6410,2797,6718,1783,1905,3168,1871,1332,2660,2690,6870,2372,4202,4211,2461,6771,2681,6431,2328,1743,5593,5145,2492,5862,1783,6367,6531,1768,1299,1501,5958,3762,5236,5115,1862,2561,6699,2639,1808,6179,4029,4427,2453,1938,1784,3403,6305,4897,5079,6947,2287,1940,2512,4050,6322,2673,4950,1827,5057,4264,5853,5468,2462,3163,2235,1662,2859,3733,5973,4122,3655,6066,5564,6772,5617,1269,3477,1172,6953,4115,4362,4275,6810,2281,3208,3743,4378,1020,2995,4588,3896,3779,3948,3457,3262,2308,1333,6643,3556,3249,6170,6138,6393,3430,1763,5998,4966,6013,4992,2169,6300,1509,1366,1367,5990,6375,6740,2012,5044,5646,5714,3008,5177,1366,2768,2407,5194,1077,4492,5509,2399,6051,5849,3582,4975,6122,4831,1135,1148,6398,1974,2897,2447,3205,3040,4133,3972,3011,4560,6420,6047,2726,1833,4191,3546,1850,4430,6704,2569,6282,4177,2909,4718,4341,1263,6233,4540,1160,4170,3199,6525,6970,2084,4184,5866,1589,4740,6217,3097,2617,2269,2957,4453,6621,6853,3284,6681,5291,6795,4654,4734,1171,2702 /tmp/1646300245944.txt 2 ./1646300245940.json ./1646300245935.json
AD REPEATABILITY OF OUR NEW METHOD : 280
0.23055

ALLOCATING WITH OUR OLD METHOD: 280
python alloc_fresh.py ../test1/bmspos_minfreq_0.02_maxcs_1_maxor_0.1/patterns.txt /home/preetham_sathineni/adslot/web_page_meta_dict_adslots_1_dataset_bmspostxt.pkl /home/preetham_sathineni/adslot/web_page_freq_sorted_adslots_1_dataset_bmspostxt.pkl 3861,3871,4538,6251,1438,3138,2343,3040,5014,6438,3438,4179,2675,5576,4450,2500,6084,2976,2251,1805,4971,4580,5694,5049,2660,2194,5760,6775,5502,3308,2957,5932,3742,5819,1254,5221,6795,3217,6748,2572,1764,3609,2807,6082,2708,1743,6223,1319,1223,5956,1794,2228,1933,1121,5454,1275,1784,6885,5265,3903,4768,6127,4974,6483,4353,6342,2696,3384,5876,3849,6509,2324,1141,3585,5864,6959,6185,6530,3717,2927,4769,4839,3669,2672,4208,6792,6184,6410,2797,6718,1783,1905,3168,1871,1332,2660,2690,6870,2372,4202,4211,2461,6771,2681,6431,2328,1743,5593,5145,2492,5862,1783,6367,6531,1768,1299,1501,5958,3762,5236,5115,1862,2561,6699,2639,1808,6179,4029,4427,2453,1938,1784,3403,6305,4897,5079,6947,2287,1940,2512,4050,6322,2673,4950,1827,5057,4264,5853,5468,2462,3163,2235,1662,2859,3733,5973,4122,3655,6066,5564,6772,5617,1269,3477,1172,6953,4115,4362,4275,6810,2281,3208,3743,4378,1020,2995,4588,3896,3779,3948,3457,3262,2308,1333,6643,3556,3249,6170,6138,6393,3430,1763,5998,4966,6013,4992,2169,6300,1509,1366,1367,5990,6375,6740,2012,5044,5646,5714,3008,5177,1366,2768,2407,5194,1077,4492,5509,2399,6051,5849,3582,4975,6122,4831,1135,1148,6398,1974,2897,2447,3205,3040,4133,3972,3011,4560,6420,6047,2726,1833,4191,3546,1850,4430,6704,2569,6282,4177,2909,4718,4341,1263,6233,4540,1160,4170,3199,6525,6970,2084,4184,5866,1589,4740,6217,3097,2617,2269,2957,4453,6621,6853,3284,6681,5291,6795,4654,4734,1171,2702 /tmp/1646300250044.txt 2 ./1646300245940.json ./1646300245935.json
AD REPEATABILITY OF ONE-SLOT METHOD : 280
0.23021

[One slot] ALLOCATING WITH RANDOM METHOD: 280
0.37356

[Multi slots] ALLOCATING WITH RANDOM METHOD: 280
AD REPEATABILITY OF RANDOM METHOD: 280
0.85441

allocated
{'VFS_one_method': [0], 'VFS_multi_method': [0], 'new_method': [280], 'oneslot_method': [81]}
adrepp
{'VFS_one_method': ['0.37356'], 'VFS_multi_method': ['0.85441'], 'new_method': ['0.23055'], 'oneslot_method': ['0.23021']}
revenue
{'VFS_one_method': [], 'VFS_multi_method': [], 'new_method': [], 'oneslot_method': []}
got patterns
sorted patterns
started allocation
Allocation accuracy: 300
total views sold: 1204186
Allocation accuracy new method: 300
0.0
got patterns
sorted patterns
started allocation
Allocation accuracy: 82
total views sold: 507808
Allocation accuracy new method: 82
('META_DATA_FILE_PATH', '/home/preetham_sathineni/adslot/web_page_meta_dict_adslots_1_dataset_bmspostxt.pkl')
/tmp/1646300262192.txt
Allocation accuracy: 64
total views sold: 411384
('META_DATA_FILE_PATH', '/home/preetham_sathineni/adslot/web_page_meta_dict_adslots_3_dataset_bmspostxt.pkl')
/tmp/1646300263318.txt
Allocation accuracy: 274
total views sold: 1170486
###############     ARGUMENTS     ############
['plot_results.py', '../test1/bmspos_minfreq_0.02_maxcs_1_maxor_0.1/patterns.txt', '../CMineMR-Mapreduce-algorithm-to-extract-coverage-patterns-master/dataset/bmspos.txt', '300', '4000', '3000', '3']
##############################################
web_page_to_adv_json_file : ./1646300255458.json
allocated_adslots_file: ./1646300255463.json
python alloc_fresh.py ../test1/bmspos_minfreq_0.02_maxcs_1_maxor_0.1/patterns.txt /home/preetham_sathineni/adslot/web_page_meta_dict_adslots_3_dataset_bmspostxt.pkl /home/preetham_sathineni/adslot/web_page_freq_sorted_adslots_3_dataset_bmspostxt.pkl 1694,4892,3659,1931,3332,1085,2320,6277,1772,1589,6088,1712,5951,3021,2654,5855,2627,6689,1911,1591,2863,6596,4883,2766,6851,3839,4041,5707,2496,3929,6887,3740,3636,1657,2209,3870,5566,2209,1503,5029,6640,2180,1839,5023,4888,3583,3987,5531,4174,6350,4171,4302,6909,5116,4506,2772,4297,2780,5302,2959,5569,3491,2608,3944,2225,4682,5649,4174,2441,2126,6244,6665,1060,4821,5515,5439,5454,3778,5680,6800,6954,4939,1393,6711,5054,5888,3206,4394,6463,6978,2560,6871,5183,6639,1676,1208,2531,5830,3432,6291,2369,6311,6133,4160,3081,3632,5887,4403,2794,3297,3747,4863,2620,6155,1840,1749,1996,4834,1857,1193,2493,5950,5259,4853,6900,3741,5250,3464,3427,4013,2089,5271,1220,5521,1627,1235,5893,6751,1910,3698,3763,6452,6899,3340,3411,1569,6323,3053,5327,5010,1367,2563,1009,6828,2805,2550,3820,5664,6659,3797,4944,6856,6655,5442,5315,4159,6837,3974,3770,3278,6677,1980,2422,5916,1551,2984,1660,1383,5419,4567,1968,3664,1268,3148,1633,6012,6179,3116,5930,5738,3790,2379,6478,4420,1220,3926,1590,1362,3875,2294,1241,3024,4131,2936,1102,5328,2479,2364,3703,4086,4366,2976,2072,4522,3148,1242,2100,3902,1381,5995,6234,3938,2634,5952,4636,5984,3607,6497,3547,1478,4992,2194,1950,5545,3411,5320,6845,3013,1360,6960,6526,1322,4074,3326,5319,6847,6095,3935,6945,4691,5766,4487,4369,1750,5541,4540,1960,6317,2952,2700,1809,4814,5601,2005,4647,1277,3742,3422,1085,2913,4954,1853,4964,6122,2343,4823,1950,2980,5449,1668,4471,1845,6121,2753,6497,4042,4844,4067,2650,3957,6761,2417,5578,6358,5320,5565,4082,6454,4464,1586 /tmp/1646300255468.txt 2 ./1646300255463.json ./1646300255458.json
AD REPEATABILITY OF OUR NEW METHOD : 300
0.26383

ALLOCATING WITH OUR OLD METHOD: 300
python alloc_fresh.py ../test1/bmspos_minfreq_0.02_maxcs_1_maxor_0.1/patterns.txt /home/preetham_sathineni/adslot/web_page_meta_dict_adslots_1_dataset_bmspostxt.pkl /home/preetham_sathineni/adslot/web_page_freq_sorted_adslots_1_dataset_bmspostxt.pkl 1694,4892,3659,1931,3332,1085,2320,6277,1772,1589,6088,1712,5951,3021,2654,5855,2627,6689,1911,1591,2863,6596,4883,2766,6851,3839,4041,5707,2496,3929,6887,3740,3636,1657,2209,3870,5566,2209,1503,5029,6640,2180,1839,5023,4888,3583,3987,5531,4174,6350,4171,4302,6909,5116,4506,2772,4297,2780,5302,2959,5569,3491,2608,3944,2225,4682,5649,4174,2441,2126,6244,6665,1060,4821,5515,5439,5454,3778,5680,6800,6954,4939,1393,6711,5054,5888,3206,4394,6463,6978,2560,6871,5183,6639,1676,1208,2531,5830,3432,6291,2369,6311,6133,4160,3081,3632,5887,4403,2794,3297,3747,4863,2620,6155,1840,1749,1996,4834,1857,1193,2493,5950,5259,4853,6900,3741,5250,3464,3427,4013,2089,5271,1220,5521,1627,1235,5893,6751,1910,3698,3763,6452,6899,3340,3411,1569,6323,3053,5327,5010,1367,2563,1009,6828,2805,2550,3820,5664,6659,3797,4944,6856,6655,5442,5315,4159,6837,3974,3770,3278,6677,1980,2422,5916,1551,2984,1660,1383,5419,4567,1968,3664,1268,3148,1633,6012,6179,3116,5930,5738,3790,2379,6478,4420,1220,3926,1590,1362,3875,2294,1241,3024,4131,2936,1102,5328,2479,2364,3703,4086,4366,2976,2072,4522,3148,1242,2100,3902,1381,5995,6234,3938,2634,5952,4636,5984,3607,6497,3547,1478,4992,2194,1950,5545,3411,5320,6845,3013,1360,6960,6526,1322,4074,3326,5319,6847,6095,3935,6945,4691,5766,4487,4369,1750,5541,4540,1960,6317,2952,2700,1809,4814,5601,2005,4647,1277,3742,3422,1085,2913,4954,1853,4964,6122,2343,4823,1950,2980,5449,1668,4471,1845,6121,2753,6497,4042,4844,4067,2650,3957,6761,2417,5578,6358,5320,5565,4082,6454,4464,1586 /tmp/1646300260063.txt 2 ./1646300255463.json ./1646300255458.json
AD REPEATABILITY OF ONE-SLOT METHOD : 300
0.22321

[One slot] ALLOCATING WITH RANDOM METHOD: 300
0.4057

[Multi slots] ALLOCATING WITH RANDOM METHOD: 300
AD REPEATABILITY OF RANDOM METHOD: 300
0.84562

allocated
{'VFS_one_method': [0], 'VFS_multi_method': [0], 'new_method': [300], 'oneslot_method': [82]}
adrepp
{'VFS_one_method': ['0.4057'], 'VFS_multi_method': ['0.84562'], 'new_method': ['0.26383'], 'oneslot_method': ['0.22321']}
revenue
{'VFS_one_method': [], 'VFS_multi_method': [], 'new_method': [], 'oneslot_method': []}
