got patterns
sorted patterns
started allocation
Allocation accuracy: 20
total views sold: 83378
Allocation accuracy new method: 20
0.0
got patterns
sorted patterns
started allocation
Allocation accuracy: 20
total views sold: 83378
Allocation accuracy new method: 20
('META_DATA_FILE_PATH', '/home/preetham_sathineni/adslot/web_page_meta_dict_adslots_1_dataset_bmspostxt.pkl')
/tmp/1646300159335.txt
Allocation accuracy: 20
total views sold: 83378
('META_DATA_FILE_PATH', '/home/preetham_sathineni/adslot/web_page_meta_dict_adslots_1_2_3_dataset_bmspostxt.pkl')
/tmp/1646300159816.txt
Allocation accuracy: 20
total views sold: 83378
###############     ARGUMENTS     ############
['plot_results.py', '../test1/bmspos_minfreq_0.02_maxcs_1_maxor_0.1/patterns.txt', '../CMineMR-Mapreduce-algorithm-to-extract-coverage-patterns-master/dataset/bmspos.txt', '20', '4000', '3000', '1_2_3']
##############################################
web_page_to_adv_json_file : ./1646300157191.json
allocated_adslots_file: ./1646300157197.json
python alloc_fresh.py ../test1/bmspos_minfreq_0.02_maxcs_1_maxor_0.1/patterns.txt /home/preetham_sathineni/adslot/web_page_meta_dict_adslots_1_2_3_dataset_bmspostxt.pkl /home/preetham_sathineni/adslot/web_page_freq_sorted_adslots_1_2_3_dataset_bmspostxt.pkl 6256,3276,1057,6962,5915,2225,5952,2388,4497,6812,2831,5516,2733,5183,1718,6282,1304,4359,3785,4327 /tmp/1646300157200.txt 2 ./1646300157197.json ./1646300157191.json
AD REPEATABILITY OF OUR NEW METHOD : 20
0.0

ALLOCATING WITH OUR OLD METHOD: 20
python alloc_fresh.py ../test1/bmspos_minfreq_0.02_maxcs_1_maxor_0.1/patterns.txt /home/preetham_sathineni/adslot/web_page_meta_dict_adslots_1_dataset_bmspostxt.pkl /home/preetham_sathineni/adslot/web_page_freq_sorted_adslots_1_dataset_bmspostxt.pkl 6256,3276,1057,6962,5915,2225,5952,2388,4497,6812,2831,5516,2733,5183,1718,6282,1304,4359,3785,4327 /tmp/1646300158536.txt 2 ./1646300157197.json ./1646300157191.json
AD REPEATABILITY OF ONE-SLOT METHOD : 20
0.0

[One slot] ALLOCATING WITH RANDOM METHOD: 20
0.06927

[Multi slots] ALLOCATING WITH RANDOM METHOD: 20
AD REPEATABILITY OF RANDOM METHOD: 20
0.04802

allocated
{'VFS_one_method': [0], 'VFS_multi_method': [0], 'new_method': [20], 'oneslot_method': [20]}
adrepp
{'VFS_one_method': ['0.06927'], 'VFS_multi_method': ['0.04802'], 'new_method': ['0.0'], 'oneslot_method': ['0.0']}
revenue
{'VFS_one_method': [], 'VFS_multi_method': [], 'new_method': [], 'oneslot_method': []}
got patterns
sorted patterns
started allocation
Allocation accuracy: 40
total views sold: 153392
Allocation accuracy new method: 40
0.0
got patterns
sorted patterns
started allocation
Allocation accuracy: 40
total views sold: 153392
Allocation accuracy new method: 40
('META_DATA_FILE_PATH', '/home/preetham_sathineni/adslot/web_page_meta_dict_adslots_1_dataset_bmspostxt.pkl')
/tmp/1646300162865.txt
Allocation accuracy: 40
total views sold: 153392
('META_DATA_FILE_PATH', '/home/preetham_sathineni/adslot/web_page_meta_dict_adslots_1_2_3_dataset_bmspostxt.pkl')
/tmp/1646300163448.txt
Allocation accuracy: 40
total views sold: 153392
###############     ARGUMENTS     ############
['plot_results.py', '../test1/bmspos_minfreq_0.02_maxcs_1_maxor_0.1/patterns.txt', '../CMineMR-Mapreduce-algorithm-to-extract-coverage-patterns-master/dataset/bmspos.txt', '40', '4000', '3000', '1_2_3']
##############################################
web_page_to_adv_json_file : ./1646300160621.json
allocated_adslots_file: ./1646300160625.json
python alloc_fresh.py ../test1/bmspos_minfreq_0.02_maxcs_1_maxor_0.1/patterns.txt /home/preetham_sathineni/adslot/web_page_meta_dict_adslots_1_2_3_dataset_bmspostxt.pkl /home/preetham_sathineni/adslot/web_page_freq_sorted_adslots_1_2_3_dataset_bmspostxt.pkl 4265,2291,5991,5901,3502,4498,1966,2512,3542,1467,2638,3130,1079,3172,6395,5903,6355,5173,6175,3186,5306,2874,4751,2276,6277,3681,5406,4869,6000,1863,5698,2553,5031,3073,1776,1298,2106,1847,4871,2695 /tmp/1646300160629.txt 2 ./1646300160625.json ./1646300160621.json
AD REPEATABILITY OF OUR NEW METHOD : 40
0.0

ALLOCATING WITH OUR OLD METHOD: 40
python alloc_fresh.py ../test1/bmspos_minfreq_0.02_maxcs_1_maxor_0.1/patterns.txt /home/preetham_sathineni/adslot/web_page_meta_dict_adslots_1_dataset_bmspostxt.pkl /home/preetham_sathineni/adslot/web_page_freq_sorted_adslots_1_dataset_bmspostxt.pkl 4265,2291,5991,5901,3502,4498,1966,2512,3542,1467,2638,3130,1079,3172,6395,5903,6355,5173,6175,3186,5306,2874,4751,2276,6277,3681,5406,4869,6000,1863,5698,2553,5031,3073,1776,1298,2106,1847,4871,2695 /tmp/1646300162056.txt 2 ./1646300160625.json ./1646300160621.json
AD REPEATABILITY OF ONE-SLOT METHOD : 40
0.0

[One slot] ALLOCATING WITH RANDOM METHOD: 40
0.11453

[Multi slots] ALLOCATING WITH RANDOM METHOD: 40
AD REPEATABILITY OF RANDOM METHOD: 40
0.09194

allocated
{'VFS_one_method': [0], 'VFS_multi_method': [0], 'new_method': [40], 'oneslot_method': [40]}
adrepp
{'VFS_one_method': ['0.11453'], 'VFS_multi_method': ['0.09194'], 'new_method': ['0.0'], 'oneslot_method': ['0.0']}
revenue
{'VFS_one_method': [], 'VFS_multi_method': [], 'new_method': [], 'oneslot_method': []}
got patterns
sorted patterns
started allocation
Allocation accuracy: 60
total views sold: 253957
Allocation accuracy new method: 60
0.0
got patterns
sorted patterns
started allocation
Allocation accuracy: 60
total views sold: 253957
Allocation accuracy new method: 60
('META_DATA_FILE_PATH', '/home/preetham_sathineni/adslot/web_page_meta_dict_adslots_1_dataset_bmspostxt.pkl')
/tmp/1646300167222.txt
Allocation accuracy: 60
total views sold: 253957
('META_DATA_FILE_PATH', '/home/preetham_sathineni/adslot/web_page_meta_dict_adslots_1_2_3_dataset_bmspostxt.pkl')
/tmp/1646300167995.txt
Allocation accuracy: 60
total views sold: 253957
###############     ARGUMENTS     ############
['plot_results.py', '../test1/bmspos_minfreq_0.02_maxcs_1_maxor_0.1/patterns.txt', '../CMineMR-Mapreduce-algorithm-to-extract-coverage-patterns-master/dataset/bmspos.txt', '60', '4000', '3000', '1_2_3']
##############################################
web_page_to_adv_json_file : ./1646300164431.json
allocated_adslots_file: ./1646300164435.json
python alloc_fresh.py ../test1/bmspos_minfreq_0.02_maxcs_1_maxor_0.1/patterns.txt /home/preetham_sathineni/adslot/web_page_meta_dict_adslots_1_2_3_dataset_bmspostxt.pkl /home/preetham_sathineni/adslot/web_page_freq_sorted_adslots_1_2_3_dataset_bmspostxt.pkl 1584,3541,4801,5949,5231,3144,6581,1963,4911,3292,2649,4896,5174,3987,4595,6813,3576,6029,6147,4062,3846,1105,1011,3809,4010,6167,4617,2564,2827,3574,5010,4080,5033,1929,2640,4309,4608,6763,4927,2035,5081,5245,3521,6901,1845,6656,6644,6104,5941,4257,3897,6500,4072,2691,3842,4143,1031,5008,3244,3545 /tmp/1646300164439.txt 2 ./1646300164435.json ./1646300164431.json
AD REPEATABILITY OF OUR NEW METHOD : 60
0.0

ALLOCATING WITH OUR OLD METHOD: 60
python alloc_fresh.py ../test1/bmspos_minfreq_0.02_maxcs_1_maxor_0.1/patterns.txt /home/preetham_sathineni/adslot/web_page_meta_dict_adslots_1_dataset_bmspostxt.pkl /home/preetham_sathineni/adslot/web_page_freq_sorted_adslots_1_dataset_bmspostxt.pkl 1584,3541,4801,5949,5231,3144,6581,1963,4911,3292,2649,4896,5174,3987,4595,6813,3576,6029,6147,4062,3846,1105,1011,3809,4010,6167,4617,2564,2827,3574,5010,4080,5033,1929,2640,4309,4608,6763,4927,2035,5081,5245,3521,6901,1845,6656,6644,6104,5941,4257,3897,6500,4072,2691,3842,4143,1031,5008,3244,3545 /tmp/1646300166010.txt 2 ./1646300164435.json ./1646300164431.json
AD REPEATABILITY OF ONE-SLOT METHOD : 60
0.00483

[One slot] ALLOCATING WITH RANDOM METHOD: 60
0.21927

[Multi slots] ALLOCATING WITH RANDOM METHOD: 60
AD REPEATABILITY OF RANDOM METHOD: 60
0.24412

allocated
{'VFS_one_method': [0], 'VFS_multi_method': [0], 'new_method': [60], 'oneslot_method': [60]}
adrepp
{'VFS_one_method': ['0.21927'], 'VFS_multi_method': ['0.24412'], 'new_method': ['0.0'], 'oneslot_method': ['0.00483']}
revenue
{'VFS_one_method': [], 'VFS_multi_method': [], 'new_method': [], 'oneslot_method': []}
got patterns
sorted patterns
started allocation
Allocation accuracy: 80
total views sold: 326561
Allocation accuracy new method: 80
0.0
got patterns
sorted patterns
started allocation
Allocation accuracy: 80
total views sold: 326561
Allocation accuracy new method: 80
('META_DATA_FILE_PATH', '/home/preetham_sathineni/adslot/web_page_meta_dict_adslots_1_dataset_bmspostxt.pkl')
/tmp/1646300172402.txt
Allocation accuracy: 80
total views sold: 326561
('META_DATA_FILE_PATH', '/home/preetham_sathineni/adslot/web_page_meta_dict_adslots_1_2_3_dataset_bmspostxt.pkl')
/tmp/1646300173270.txt
Allocation accuracy: 80
total views sold: 326561
###############     ARGUMENTS     ############
['plot_results.py', '../test1/bmspos_minfreq_0.02_maxcs_1_maxor_0.1/patterns.txt', '../CMineMR-Mapreduce-algorithm-to-extract-coverage-patterns-master/dataset/bmspos.txt', '80', '4000', '3000', '1_2_3']
##############################################
web_page_to_adv_json_file : ./1646300169004.json
allocated_adslots_file: ./1646300169008.json
python alloc_fresh.py ../test1/bmspos_minfreq_0.02_maxcs_1_maxor_0.1/patterns.txt /home/preetham_sathineni/adslot/web_page_meta_dict_adslots_1_2_3_dataset_bmspostxt.pkl /home/preetham_sathineni/adslot/web_page_freq_sorted_adslots_1_2_3_dataset_bmspostxt.pkl 2223,5565,6385,2940,4682,5200,3604,5776,1877,6792,5111,3407,1483,6266,5701,1679,3882,4687,4579,6145,2192,5187,3326,4597,5420,1864,5063,6760,5112,3900,1619,2407,4531,4072,3033,1068,1871,4331,2352,1303,1210,6711,5849,3875,4424,4852,1380,6897,6591,1012,4028,1424,4162,2414,5685,1572,5151,1184,4866,5242,3569,6321,4279,4315,6897,1973,5382,6853,6422,4171,2774,6269,3365,1891,5252,1955,4131,2959,6915,4347 /tmp/1646300169012.txt 2 ./1646300169008.json ./1646300169004.json
AD REPEATABILITY OF OUR NEW METHOD : 80
0.0

ALLOCATING WITH OUR OLD METHOD: 80
python alloc_fresh.py ../test1/bmspos_minfreq_0.02_maxcs_1_maxor_0.1/patterns.txt /home/preetham_sathineni/adslot/web_page_meta_dict_adslots_1_dataset_bmspostxt.pkl /home/preetham_sathineni/adslot/web_page_freq_sorted_adslots_1_dataset_bmspostxt.pkl 2223,5565,6385,2940,4682,5200,3604,5776,1877,6792,5111,3407,1483,6266,5701,1679,3882,4687,4579,6145,2192,5187,3326,4597,5420,1864,5063,6760,5112,3900,1619,2407,4531,4072,3033,1068,1871,4331,2352,1303,1210,6711,5849,3875,4424,4852,1380,6897,6591,1012,4028,1424,4162,2414,5685,1572,5151,1184,4866,5242,3569,6321,4279,4315,6897,1973,5382,6853,6422,4171,2774,6269,3365,1891,5252,1955,4131,2959,6915,4347 /tmp/1646300171125.txt 2 ./1646300169008.json ./1646300169004.json
AD REPEATABILITY OF ONE-SLOT METHOD : 80
0.02479

[One slot] ALLOCATING WITH RANDOM METHOD: 80
0.25717

[Multi slots] ALLOCATING WITH RANDOM METHOD: 80
AD REPEATABILITY OF RANDOM METHOD: 80
0.22674

allocated
{'VFS_one_method': [0], 'VFS_multi_method': [0], 'new_method': [80], 'oneslot_method': [80]}
adrepp
{'VFS_one_method': ['0.25717'], 'VFS_multi_method': ['0.22674'], 'new_method': ['0.0'], 'oneslot_method': ['0.02479']}
revenue
{'VFS_one_method': [], 'VFS_multi_method': [], 'new_method': [], 'oneslot_method': []}
got patterns
sorted patterns
started allocation
Allocation accuracy: 100
total views sold: 389332
Allocation accuracy new method: 100
0.0
got patterns
sorted patterns
started allocation
Allocation accuracy: 100
total views sold: 389332
Allocation accuracy new method: 100
('META_DATA_FILE_PATH', '/home/preetham_sathineni/adslot/web_page_meta_dict_adslots_1_dataset_bmspostxt.pkl')
/tmp/1646300178181.txt
Allocation accuracy: 95
total views sold: 383372
('META_DATA_FILE_PATH', '/home/preetham_sathineni/adslot/web_page_meta_dict_adslots_1_2_3_dataset_bmspostxt.pkl')
/tmp/1646300179172.txt
Allocation accuracy: 100
total views sold: 389332
###############     ARGUMENTS     ############
['plot_results.py', '../test1/bmspos_minfreq_0.02_maxcs_1_maxor_0.1/patterns.txt', '../CMineMR-Mapreduce-algorithm-to-extract-coverage-patterns-master/dataset/bmspos.txt', '100', '4000', '3000', '1_2_3']
##############################################
web_page_to_adv_json_file : ./1646300174482.json
allocated_adslots_file: ./1646300174486.json
python alloc_fresh.py ../test1/bmspos_minfreq_0.02_maxcs_1_maxor_0.1/patterns.txt /home/preetham_sathineni/adslot/web_page_meta_dict_adslots_1_2_3_dataset_bmspostxt.pkl /home/preetham_sathineni/adslot/web_page_freq_sorted_adslots_1_2_3_dataset_bmspostxt.pkl 5832,3346,1251,2718,2323,3680,5030,2040,3918,1616,3338,1136,2975,2226,3459,1190,6479,6739,2793,1381,6502,1643,3908,2649,4600,5119,1621,2046,4347,6142,2235,4535,3245,3173,1012,6756,4328,5379,6391,1399,1796,4620,3306,6702,3436,6192,1624,5870,5760,3156,2385,5039,3488,6782,1371,4496,6800,4847,1379,5383,1843,4178,6991,3509,4966,5594,2332,1719,2211,3178,3754,6287,4379,4828,4353,6642,5478,2310,1676,2961,6103,6742,1602,4983,5493,1911,2880,3568,5798,4640,2485,4744,2740,6201,2870,2448,4594,6510,2682,6217 /tmp/1646300174490.txt 2 ./1646300174486.json ./1646300174482.json
AD REPEATABILITY OF OUR NEW METHOD : 100
0.0

ALLOCATING WITH OUR OLD METHOD: 100
python alloc_fresh.py ../test1/bmspos_minfreq_0.02_maxcs_1_maxor_0.1/patterns.txt /home/preetham_sathineni/adslot/web_page_meta_dict_adslots_1_dataset_bmspostxt.pkl /home/preetham_sathineni/adslot/web_page_freq_sorted_adslots_1_dataset_bmspostxt.pkl 5832,3346,1251,2718,2323,3680,5030,2040,3918,1616,3338,1136,2975,2226,3459,1190,6479,6739,2793,1381,6502,1643,3908,2649,4600,5119,1621,2046,4347,6142,2235,4535,3245,3173,1012,6756,4328,5379,6391,1399,1796,4620,3306,6702,3436,6192,1624,5870,5760,3156,2385,5039,3488,6782,1371,4496,6800,4847,1379,5383,1843,4178,6991,3509,4966,5594,2332,1719,2211,3178,3754,6287,4379,4828,4353,6642,5478,2310,1676,2961,6103,6742,1602,4983,5493,1911,2880,3568,5798,4640,2485,4744,2740,6201,2870,2448,4594,6510,2682,6217 /tmp/1646300176823.txt 2 ./1646300174486.json ./1646300174482.json
AD REPEATABILITY OF ONE-SLOT METHOD : 100
0.05927

[One slot] ALLOCATING WITH RANDOM METHOD: 100
0.23025

[Multi slots] ALLOCATING WITH RANDOM METHOD: 100
AD REPEATABILITY OF RANDOM METHOD: 100
0.2839

allocated
{'VFS_one_method': [0], 'VFS_multi_method': [0], 'new_method': [100], 'oneslot_method': [100]}
adrepp
{'VFS_one_method': ['0.23025'], 'VFS_multi_method': ['0.2839'], 'new_method': ['0.0'], 'oneslot_method': ['0.05927']}
revenue
{'VFS_one_method': [], 'VFS_multi_method': [], 'new_method': [], 'oneslot_method': []}
got patterns
sorted patterns
started allocation
Allocation accuracy: 120
total views sold: 489691
Allocation accuracy new method: 120
0.0
got patterns
sorted patterns
started allocation
Allocation accuracy: 120
total views sold: 489691
Allocation accuracy new method: 120
('META_DATA_FILE_PATH', '/home/preetham_sathineni/adslot/web_page_meta_dict_adslots_1_dataset_bmspostxt.pkl')
/tmp/1646300184520.txt
Allocation accuracy: 78
total views sold: 398323
('META_DATA_FILE_PATH', '/home/preetham_sathineni/adslot/web_page_meta_dict_adslots_1_2_3_dataset_bmspostxt.pkl')
/tmp/1646300185485.txt
Allocation accuracy: 120
total views sold: 489691
###############     ARGUMENTS     ############
['plot_results.py', '../test1/bmspos_minfreq_0.02_maxcs_1_maxor_0.1/patterns.txt', '../CMineMR-Mapreduce-algorithm-to-extract-coverage-patterns-master/dataset/bmspos.txt', '120', '4000', '3000', '1_2_3']
##############################################
web_page_to_adv_json_file : ./1646300180373.json
allocated_adslots_file: ./1646300180377.json
python alloc_fresh.py ../test1/bmspos_minfreq_0.02_maxcs_1_maxor_0.1/patterns.txt /home/preetham_sathineni/adslot/web_page_meta_dict_adslots_1_2_3_dataset_bmspostxt.pkl /home/preetham_sathineni/adslot/web_page_freq_sorted_adslots_1_2_3_dataset_bmspostxt.pkl 6058,4742,2981,3815,3610,6068,5637,5470,2436,4116,5937,2612,5606,3884,6423,1661,5233,2417,2962,3915,1033,3924,6082,4098,4212,2827,2760,2172,3791,3869,3723,3228,4789,6880,1831,4724,2113,3541,6917,1730,5285,4197,1214,6903,2706,2879,1075,5206,2897,1490,6630,4684,2368,4083,1135,2079,4788,3216,4207,5682,1061,5091,6383,2123,4854,1070,6783,1794,2200,3037,1452,2764,3398,5898,4341,6584,6357,6876,6421,6464,6157,4111,4579,4251,5730,1859,4183,6830,4233,5015,5243,3397,4391,6714,6663,5138,4282,2961,5987,4889,4332,1180,1700,4593,6110,2566,3904,2760,1095,4026,3835,3759,3512,3178,6010,6977,2311,4552,6741,2435 /tmp/1646300180381.txt 2 ./1646300180377.json ./1646300180373.json
AD REPEATABILITY OF OUR NEW METHOD : 120
0.01438

ALLOCATING WITH OUR OLD METHOD: 120
python alloc_fresh.py ../test1/bmspos_minfreq_0.02_maxcs_1_maxor_0.1/patterns.txt /home/preetham_sathineni/adslot/web_page_meta_dict_adslots_1_dataset_bmspostxt.pkl /home/preetham_sathineni/adslot/web_page_freq_sorted_adslots_1_dataset_bmspostxt.pkl 6058,4742,2981,3815,3610,6068,5637,5470,2436,4116,5937,2612,5606,3884,6423,1661,5233,2417,2962,3915,1033,3924,6082,4098,4212,2827,2760,2172,3791,3869,3723,3228,4789,6880,1831,4724,2113,3541,6917,1730,5285,4197,1214,6903,2706,2879,1075,5206,2897,1490,6630,4684,2368,4083,1135,2079,4788,3216,4207,5682,1061,5091,6383,2123,4854,1070,6783,1794,2200,3037,1452,2764,3398,5898,4341,6584,6357,6876,6421,6464,6157,4111,4579,4251,5730,1859,4183,6830,4233,5015,5243,3397,4391,6714,6663,5138,4282,2961,5987,4889,4332,1180,1700,4593,6110,2566,3904,2760,1095,4026,3835,3759,3512,3178,6010,6977,2311,4552,6741,2435 /tmp/1646300182707.txt 2 ./1646300180377.json ./1646300180373.json
AD REPEATABILITY OF ONE-SLOT METHOD : 120
0.11743

[One slot] ALLOCATING WITH RANDOM METHOD: 120
0.35594

[Multi slots] ALLOCATING WITH RANDOM METHOD: 120
AD REPEATABILITY OF RANDOM METHOD: 120
0.38367

allocated
{'VFS_one_method': [0], 'VFS_multi_method': [0], 'new_method': [120], 'oneslot_method': [120]}
adrepp
{'VFS_one_method': ['0.35594'], 'VFS_multi_method': ['0.38367'], 'new_method': ['0.01438'], 'oneslot_method': ['0.11743']}
revenue
{'VFS_one_method': [], 'VFS_multi_method': [], 'new_method': [], 'oneslot_method': []}
got patterns
sorted patterns
started allocation
Allocation accuracy: 140
total views sold: 560938
Allocation accuracy new method: 140
0.0
got patterns
sorted patterns
started allocation
Allocation accuracy: 102
total views sold: 494500
Allocation accuracy new method: 102
('META_DATA_FILE_PATH', '/home/preetham_sathineni/adslot/web_page_meta_dict_adslots_1_dataset_bmspostxt.pkl')
/tmp/1646300190895.txt
Allocation accuracy: 76
total views sold: 410253
('META_DATA_FILE_PATH', '/home/preetham_sathineni/adslot/web_page_meta_dict_adslots_1_2_3_dataset_bmspostxt.pkl')
/tmp/1646300191880.txt
Allocation accuracy: 140
total views sold: 560938
###############     ARGUMENTS     ############
['plot_results.py', '../test1/bmspos_minfreq_0.02_maxcs_1_maxor_0.1/patterns.txt', '../CMineMR-Mapreduce-algorithm-to-extract-coverage-patterns-master/dataset/bmspos.txt', '140', '4000', '3000', '1_2_3']
##############################################
web_page_to_adv_json_file : ./1646300186953.json
allocated_adslots_file: ./1646300186958.json
python alloc_fresh.py ../test1/bmspos_minfreq_0.02_maxcs_1_maxor_0.1/patterns.txt /home/preetham_sathineni/adslot/web_page_meta_dict_adslots_1_2_3_dataset_bmspostxt.pkl /home/preetham_sathineni/adslot/web_page_freq_sorted_adslots_1_2_3_dataset_bmspostxt.pkl 2028,4850,6974,3555,4899,6524,5436,1288,1059,2959,1062,1788,3660,1661,4839,4730,2505,4758,4424,3205,5310,6159,3446,3522,1364,3158,5117,4441,6312,6026,4199,2682,5319,3366,3999,3219,3049,5802,1928,5190,1613,2841,5910,6216,4348,1579,1346,6401,3558,2773,6640,1273,6060,1995,6614,5459,5344,3572,1327,2318,1605,4880,1189,3437,2626,4193,1500,4786,6828,4083,6157,2975,6107,6621,5928,4857,5938,2671,4960,6780,6061,5886,4019,2405,2699,1170,4780,3747,5042,4427,6825,6415,6527,1051,4742,2622,6628,4127,1136,4144,4040,2723,1485,3938,1095,5429,4895,6261,3913,6177,4605,3597,3239,4277,1461,3981,1503,3197,1913,4938,4503,5801,2625,6419,4766,1829,5359,2109,3739,1376,6557,6845,1147,2781,3114,3132,3088,6382,6147,4979 /tmp/1646300186963.txt 2 ./1646300186958.json ./1646300186953.json
AD REPEATABILITY OF OUR NEW METHOD : 140
0.03836

ALLOCATING WITH OUR OLD METHOD: 140
python alloc_fresh.py ../test1/bmspos_minfreq_0.02_maxcs_1_maxor_0.1/patterns.txt /home/preetham_sathineni/adslot/web_page_meta_dict_adslots_1_dataset_bmspostxt.pkl /home/preetham_sathineni/adslot/web_page_freq_sorted_adslots_1_dataset_bmspostxt.pkl 2028,4850,6974,3555,4899,6524,5436,1288,1059,2959,1062,1788,3660,1661,4839,4730,2505,4758,4424,3205,5310,6159,3446,3522,1364,3158,5117,4441,6312,6026,4199,2682,5319,3366,3999,3219,3049,5802,1928,5190,1613,2841,5910,6216,4348,1579,1346,6401,3558,2773,6640,1273,6060,1995,6614,5459,5344,3572,1327,2318,1605,4880,1189,3437,2626,4193,1500,4786,6828,4083,6157,2975,6107,6621,5928,4857,5938,2671,4960,6780,6061,5886,4019,2405,2699,1170,4780,3747,5042,4427,6825,6415,6527,1051,4742,2622,6628,4127,1136,4144,4040,2723,1485,3938,1095,5429,4895,6261,3913,6177,4605,3597,3239,4277,1461,3981,1503,3197,1913,4938,4503,5801,2625,6419,4766,1829,5359,2109,3739,1376,6557,6845,1147,2781,3114,3132,3088,6382,6147,4979 /tmp/1646300189272.txt 2 ./1646300186958.json ./1646300186953.json
AD REPEATABILITY OF ONE-SLOT METHOD : 140
0.16148

[One slot] ALLOCATING WITH RANDOM METHOD: 140
0.31984

[Multi slots] ALLOCATING WITH RANDOM METHOD: 140
AD REPEATABILITY OF RANDOM METHOD: 140
0.46058

allocated
{'VFS_one_method': [0], 'VFS_multi_method': [0], 'new_method': [140], 'oneslot_method': [102]}
adrepp
{'VFS_one_method': ['0.31984'], 'VFS_multi_method': ['0.46058'], 'new_method': ['0.03836'], 'oneslot_method': ['0.16148']}
revenue
{'VFS_one_method': [], 'VFS_multi_method': [], 'new_method': [], 'oneslot_method': []}
got patterns
sorted patterns
started allocation
Allocation accuracy: 160
total views sold: 651886
Allocation accuracy new method: 160
0.0
got patterns
sorted patterns
started allocation
Allocation accuracy: 97
total views sold: 499737
Allocation accuracy new method: 97
('META_DATA_FILE_PATH', '/home/preetham_sathineni/adslot/web_page_meta_dict_adslots_1_dataset_bmspostxt.pkl')
/tmp/1646300197780.txt
Allocation accuracy: 75
total views sold: 415254
('META_DATA_FILE_PATH', '/home/preetham_sathineni/adslot/web_page_meta_dict_adslots_1_2_3_dataset_bmspostxt.pkl')
/tmp/1646300198755.txt
Allocation accuracy: 160
total views sold: 651886
###############     ARGUMENTS     ############
['plot_results.py', '../test1/bmspos_minfreq_0.02_maxcs_1_maxor_0.1/patterns.txt', '../CMineMR-Mapreduce-algorithm-to-extract-coverage-patterns-master/dataset/bmspos.txt', '160', '4000', '3000', '1_2_3']
##############################################
web_page_to_adv_json_file : ./1646300193471.json
allocated_adslots_file: ./1646300193475.json
python alloc_fresh.py ../test1/bmspos_minfreq_0.02_maxcs_1_maxor_0.1/patterns.txt /home/preetham_sathineni/adslot/web_page_meta_dict_adslots_1_2_3_dataset_bmspostxt.pkl /home/preetham_sathineni/adslot/web_page_freq_sorted_adslots_1_2_3_dataset_bmspostxt.pkl 3698,3036,4101,2424,5166,5990,2235,2265,5000,4218,2290,4961,1708,6641,3563,3718,5573,2682,6583,1212,5110,5651,4359,5430,2215,3085,6464,1257,4231,1146,3199,3829,3890,4595,4228,4194,3369,5286,6336,4227,2790,1574,3842,5966,1155,6042,4923,4120,2670,6498,4848,3031,3984,3285,1088,3726,6418,5659,5257,3877,6194,4611,3298,3816,2299,3310,3701,5490,2932,2137,6817,2601,4324,3254,6639,1799,6540,2719,2482,1513,3630,4682,6818,2556,3721,1600,2977,3800,2961,1608,6550,6914,5739,3182,4190,3622,3844,4377,3162,3046,6011,6483,4562,6274,1316,4804,6026,6156,2659,5296,4134,2101,2341,5161,2403,4694,6447,1337,4763,4777,5251,2343,3691,5872,4035,1693,6546,4709,3038,2793,2051,5868,4079,2836,5369,1697,6684,3951,4478,1263,1713,4320,3341,3945,1211,5519,3440,6681,1881,5785,6979,5747,5242,5082,1516,5212,5116,6082,5509,6200 /tmp/1646300193478.txt 2 ./1646300193475.json ./1646300193471.json
AD REPEATABILITY OF OUR NEW METHOD : 160
0.08239

ALLOCATING WITH OUR OLD METHOD: 160
python alloc_fresh.py ../test1/bmspos_minfreq_0.02_maxcs_1_maxor_0.1/patterns.txt /home/preetham_sathineni/adslot/web_page_meta_dict_adslots_1_dataset_bmspostxt.pkl /home/preetham_sathineni/adslot/web_page_freq_sorted_adslots_1_dataset_bmspostxt.pkl 3698,3036,4101,2424,5166,5990,2235,2265,5000,4218,2290,4961,1708,6641,3563,3718,5573,2682,6583,1212,5110,5651,4359,5430,2215,3085,6464,1257,4231,1146,3199,3829,3890,4595,4228,4194,3369,5286,6336,4227,2790,1574,3842,5966,1155,6042,4923,4120,2670,6498,4848,3031,3984,3285,1088,3726,6418,5659,5257,3877,6194,4611,3298,3816,2299,3310,3701,5490,2932,2137,6817,2601,4324,3254,6639,1799,6540,2719,2482,1513,3630,4682,6818,2556,3721,1600,2977,3800,2961,1608,6550,6914,5739,3182,4190,3622,3844,4377,3162,3046,6011,6483,4562,6274,1316,4804,6026,6156,2659,5296,4134,2101,2341,5161,2403,4694,6447,1337,4763,4777,5251,2343,3691,5872,4035,1693,6546,4709,3038,2793,2051,5868,4079,2836,5369,1697,6684,3951,4478,1263,1713,4320,3341,3945,1211,5519,3440,6681,1881,5785,6979,5747,5242,5082,1516,5212,5116,6082,5509,6200 /tmp/1646300196076.txt 2 ./1646300193475.json ./1646300193471.json
AD REPEATABILITY OF ONE-SLOT METHOD : 160
0.17397

[One slot] ALLOCATING WITH RANDOM METHOD: 160
0.33401

[Multi slots] ALLOCATING WITH RANDOM METHOD: 160
AD REPEATABILITY OF RANDOM METHOD: 160
0.51139

allocated
{'VFS_one_method': [0], 'VFS_multi_method': [0], 'new_method': [160], 'oneslot_method': [97]}
adrepp
{'VFS_one_method': ['0.33401'], 'VFS_multi_method': ['0.51139'], 'new_method': ['0.08239'], 'oneslot_method': ['0.17397']}
revenue
{'VFS_one_method': [], 'VFS_multi_method': [], 'new_method': [], 'oneslot_method': []}
got patterns
sorted patterns
started allocation
Allocation accuracy: 180
total views sold: 720123
Allocation accuracy new method: 180
0.0
got patterns
sorted patterns
started allocation
Allocation accuracy: 92
total views sold: 502690
Allocation accuracy new method: 92
('META_DATA_FILE_PATH', '/home/preetham_sathineni/adslot/web_page_meta_dict_adslots_1_dataset_bmspostxt.pkl')
/tmp/1646300204795.txt
Allocation accuracy: 69
total views sold: 406479
('META_DATA_FILE_PATH', '/home/preetham_sathineni/adslot/web_page_meta_dict_adslots_1_2_3_dataset_bmspostxt.pkl')
/tmp/1646300205784.txt
Allocation accuracy: 180
total views sold: 720123
###############     ARGUMENTS     ############
['plot_results.py', '../test1/bmspos_minfreq_0.02_maxcs_1_maxor_0.1/patterns.txt', '../CMineMR-Mapreduce-algorithm-to-extract-coverage-patterns-master/dataset/bmspos.txt', '180', '4000', '3000', '1_2_3']
##############################################
web_page_to_adv_json_file : ./1646300200510.json
allocated_adslots_file: ./1646300200514.json
python alloc_fresh.py ../test1/bmspos_minfreq_0.02_maxcs_1_maxor_0.1/patterns.txt /home/preetham_sathineni/adslot/web_page_meta_dict_adslots_1_2_3_dataset_bmspostxt.pkl /home/preetham_sathineni/adslot/web_page_freq_sorted_adslots_1_2_3_dataset_bmspostxt.pkl 4513,5306,1796,2403,3885,6394,6749,2228,4243,5464,4489,5364,2929,1877,4934,3015,4004,3298,6001,3491,5964,1340,4322,3330,4056,1602,2281,4180,6419,5595,5366,6366,1574,6915,3086,6494,1994,6571,4199,5007,4868,1498,2300,1331,2989,4179,6009,6325,3207,3209,2510,1816,6885,6606,4468,1603,3598,3641,5619,5811,5526,2853,6060,2034,2031,5874,4149,3489,3325,2004,6292,4952,1822,6655,1523,3069,3737,4786,1728,3786,6542,1815,1908,5245,1207,5690,5587,4536,2781,2292,1771,6979,4904,2591,2367,4546,1693,5960,5204,2863,3948,4701,6948,4024,5661,4930,2499,5852,2063,1126,1853,3509,4286,5160,2242,6799,1635,2235,6392,5756,6491,2508,2978,4549,2797,2891,6859,4165,2865,3448,1468,4654,5551,3535,5008,6950,2269,6552,3766,2498,4486,5360,3514,5626,2944,4954,6510,5952,2711,1476,2436,3378,5711,6863,1528,6749,3386,3474,4059,6430,2061,2273,2212,1551,3922,6677,6766,1418,3692,6209,2463,6017,3361,1796,2835,4554,3213,2806,3563,2074 /tmp/1646300200518.txt 2 ./1646300200514.json ./1646300200510.json
AD REPEATABILITY OF OUR NEW METHOD : 180
0.12074

ALLOCATING WITH OUR OLD METHOD: 180
python alloc_fresh.py ../test1/bmspos_minfreq_0.02_maxcs_1_maxor_0.1/patterns.txt /home/preetham_sathineni/adslot/web_page_meta_dict_adslots_1_dataset_bmspostxt.pkl /home/preetham_sathineni/adslot/web_page_freq_sorted_adslots_1_dataset_bmspostxt.pkl 4513,5306,1796,2403,3885,6394,6749,2228,4243,5464,4489,5364,2929,1877,4934,3015,4004,3298,6001,3491,5964,1340,4322,3330,4056,1602,2281,4180,6419,5595,5366,6366,1574,6915,3086,6494,1994,6571,4199,5007,4868,1498,2300,1331,2989,4179,6009,6325,3207,3209,2510,1816,6885,6606,4468,1603,3598,3641,5619,5811,5526,2853,6060,2034,2031,5874,4149,3489,3325,2004,6292,4952,1822,6655,1523,3069,3737,4786,1728,3786,6542,1815,1908,5245,1207,5690,5587,4536,2781,2292,1771,6979,4904,2591,2367,4546,1693,5960,5204,2863,3948,4701,6948,4024,5661,4930,2499,5852,2063,1126,1853,3509,4286,5160,2242,6799,1635,2235,6392,5756,6491,2508,2978,4549,2797,2891,6859,4165,2865,3448,1468,4654,5551,3535,5008,6950,2269,6552,3766,2498,4486,5360,3514,5626,2944,4954,6510,5952,2711,1476,2436,3378,5711,6863,1528,6749,3386,3474,4059,6430,2061,2273,2212,1551,3922,6677,6766,1418,3692,6209,2463,6017,3361,1796,2835,4554,3213,2806,3563,2074 /tmp/1646300203111.txt 2 ./1646300200514.json ./1646300200510.json
AD REPEATABILITY OF ONE-SLOT METHOD : 180
0.17745

[One slot] ALLOCATING WITH RANDOM METHOD: 180
0.36559

[Multi slots] ALLOCATING WITH RANDOM METHOD: 180
AD REPEATABILITY OF RANDOM METHOD: 180
0.56007

allocated
{'VFS_one_method': [0], 'VFS_multi_method': [0], 'new_method': [180], 'oneslot_method': [92]}
adrepp
{'VFS_one_method': ['0.36559'], 'VFS_multi_method': ['0.56007'], 'new_method': ['0.12074'], 'oneslot_method': ['0.17745']}
revenue
{'VFS_one_method': [], 'VFS_multi_method': [], 'new_method': [], 'oneslot_method': []}
got patterns
sorted patterns
started allocation
Allocation accuracy: 200
total views sold: 822472
Allocation accuracy new method: 200
0.0
got patterns
sorted patterns
started allocation
Allocation accuracy: 91
total views sold: 506532
Allocation accuracy new method: 91
('META_DATA_FILE_PATH', '/home/preetham_sathineni/adslot/web_page_meta_dict_adslots_1_dataset_bmspostxt.pkl')
/tmp/1646300212265.txt
Allocation accuracy: 69
total views sold: 406279
('META_DATA_FILE_PATH', '/home/preetham_sathineni/adslot/web_page_meta_dict_adslots_1_2_3_dataset_bmspostxt.pkl')
/tmp/1646300213245.txt
Allocation accuracy: 167
total views sold: 772217
###############     ARGUMENTS     ############
['plot_results.py', '../test1/bmspos_minfreq_0.02_maxcs_1_maxor_0.1/patterns.txt', '../CMineMR-Mapreduce-algorithm-to-extract-coverage-patterns-master/dataset/bmspos.txt', '200', '4000', '3000', '1_2_3']
##############################################
web_page_to_adv_json_file : ./1646300207613.json
allocated_adslots_file: ./1646300207618.json
python alloc_fresh.py ../test1/bmspos_minfreq_0.02_maxcs_1_maxor_0.1/patterns.txt /home/preetham_sathineni/adslot/web_page_meta_dict_adslots_1_2_3_dataset_bmspostxt.pkl /home/preetham_sathineni/adslot/web_page_freq_sorted_adslots_1_2_3_dataset_bmspostxt.pkl 1348,3673,6392,1043,1293,4630,4522,1379,5762,3476,3059,4676,1233,3995,4349,2215,1841,1262,4527,4267,5017,4363,2683,4378,6267,6372,5817,1778,2733,4070,5444,1720,2661,2571,6914,4983,1810,4587,6819,6973,4845,4320,3295,1610,6422,6645,5240,3749,4763,1266,5097,3357,4002,4302,5911,3219,5185,4053,3846,5493,2753,3265,1096,2799,2380,4427,5236,3893,5225,4067,6534,1763,3653,3700,3594,4477,6796,5318,2415,2252,1944,6880,6803,3363,3706,1649,4942,3244,5309,4650,2679,4248,1180,1835,3542,5949,4964,1220,1780,3530,5661,5542,3740,4277,5132,1331,5896,4388,6779,3572,5343,3547,2669,4763,5321,5584,6523,5553,5167,5994,6768,6191,4199,1742,3110,6683,3414,4537,5984,6154,5053,1548,3407,4858,3769,5694,4983,4821,1852,1522,1803,2889,6333,4058,6339,2414,5369,2901,4890,4578,2594,4526,3858,1236,5079,6460,4263,3777,4370,3842,6267,4942,6820,5797,5722,1590,2044,1063,5948,3079,2641,4865,4942,4261,4344,4306,1885,5043,6773,5983,1349,1718,4839,6678,4775,1566,3809,3723,4709,5804,2431,6656,4805,3623,5903,3200,2019,2821,6707,3790 /tmp/1646300207622.txt 2 ./1646300207618.json ./1646300207613.json
AD REPEATABILITY OF OUR NEW METHOD : 200
0.19355

ALLOCATING WITH OUR OLD METHOD: 200
python alloc_fresh.py ../test1/bmspos_minfreq_0.02_maxcs_1_maxor_0.1/patterns.txt /home/preetham_sathineni/adslot/web_page_meta_dict_adslots_1_dataset_bmspostxt.pkl /home/preetham_sathineni/adslot/web_page_freq_sorted_adslots_1_dataset_bmspostxt.pkl 1348,3673,6392,1043,1293,4630,4522,1379,5762,3476,3059,4676,1233,3995,4349,2215,1841,1262,4527,4267,5017,4363,2683,4378,6267,6372,5817,1778,2733,4070,5444,1720,2661,2571,6914,4983,1810,4587,6819,6973,4845,4320,3295,1610,6422,6645,5240,3749,4763,1266,5097,3357,4002,4302,5911,3219,5185,4053,3846,5493,2753,3265,1096,2799,2380,4427,5236,3893,5225,4067,6534,1763,3653,3700,3594,4477,6796,5318,2415,2252,1944,6880,6803,3363,3706,1649,4942,3244,5309,4650,2679,4248,1180,1835,3542,5949,4964,1220,1780,3530,5661,5542,3740,4277,5132,1331,5896,4388,6779,3572,5343,3547,2669,4763,5321,5584,6523,5553,5167,5994,6768,6191,4199,1742,3110,6683,3414,4537,5984,6154,5053,1548,3407,4858,3769,5694,4983,4821,1852,1522,1803,2889,6333,4058,6339,2414,5369,2901,4890,4578,2594,4526,3858,1236,5079,6460,4263,3777,4370,3842,6267,4942,6820,5797,5722,1590,2044,1063,5948,3079,2641,4865,4942,4261,4344,4306,1885,5043,6773,5983,1349,1718,4839,6678,4775,1566,3809,3723,4709,5804,2431,6656,4805,3623,5903,3200,2019,2821,6707,3790 /tmp/1646300210502.txt 2 ./1646300207618.json ./1646300207613.json
AD REPEATABILITY OF ONE-SLOT METHOD : 200
0.17631

[One slot] ALLOCATING WITH RANDOM METHOD: 200
0.37469

[Multi slots] ALLOCATING WITH RANDOM METHOD: 200
AD REPEATABILITY OF RANDOM METHOD: 200
0.58379

allocated
{'VFS_one_method': [0], 'VFS_multi_method': [0], 'new_method': [200], 'oneslot_method': [91]}
adrepp
{'VFS_one_method': ['0.37469'], 'VFS_multi_method': ['0.58379'], 'new_method': ['0.19355'], 'oneslot_method': ['0.17631']}
revenue
{'VFS_one_method': [], 'VFS_multi_method': [], 'new_method': [], 'oneslot_method': []}
got patterns
sorted patterns
started allocation
Allocation accuracy: 220
total views sold: 892241
Allocation accuracy new method: 220
0.0
got patterns
sorted patterns
started allocation
Allocation accuracy: 89
total views sold: 505127
Allocation accuracy new method: 89
('META_DATA_FILE_PATH', '/home/preetham_sathineni/adslot/web_page_meta_dict_adslots_1_dataset_bmspostxt.pkl')
/tmp/1646300219707.txt
Allocation accuracy: 73
total views sold: 431784
('META_DATA_FILE_PATH', '/home/preetham_sathineni/adslot/web_page_meta_dict_adslots_1_2_3_dataset_bmspostxt.pkl')
/tmp/1646300220687.txt
Allocation accuracy: 156
total views sold: 765809
###############     ARGUMENTS     ############
['plot_results.py', '../test1/bmspos_minfreq_0.02_maxcs_1_maxor_0.1/patterns.txt', '../CMineMR-Mapreduce-algorithm-to-extract-coverage-patterns-master/dataset/bmspos.txt', '220', '4000', '3000', '1_2_3']
##############################################
web_page_to_adv_json_file : ./1646300215046.json
allocated_adslots_file: ./1646300215050.json
python alloc_fresh.py ../test1/bmspos_minfreq_0.02_maxcs_1_maxor_0.1/patterns.txt /home/preetham_sathineni/adslot/web_page_meta_dict_adslots_1_2_3_dataset_bmspostxt.pkl /home/preetham_sathineni/adslot/web_page_freq_sorted_adslots_1_2_3_dataset_bmspostxt.pkl 3141,2815,6595,2275,5405,5545,6088,3938,4437,4116,6466,4494,4084,6954,5490,6875,1258,6586,6568,6550,6980,3668,5315,3760,1652,4485,1301,3893,5549,2930,6147,1127,5456,2972,3582,2576,4728,4474,5357,4855,1887,2188,4470,2483,5603,3959,3148,4571,6984,4639,1110,5447,6533,4795,4057,1256,5509,4865,4190,2070,1178,3836,3069,4108,3721,2663,2420,1889,3701,3456,3449,5391,1423,1355,2664,4453,5883,5226,3429,5811,3320,6154,2158,1127,5937,3169,3156,1031,4603,3096,4767,6678,3829,6353,4034,4018,4540,3273,4444,4651,4791,4330,3562,4042,3995,2656,3087,3116,6619,5846,5922,3737,5483,2115,3884,5667,5027,4865,2130,6856,6784,5758,3861,2565,5291,2046,5805,2530,6234,6224,2917,3704,5464,2690,1191,3025,2696,6980,3024,5387,4296,1736,6149,1315,4512,3346,1109,4767,2002,5763,1726,3783,2639,3125,2639,5053,5140,1805,6536,5350,4730,2253,3153,5996,4710,5456,2842,5572,6219,1939,4707,6003,4261,4608,5921,1034,1927,5606,1495,2674,3193,4969,1291,3313,6875,6459,1849,4959,5375,2124,4578,4526,6403,2566,5849,4546,1330,1064,1324,4735,1565,4513,1282,4008,5452,1916,3620,4086,5116,6355,5816,3865,3855,5243,4977,2248,6390,4185,1345,3559 /tmp/1646300215054.txt 2 ./1646300215050.json ./1646300215046.json
AD REPEATABILITY OF OUR NEW METHOD : 220
0.26646

ALLOCATING WITH OUR OLD METHOD: 220
python alloc_fresh.py ../test1/bmspos_minfreq_0.02_maxcs_1_maxor_0.1/patterns.txt /home/preetham_sathineni/adslot/web_page_meta_dict_adslots_1_dataset_bmspostxt.pkl /home/preetham_sathineni/adslot/web_page_freq_sorted_adslots_1_dataset_bmspostxt.pkl 3141,2815,6595,2275,5405,5545,6088,3938,4437,4116,6466,4494,4084,6954,5490,6875,1258,6586,6568,6550,6980,3668,5315,3760,1652,4485,1301,3893,5549,2930,6147,1127,5456,2972,3582,2576,4728,4474,5357,4855,1887,2188,4470,2483,5603,3959,3148,4571,6984,4639,1110,5447,6533,4795,4057,1256,5509,4865,4190,2070,1178,3836,3069,4108,3721,2663,2420,1889,3701,3456,3449,5391,1423,1355,2664,4453,5883,5226,3429,5811,3320,6154,2158,1127,5937,3169,3156,1031,4603,3096,4767,6678,3829,6353,4034,4018,4540,3273,4444,4651,4791,4330,3562,4042,3995,2656,3087,3116,6619,5846,5922,3737,5483,2115,3884,5667,5027,4865,2130,6856,6784,5758,3861,2565,5291,2046,5805,2530,6234,6224,2917,3704,5464,2690,1191,3025,2696,6980,3024,5387,4296,1736,6149,1315,4512,3346,1109,4767,2002,5763,1726,3783,2639,3125,2639,5053,5140,1805,6536,5350,4730,2253,3153,5996,4710,5456,2842,5572,6219,1939,4707,6003,4261,4608,5921,1034,1927,5606,1495,2674,3193,4969,1291,3313,6875,6459,1849,4959,5375,2124,4578,4526,6403,2566,5849,4546,1330,1064,1324,4735,1565,4513,1282,4008,5452,1916,3620,4086,5116,6355,5816,3865,3855,5243,4977,2248,6390,4185,1345,3559 /tmp/1646300217982.txt 2 ./1646300215050.json ./1646300215046.json
AD REPEATABILITY OF ONE-SLOT METHOD : 220
0.19749

[One slot] ALLOCATING WITH RANDOM METHOD: 220
0.3207

[Multi slots] ALLOCATING WITH RANDOM METHOD: 220
AD REPEATABILITY OF RANDOM METHOD: 220
0.64636

allocated
{'VFS_one_method': [0], 'VFS_multi_method': [0], 'new_method': [220], 'oneslot_method': [89]}
adrepp
{'VFS_one_method': ['0.3207'], 'VFS_multi_method': ['0.64636'], 'new_method': ['0.26646'], 'oneslot_method': ['0.19749']}
revenue
{'VFS_one_method': [], 'VFS_multi_method': [], 'new_method': [], 'oneslot_method': []}
got patterns
sorted patterns
started allocation
Allocation accuracy: 240
total views sold: 950371
Allocation accuracy new method: 240
0.0
got patterns
sorted patterns
started allocation
Allocation accuracy: 86
total views sold: 503614
Allocation accuracy new method: 86
('META_DATA_FILE_PATH', '/home/preetham_sathineni/adslot/web_page_meta_dict_adslots_1_dataset_bmspostxt.pkl')
/tmp/1646300227457.txt
Allocation accuracy: 68
total views sold: 415853
('META_DATA_FILE_PATH', '/home/preetham_sathineni/adslot/web_page_meta_dict_adslots_1_2_3_dataset_bmspostxt.pkl')
/tmp/1646300228451.txt
Allocation accuracy: 151
total views sold: 765207
###############     ARGUMENTS     ############
['plot_results.py', '../test1/bmspos_minfreq_0.02_maxcs_1_maxor_0.1/patterns.txt', '../CMineMR-Mapreduce-algorithm-to-extract-coverage-patterns-master/dataset/bmspos.txt', '240', '4000', '3000', '1_2_3']
##############################################
web_page_to_adv_json_file : ./1646300222410.json
allocated_adslots_file: ./1646300222414.json
python alloc_fresh.py ../test1/bmspos_minfreq_0.02_maxcs_1_maxor_0.1/patterns.txt /home/preetham_sathineni/adslot/web_page_meta_dict_adslots_1_2_3_dataset_bmspostxt.pkl /home/preetham_sathineni/adslot/web_page_freq_sorted_adslots_1_2_3_dataset_bmspostxt.pkl 1835,4827,5811,1482,1344,1245,5947,5702,6610,1633,1518,4912,6433,3399,4907,1583,2316,6827,5724,4772,2365,3928,1980,2464,6989,5317,3615,6277,2472,3344,5971,4743,4344,1946,2589,6400,6706,1413,3895,1030,1787,4798,2512,1937,6680,4380,3079,1257,2949,6628,6811,6001,5550,1958,6472,1582,4334,4586,1436,5259,4772,2693,2056,4462,2214,4254,4673,4254,5041,3322,5408,3630,4886,1375,1485,1114,2525,1218,6607,4431,3839,4327,5902,3990,6436,2277,4982,3560,5969,5749,4522,6947,4633,4168,5269,4090,4939,4786,6909,1830,5686,5096,4357,1481,3500,3588,5255,5263,6391,3667,3056,4728,4483,3117,5192,1064,2969,6201,2958,4170,5044,1123,2361,6165,6608,3248,6089,1060,5987,5342,2395,6531,6249,5011,6599,2768,1102,4663,5785,2837,3155,2354,3545,2218,4388,1954,2317,6316,4665,6716,5490,5568,3267,2844,2368,6908,6401,3629,3461,4742,4473,5287,3703,4968,6017,5821,2214,1191,6546,4169,6837,4241,5110,3000,3014,1868,2484,1778,5306,4059,3596,1331,3112,4127,1161,2823,1510,1451,3938,3039,2287,6948,3114,3139,1361,3765,1386,5156,6464,4875,2035,4767,2238,2425,4645,2542,3465,2923,2547,4349,4291,1940,5104,2681,2049,6510,3238,6629,5623,2684,5711,4239,2699,2789,3136,3696,1802,1882,5389,3511,1678,1736,6670,6791,1545,3923,6420,5675,3574,4501 /tmp/1646300222417.txt 2 ./1646300222414.json ./1646300222410.json
AD REPEATABILITY OF OUR NEW METHOD : 240
0.28632

ALLOCATING WITH OUR OLD METHOD: 240
python alloc_fresh.py ../test1/bmspos_minfreq_0.02_maxcs_1_maxor_0.1/patterns.txt /home/preetham_sathineni/adslot/web_page_meta_dict_adslots_1_dataset_bmspostxt.pkl /home/preetham_sathineni/adslot/web_page_freq_sorted_adslots_1_dataset_bmspostxt.pkl 1835,4827,5811,1482,1344,1245,5947,5702,6610,1633,1518,4912,6433,3399,4907,1583,2316,6827,5724,4772,2365,3928,1980,2464,6989,5317,3615,6277,2472,3344,5971,4743,4344,1946,2589,6400,6706,1413,3895,1030,1787,4798,2512,1937,6680,4380,3079,1257,2949,6628,6811,6001,5550,1958,6472,1582,4334,4586,1436,5259,4772,2693,2056,4462,2214,4254,4673,4254,5041,3322,5408,3630,4886,1375,1485,1114,2525,1218,6607,4431,3839,4327,5902,3990,6436,2277,4982,3560,5969,5749,4522,6947,4633,4168,5269,4090,4939,4786,6909,1830,5686,5096,4357,1481,3500,3588,5255,5263,6391,3667,3056,4728,4483,3117,5192,1064,2969,6201,2958,4170,5044,1123,2361,6165,6608,3248,6089,1060,5987,5342,2395,6531,6249,5011,6599,2768,1102,4663,5785,2837,3155,2354,3545,2218,4388,1954,2317,6316,4665,6716,5490,5568,3267,2844,2368,6908,6401,3629,3461,4742,4473,5287,3703,4968,6017,5821,2214,1191,6546,4169,6837,4241,5110,3000,3014,1868,2484,1778,5306,4059,3596,1331,3112,4127,1161,2823,1510,1451,3938,3039,2287,6948,3114,3139,1361,3765,1386,5156,6464,4875,2035,4767,2238,2425,4645,2542,3465,2923,2547,4349,4291,1940,5104,2681,2049,6510,3238,6629,5623,2684,5711,4239,2699,2789,3136,3696,1802,1882,5389,3511,1678,1736,6670,6791,1545,3923,6420,5675,3574,4501 /tmp/1646300225324.txt 2 ./1646300222414.json ./1646300222410.json
AD REPEATABILITY OF ONE-SLOT METHOD : 240
0.20742

[One slot] ALLOCATING WITH RANDOM METHOD: 240
0.36891

[Multi slots] ALLOCATING WITH RANDOM METHOD: 240
AD REPEATABILITY OF RANDOM METHOD: 240
0.70867

allocated
{'VFS_one_method': [0], 'VFS_multi_method': [0], 'new_method': [240], 'oneslot_method': [86]}
adrepp
{'VFS_one_method': ['0.36891'], 'VFS_multi_method': ['0.70867'], 'new_method': ['0.28632'], 'oneslot_method': ['0.20742']}
revenue
{'VFS_one_method': [], 'VFS_multi_method': [], 'new_method': [], 'oneslot_method': []}
got patterns
sorted patterns
started allocation
Allocation accuracy: 230
total views sold: 1001989
Allocation accuracy new method: 230
0.0
got patterns
sorted patterns
started allocation
Allocation accuracy: 85
total views sold: 507336
Allocation accuracy new method: 85
('META_DATA_FILE_PATH', '/home/preetham_sathineni/adslot/web_page_meta_dict_adslots_1_dataset_bmspostxt.pkl')
/tmp/1646300235170.txt
Allocation accuracy: 69
total views sold: 425404
('META_DATA_FILE_PATH', '/home/preetham_sathineni/adslot/web_page_meta_dict_adslots_1_2_3_dataset_bmspostxt.pkl')
/tmp/1646300236167.txt
Allocation accuracy: 150
total views sold: 790358
###############     ARGUMENTS     ############
['plot_results.py', '../test1/bmspos_minfreq_0.02_maxcs_1_maxor_0.1/patterns.txt', '../CMineMR-Mapreduce-algorithm-to-extract-coverage-patterns-master/dataset/bmspos.txt', '260', '4000', '3000', '1_2_3']
##############################################
web_page_to_adv_json_file : ./1646300230327.json
allocated_adslots_file: ./1646300230332.json
python alloc_fresh.py ../test1/bmspos_minfreq_0.02_maxcs_1_maxor_0.1/patterns.txt /home/preetham_sathineni/adslot/web_page_meta_dict_adslots_1_2_3_dataset_bmspostxt.pkl /home/preetham_sathineni/adslot/web_page_freq_sorted_adslots_1_2_3_dataset_bmspostxt.pkl 3780,5746,4687,3287,5943,3214,6596,5062,6263,2831,5427,1996,6616,2090,2285,6531,5253,2907,1915,1086,6639,3887,2508,6352,6107,5307,4170,6238,3700,1021,1785,4860,2870,1839,4249,2939,6220,4085,1327,3258,6724,2565,2666,5132,4846,5908,1257,4804,2923,5514,1862,6583,5977,4137,3801,2251,3772,5583,6042,5724,4556,1396,2106,2709,1831,3624,4418,3711,4793,2880,5139,4291,3890,5074,4773,4277,4533,4781,5471,1090,2663,3167,5133,1431,4780,3240,2130,6471,1864,6647,4576,1296,1630,1519,1382,3337,2451,6720,1479,3067,1232,1427,2515,1304,3384,6531,3376,1807,5301,5397,2509,2367,4720,5502,6133,3050,3864,6803,1136,2862,6020,2794,4337,1808,6837,1624,5863,3825,3888,2590,6365,5301,2883,5019,5393,2909,3931,6719,1824,4475,4130,4942,5804,5285,1640,3352,5466,4453,2755,3187,1471,1870,5792,6176,3817,2394,6296,4355,5883,3215,5955,4186,1561,1144,1866,1526,2638,6517,3466,1335,3358,5851,1015,2510,4296,6751,5829,3192,5153,6541,2957,2728,6180,1011,3076,5219,5221,4064,4248,3066,5980,2790,3817,2289,1281,3900,5983,2263,2912,6843,6012,5323,4653,1462,5072,5612,2461,4966,5036,1818,3077,5761,4494,4240,6652,3163,2261,4796,5445,2989,6386,6412,5913,1699,4782,5388,3764,2379,6859,1336,4612,6906,6551,3077,1889,6625,3993,6502,4643,4836,2547,5908,3219,1307,3865,2667,4945,3145,5557,6938,1093,5302,3698,5091,6163,3242,3686,4086,4055,5750 /tmp/1646300230336.txt 2 ./1646300230332.json ./1646300230327.json
AD REPEATABILITY OF OUR NEW METHOD : 260
0.3232

ALLOCATING WITH OUR OLD METHOD: 260
python alloc_fresh.py ../test1/bmspos_minfreq_0.02_maxcs_1_maxor_0.1/patterns.txt /home/preetham_sathineni/adslot/web_page_meta_dict_adslots_1_dataset_bmspostxt.pkl /home/preetham_sathineni/adslot/web_page_freq_sorted_adslots_1_dataset_bmspostxt.pkl 3780,5746,4687,3287,5943,3214,6596,5062,6263,2831,5427,1996,6616,2090,2285,6531,5253,2907,1915,1086,6639,3887,2508,6352,6107,5307,4170,6238,3700,1021,1785,4860,2870,1839,4249,2939,6220,4085,1327,3258,6724,2565,2666,5132,4846,5908,1257,4804,2923,5514,1862,6583,5977,4137,3801,2251,3772,5583,6042,5724,4556,1396,2106,2709,1831,3624,4418,3711,4793,2880,5139,4291,3890,5074,4773,4277,4533,4781,5471,1090,2663,3167,5133,1431,4780,3240,2130,6471,1864,6647,4576,1296,1630,1519,1382,3337,2451,6720,1479,3067,1232,1427,2515,1304,3384,6531,3376,1807,5301,5397,2509,2367,4720,5502,6133,3050,3864,6803,1136,2862,6020,2794,4337,1808,6837,1624,5863,3825,3888,2590,6365,5301,2883,5019,5393,2909,3931,6719,1824,4475,4130,4942,5804,5285,1640,3352,5466,4453,2755,3187,1471,1870,5792,6176,3817,2394,6296,4355,5883,3215,5955,4186,1561,1144,1866,1526,2638,6517,3466,1335,3358,5851,1015,2510,4296,6751,5829,3192,5153,6541,2957,2728,6180,1011,3076,5219,5221,4064,4248,3066,5980,2790,3817,2289,1281,3900,5983,2263,2912,6843,6012,5323,4653,1462,5072,5612,2461,4966,5036,1818,3077,5761,4494,4240,6652,3163,2261,4796,5445,2989,6386,6412,5913,1699,4782,5388,3764,2379,6859,1336,4612,6906,6551,3077,1889,6625,3993,6502,4643,4836,2547,5908,3219,1307,3865,2667,4945,3145,5557,6938,1093,5302,3698,5091,6163,3242,3686,4086,4055,5750 /tmp/1646300233397.txt 2 ./1646300230332.json ./1646300230327.json
AD REPEATABILITY OF ONE-SLOT METHOD : 260
0.20877

[One slot] ALLOCATING WITH RANDOM METHOD: 260
0.36814

[Multi slots] ALLOCATING WITH RANDOM METHOD: 260
AD REPEATABILITY OF RANDOM METHOD: 260
0.75087

allocated
{'VFS_one_method': [0], 'VFS_multi_method': [0], 'new_method': [230], 'oneslot_method': [85]}
adrepp
{'VFS_one_method': ['0.36814'], 'VFS_multi_method': ['0.75087'], 'new_method': ['0.3232'], 'oneslot_method': ['0.20877']}
revenue
{'VFS_one_method': [], 'VFS_multi_method': [], 'new_method': [], 'oneslot_method': []}
got patterns
sorted patterns
started allocation
Allocation accuracy: 220
total views sold: 1015946
Allocation accuracy new method: 220
0.0
got patterns
sorted patterns
started allocation
Allocation accuracy: 82
total views sold: 502629
Allocation accuracy new method: 82
('META_DATA_FILE_PATH', '/home/preetham_sathineni/adslot/web_page_meta_dict_adslots_1_dataset_bmspostxt.pkl')
/tmp/1646300242605.txt
Allocation accuracy: 66
total views sold: 417357
('META_DATA_FILE_PATH', '/home/preetham_sathineni/adslot/web_page_meta_dict_adslots_1_2_3_dataset_bmspostxt.pkl')
/tmp/1646300243603.txt
Allocation accuracy: 143
total views sold: 790338
###############     ARGUMENTS     ############
['plot_results.py', '../test1/bmspos_minfreq_0.02_maxcs_1_maxor_0.1/patterns.txt', '../CMineMR-Mapreduce-algorithm-to-extract-coverage-patterns-master/dataset/bmspos.txt', '280', '4000', '3000', '1_2_3']
##############################################
web_page_to_adv_json_file : ./1646300238019.json
allocated_adslots_file: ./1646300238023.json
python alloc_fresh.py ../test1/bmspos_minfreq_0.02_maxcs_1_maxor_0.1/patterns.txt /home/preetham_sathineni/adslot/web_page_meta_dict_adslots_1_2_3_dataset_bmspostxt.pkl /home/preetham_sathineni/adslot/web_page_freq_sorted_adslots_1_2_3_dataset_bmspostxt.pkl 2390,3985,5239,1001,6870,1001,4640,1543,5627,5768,5120,2989,1150,3165,3441,2847,4917,3617,1910,6130,2661,2753,1604,1148,2164,2522,2973,1914,1247,6916,3279,2736,4469,3989,1644,2111,4564,1259,4476,5965,3342,2465,1186,1254,3298,2461,1311,2563,5660,1027,6668,4880,5844,2351,3304,5248,2636,5742,5091,3851,5933,1932,5674,4647,6285,2374,5837,2218,1953,6315,2290,4782,2347,1860,2026,4845,4670,1150,6579,4772,1296,4302,4721,1920,5876,1755,2919,1954,1459,5924,5091,1026,3160,1995,5452,1926,3109,5814,4544,6452,3525,1195,2072,6702,3453,2003,6996,6718,5133,1132,2462,6968,2589,3339,2668,6938,5581,4958,2241,4191,1139,2343,1368,1439,3657,6582,6612,6878,6937,3330,1892,3488,5461,5510,5781,3627,6500,5408,1083,6066,2437,4122,6770,1995,5417,2259,5619,5763,3623,3830,5649,2735,5502,2673,2931,6923,6866,3759,6489,6526,1895,5867,6137,5757,2325,6549,5284,1015,5210,4534,3235,4576,5076,2877,1252,6638,4479,2512,6018,4357,6042,4826,5515,1646,3768,2281,1344,3945,5976,5404,3423,6958,2390,4771,5896,1587,5527,5602,3640,3613,5998,5667,1525,5361,2742,6306,4880,6107,4151,2090,4330,4864,3871,6995,3093,1817,5049,6401,3916,1782,3590,1180,3623,3800,5762,2963,6501,6427,3983,6033,3415,5555,4161,6579,6053,1118,4471,4085,5875,6483,5387,2447,1917,1748,6026,4767,4330,4307,2104,1230,3297,3496,4990,3729,6145,3358,4076,6180,1800,4818,2379,4438,4998,5790,4902,2675,1496,1370,2268,2190,6423,6887,5485,2857,2241,4900,2385,1998,2010,6941 /tmp/1646300238027.txt 2 ./1646300238023.json ./1646300238019.json
AD REPEATABILITY OF OUR NEW METHOD : 280
0.35726

ALLOCATING WITH OUR OLD METHOD: 280
python alloc_fresh.py ../test1/bmspos_minfreq_0.02_maxcs_1_maxor_0.1/patterns.txt /home/preetham_sathineni/adslot/web_page_meta_dict_adslots_1_dataset_bmspostxt.pkl /home/preetham_sathineni/adslot/web_page_freq_sorted_adslots_1_dataset_bmspostxt.pkl 2390,3985,5239,1001,6870,1001,4640,1543,5627,5768,5120,2989,1150,3165,3441,2847,4917,3617,1910,6130,2661,2753,1604,1148,2164,2522,2973,1914,1247,6916,3279,2736,4469,3989,1644,2111,4564,1259,4476,5965,3342,2465,1186,1254,3298,2461,1311,2563,5660,1027,6668,4880,5844,2351,3304,5248,2636,5742,5091,3851,5933,1932,5674,4647,6285,2374,5837,2218,1953,6315,2290,4782,2347,1860,2026,4845,4670,1150,6579,4772,1296,4302,4721,1920,5876,1755,2919,1954,1459,5924,5091,1026,3160,1995,5452,1926,3109,5814,4544,6452,3525,1195,2072,6702,3453,2003,6996,6718,5133,1132,2462,6968,2589,3339,2668,6938,5581,4958,2241,4191,1139,2343,1368,1439,3657,6582,6612,6878,6937,3330,1892,3488,5461,5510,5781,3627,6500,5408,1083,6066,2437,4122,6770,1995,5417,2259,5619,5763,3623,3830,5649,2735,5502,2673,2931,6923,6866,3759,6489,6526,1895,5867,6137,5757,2325,6549,5284,1015,5210,4534,3235,4576,5076,2877,1252,6638,4479,2512,6018,4357,6042,4826,5515,1646,3768,2281,1344,3945,5976,5404,3423,6958,2390,4771,5896,1587,5527,5602,3640,3613,5998,5667,1525,5361,2742,6306,4880,6107,4151,2090,4330,4864,3871,6995,3093,1817,5049,6401,3916,1782,3590,1180,3623,3800,5762,2963,6501,6427,3983,6033,3415,5555,4161,6579,6053,1118,4471,4085,5875,6483,5387,2447,1917,1748,6026,4767,4330,4307,2104,1230,3297,3496,4990,3729,6145,3358,4076,6180,1800,4818,2379,4438,4998,5790,4902,2675,1496,1370,2268,2190,6423,6887,5485,2857,2241,4900,2385,1998,2010,6941 /tmp/1646300240860.txt 2 ./1646300238023.json ./1646300238019.json
AD REPEATABILITY OF ONE-SLOT METHOD : 280
0.22673

[One slot] ALLOCATING WITH RANDOM METHOD: 280
0.4204

[Multi slots] ALLOCATING WITH RANDOM METHOD: 280
AD REPEATABILITY OF RANDOM METHOD: 280
0.72761

allocated
{'VFS_one_method': [0], 'VFS_multi_method': [0], 'new_method': [220], 'oneslot_method': [82]}
adrepp
{'VFS_one_method': ['0.4204'], 'VFS_multi_method': ['0.72761'], 'new_method': ['0.35726'], 'oneslot_method': ['0.22673']}
revenue
{'VFS_one_method': [], 'VFS_multi_method': [], 'new_method': [], 'oneslot_method': []}
got patterns
sorted patterns
started allocation
Allocation accuracy: 210
total views sold: 1016696
Allocation accuracy new method: 210
0.0
got patterns
sorted patterns
started allocation
Allocation accuracy: 83
total views sold: 503498
Allocation accuracy new method: 83
('META_DATA_FILE_PATH', '/home/preetham_sathineni/adslot/web_page_meta_dict_adslots_1_dataset_bmspostxt.pkl')
/tmp/1646300250598.txt
Allocation accuracy: 67
total views sold: 417661
('META_DATA_FILE_PATH', '/home/preetham_sathineni/adslot/web_page_meta_dict_adslots_1_2_3_dataset_bmspostxt.pkl')
/tmp/1646300251581.txt
Allocation accuracy: 143
total views sold: 787908
###############     ARGUMENTS     ############
['plot_results.py', '../test1/bmspos_minfreq_0.02_maxcs_1_maxor_0.1/patterns.txt', '../CMineMR-Mapreduce-algorithm-to-extract-coverage-patterns-master/dataset/bmspos.txt', '300', '4000', '3000', '1_2_3']
##############################################
web_page_to_adv_json_file : ./1646300245344.json
allocated_adslots_file: ./1646300245348.json
python alloc_fresh.py ../test1/bmspos_minfreq_0.02_maxcs_1_maxor_0.1/patterns.txt /home/preetham_sathineni/adslot/web_page_meta_dict_adslots_1_2_3_dataset_bmspostxt.pkl /home/preetham_sathineni/adslot/web_page_freq_sorted_adslots_1_2_3_dataset_bmspostxt.pkl 4436,1322,2246,1316,6485,5655,2855,5409,5588,1914,6735,2707,1533,2083,1182,3197,4911,5329,6460,5745,6739,6558,6004,4014,1052,5457,3775,2327,5273,4330,5915,4463,2369,3324,4366,2865,3925,4327,5453,3559,3089,3465,5473,2101,5025,6450,1098,6737,2696,6464,6922,5756,2342,3947,3538,3734,6466,2811,2016,6551,3877,2515,4230,5328,5777,2013,1973,6838,3814,4943,6822,1387,2330,5235,5859,2683,1115,5835,4868,3515,5981,3111,2208,1881,3363,2008,3685,5679,6563,1117,4501,4904,6643,1432,4253,4982,6816,1131,2432,5526,2239,4989,3699,1658,5499,4605,1774,2503,6167,2759,5356,6262,6273,6557,4679,2148,1227,6438,2556,6871,2659,3794,3655,3756,4406,5834,2203,1308,1188,3662,5616,4294,2423,2750,2756,3672,5710,6208,3518,1874,4508,3697,4961,5151,2105,2429,2427,2598,2942,2530,3673,2681,4009,1962,5070,2887,5992,3632,4666,5733,2475,5230,2158,5808,6396,1441,3440,3382,5640,6539,2225,3675,6886,3359,5624,4704,4345,6517,4728,2730,5337,5365,4932,2603,3644,3945,4024,6673,1891,5780,2541,6016,3784,4622,3695,3754,3221,5476,3935,2549,4886,1678,2265,6973,3472,3566,6028,6635,1454,3332,3171,2214,5145,1371,3302,5638,6161,5003,1180,1850,4950,1022,1018,5432,5310,3930,1268,3489,1975,2071,3222,5531,3755,3433,1438,6505,4311,1156,1033,4243,5476,2599,3997,5114,4873,2685,6353,3144,6171,6281,3360,2041,5913,1880,1595,2812,1756,4435,2141,1878,4419,4589,1822,4743,1789,2639,2771,4574,4783,1401,4961,4578,2888,4120,6962,1838,5821,4615,4933,6741,4987,1801,5186,2977,5332,4630,6040,5652,2108,5317,2193,4053,3892,1748,1874,4932,5224,5124,6910,5763 /tmp/1646300245352.txt 2 ./1646300245348.json ./1646300245344.json
AD REPEATABILITY OF OUR NEW METHOD : 300
0.35533

ALLOCATING WITH OUR OLD METHOD: 300
python alloc_fresh.py ../test1/bmspos_minfreq_0.02_maxcs_1_maxor_0.1/patterns.txt /home/preetham_sathineni/adslot/web_page_meta_dict_adslots_1_dataset_bmspostxt.pkl /home/preetham_sathineni/adslot/web_page_freq_sorted_adslots_1_dataset_bmspostxt.pkl 4436,1322,2246,1316,6485,5655,2855,5409,5588,1914,6735,2707,1533,2083,1182,3197,4911,5329,6460,5745,6739,6558,6004,4014,1052,5457,3775,2327,5273,4330,5915,4463,2369,3324,4366,2865,3925,4327,5453,3559,3089,3465,5473,2101,5025,6450,1098,6737,2696,6464,6922,5756,2342,3947,3538,3734,6466,2811,2016,6551,3877,2515,4230,5328,5777,2013,1973,6838,3814,4943,6822,1387,2330,5235,5859,2683,1115,5835,4868,3515,5981,3111,2208,1881,3363,2008,3685,5679,6563,1117,4501,4904,6643,1432,4253,4982,6816,1131,2432,5526,2239,4989,3699,1658,5499,4605,1774,2503,6167,2759,5356,6262,6273,6557,4679,2148,1227,6438,2556,6871,2659,3794,3655,3756,4406,5834,2203,1308,1188,3662,5616,4294,2423,2750,2756,3672,5710,6208,3518,1874,4508,3697,4961,5151,2105,2429,2427,2598,2942,2530,3673,2681,4009,1962,5070,2887,5992,3632,4666,5733,2475,5230,2158,5808,6396,1441,3440,3382,5640,6539,2225,3675,6886,3359,5624,4704,4345,6517,4728,2730,5337,5365,4932,2603,3644,3945,4024,6673,1891,5780,2541,6016,3784,4622,3695,3754,3221,5476,3935,2549,4886,1678,2265,6973,3472,3566,6028,6635,1454,3332,3171,2214,5145,1371,3302,5638,6161,5003,1180,1850,4950,1022,1018,5432,5310,3930,1268,3489,1975,2071,3222,5531,3755,3433,1438,6505,4311,1156,1033,4243,5476,2599,3997,5114,4873,2685,6353,3144,6171,6281,3360,2041,5913,1880,1595,2812,1756,4435,2141,1878,4419,4589,1822,4743,1789,2639,2771,4574,4783,1401,4961,4578,2888,4120,6962,1838,5821,4615,4933,6741,4987,1801,5186,2977,5332,4630,6040,5652,2108,5317,2193,4053,3892,1748,1874,4932,5224,5124,6910,5763 /tmp/1646300248827.txt 2 ./1646300245348.json ./1646300245344.json
AD REPEATABILITY OF ONE-SLOT METHOD : 300
0.21016

[One slot] ALLOCATING WITH RANDOM METHOD: 300
0.37865

[Multi slots] ALLOCATING WITH RANDOM METHOD: 300
AD REPEATABILITY OF RANDOM METHOD: 300
0.74628

allocated
{'VFS_one_method': [0], 'VFS_multi_method': [0], 'new_method': [210], 'oneslot_method': [83]}
adrepp
{'VFS_one_method': ['0.37865'], 'VFS_multi_method': ['0.74628'], 'new_method': ['0.35533'], 'oneslot_method': ['0.21016']}
revenue
{'VFS_one_method': [], 'VFS_multi_method': [], 'new_method': [], 'oneslot_method': []}
