==========================================
SLURM_JOB_ID = 620341
SLURM_NODELIST = gnode37
SLURM_JOB_GPUS = 1
==========================================
got patterns
sorted patterns
started allocation
Allocation accuracy: 20
total views sold: 91988
Allocation accuracy new method: 20
0.0
got patterns
sorted patterns
started allocation
Allocation accuracy: 20
total views sold: 91988
Allocation accuracy new method: 20
('META_DATA_FILE_PATH', '/home/preetham_sathineni/adslot/web_page_meta_dict_adslots_1_dataset_bmspostxt.pkl')
/tmp/1646314915275.txt
Allocation accuracy: 20
total views sold: 91988
('META_DATA_FILE_PATH', '/home/preetham_sathineni/adslot/web_page_meta_dict_adslots_3_dataset_bmspostxt.pkl')
/tmp/1646314915784.txt
Allocation accuracy: 20
total views sold: 91988
###############     ARGUMENTS     ############
['plot_results.py', '../test1/bmspos_minfreq_0.0025_maxcs_1_maxor_0.01/patterns.txt', '../CMineMR-Mapreduce-algorithm-to-extract-coverage-patterns-master/dataset/bmspos.txt', '20', '4000', '3000', '3']
##############################################
web_page_to_adv_json_file : ./1646314908286.json
allocated_adslots_file: ./1646314908290.json
python alloc_fresh.py ../test1/bmspos_minfreq_0.0025_maxcs_1_maxor_0.01/patterns.txt /home/preetham_sathineni/adslot/web_page_meta_dict_adslots_3_dataset_bmspostxt.pkl /home/preetham_sathineni/adslot/web_page_freq_sorted_adslots_3_dataset_bmspostxt.pkl 1080,5985,3481,3255,6436,4047,3600,2666,5478,3238,6301,3948,1150,5369,6460,3057,6835,6965,6714,5923 /tmp/1646314908294.txt 2 ./1646314908290.json ./1646314908286.json
AD REPEATABILITY OF OUR NEW METHOD : 20
0.00027

ALLOCATING WITH OUR OLD METHOD: 20
python alloc_fresh.py ../test1/bmspos_minfreq_0.0025_maxcs_1_maxor_0.01/patterns.txt /home/preetham_sathineni/adslot/web_page_meta_dict_adslots_1_dataset_bmspostxt.pkl /home/preetham_sathineni/adslot/web_page_freq_sorted_adslots_1_dataset_bmspostxt.pkl 1080,5985,3481,3255,6436,4047,3600,2666,5478,3238,6301,3948,1150,5369,6460,3057,6835,6965,6714,5923 /tmp/1646314912073.txt 2 ./1646314908290.json ./1646314908286.json
AD REPEATABILITY OF ONE-SLOT METHOD : 20
0.00026

[One slot] ALLOCATING WITH RANDOM METHOD: 20
0.07741

[Multi slots] ALLOCATING WITH RANDOM METHOD: 20
AD REPEATABILITY OF RANDOM METHOD: 20
0.08941

allocated
{'VFS_one_method': [0], 'VFS_multi_method': [0], 'new_method': [20], 'oneslot_method': [20]}
adrepp
{'VFS_one_method': ['0.07741'], 'VFS_multi_method': ['0.08941'], 'new_method': ['0.00027'], 'oneslot_method': ['0.00026']}
revenue
{'VFS_one_method': [], 'VFS_multi_method': [], 'new_method': [], 'oneslot_method': []}
got patterns
sorted patterns
started allocation
Allocation accuracy: 40
total views sold: 165623
Allocation accuracy new method: 40
0.0
got patterns
sorted patterns
started allocation
Allocation accuracy: 40
total views sold: 165623
Allocation accuracy new method: 40
('META_DATA_FILE_PATH', '/home/preetham_sathineni/adslot/web_page_meta_dict_adslots_1_dataset_bmspostxt.pkl')
/tmp/1646314926266.txt
Allocation accuracy: 40
total views sold: 165623
('META_DATA_FILE_PATH', '/home/preetham_sathineni/adslot/web_page_meta_dict_adslots_3_dataset_bmspostxt.pkl')
/tmp/1646314926891.txt
Allocation accuracy: 40
total views sold: 165623
###############     ARGUMENTS     ############
['plot_results.py', '../test1/bmspos_minfreq_0.0025_maxcs_1_maxor_0.01/patterns.txt', '../CMineMR-Mapreduce-algorithm-to-extract-coverage-patterns-master/dataset/bmspos.txt', '40', '4000', '3000', '3']
##############################################
web_page_to_adv_json_file : ./1646314916736.json
allocated_adslots_file: ./1646314916740.json
python alloc_fresh.py ../test1/bmspos_minfreq_0.0025_maxcs_1_maxor_0.01/patterns.txt /home/preetham_sathineni/adslot/web_page_meta_dict_adslots_3_dataset_bmspostxt.pkl /home/preetham_sathineni/adslot/web_page_freq_sorted_adslots_3_dataset_bmspostxt.pkl 2425,3878,6861,6170,4377,5887,2787,3329,2375,3201,5632,6959,5816,5454,2336,1140,1331,3138,2567,6422,5396,6188,1980,1279,6293,5646,4202,5374,3293,4565,2180,6540,6278,3760,5261,2842,1197,5060,3223,2981 /tmp/1646314916743.txt 2 ./1646314916740.json ./1646314916736.json
AD REPEATABILITY OF OUR NEW METHOD : 40
0.00102

ALLOCATING WITH OUR OLD METHOD: 40
python alloc_fresh.py ../test1/bmspos_minfreq_0.0025_maxcs_1_maxor_0.01/patterns.txt /home/preetham_sathineni/adslot/web_page_meta_dict_adslots_1_dataset_bmspostxt.pkl /home/preetham_sathineni/adslot/web_page_freq_sorted_adslots_1_dataset_bmspostxt.pkl 2425,3878,6861,6170,4377,5887,2787,3329,2375,3201,5632,6959,5816,5454,2336,1140,1331,3138,2567,6422,5396,6188,1980,1279,6293,5646,4202,5374,3293,4565,2180,6540,6278,3760,5261,2842,1197,5060,3223,2981 /tmp/1646314921993.txt 2 ./1646314916740.json ./1646314916736.json
AD REPEATABILITY OF ONE-SLOT METHOD : 40
0.00081

[One slot] ALLOCATING WITH RANDOM METHOD: 40
0.09501

[Multi slots] ALLOCATING WITH RANDOM METHOD: 40
AD REPEATABILITY OF RANDOM METHOD: 40
0.12007

allocated
{'VFS_one_method': [0], 'VFS_multi_method': [0], 'new_method': [40], 'oneslot_method': [40]}
adrepp
{'VFS_one_method': ['0.09501'], 'VFS_multi_method': ['0.12007'], 'new_method': ['0.00102'], 'oneslot_method': ['0.00081']}
revenue
{'VFS_one_method': [], 'VFS_multi_method': [], 'new_method': [], 'oneslot_method': []}
got patterns
sorted patterns
started allocation
Allocation accuracy: 60
total views sold: 246154
Allocation accuracy new method: 60
0.0
got patterns
sorted patterns
started allocation
Allocation accuracy: 60
total views sold: 246154
Allocation accuracy new method: 60
('META_DATA_FILE_PATH', '/home/preetham_sathineni/adslot/web_page_meta_dict_adslots_1_dataset_bmspostxt.pkl')
/tmp/1646314940709.txt
Allocation accuracy: 60
total views sold: 246154
('META_DATA_FILE_PATH', '/home/preetham_sathineni/adslot/web_page_meta_dict_adslots_3_dataset_bmspostxt.pkl')
/tmp/1646314941488.txt
Allocation accuracy: 60
total views sold: 246154
###############     ARGUMENTS     ############
['plot_results.py', '../test1/bmspos_minfreq_0.0025_maxcs_1_maxor_0.01/patterns.txt', '../CMineMR-Mapreduce-algorithm-to-extract-coverage-patterns-master/dataset/bmspos.txt', '60', '4000', '3000', '3']
##############################################
web_page_to_adv_json_file : ./1646314927827.json
allocated_adslots_file: ./1646314927830.json
python alloc_fresh.py ../test1/bmspos_minfreq_0.0025_maxcs_1_maxor_0.01/patterns.txt /home/preetham_sathineni/adslot/web_page_meta_dict_adslots_3_dataset_bmspostxt.pkl /home/preetham_sathineni/adslot/web_page_freq_sorted_adslots_3_dataset_bmspostxt.pkl 4065,1602,3604,4994,6713,3409,2399,6558,1256,4168,4726,4775,5362,2644,6697,5671,2611,6517,3265,3042,3575,5980,4788,2763,1775,3907,2049,3525,5362,2514,2731,3589,6114,2785,5989,5676,3250,3418,3553,5418,3621,3819,5538,4189,2856,3781,5905,3728,6322,4383,3409,5456,2605,6204,3919,6301,2220,5181,1015,2863 /tmp/1646314927834.txt 2 ./1646314927830.json ./1646314927827.json
AD REPEATABILITY OF OUR NEW METHOD : 60
0.0011

ALLOCATING WITH OUR OLD METHOD: 60
python alloc_fresh.py ../test1/bmspos_minfreq_0.0025_maxcs_1_maxor_0.01/patterns.txt /home/preetham_sathineni/adslot/web_page_meta_dict_adslots_1_dataset_bmspostxt.pkl /home/preetham_sathineni/adslot/web_page_freq_sorted_adslots_1_dataset_bmspostxt.pkl 4065,1602,3604,4994,6713,3409,2399,6558,1256,4168,4726,4775,5362,2644,6697,5671,2611,6517,3265,3042,3575,5980,4788,2763,1775,3907,2049,3525,5362,2514,2731,3589,6114,2785,5989,5676,3250,3418,3553,5418,3621,3819,5538,4189,2856,3781,5905,3728,6322,4383,3409,5456,2605,6204,3919,6301,2220,5181,1015,2863 /tmp/1646314934998.txt 2 ./1646314927830.json ./1646314927827.json
AD REPEATABILITY OF ONE-SLOT METHOD : 60
0.00098

[One slot] ALLOCATING WITH RANDOM METHOD: 60
0.19606

[Multi slots] ALLOCATING WITH RANDOM METHOD: 60
AD REPEATABILITY OF RANDOM METHOD: 60
0.18579

allocated
{'VFS_one_method': [0], 'VFS_multi_method': [0], 'new_method': [60], 'oneslot_method': [60]}
adrepp
{'VFS_one_method': ['0.19606'], 'VFS_multi_method': ['0.18579'], 'new_method': ['0.0011'], 'oneslot_method': ['0.00098']}
revenue
{'VFS_one_method': [], 'VFS_multi_method': [], 'new_method': [], 'oneslot_method': []}
got patterns
sorted patterns
started allocation
Allocation accuracy: 80
total views sold: 320478
Allocation accuracy new method: 80
0.0
got patterns
sorted patterns
started allocation
Allocation accuracy: 80
total views sold: 320478
Allocation accuracy new method: 80
('META_DATA_FILE_PATH', '/home/preetham_sathineni/adslot/web_page_meta_dict_adslots_1_dataset_bmspostxt.pkl')
/tmp/1646314956684.txt
Allocation accuracy: 80
total views sold: 320478
('META_DATA_FILE_PATH', '/home/preetham_sathineni/adslot/web_page_meta_dict_adslots_3_dataset_bmspostxt.pkl')
/tmp/1646314957525.txt
Allocation accuracy: 80
total views sold: 320478
###############     ARGUMENTS     ############
['plot_results.py', '../test1/bmspos_minfreq_0.0025_maxcs_1_maxor_0.01/patterns.txt', '../CMineMR-Mapreduce-algorithm-to-extract-coverage-patterns-master/dataset/bmspos.txt', '80', '4000', '3000', '3']
##############################################
web_page_to_adv_json_file : ./1646314942569.json
allocated_adslots_file: ./1646314942573.json
python alloc_fresh.py ../test1/bmspos_minfreq_0.0025_maxcs_1_maxor_0.01/patterns.txt /home/preetham_sathineni/adslot/web_page_meta_dict_adslots_3_dataset_bmspostxt.pkl /home/preetham_sathineni/adslot/web_page_freq_sorted_adslots_3_dataset_bmspostxt.pkl 4955,2321,1473,1866,5799,4621,4876,1483,6478,3339,3864,3416,3601,5652,1036,5296,6403,1438,4084,1580,6779,1427,5105,6671,1030,4448,5176,6137,5901,2598,4774,4354,6542,6414,4919,5412,5187,3293,6234,6778,5463,4555,1532,3253,5808,4499,6602,2985,2134,6154,1442,2056,5590,3907,1693,1646,6020,5776,2051,2131,4750,5697,6413,2565,1190,3485,3676,2042,1835,1948,1294,4919,5374,3128,4408,2905,6242,5866,1174,3510 /tmp/1646314942577.txt 2 ./1646314942573.json ./1646314942569.json
AD REPEATABILITY OF OUR NEW METHOD : 80
0.00212

ALLOCATING WITH OUR OLD METHOD: 80
python alloc_fresh.py ../test1/bmspos_minfreq_0.0025_maxcs_1_maxor_0.01/patterns.txt /home/preetham_sathineni/adslot/web_page_meta_dict_adslots_1_dataset_bmspostxt.pkl /home/preetham_sathineni/adslot/web_page_freq_sorted_adslots_1_dataset_bmspostxt.pkl 4955,2321,1473,1866,5799,4621,4876,1483,6478,3339,3864,3416,3601,5652,1036,5296,6403,1438,4084,1580,6779,1427,5105,6671,1030,4448,5176,6137,5901,2598,4774,4354,6542,6414,4919,5412,5187,3293,6234,6778,5463,4555,1532,3253,5808,4499,6602,2985,2134,6154,1442,2056,5590,3907,1693,1646,6020,5776,2051,2131,4750,5697,6413,2565,1190,3485,3676,2042,1835,1948,1294,4919,5374,3128,4408,2905,6242,5866,1174,3510 /tmp/1646314950312.txt 2 ./1646314942573.json ./1646314942569.json
AD REPEATABILITY OF ONE-SLOT METHOD : 80
0.01667

[One slot] ALLOCATING WITH RANDOM METHOD: 80
0.2226

[Multi slots] ALLOCATING WITH RANDOM METHOD: 80
AD REPEATABILITY OF RANDOM METHOD: 80
0.24456

allocated
{'VFS_one_method': [0], 'VFS_multi_method': [0], 'new_method': [80], 'oneslot_method': [80]}
adrepp
{'VFS_one_method': ['0.2226'], 'VFS_multi_method': ['0.24456'], 'new_method': ['0.00212'], 'oneslot_method': ['0.01667']}
revenue
{'VFS_one_method': [], 'VFS_multi_method': [], 'new_method': [], 'oneslot_method': []}
got patterns
sorted patterns
started allocation
Allocation accuracy: 100
total views sold: 406115
Allocation accuracy new method: 100
0.0
got patterns
sorted patterns
started allocation
Allocation accuracy: 100
total views sold: 406115
Allocation accuracy new method: 100
('META_DATA_FILE_PATH', '/home/preetham_sathineni/adslot/web_page_meta_dict_adslots_1_dataset_bmspostxt.pkl')
/tmp/1646314975093.txt
Allocation accuracy: 86
total views sold: 385128
('META_DATA_FILE_PATH', '/home/preetham_sathineni/adslot/web_page_meta_dict_adslots_3_dataset_bmspostxt.pkl')
/tmp/1646314976060.txt
Allocation accuracy: 100
total views sold: 406115
###############     ARGUMENTS     ############
['plot_results.py', '../test1/bmspos_minfreq_0.0025_maxcs_1_maxor_0.01/patterns.txt', '../CMineMR-Mapreduce-algorithm-to-extract-coverage-patterns-master/dataset/bmspos.txt', '100', '4000', '3000', '3']
##############################################
web_page_to_adv_json_file : ./1646314958715.json
allocated_adslots_file: ./1646314958719.json
python alloc_fresh.py ../test1/bmspos_minfreq_0.0025_maxcs_1_maxor_0.01/patterns.txt /home/preetham_sathineni/adslot/web_page_meta_dict_adslots_3_dataset_bmspostxt.pkl /home/preetham_sathineni/adslot/web_page_freq_sorted_adslots_3_dataset_bmspostxt.pkl 4375,1030,5526,5768,6601,2594,2087,3511,3314,5033,4521,4548,4646,4808,3353,4843,6413,5481,3887,1516,5296,5035,3327,5043,3170,6706,5833,1515,2482,5166,2127,4913,5782,3153,1290,5352,2399,4965,1757,4953,1905,5468,3795,6848,5385,4330,6972,6281,1567,5249,6594,5032,5776,4286,2577,2775,1912,5621,4555,4504,6945,1454,5383,4812,6177,6768,2587,1900,2629,3709,5854,2542,6775,1502,2169,1355,3841,6732,5516,3667,5964,3473,2127,1327,5382,5596,5646,2537,2571,1300,2472,2821,3473,6057,5354,1569,2856,3034,2198,2490 /tmp/1646314958722.txt 2 ./1646314958719.json ./1646314958715.json
AD REPEATABILITY OF OUR NEW METHOD : 100
0.00273

ALLOCATING WITH OUR OLD METHOD: 100
python alloc_fresh.py ../test1/bmspos_minfreq_0.0025_maxcs_1_maxor_0.01/patterns.txt /home/preetham_sathineni/adslot/web_page_meta_dict_adslots_1_dataset_bmspostxt.pkl /home/preetham_sathineni/adslot/web_page_freq_sorted_adslots_1_dataset_bmspostxt.pkl 4375,1030,5526,5768,6601,2594,2087,3511,3314,5033,4521,4548,4646,4808,3353,4843,6413,5481,3887,1516,5296,5035,3327,5043,3170,6706,5833,1515,2482,5166,2127,4913,5782,3153,1290,5352,2399,4965,1757,4953,1905,5468,3795,6848,5385,4330,6972,6281,1567,5249,6594,5032,5776,4286,2577,2775,1912,5621,4555,4504,6945,1454,5383,4812,6177,6768,2587,1900,2629,3709,5854,2542,6775,1502,2169,1355,3841,6732,5516,3667,5964,3473,2127,1327,5382,5596,5646,2537,2571,1300,2472,2821,3473,6057,5354,1569,2856,3034,2198,2490 /tmp/1646314968348.txt 2 ./1646314958719.json ./1646314958715.json
AD REPEATABILITY OF ONE-SLOT METHOD : 100
0.05416

[One slot] ALLOCATING WITH RANDOM METHOD: 100
0.26241

[Multi slots] ALLOCATING WITH RANDOM METHOD: 100
AD REPEATABILITY OF RANDOM METHOD: 100
0.29158

allocated
{'VFS_one_method': [0], 'VFS_multi_method': [0], 'new_method': [100], 'oneslot_method': [100]}
adrepp
{'VFS_one_method': ['0.26241'], 'VFS_multi_method': ['0.29158'], 'new_method': ['0.00273'], 'oneslot_method': ['0.05416']}
revenue
{'VFS_one_method': [], 'VFS_multi_method': [], 'new_method': [], 'oneslot_method': []}
got patterns
sorted patterns
started allocation
Allocation accuracy: 120
total views sold: 492344
Allocation accuracy new method: 120
0.0
got patterns
sorted patterns
started allocation
Allocation accuracy: 120
total views sold: 492344
Allocation accuracy new method: 120
('META_DATA_FILE_PATH', '/home/preetham_sathineni/adslot/web_page_meta_dict_adslots_1_dataset_bmspostxt.pkl')
/tmp/1646314994932.txt
Allocation accuracy: 76
total views sold: 398945
('META_DATA_FILE_PATH', '/home/preetham_sathineni/adslot/web_page_meta_dict_adslots_3_dataset_bmspostxt.pkl')
/tmp/1646314995904.txt
Allocation accuracy: 120
total views sold: 492344
###############     ARGUMENTS     ############
['plot_results.py', '../test1/bmspos_minfreq_0.0025_maxcs_1_maxor_0.01/patterns.txt', '../CMineMR-Mapreduce-algorithm-to-extract-coverage-patterns-master/dataset/bmspos.txt', '120', '4000', '3000', '3']
##############################################
web_page_to_adv_json_file : ./1646314977332.json
allocated_adslots_file: ./1646314977336.json
python alloc_fresh.py ../test1/bmspos_minfreq_0.0025_maxcs_1_maxor_0.01/patterns.txt /home/preetham_sathineni/adslot/web_page_meta_dict_adslots_3_dataset_bmspostxt.pkl /home/preetham_sathineni/adslot/web_page_freq_sorted_adslots_3_dataset_bmspostxt.pkl 6644,5729,1644,2266,6914,4687,6979,4041,2000,4763,5094,4942,2796,6577,1390,3116,2221,4850,4440,6153,2514,6925,5403,4337,1295,5849,2672,3666,1366,2189,1314,5491,4817,2062,4987,1040,5257,4717,1969,5058,3380,6708,6641,2781,3574,6986,4415,3003,4356,6155,1752,5553,4885,2669,5868,6651,1141,6613,5559,2498,5391,4794,1557,1828,3110,6821,6448,2386,4578,6305,4439,1148,3536,5417,6065,3690,2090,2101,6532,5088,6263,4754,3033,2076,2152,4098,2190,2181,1716,3770,4669,6586,3674,4591,6795,4065,5908,6634,6322,3625,3320,4637,2455,5403,5287,1070,4453,1501,6768,5594,3933,5114,2333,4068,3490,2693,1738,3676,3095,1928 /tmp/1646314977339.txt 2 ./1646314977336.json ./1646314977332.json
AD REPEATABILITY OF OUR NEW METHOD : 120
0.00303

ALLOCATING WITH OUR OLD METHOD: 120
python alloc_fresh.py ../test1/bmspos_minfreq_0.0025_maxcs_1_maxor_0.01/patterns.txt /home/preetham_sathineni/adslot/web_page_meta_dict_adslots_1_dataset_bmspostxt.pkl /home/preetham_sathineni/adslot/web_page_freq_sorted_adslots_1_dataset_bmspostxt.pkl 6644,5729,1644,2266,6914,4687,6979,4041,2000,4763,5094,4942,2796,6577,1390,3116,2221,4850,4440,6153,2514,6925,5403,4337,1295,5849,2672,3666,1366,2189,1314,5491,4817,2062,4987,1040,5257,4717,1969,5058,3380,6708,6641,2781,3574,6986,4415,3003,4356,6155,1752,5553,4885,2669,5868,6651,1141,6613,5559,2498,5391,4794,1557,1828,3110,6821,6448,2386,4578,6305,4439,1148,3536,5417,6065,3690,2090,2101,6532,5088,6263,4754,3033,2076,2152,4098,2190,2181,1716,3770,4669,6586,3674,4591,6795,4065,5908,6634,6322,3625,3320,4637,2455,5403,5287,1070,4453,1501,6768,5594,3933,5114,2333,4068,3490,2693,1738,3676,3095,1928 /tmp/1646314987973.txt 2 ./1646314977336.json ./1646314977332.json
AD REPEATABILITY OF ONE-SLOT METHOD : 120
0.07834

[One slot] ALLOCATING WITH RANDOM METHOD: 120
0.32096

[Multi slots] ALLOCATING WITH RANDOM METHOD: 120
AD REPEATABILITY OF RANDOM METHOD: 120
0.42104

allocated
{'VFS_one_method': [0], 'VFS_multi_method': [0], 'new_method': [120], 'oneslot_method': [120]}
adrepp
{'VFS_one_method': ['0.32096'], 'VFS_multi_method': ['0.42104'], 'new_method': ['0.00303'], 'oneslot_method': ['0.07834']}
revenue
{'VFS_one_method': [], 'VFS_multi_method': [], 'new_method': [], 'oneslot_method': []}
got patterns
sorted patterns
started allocation
Allocation accuracy: 140
total views sold: 531974
Allocation accuracy new method: 140
0.0
got patterns
sorted patterns
started allocation
Allocation accuracy: 140
total views sold: 531974
Allocation accuracy new method: 140
('META_DATA_FILE_PATH', '/home/preetham_sathineni/adslot/web_page_meta_dict_adslots_1_dataset_bmspostxt.pkl')
/tmp/1646315015662.txt
Allocation accuracy: 76
total views sold: 398119
('META_DATA_FILE_PATH', '/home/preetham_sathineni/adslot/web_page_meta_dict_adslots_3_dataset_bmspostxt.pkl')
/tmp/1646315016656.txt
Allocation accuracy: 140
total views sold: 531974
###############     ARGUMENTS     ############
['plot_results.py', '../test1/bmspos_minfreq_0.0025_maxcs_1_maxor_0.01/patterns.txt', '../CMineMR-Mapreduce-algorithm-to-extract-coverage-patterns-master/dataset/bmspos.txt', '140', '4000', '3000', '3']
##############################################
web_page_to_adv_json_file : ./1646314997290.json
allocated_adslots_file: ./1646314997293.json
python alloc_fresh.py ../test1/bmspos_minfreq_0.0025_maxcs_1_maxor_0.01/patterns.txt /home/preetham_sathineni/adslot/web_page_meta_dict_adslots_3_dataset_bmspostxt.pkl /home/preetham_sathineni/adslot/web_page_freq_sorted_adslots_3_dataset_bmspostxt.pkl 4794,5787,1832,4347,5726,3310,2854,5549,1239,4703,6750,4181,2684,1264,6250,3198,4436,1104,5179,4351,3961,6213,4677,5353,1790,5123,1755,3147,4853,4026,1315,2804,5790,2756,1230,6519,4687,2921,6341,6350,1137,5701,6893,5285,6008,1593,1423,4593,4276,1790,6322,2716,4648,2599,6335,6000,1477,5562,6051,5766,1243,6452,3967,2684,6245,3143,1749,3539,1207,4469,1023,1502,4777,1232,2925,3431,4696,3746,6404,2417,3354,6183,3990,4540,2240,1348,3621,3402,2654,2904,6119,6832,4988,6006,3590,2409,5493,1404,5580,6474,1261,5730,1288,6665,3458,2618,1728,5373,2213,3362,6850,4967,2959,1070,3087,2991,5496,1594,6551,4932,5632,1723,3724,1577,4717,5128,1990,1512,3285,1254,1913,2905,4676,4441,2071,5849,2153,1382,3221,1322 /tmp/1646314997297.txt 2 ./1646314997293.json ./1646314997290.json
AD REPEATABILITY OF OUR NEW METHOD : 140
0.0034

ALLOCATING WITH OUR OLD METHOD: 140
python alloc_fresh.py ../test1/bmspos_minfreq_0.0025_maxcs_1_maxor_0.01/patterns.txt /home/preetham_sathineni/adslot/web_page_meta_dict_adslots_1_dataset_bmspostxt.pkl /home/preetham_sathineni/adslot/web_page_freq_sorted_adslots_1_dataset_bmspostxt.pkl 4794,5787,1832,4347,5726,3310,2854,5549,1239,4703,6750,4181,2684,1264,6250,3198,4436,1104,5179,4351,3961,6213,4677,5353,1790,5123,1755,3147,4853,4026,1315,2804,5790,2756,1230,6519,4687,2921,6341,6350,1137,5701,6893,5285,6008,1593,1423,4593,4276,1790,6322,2716,4648,2599,6335,6000,1477,5562,6051,5766,1243,6452,3967,2684,6245,3143,1749,3539,1207,4469,1023,1502,4777,1232,2925,3431,4696,3746,6404,2417,3354,6183,3990,4540,2240,1348,3621,3402,2654,2904,6119,6832,4988,6006,3590,2409,5493,1404,5580,6474,1261,5730,1288,6665,3458,2618,1728,5373,2213,3362,6850,4967,2959,1070,3087,2991,5496,1594,6551,4932,5632,1723,3724,1577,4717,5128,1990,1512,3285,1254,1913,2905,4676,4441,2071,5849,2153,1382,3221,1322 /tmp/1646315008761.txt 2 ./1646314997293.json ./1646314997290.json
AD REPEATABILITY OF ONE-SLOT METHOD : 140
0.09694

[One slot] ALLOCATING WITH RANDOM METHOD: 140
0.32683

[Multi slots] ALLOCATING WITH RANDOM METHOD: 140
AD REPEATABILITY OF RANDOM METHOD: 140
0.38409

allocated
{'VFS_one_method': [0], 'VFS_multi_method': [0], 'new_method': [140], 'oneslot_method': [140]}
adrepp
{'VFS_one_method': ['0.32683'], 'VFS_multi_method': ['0.38409'], 'new_method': ['0.0034'], 'oneslot_method': ['0.09694']}
revenue
{'VFS_one_method': [], 'VFS_multi_method': [], 'new_method': [], 'oneslot_method': []}
got patterns
sorted patterns
started allocation
Allocation accuracy: 160
total views sold: 625213
Allocation accuracy new method: 160
0.0
got patterns
sorted patterns
started allocation
Allocation accuracy: 160
total views sold: 625213
Allocation accuracy new method: 160
('META_DATA_FILE_PATH', '/home/preetham_sathineni/adslot/web_page_meta_dict_adslots_1_dataset_bmspostxt.pkl')
/tmp/1646315038214.txt
Allocation accuracy: 73
total views sold: 402139
('META_DATA_FILE_PATH', '/home/preetham_sathineni/adslot/web_page_meta_dict_adslots_3_dataset_bmspostxt.pkl')
/tmp/1646315039198.txt
Allocation accuracy: 160
total views sold: 625213
###############     ARGUMENTS     ############
['plot_results.py', '../test1/bmspos_minfreq_0.0025_maxcs_1_maxor_0.01/patterns.txt', '../CMineMR-Mapreduce-algorithm-to-extract-coverage-patterns-master/dataset/bmspos.txt', '160', '4000', '3000', '3']
##############################################
web_page_to_adv_json_file : ./1646315018054.json
allocated_adslots_file: ./1646315018057.json
python alloc_fresh.py ../test1/bmspos_minfreq_0.0025_maxcs_1_maxor_0.01/patterns.txt /home/preetham_sathineni/adslot/web_page_meta_dict_adslots_3_dataset_bmspostxt.pkl /home/preetham_sathineni/adslot/web_page_freq_sorted_adslots_3_dataset_bmspostxt.pkl 2139,5489,1355,2090,4287,3026,6598,4525,1891,3990,5818,1920,2898,5516,2242,1360,6098,2860,5354,2151,2852,4431,4935,3042,2285,6939,2389,1268,3493,1442,5476,6898,6251,3147,5649,6286,1799,1822,2253,1243,3138,2128,2202,5268,1676,1055,3603,6154,3561,6784,1254,6177,3330,4187,2664,4056,3056,5394,6644,2311,6553,5551,2134,5624,2919,6212,3773,6957,5943,6070,4066,4427,4390,5926,3141,5650,5040,6311,4200,2151,2784,6256,6414,2352,4711,6477,1566,2066,3859,4177,6738,5279,2303,2508,1641,3143,6187,1068,1224,1623,5571,4345,5537,3316,4564,1649,4311,6182,4509,2195,4029,2957,5807,4105,5218,5000,4912,4188,3216,6338,2781,1687,3831,5207,1179,2507,3727,5162,5222,4320,2097,3737,5391,6015,5501,5374,1855,3533,3336,3100,1369,3467,3915,3158,2574,1195,1927,3223,5423,4316,4721,6100,1485,2629,6013,4519,4856,4824,1619,4806 /tmp/1646315018061.txt 2 ./1646315018057.json ./1646315018054.json
AD REPEATABILITY OF OUR NEW METHOD : 160
0.00469

ALLOCATING WITH OUR OLD METHOD: 160
python alloc_fresh.py ../test1/bmspos_minfreq_0.0025_maxcs_1_maxor_0.01/patterns.txt /home/preetham_sathineni/adslot/web_page_meta_dict_adslots_1_dataset_bmspostxt.pkl /home/preetham_sathineni/adslot/web_page_freq_sorted_adslots_1_dataset_bmspostxt.pkl 2139,5489,1355,2090,4287,3026,6598,4525,1891,3990,5818,1920,2898,5516,2242,1360,6098,2860,5354,2151,2852,4431,4935,3042,2285,6939,2389,1268,3493,1442,5476,6898,6251,3147,5649,6286,1799,1822,2253,1243,3138,2128,2202,5268,1676,1055,3603,6154,3561,6784,1254,6177,3330,4187,2664,4056,3056,5394,6644,2311,6553,5551,2134,5624,2919,6212,3773,6957,5943,6070,4066,4427,4390,5926,3141,5650,5040,6311,4200,2151,2784,6256,6414,2352,4711,6477,1566,2066,3859,4177,6738,5279,2303,2508,1641,3143,6187,1068,1224,1623,5571,4345,5537,3316,4564,1649,4311,6182,4509,2195,4029,2957,5807,4105,5218,5000,4912,4188,3216,6338,2781,1687,3831,5207,1179,2507,3727,5162,5222,4320,2097,3737,5391,6015,5501,5374,1855,3533,3336,3100,1369,3467,3915,3158,2574,1195,1927,3223,5423,4316,4721,6100,1485,2629,6013,4519,4856,4824,1619,4806 /tmp/1646315031230.txt 2 ./1646315018057.json ./1646315018054.json
AD REPEATABILITY OF ONE-SLOT METHOD : 160
0.11537

[One slot] ALLOCATING WITH RANDOM METHOD: 160
0.3717

[Multi slots] ALLOCATING WITH RANDOM METHOD: 160
AD REPEATABILITY OF RANDOM METHOD: 160
0.40859

allocated
{'VFS_one_method': [0], 'VFS_multi_method': [0], 'new_method': [160], 'oneslot_method': [160]}
adrepp
{'VFS_one_method': ['0.3717'], 'VFS_multi_method': ['0.40859'], 'new_method': ['0.00469'], 'oneslot_method': ['0.11537']}
revenue
{'VFS_one_method': [], 'VFS_multi_method': [], 'new_method': [], 'oneslot_method': []}
got patterns
sorted patterns
started allocation
Allocation accuracy: 180
total views sold: 706742
Allocation accuracy new method: 180
0.0
got patterns
sorted patterns
started allocation
Allocation accuracy: 147
total views sold: 624463
Allocation accuracy new method: 147
('META_DATA_FILE_PATH', '/home/preetham_sathineni/adslot/web_page_meta_dict_adslots_1_dataset_bmspostxt.pkl')
/tmp/1646315063169.txt
Allocation accuracy: 71
total views sold: 411047
('META_DATA_FILE_PATH', '/home/preetham_sathineni/adslot/web_page_meta_dict_adslots_3_dataset_bmspostxt.pkl')
/tmp/1646315064164.txt
Allocation accuracy: 180
total views sold: 706742
###############     ARGUMENTS     ############
['plot_results.py', '../test1/bmspos_minfreq_0.0025_maxcs_1_maxor_0.01/patterns.txt', '../CMineMR-Mapreduce-algorithm-to-extract-coverage-patterns-master/dataset/bmspos.txt', '180', '4000', '3000', '3']
##############################################
web_page_to_adv_json_file : ./1646315040717.json
allocated_adslots_file: ./1646315040721.json
python alloc_fresh.py ../test1/bmspos_minfreq_0.0025_maxcs_1_maxor_0.01/patterns.txt /home/preetham_sathineni/adslot/web_page_meta_dict_adslots_3_dataset_bmspostxt.pkl /home/preetham_sathineni/adslot/web_page_freq_sorted_adslots_3_dataset_bmspostxt.pkl 2818,6770,3732,4001,4968,5074,4418,6853,2544,2505,2677,3033,6785,3726,1962,6480,6182,6060,6299,1598,4290,3793,2862,6564,6958,1452,5690,2604,5817,1785,5114,5642,3909,2005,1730,1713,3088,6627,1017,3072,3896,3244,6107,1414,4349,2837,6750,5680,4374,1725,4790,5396,2919,1241,6105,1166,4885,4161,6821,1027,4688,4900,5649,5291,5540,1220,1217,3518,1890,6395,2261,5679,3938,3615,1667,6178,2860,4113,5291,2257,4036,6922,4981,1015,5708,4489,5978,4863,4605,1317,5015,3437,4290,5022,2375,1248,1311,2353,6499,3719,2705,6816,6066,4437,4583,1618,3952,5192,2732,6888,2280,3595,3881,5993,1066,4032,1844,1062,1365,2061,4262,2165,2433,4461,6749,6584,1600,2349,6512,4712,5607,3409,6448,1460,4812,4228,1090,1076,6304,5139,2137,5236,4558,2507,5761,3738,1068,4936,6144,4618,4470,1263,6827,3559,4127,4189,5781,5200,1413,3016,1061,4295,4527,1907,6682,3946,6652,4242,2715,5276,5612,2411,3997,2612,5542,1761,4754,1031,1554,1595 /tmp/1646315040725.txt 2 ./1646315040721.json ./1646315040717.json
AD REPEATABILITY OF OUR NEW METHOD : 180
0.00392

ALLOCATING WITH OUR OLD METHOD: 180
python alloc_fresh.py ../test1/bmspos_minfreq_0.0025_maxcs_1_maxor_0.01/patterns.txt /home/preetham_sathineni/adslot/web_page_meta_dict_adslots_1_dataset_bmspostxt.pkl /home/preetham_sathineni/adslot/web_page_freq_sorted_adslots_1_dataset_bmspostxt.pkl 2818,6770,3732,4001,4968,5074,4418,6853,2544,2505,2677,3033,6785,3726,1962,6480,6182,6060,6299,1598,4290,3793,2862,6564,6958,1452,5690,2604,5817,1785,5114,5642,3909,2005,1730,1713,3088,6627,1017,3072,3896,3244,6107,1414,4349,2837,6750,5680,4374,1725,4790,5396,2919,1241,6105,1166,4885,4161,6821,1027,4688,4900,5649,5291,5540,1220,1217,3518,1890,6395,2261,5679,3938,3615,1667,6178,2860,4113,5291,2257,4036,6922,4981,1015,5708,4489,5978,4863,4605,1317,5015,3437,4290,5022,2375,1248,1311,2353,6499,3719,2705,6816,6066,4437,4583,1618,3952,5192,2732,6888,2280,3595,3881,5993,1066,4032,1844,1062,1365,2061,4262,2165,2433,4461,6749,6584,1600,2349,6512,4712,5607,3409,6448,1460,4812,4228,1090,1076,6304,5139,2137,5236,4558,2507,5761,3738,1068,4936,6144,4618,4470,1263,6827,3559,4127,4189,5781,5200,1413,3016,1061,4295,4527,1907,6682,3946,6652,4242,2715,5276,5612,2411,3997,2612,5542,1761,4754,1031,1554,1595 /tmp/1646315055919.txt 2 ./1646315040721.json ./1646315040717.json
AD REPEATABILITY OF ONE-SLOT METHOD : 180
0.13921

[One slot] ALLOCATING WITH RANDOM METHOD: 180
0.37232

[Multi slots] ALLOCATING WITH RANDOM METHOD: 180
AD REPEATABILITY OF RANDOM METHOD: 180
0.52229

allocated
{'VFS_one_method': [0], 'VFS_multi_method': [0], 'new_method': [180], 'oneslot_method': [147]}
adrepp
{'VFS_one_method': ['0.37232'], 'VFS_multi_method': ['0.52229'], 'new_method': ['0.00392'], 'oneslot_method': ['0.13921']}
revenue
{'VFS_one_method': [], 'VFS_multi_method': [], 'new_method': [], 'oneslot_method': []}
got patterns
sorted patterns
started allocation
Allocation accuracy: 200
total views sold: 797927
Allocation accuracy new method: 200
0.0
got patterns
sorted patterns
started allocation
Allocation accuracy: 137
total views sold: 616249
Allocation accuracy new method: 137
('META_DATA_FILE_PATH', '/home/preetham_sathineni/adslot/web_page_meta_dict_adslots_1_dataset_bmspostxt.pkl')
/tmp/1646315088886.txt
Allocation accuracy: 71
total views sold: 425508
('META_DATA_FILE_PATH', '/home/preetham_sathineni/adslot/web_page_meta_dict_adslots_3_dataset_bmspostxt.pkl')
/tmp/1646315089874.txt
Allocation accuracy: 200
total views sold: 797927
###############     ARGUMENTS     ############
['plot_results.py', '../test1/bmspos_minfreq_0.0025_maxcs_1_maxor_0.01/patterns.txt', '../CMineMR-Mapreduce-algorithm-to-extract-coverage-patterns-master/dataset/bmspos.txt', '200', '4000', '3000', '3']
##############################################
web_page_to_adv_json_file : ./1646315065799.json
allocated_adslots_file: ./1646315065803.json
python alloc_fresh.py ../test1/bmspos_minfreq_0.0025_maxcs_1_maxor_0.01/patterns.txt /home/preetham_sathineni/adslot/web_page_meta_dict_adslots_3_dataset_bmspostxt.pkl /home/preetham_sathineni/adslot/web_page_freq_sorted_adslots_3_dataset_bmspostxt.pkl 4711,2403,2590,5649,2679,3063,2388,5946,4923,3786,2293,6819,4111,1641,6201,4013,1954,4060,2152,3672,3245,4099,1733,6329,6379,2808,2811,3706,5711,6295,5436,4268,6965,1711,2102,1004,3564,2503,1776,5964,5089,4408,3193,1195,5763,5261,3460,6192,3746,2002,5581,6629,3435,2682,1553,6394,1625,6568,2757,2226,3097,5826,2580,2505,3679,4530,6145,5602,4105,6690,3375,5571,3691,2128,2561,1865,1515,2674,3939,4374,3169,6675,6867,5039,1512,6407,4406,4013,6687,5692,1671,2944,5479,5118,1473,5833,1303,3735,2674,6374,1334,5826,4854,1854,3303,2345,1255,1787,5931,2181,3565,4253,2937,6761,1393,2805,2231,3221,2267,1405,4227,3123,3483,6537,1101,2918,3975,3447,3005,4528,6448,3523,2566,1829,1708,5544,5491,6497,6373,5366,1477,5951,5128,6086,4153,4563,2730,4275,1294,5740,3478,5739,2206,4201,6578,1004,6196,6340,6065,1667,5194,6595,6837,4610,3147,5589,4266,6849,5489,3134,1433,5479,3063,1800,4850,6440,4972,3769,3807,1249,2401,5605,6456,1024,6790,2094,1674,4966,3898,4778,5224,3381,2440,3398,5512,6554,2231,6079,5105,4932 /tmp/1646315065806.txt 2 ./1646315065803.json ./1646315065799.json
AD REPEATABILITY OF OUR NEW METHOD : 200
0.00492

ALLOCATING WITH OUR OLD METHOD: 200
python alloc_fresh.py ../test1/bmspos_minfreq_0.0025_maxcs_1_maxor_0.01/patterns.txt /home/preetham_sathineni/adslot/web_page_meta_dict_adslots_1_dataset_bmspostxt.pkl /home/preetham_sathineni/adslot/web_page_freq_sorted_adslots_1_dataset_bmspostxt.pkl 4711,2403,2590,5649,2679,3063,2388,5946,4923,3786,2293,6819,4111,1641,6201,4013,1954,4060,2152,3672,3245,4099,1733,6329,6379,2808,2811,3706,5711,6295,5436,4268,6965,1711,2102,1004,3564,2503,1776,5964,5089,4408,3193,1195,5763,5261,3460,6192,3746,2002,5581,6629,3435,2682,1553,6394,1625,6568,2757,2226,3097,5826,2580,2505,3679,4530,6145,5602,4105,6690,3375,5571,3691,2128,2561,1865,1515,2674,3939,4374,3169,6675,6867,5039,1512,6407,4406,4013,6687,5692,1671,2944,5479,5118,1473,5833,1303,3735,2674,6374,1334,5826,4854,1854,3303,2345,1255,1787,5931,2181,3565,4253,2937,6761,1393,2805,2231,3221,2267,1405,4227,3123,3483,6537,1101,2918,3975,3447,3005,4528,6448,3523,2566,1829,1708,5544,5491,6497,6373,5366,1477,5951,5128,6086,4153,4563,2730,4275,1294,5740,3478,5739,2206,4201,6578,1004,6196,6340,6065,1667,5194,6595,6837,4610,3147,5589,4266,6849,5489,3134,1433,5479,3063,1800,4850,6440,4972,3769,3807,1249,2401,5605,6456,1024,6790,2094,1674,4966,3898,4778,5224,3381,2440,3398,5512,6554,2231,6079,5105,4932 /tmp/1646315081722.txt 2 ./1646315065803.json ./1646315065799.json
AD REPEATABILITY OF ONE-SLOT METHOD : 200
0.16165

[One slot] ALLOCATING WITH RANDOM METHOD: 200
0.30579

[Multi slots] ALLOCATING WITH RANDOM METHOD: 200
AD REPEATABILITY OF RANDOM METHOD: 200
0.64986

allocated
{'VFS_one_method': [0], 'VFS_multi_method': [0], 'new_method': [200], 'oneslot_method': [137]}
adrepp
{'VFS_one_method': ['0.30579'], 'VFS_multi_method': ['0.64986'], 'new_method': ['0.00492'], 'oneslot_method': ['0.16165']}
revenue
{'VFS_one_method': [], 'VFS_multi_method': [], 'new_method': [], 'oneslot_method': []}
got patterns
sorted patterns
started allocation
Allocation accuracy: 220
total views sold: 846047
Allocation accuracy new method: 220
0.0
got patterns
sorted patterns
started allocation
Allocation accuracy: 147
total views sold: 631983
Allocation accuracy new method: 147
('META_DATA_FILE_PATH', '/home/preetham_sathineni/adslot/web_page_meta_dict_adslots_1_dataset_bmspostxt.pkl')
/tmp/1646315114767.txt
Allocation accuracy: 72
total views sold: 424738
('META_DATA_FILE_PATH', '/home/preetham_sathineni/adslot/web_page_meta_dict_adslots_3_dataset_bmspostxt.pkl')
/tmp/1646315115737.txt
Allocation accuracy: 220
total views sold: 846047
###############     ARGUMENTS     ############
['plot_results.py', '../test1/bmspos_minfreq_0.0025_maxcs_1_maxor_0.01/patterns.txt', '../CMineMR-Mapreduce-algorithm-to-extract-coverage-patterns-master/dataset/bmspos.txt', '220', '4000', '3000', '3']
##############################################
web_page_to_adv_json_file : ./1646315091656.json
allocated_adslots_file: ./1646315091660.json
python alloc_fresh.py ../test1/bmspos_minfreq_0.0025_maxcs_1_maxor_0.01/patterns.txt /home/preetham_sathineni/adslot/web_page_meta_dict_adslots_3_dataset_bmspostxt.pkl /home/preetham_sathineni/adslot/web_page_freq_sorted_adslots_3_dataset_bmspostxt.pkl 1153,5548,3178,2342,2974,4657,4035,4537,6498,1177,4013,2064,6782,4388,4719,5718,6431,5598,6801,2362,5379,1966,4921,3504,3023,6305,2253,3992,4680,2174,1365,5343,3672,1089,4276,1705,3936,3907,2790,6786,4791,3189,5798,5190,5510,4480,1580,1953,3632,3942,1815,5824,2350,1105,1336,1109,4358,4219,4401,1340,1650,1202,4021,6966,1871,4871,3604,5162,5434,3389,1383,2100,3348,1767,6306,6371,4838,3787,4497,2369,6081,2145,5680,1305,6082,4309,6598,2076,4464,1190,3884,2243,1183,4178,1725,6993,1344,3773,5937,1368,5819,2599,2909,5844,3933,4333,4272,3544,1780,1392,1627,5575,2348,5708,2329,2472,5339,5281,1961,5370,1080,1784,4069,6491,3204,5678,1176,6205,5665,4278,4630,2003,6325,4450,4812,6958,6551,2550,1989,5729,2870,1766,6177,2007,3732,4951,6736,4869,3014,6823,6831,6252,6328,5399,2771,2617,1230,2581,2467,3379,1047,1049,1302,5892,2800,3687,1727,1480,6256,4564,2161,3640,2240,6690,5579,4975,5353,2517,4347,4975,2149,4279,3278,4506,3434,2909,4733,6483,1124,6225,4774,5223,1924,4943,4022,4285,1234,5770,3109,5772,2101,2931,4815,5285,5210,6371,1709,5795,4024,2536,1426,6262,3422,1834,6772,1926,5090,3934,2789,3039 /tmp/1646315091663.txt 2 ./1646315091660.json ./1646315091656.json
AD REPEATABILITY OF OUR NEW METHOD : 220
0.02427

ALLOCATING WITH OUR OLD METHOD: 220
python alloc_fresh.py ../test1/bmspos_minfreq_0.0025_maxcs_1_maxor_0.01/patterns.txt /home/preetham_sathineni/adslot/web_page_meta_dict_adslots_1_dataset_bmspostxt.pkl /home/preetham_sathineni/adslot/web_page_freq_sorted_adslots_1_dataset_bmspostxt.pkl 1153,5548,3178,2342,2974,4657,4035,4537,6498,1177,4013,2064,6782,4388,4719,5718,6431,5598,6801,2362,5379,1966,4921,3504,3023,6305,2253,3992,4680,2174,1365,5343,3672,1089,4276,1705,3936,3907,2790,6786,4791,3189,5798,5190,5510,4480,1580,1953,3632,3942,1815,5824,2350,1105,1336,1109,4358,4219,4401,1340,1650,1202,4021,6966,1871,4871,3604,5162,5434,3389,1383,2100,3348,1767,6306,6371,4838,3787,4497,2369,6081,2145,5680,1305,6082,4309,6598,2076,4464,1190,3884,2243,1183,4178,1725,6993,1344,3773,5937,1368,5819,2599,2909,5844,3933,4333,4272,3544,1780,1392,1627,5575,2348,5708,2329,2472,5339,5281,1961,5370,1080,1784,4069,6491,3204,5678,1176,6205,5665,4278,4630,2003,6325,4450,4812,6958,6551,2550,1989,5729,2870,1766,6177,2007,3732,4951,6736,4869,3014,6823,6831,6252,6328,5399,2771,2617,1230,2581,2467,3379,1047,1049,1302,5892,2800,3687,1727,1480,6256,4564,2161,3640,2240,6690,5579,4975,5353,2517,4347,4975,2149,4279,3278,4506,3434,2909,4733,6483,1124,6225,4774,5223,1924,4943,4022,4285,1234,5770,3109,5772,2101,2931,4815,5285,5210,6371,1709,5795,4024,2536,1426,6262,3422,1834,6772,1926,5090,3934,2789,3039 /tmp/1646315107827.txt 2 ./1646315091660.json ./1646315091656.json
AD REPEATABILITY OF ONE-SLOT METHOD : 220
0.15063

[One slot] ALLOCATING WITH RANDOM METHOD: 220
0.34714

[Multi slots] ALLOCATING WITH RANDOM METHOD: 220
AD REPEATABILITY OF RANDOM METHOD: 220
0.55762

allocated
{'VFS_one_method': [0], 'VFS_multi_method': [0], 'new_method': [220], 'oneslot_method': [147]}
adrepp
{'VFS_one_method': ['0.34714'], 'VFS_multi_method': ['0.55762'], 'new_method': ['0.02427'], 'oneslot_method': ['0.15063']}
revenue
{'VFS_one_method': [], 'VFS_multi_method': [], 'new_method': [], 'oneslot_method': []}
got patterns
sorted patterns
started allocation
Allocation accuracy: 240
total views sold: 971451
Allocation accuracy new method: 240
0.0
got patterns
sorted patterns
started allocation
Allocation accuracy: 137
total views sold: 616716
Allocation accuracy new method: 137
('META_DATA_FILE_PATH', '/home/preetham_sathineni/adslot/web_page_meta_dict_adslots_1_dataset_bmspostxt.pkl')
/tmp/1646315141861.txt
Allocation accuracy: 65
total views sold: 402132
('META_DATA_FILE_PATH', '/home/preetham_sathineni/adslot/web_page_meta_dict_adslots_3_dataset_bmspostxt.pkl')
/tmp/1646315142928.txt
Allocation accuracy: 240
total views sold: 971451
###############     ARGUMENTS     ############
['plot_results.py', '../test1/bmspos_minfreq_0.0025_maxcs_1_maxor_0.01/patterns.txt', '../CMineMR-Mapreduce-algorithm-to-extract-coverage-patterns-master/dataset/bmspos.txt', '240', '4000', '3000', '3']
##############################################
web_page_to_adv_json_file : ./1646315117520.json
allocated_adslots_file: ./1646315117524.json
python alloc_fresh.py ../test1/bmspos_minfreq_0.0025_maxcs_1_maxor_0.01/patterns.txt /home/preetham_sathineni/adslot/web_page_meta_dict_adslots_3_dataset_bmspostxt.pkl /home/preetham_sathineni/adslot/web_page_freq_sorted_adslots_3_dataset_bmspostxt.pkl 2159,1131,2415,1949,2383,6347,5930,3877,3667,1602,6954,3869,3399,1301,1900,6840,2709,5008,6011,5865,1426,3500,5440,2575,5264,3908,3561,1374,6952,5520,5298,3311,6732,1000,5495,4823,3636,2652,6654,5846,3723,1417,1133,6674,4866,4573,1957,2886,2771,4650,3123,2554,4344,4651,1868,6478,6597,4364,4620,6784,5096,6122,3430,3796,3588,6593,4731,4176,4864,1468,3900,4926,2841,6229,6302,4937,2336,4054,4611,5791,5408,5321,2046,3864,3055,1612,5470,4810,5612,2319,3997,6472,5284,1044,3149,5583,6134,6496,4454,6243,4564,1844,1010,6262,2563,2181,1286,5726,4215,2125,1467,1126,5760,4873,1960,2167,5613,6586,3682,4752,5808,1486,2341,6793,4809,4543,6429,6675,2073,5836,3299,5496,1934,1985,6399,3655,5380,4473,1955,2874,5631,4430,1111,5256,4911,1688,2729,5041,1993,6448,2745,2640,1568,3741,2187,2949,3395,5986,6253,5188,6043,3579,5000,6421,6610,1776,6883,2971,1317,3264,4735,4368,1375,4432,2559,6560,5047,6447,4198,1925,4190,2355,2108,1489,1259,1821,3056,3949,4519,2778,6094,4510,6352,5055,4191,4136,3680,5806,3004,3449,3852,4436,4803,2053,4207,3090,4490,2208,6343,2913,1438,6563,6100,1519,6396,3463,4984,3264,3264,2203,3857,5858,2993,4840,3768,5044,4740,2409,5886,5004,5697,2438,6562,3647,1311,2574,6267,2128,5969,5184 /tmp/1646315117527.txt 2 ./1646315117524.json ./1646315117520.json
AD REPEATABILITY OF OUR NEW METHOD : 240
0.06762

ALLOCATING WITH OUR OLD METHOD: 240
python alloc_fresh.py ../test1/bmspos_minfreq_0.0025_maxcs_1_maxor_0.01/patterns.txt /home/preetham_sathineni/adslot/web_page_meta_dict_adslots_1_dataset_bmspostxt.pkl /home/preetham_sathineni/adslot/web_page_freq_sorted_adslots_1_dataset_bmspostxt.pkl 2159,1131,2415,1949,2383,6347,5930,3877,3667,1602,6954,3869,3399,1301,1900,6840,2709,5008,6011,5865,1426,3500,5440,2575,5264,3908,3561,1374,6952,5520,5298,3311,6732,1000,5495,4823,3636,2652,6654,5846,3723,1417,1133,6674,4866,4573,1957,2886,2771,4650,3123,2554,4344,4651,1868,6478,6597,4364,4620,6784,5096,6122,3430,3796,3588,6593,4731,4176,4864,1468,3900,4926,2841,6229,6302,4937,2336,4054,4611,5791,5408,5321,2046,3864,3055,1612,5470,4810,5612,2319,3997,6472,5284,1044,3149,5583,6134,6496,4454,6243,4564,1844,1010,6262,2563,2181,1286,5726,4215,2125,1467,1126,5760,4873,1960,2167,5613,6586,3682,4752,5808,1486,2341,6793,4809,4543,6429,6675,2073,5836,3299,5496,1934,1985,6399,3655,5380,4473,1955,2874,5631,4430,1111,5256,4911,1688,2729,5041,1993,6448,2745,2640,1568,3741,2187,2949,3395,5986,6253,5188,6043,3579,5000,6421,6610,1776,6883,2971,1317,3264,4735,4368,1375,4432,2559,6560,5047,6447,4198,1925,4190,2355,2108,1489,1259,1821,3056,3949,4519,2778,6094,4510,6352,5055,4191,4136,3680,5806,3004,3449,3852,4436,4803,2053,4207,3090,4490,2208,6343,2913,1438,6563,6100,1519,6396,3463,4984,3264,3264,2203,3857,5858,2993,4840,3768,5044,4740,2409,5886,5004,5697,2438,6562,3647,1311,2574,6267,2128,5969,5184 /tmp/1646315134836.txt 2 ./1646315117524.json ./1646315117520.json
AD REPEATABILITY OF ONE-SLOT METHOD : 240
0.17017

[One slot] ALLOCATING WITH RANDOM METHOD: 240
0.44434

[Multi slots] ALLOCATING WITH RANDOM METHOD: 240
AD REPEATABILITY OF RANDOM METHOD: 240
0.68008

allocated
{'VFS_one_method': [0], 'VFS_multi_method': [0], 'new_method': [240], 'oneslot_method': [137]}
adrepp
{'VFS_one_method': ['0.44434'], 'VFS_multi_method': ['0.68008'], 'new_method': ['0.06762'], 'oneslot_method': ['0.17017']}
revenue
{'VFS_one_method': [], 'VFS_multi_method': [], 'new_method': [], 'oneslot_method': []}
got patterns
sorted patterns
started allocation
Allocation accuracy: 260
total views sold: 1053201
Allocation accuracy new method: 260
0.0
got patterns
sorted patterns
started allocation
Allocation accuracy: 145
total views sold: 630852
Allocation accuracy new method: 145
('META_DATA_FILE_PATH', '/home/preetham_sathineni/adslot/web_page_meta_dict_adslots_1_dataset_bmspostxt.pkl')
/tmp/1646315169769.txt
Allocation accuracy: 67
total views sold: 414929
('META_DATA_FILE_PATH', '/home/preetham_sathineni/adslot/web_page_meta_dict_adslots_3_dataset_bmspostxt.pkl')
/tmp/1646315170771.txt
Allocation accuracy: 260
total views sold: 1053201
###############     ARGUMENTS     ############
['plot_results.py', '../test1/bmspos_minfreq_0.0025_maxcs_1_maxor_0.01/patterns.txt', '../CMineMR-Mapreduce-algorithm-to-extract-coverage-patterns-master/dataset/bmspos.txt', '260', '4000', '3000', '3']
##############################################
web_page_to_adv_json_file : ./1646315144955.json
allocated_adslots_file: ./1646315144959.json
python alloc_fresh.py ../test1/bmspos_minfreq_0.0025_maxcs_1_maxor_0.01/patterns.txt /home/preetham_sathineni/adslot/web_page_meta_dict_adslots_3_dataset_bmspostxt.pkl /home/preetham_sathineni/adslot/web_page_freq_sorted_adslots_3_dataset_bmspostxt.pkl 3264,2925,6808,6833,4477,5997,6440,5801,2333,6118,5662,4269,2040,3560,6692,5053,2840,5562,1424,5499,3085,2902,5424,6483,1302,5887,2366,4904,3698,6001,6428,2953,1385,3532,1257,5673,1147,5755,5960,5156,6668,2148,3189,2949,3577,3996,1898,6448,5398,2992,1358,6107,3152,6230,2393,5012,4424,5580,6837,1402,5416,4574,5796,6860,1817,1310,3547,2389,4086,1013,6214,4959,1380,6174,3707,5248,1909,3882,3360,3994,5450,5646,1848,4399,3482,6877,1210,2412,2351,4805,3193,3717,2075,5668,5649,5135,1481,5919,6775,2780,5486,6548,1872,2824,1240,1609,5764,4310,2051,4883,3211,1582,4242,6109,1390,1848,2651,3599,5154,5150,3837,5814,6885,5925,2933,2281,6369,4538,2147,5782,1959,3304,4737,5424,3672,2801,1063,1378,2285,5726,4347,4752,4645,4763,6173,2237,3708,2490,2950,5986,6704,5513,1730,6562,5648,4794,3429,1889,2414,1610,4344,2370,1198,6204,4916,1805,3894,2804,4820,5967,1630,5375,3466,3373,2988,6037,5132,3463,4116,4098,5250,2492,6380,1780,3551,1215,3837,3279,1834,6614,5493,5528,4463,6419,6003,1363,6311,6452,5913,1723,3464,3397,3992,4467,5696,2865,1212,6815,4300,5429,2845,5779,1510,3605,5387,5218,6355,5328,3535,3706,6654,4411,2400,2106,2951,1630,1447,4467,2384,1833,3871,5361,5646,6128,4949,6272,4306,5643,4404,6863,4131,3589,4826,1476,1740,3098,3853,5966,1526,4280,6151,5487,2056,1500,4828,2425,3313,6260,1032,5246 /tmp/1646315144963.txt 2 ./1646315144959.json ./1646315144955.json
AD REPEATABILITY OF OUR NEW METHOD : 260
0.11273

ALLOCATING WITH OUR OLD METHOD: 260
python alloc_fresh.py ../test1/bmspos_minfreq_0.0025_maxcs_1_maxor_0.01/patterns.txt /home/preetham_sathineni/adslot/web_page_meta_dict_adslots_1_dataset_bmspostxt.pkl /home/preetham_sathineni/adslot/web_page_freq_sorted_adslots_1_dataset_bmspostxt.pkl 3264,2925,6808,6833,4477,5997,6440,5801,2333,6118,5662,4269,2040,3560,6692,5053,2840,5562,1424,5499,3085,2902,5424,6483,1302,5887,2366,4904,3698,6001,6428,2953,1385,3532,1257,5673,1147,5755,5960,5156,6668,2148,3189,2949,3577,3996,1898,6448,5398,2992,1358,6107,3152,6230,2393,5012,4424,5580,6837,1402,5416,4574,5796,6860,1817,1310,3547,2389,4086,1013,6214,4959,1380,6174,3707,5248,1909,3882,3360,3994,5450,5646,1848,4399,3482,6877,1210,2412,2351,4805,3193,3717,2075,5668,5649,5135,1481,5919,6775,2780,5486,6548,1872,2824,1240,1609,5764,4310,2051,4883,3211,1582,4242,6109,1390,1848,2651,3599,5154,5150,3837,5814,6885,5925,2933,2281,6369,4538,2147,5782,1959,3304,4737,5424,3672,2801,1063,1378,2285,5726,4347,4752,4645,4763,6173,2237,3708,2490,2950,5986,6704,5513,1730,6562,5648,4794,3429,1889,2414,1610,4344,2370,1198,6204,4916,1805,3894,2804,4820,5967,1630,5375,3466,3373,2988,6037,5132,3463,4116,4098,5250,2492,6380,1780,3551,1215,3837,3279,1834,6614,5493,5528,4463,6419,6003,1363,6311,6452,5913,1723,3464,3397,3992,4467,5696,2865,1212,6815,4300,5429,2845,5779,1510,3605,5387,5218,6355,5328,3535,3706,6654,4411,2400,2106,2951,1630,1447,4467,2384,1833,3871,5361,5646,6128,4949,6272,4306,5643,4404,6863,4131,3589,4826,1476,1740,3098,3853,5966,1526,4280,6151,5487,2056,1500,4828,2425,3313,6260,1032,5246 /tmp/1646315161944.txt 2 ./1646315144959.json ./1646315144955.json
AD REPEATABILITY OF ONE-SLOT METHOD : 260
0.17629

[One slot] ALLOCATING WITH RANDOM METHOD: 260
0.38941

[Multi slots] ALLOCATING WITH RANDOM METHOD: 260
AD REPEATABILITY OF RANDOM METHOD: 260
0.80313

allocated
{'VFS_one_method': [0], 'VFS_multi_method': [0], 'new_method': [260], 'oneslot_method': [145]}
adrepp
{'VFS_one_method': ['0.38941'], 'VFS_multi_method': ['0.80313'], 'new_method': ['0.11273'], 'oneslot_method': ['0.17629']}
revenue
{'VFS_one_method': [], 'VFS_multi_method': [], 'new_method': [], 'oneslot_method': []}
got patterns
sorted patterns
started allocation
Allocation accuracy: 280
total views sold: 1111990
Allocation accuracy new method: 280
0.0
got patterns
sorted patterns
started allocation
Allocation accuracy: 142
total views sold: 621808
Allocation accuracy new method: 142
('META_DATA_FILE_PATH', '/home/preetham_sathineni/adslot/web_page_meta_dict_adslots_1_dataset_bmspostxt.pkl')
/tmp/1646315197915.txt
Allocation accuracy: 67
total views sold: 415778
('META_DATA_FILE_PATH', '/home/preetham_sathineni/adslot/web_page_meta_dict_adslots_3_dataset_bmspostxt.pkl')
/tmp/1646315198911.txt
Allocation accuracy: 280
total views sold: 1111990
###############     ARGUMENTS     ############
['plot_results.py', '../test1/bmspos_minfreq_0.0025_maxcs_1_maxor_0.01/patterns.txt', '../CMineMR-Mapreduce-algorithm-to-extract-coverage-patterns-master/dataset/bmspos.txt', '280', '4000', '3000', '3']
##############################################
web_page_to_adv_json_file : ./1646315172825.json
allocated_adslots_file: ./1646315172829.json
python alloc_fresh.py ../test1/bmspos_minfreq_0.0025_maxcs_1_maxor_0.01/patterns.txt /home/preetham_sathineni/adslot/web_page_meta_dict_adslots_3_dataset_bmspostxt.pkl /home/preetham_sathineni/adslot/web_page_freq_sorted_adslots_3_dataset_bmspostxt.pkl 1018,3580,1132,2209,2905,2165,3384,5482,5117,5139,1569,3712,4258,1194,4152,1514,1570,1375,5233,3786,3929,4530,3666,4021,3869,1452,5536,2499,5269,5575,2183,6971,3004,5524,5782,5398,4967,3401,5540,5801,1801,4142,1778,3783,4091,4376,2151,2264,6198,6575,5099,3200,6828,5823,6479,4149,4548,5059,1326,3975,1357,2962,3665,6620,4680,6571,5026,3000,3568,5297,1378,6579,4739,6532,2098,4529,2493,4218,4060,6673,1178,5689,1289,2130,3459,5715,3303,3693,3719,6491,6388,2699,1621,6730,3483,4139,5642,2341,3561,4596,3110,2733,2023,5342,3666,6765,2499,3208,1669,2686,1045,4521,5271,2863,3025,2237,3971,3387,5266,5832,3250,6109,3114,3124,3047,4419,3233,3410,4625,6813,2408,6549,5697,5032,4659,1157,4142,4903,5916,6664,2877,5853,6231,1491,5974,1472,5382,6215,4393,4549,6395,4752,4540,6824,2162,1204,6724,2933,4158,4782,1141,1833,1448,4146,6504,1623,6790,3581,6172,3023,3490,6540,3708,5634,1492,2196,2518,3404,1748,5807,3427,2452,4175,4792,4245,1954,6369,4906,5364,5121,2970,4268,2023,3852,6184,2545,6856,2474,6141,3543,1341,2188,5670,6132,6869,5102,4580,5405,3113,1142,5086,6872,6128,2208,2797,3261,6123,5605,4129,1472,2101,2219,4033,6150,1532,3865,3471,1363,4028,1662,4319,5344,5730,1742,1895,1713,5833,1266,2134,3647,5940,5598,4050,2699,2091,3638,6222,2968,2897,2778,3405,5331,4862,5471,5033,3634,4060,5210,5494,3389,2376,1709,4693,4161,2342,5821,1704,6488,5777,3488,2708,3445,1696,4454,2128,6783,3427,5037,6723,1263 /tmp/1646315172832.txt 2 ./1646315172829.json ./1646315172825.json
AD REPEATABILITY OF OUR NEW METHOD : 280
0.15051

ALLOCATING WITH OUR OLD METHOD: 280
python alloc_fresh.py ../test1/bmspos_minfreq_0.0025_maxcs_1_maxor_0.01/patterns.txt /home/preetham_sathineni/adslot/web_page_meta_dict_adslots_1_dataset_bmspostxt.pkl /home/preetham_sathineni/adslot/web_page_freq_sorted_adslots_1_dataset_bmspostxt.pkl 1018,3580,1132,2209,2905,2165,3384,5482,5117,5139,1569,3712,4258,1194,4152,1514,1570,1375,5233,3786,3929,4530,3666,4021,3869,1452,5536,2499,5269,5575,2183,6971,3004,5524,5782,5398,4967,3401,5540,5801,1801,4142,1778,3783,4091,4376,2151,2264,6198,6575,5099,3200,6828,5823,6479,4149,4548,5059,1326,3975,1357,2962,3665,6620,4680,6571,5026,3000,3568,5297,1378,6579,4739,6532,2098,4529,2493,4218,4060,6673,1178,5689,1289,2130,3459,5715,3303,3693,3719,6491,6388,2699,1621,6730,3483,4139,5642,2341,3561,4596,3110,2733,2023,5342,3666,6765,2499,3208,1669,2686,1045,4521,5271,2863,3025,2237,3971,3387,5266,5832,3250,6109,3114,3124,3047,4419,3233,3410,4625,6813,2408,6549,5697,5032,4659,1157,4142,4903,5916,6664,2877,5853,6231,1491,5974,1472,5382,6215,4393,4549,6395,4752,4540,6824,2162,1204,6724,2933,4158,4782,1141,1833,1448,4146,6504,1623,6790,3581,6172,3023,3490,6540,3708,5634,1492,2196,2518,3404,1748,5807,3427,2452,4175,4792,4245,1954,6369,4906,5364,5121,2970,4268,2023,3852,6184,2545,6856,2474,6141,3543,1341,2188,5670,6132,6869,5102,4580,5405,3113,1142,5086,6872,6128,2208,2797,3261,6123,5605,4129,1472,2101,2219,4033,6150,1532,3865,3471,1363,4028,1662,4319,5344,5730,1742,1895,1713,5833,1266,2134,3647,5940,5598,4050,2699,2091,3638,6222,2968,2897,2778,3405,5331,4862,5471,5033,3634,4060,5210,5494,3389,2376,1709,4693,4161,2342,5821,1704,6488,5777,3488,2708,3445,1696,4454,2128,6783,3427,5037,6723,1263 /tmp/1646315190956.txt 2 ./1646315172829.json ./1646315172825.json
AD REPEATABILITY OF ONE-SLOT METHOD : 280
0.18554

[One slot] ALLOCATING WITH RANDOM METHOD: 280
0.37039

[Multi slots] ALLOCATING WITH RANDOM METHOD: 280
AD REPEATABILITY OF RANDOM METHOD: 280
0.81474

allocated
{'VFS_one_method': [0], 'VFS_multi_method': [0], 'new_method': [280], 'oneslot_method': [142]}
adrepp
{'VFS_one_method': ['0.37039'], 'VFS_multi_method': ['0.81474'], 'new_method': ['0.15051'], 'oneslot_method': ['0.18554']}
revenue
{'VFS_one_method': [], 'VFS_multi_method': [], 'new_method': [], 'oneslot_method': []}
got patterns
sorted patterns
started allocation
Allocation accuracy: 300
total views sold: 1267953
Allocation accuracy new method: 300
0.0
got patterns
sorted patterns
started allocation
Allocation accuracy: 137
total views sold: 619545
Allocation accuracy new method: 137
('META_DATA_FILE_PATH', '/home/preetham_sathineni/adslot/web_page_meta_dict_adslots_1_dataset_bmspostxt.pkl')
/tmp/1646315226581.txt
Allocation accuracy: 68
total views sold: 437678
('META_DATA_FILE_PATH', '/home/preetham_sathineni/adslot/web_page_meta_dict_adslots_3_dataset_bmspostxt.pkl')
/tmp/1646315227575.txt
Allocation accuracy: 248
total views sold: 1182199
###############     ARGUMENTS     ############
['plot_results.py', '../test1/bmspos_minfreq_0.0025_maxcs_1_maxor_0.01/patterns.txt', '../CMineMR-Mapreduce-algorithm-to-extract-coverage-patterns-master/dataset/bmspos.txt', '300', '4000', '3000', '3']
##############################################
web_page_to_adv_json_file : ./1646315201029.json
allocated_adslots_file: ./1646315201033.json
python alloc_fresh.py ../test1/bmspos_minfreq_0.0025_maxcs_1_maxor_0.01/patterns.txt /home/preetham_sathineni/adslot/web_page_meta_dict_adslots_3_dataset_bmspostxt.pkl /home/preetham_sathineni/adslot/web_page_freq_sorted_adslots_3_dataset_bmspostxt.pkl 6394,4802,6027,4648,6058,5727,2876,1437,6566,3857,1686,1837,5433,3166,5346,2702,5131,4983,4947,6990,2882,2718,6073,2639,3569,6131,3724,2836,4664,5019,6115,6179,3419,4525,2080,2220,4841,4486,4693,6279,3472,5057,4742,5389,5143,4681,4332,5019,5147,6094,5696,2507,5518,6907,2264,6226,2674,1583,5445,6622,6489,4410,5418,6796,2705,3400,2037,6762,1782,3580,1776,1903,5383,6883,5620,3165,6819,2281,6767,6159,3191,3546,1882,4665,3804,6518,6195,3596,6722,3772,5671,1125,1919,1332,4508,5436,2904,1797,4042,2914,1934,2379,4967,2848,1958,2820,4028,6141,5379,3706,5581,2085,2897,1957,1906,6934,3047,4268,1215,4934,4799,6771,3750,6442,2400,5977,3738,6826,4238,1259,6819,6419,6531,2477,3047,5357,5060,1259,3377,3160,6665,5808,6407,5667,5645,5054,3619,5421,5724,1544,1682,3959,6059,4275,2523,4232,2318,6006,6893,3301,2930,1036,5113,4680,4931,2886,2040,6881,4680,4826,3022,4165,6758,2310,1026,3752,5661,4662,4986,3261,2575,3468,5558,5869,2654,5079,5411,1134,5397,2808,3243,2342,3996,3719,1658,6145,6380,4821,4854,1309,3459,5609,1318,1692,3961,6143,4582,6725,4982,1200,6343,4242,6105,5933,2834,2311,4895,2954,6488,2828,1471,4091,1540,6663,2843,3865,2087,5766,5479,4777,5732,6093,3338,1742,1203,2838,3171,5053,5275,2402,1859,1512,3487,6479,3803,1678,3524,2098,3995,6279,1477,5341,4112,6697,3695,5215,5240,6267,4938,6620,4914,6334,6690,6230,1144,2591,3632,6040,4175,4777,4310,3491,6683,6270,2402,5285,3133,6235,6191,1351,4701,5017,2129,1037,5604,1216,6762,6737,6570,2391,5086,3145,4815,3830,5438,6407,3289,3909,4171,2057 /tmp/1646315201037.txt 2 ./1646315201033.json ./1646315201029.json
AD REPEATABILITY OF OUR NEW METHOD : 300
0.19104

ALLOCATING WITH OUR OLD METHOD: 300
python alloc_fresh.py ../test1/bmspos_minfreq_0.0025_maxcs_1_maxor_0.01/patterns.txt /home/preetham_sathineni/adslot/web_page_meta_dict_adslots_1_dataset_bmspostxt.pkl /home/preetham_sathineni/adslot/web_page_freq_sorted_adslots_1_dataset_bmspostxt.pkl 6394,4802,6027,4648,6058,5727,2876,1437,6566,3857,1686,1837,5433,3166,5346,2702,5131,4983,4947,6990,2882,2718,6073,2639,3569,6131,3724,2836,4664,5019,6115,6179,3419,4525,2080,2220,4841,4486,4693,6279,3472,5057,4742,5389,5143,4681,4332,5019,5147,6094,5696,2507,5518,6907,2264,6226,2674,1583,5445,6622,6489,4410,5418,6796,2705,3400,2037,6762,1782,3580,1776,1903,5383,6883,5620,3165,6819,2281,6767,6159,3191,3546,1882,4665,3804,6518,6195,3596,6722,3772,5671,1125,1919,1332,4508,5436,2904,1797,4042,2914,1934,2379,4967,2848,1958,2820,4028,6141,5379,3706,5581,2085,2897,1957,1906,6934,3047,4268,1215,4934,4799,6771,3750,6442,2400,5977,3738,6826,4238,1259,6819,6419,6531,2477,3047,5357,5060,1259,3377,3160,6665,5808,6407,5667,5645,5054,3619,5421,5724,1544,1682,3959,6059,4275,2523,4232,2318,6006,6893,3301,2930,1036,5113,4680,4931,2886,2040,6881,4680,4826,3022,4165,6758,2310,1026,3752,5661,4662,4986,3261,2575,3468,5558,5869,2654,5079,5411,1134,5397,2808,3243,2342,3996,3719,1658,6145,6380,4821,4854,1309,3459,5609,1318,1692,3961,6143,4582,6725,4982,1200,6343,4242,6105,5933,2834,2311,4895,2954,6488,2828,1471,4091,1540,6663,2843,3865,2087,5766,5479,4777,5732,6093,3338,1742,1203,2838,3171,5053,5275,2402,1859,1512,3487,6479,3803,1678,3524,2098,3995,6279,1477,5341,4112,6697,3695,5215,5240,6267,4938,6620,4914,6334,6690,6230,1144,2591,3632,6040,4175,4777,4310,3491,6683,6270,2402,5285,3133,6235,6191,1351,4701,5017,2129,1037,5604,1216,6762,6737,6570,2391,5086,3145,4815,3830,5438,6407,3289,3909,4171,2057 /tmp/1646315219366.txt 2 ./1646315201033.json ./1646315201029.json
AD REPEATABILITY OF ONE-SLOT METHOD : 300
0.19188

[One slot] ALLOCATING WITH RANDOM METHOD: 300
0.37832

[Multi slots] ALLOCATING WITH RANDOM METHOD: 300
AD REPEATABILITY OF RANDOM METHOD: 300
0.91184

allocated
{'VFS_one_method': [0], 'VFS_multi_method': [0], 'new_method': [300], 'oneslot_method': [137]}
adrepp
{'VFS_one_method': ['0.37832'], 'VFS_multi_method': ['0.91184'], 'new_method': ['0.19104'], 'oneslot_method': ['0.19188']}
revenue
{'VFS_one_method': [], 'VFS_multi_method': [], 'new_method': [], 'oneslot_method': []}
got patterns
sorted patterns
started allocation
Allocation accuracy: 320
total views sold: 1322841
Allocation accuracy new method: 320
0.0
got patterns
sorted patterns
started allocation
Allocation accuracy: 151
total views sold: 637828
Allocation accuracy new method: 151
('META_DATA_FILE_PATH', '/home/preetham_sathineni/adslot/web_page_meta_dict_adslots_1_dataset_bmspostxt.pkl')
/tmp/1646315254113.txt
Allocation accuracy: 65
total views sold: 421864
('META_DATA_FILE_PATH', '/home/preetham_sathineni/adslot/web_page_meta_dict_adslots_3_dataset_bmspostxt.pkl')
/tmp/1646315255116.txt
Allocation accuracy: 236
total views sold: 1175152
###############     ARGUMENTS     ############
['plot_results.py', '../test1/bmspos_minfreq_0.0025_maxcs_1_maxor_0.01/patterns.txt', '../CMineMR-Mapreduce-algorithm-to-extract-coverage-patterns-master/dataset/bmspos.txt', '320', '4000', '3000', '3']
##############################################
web_page_to_adv_json_file : ./1646315229704.json
allocated_adslots_file: ./1646315229707.json
python alloc_fresh.py ../test1/bmspos_minfreq_0.0025_maxcs_1_maxor_0.01/patterns.txt /home/preetham_sathineni/adslot/web_page_meta_dict_adslots_3_dataset_bmspostxt.pkl /home/preetham_sathineni/adslot/web_page_freq_sorted_adslots_3_dataset_bmspostxt.pkl 5984,2694,5038,1119,6524,6419,5744,3117,2882,6852,1614,2623,3065,3875,2962,5685,5116,6352,1815,4101,3969,2063,6452,4569,6901,3256,2506,4195,3154,6598,2474,5673,1726,4896,5846,3154,6634,1277,3903,5729,4683,2743,6743,5554,6712,5097,4669,5801,4261,5499,6346,4551,2591,5536,1551,5457,6247,3142,6161,6719,2053,2962,1219,1318,3984,4700,3872,3340,5333,3539,6196,3732,1080,5815,2170,3884,1623,2421,1168,3701,5632,3424,1949,5476,5265,1814,3792,3609,5810,6675,4227,2065,3389,5664,4949,4556,4072,6399,4680,4604,6677,3928,5566,1970,2233,5625,4312,6153,1243,6306,3274,1161,5200,1234,5140,2456,4661,4241,6111,1885,5352,5551,5476,4312,6801,2719,5301,6693,6582,4421,3150,6785,4319,3197,3940,5574,5529,3339,5170,3758,6336,4618,4877,5649,2020,1243,2537,1943,5278,5995,6684,3946,6494,6566,4577,3282,6102,5487,6373,6585,3287,6977,6685,3460,5145,3517,5210,4278,2409,3310,5516,4541,6757,1375,1978,1100,4334,1881,4958,1156,1640,5329,5123,2167,6502,2495,6621,5539,2621,5045,1666,1236,1657,3990,4462,6489,6365,2139,1067,4579,6403,4802,1421,6274,4172,4686,6727,1973,6672,1030,1851,4301,3084,4469,2043,6726,5628,5427,1116,2701,5803,2582,1457,4582,3816,5364,1987,6172,4572,1811,1327,6463,6678,6729,5137,1502,6969,5755,5267,2287,1698,5241,1661,3945,5324,2132,4298,3546,2575,4175,5771,6073,3131,2889,3647,4738,4237,2899,1947,1132,4692,5069,5567,6585,6183,1309,2631,3285,3221,6449,4254,4860,1195,3872,6649,2357,2621,4238,3899,2922,6265,1300,6615,1257,5913,3191,6442,1348,1898,6115,2006,1266,5616,2988,1826,3916,5729,2599,2073,5833,3608,1096,5988,6462,6578,1063,1248,3669,3396,5753,6464,5381,2541,2279,3518,3878,6630,1368,3346,4373 /tmp/1646315229711.txt 2 ./1646315229707.json ./1646315229704.json
AD REPEATABILITY OF OUR NEW METHOD : 320
0.22786

ALLOCATING WITH OUR OLD METHOD: 320
python alloc_fresh.py ../test1/bmspos_minfreq_0.0025_maxcs_1_maxor_0.01/patterns.txt /home/preetham_sathineni/adslot/web_page_meta_dict_adslots_1_dataset_bmspostxt.pkl /home/preetham_sathineni/adslot/web_page_freq_sorted_adslots_1_dataset_bmspostxt.pkl 5984,2694,5038,1119,6524,6419,5744,3117,2882,6852,1614,2623,3065,3875,2962,5685,5116,6352,1815,4101,3969,2063,6452,4569,6901,3256,2506,4195,3154,6598,2474,5673,1726,4896,5846,3154,6634,1277,3903,5729,4683,2743,6743,5554,6712,5097,4669,5801,4261,5499,6346,4551,2591,5536,1551,5457,6247,3142,6161,6719,2053,2962,1219,1318,3984,4700,3872,3340,5333,3539,6196,3732,1080,5815,2170,3884,1623,2421,1168,3701,5632,3424,1949,5476,5265,1814,3792,3609,5810,6675,4227,2065,3389,5664,4949,4556,4072,6399,4680,4604,6677,3928,5566,1970,2233,5625,4312,6153,1243,6306,3274,1161,5200,1234,5140,2456,4661,4241,6111,1885,5352,5551,5476,4312,6801,2719,5301,6693,6582,4421,3150,6785,4319,3197,3940,5574,5529,3339,5170,3758,6336,4618,4877,5649,2020,1243,2537,1943,5278,5995,6684,3946,6494,6566,4577,3282,6102,5487,6373,6585,3287,6977,6685,3460,5145,3517,5210,4278,2409,3310,5516,4541,6757,1375,1978,1100,4334,1881,4958,1156,1640,5329,5123,2167,6502,2495,6621,5539,2621,5045,1666,1236,1657,3990,4462,6489,6365,2139,1067,4579,6403,4802,1421,6274,4172,4686,6727,1973,6672,1030,1851,4301,3084,4469,2043,6726,5628,5427,1116,2701,5803,2582,1457,4582,3816,5364,1987,6172,4572,1811,1327,6463,6678,6729,5137,1502,6969,5755,5267,2287,1698,5241,1661,3945,5324,2132,4298,3546,2575,4175,5771,6073,3131,2889,3647,4738,4237,2899,1947,1132,4692,5069,5567,6585,6183,1309,2631,3285,3221,6449,4254,4860,1195,3872,6649,2357,2621,4238,3899,2922,6265,1300,6615,1257,5913,3191,6442,1348,1898,6115,2006,1266,5616,2988,1826,3916,5729,2599,2073,5833,3608,1096,5988,6462,6578,1063,1248,3669,3396,5753,6464,5381,2541,2279,3518,3878,6630,1368,3346,4373 /tmp/1646315247069.txt 2 ./1646315229707.json ./1646315229704.json
AD REPEATABILITY OF ONE-SLOT METHOD : 320
0.19843

[One slot] ALLOCATING WITH RANDOM METHOD: 320
0.39172

[Multi slots] ALLOCATING WITH RANDOM METHOD: 320
AD REPEATABILITY OF RANDOM METHOD: 320
1.01537

allocated
{'VFS_one_method': [0], 'VFS_multi_method': [0], 'new_method': [320], 'oneslot_method': [151]}
adrepp
{'VFS_one_method': ['0.39172'], 'VFS_multi_method': ['1.01537'], 'new_method': ['0.22786'], 'oneslot_method': ['0.19843']}
revenue
{'VFS_one_method': [], 'VFS_multi_method': [], 'new_method': [], 'oneslot_method': []}
got patterns
sorted patterns
started allocation
Allocation accuracy: 340
total views sold: 1310386
Allocation accuracy new method: 340
0.0
got patterns
sorted patterns
started allocation
Allocation accuracy: 164
total views sold: 661973
Allocation accuracy new method: 164
('META_DATA_FILE_PATH', '/home/preetham_sathineni/adslot/web_page_meta_dict_adslots_1_dataset_bmspostxt.pkl')
/tmp/1646315284288.txt
Allocation accuracy: 66
total views sold: 418748
('META_DATA_FILE_PATH', '/home/preetham_sathineni/adslot/web_page_meta_dict_adslots_3_dataset_bmspostxt.pkl')
/tmp/1646315285273.txt
Allocation accuracy: 258
total views sold: 1179857
###############     ARGUMENTS     ############
['plot_results.py', '../test1/bmspos_minfreq_0.0025_maxcs_1_maxor_0.01/patterns.txt', '../CMineMR-Mapreduce-algorithm-to-extract-coverage-patterns-master/dataset/bmspos.txt', '340', '4000', '3000', '3']
##############################################
web_page_to_adv_json_file : ./1646315257282.json
allocated_adslots_file: ./1646315257286.json
python alloc_fresh.py ../test1/bmspos_minfreq_0.0025_maxcs_1_maxor_0.01/patterns.txt /home/preetham_sathineni/adslot/web_page_meta_dict_adslots_3_dataset_bmspostxt.pkl /home/preetham_sathineni/adslot/web_page_freq_sorted_adslots_3_dataset_bmspostxt.pkl 1441,1829,5012,3304,1246,4806,5000,1638,6429,1445,2752,1562,1002,6917,1998,1044,2876,1313,6145,2497,1978,2625,3153,3871,2184,1932,5506,5467,1457,1682,2105,3824,6207,2881,6440,3702,2223,1841,4948,3311,1617,1703,3416,2476,2502,2181,1303,4191,5526,2798,4063,1732,2697,1090,1352,6337,2412,6476,6236,6717,3039,1372,6729,2923,5569,4024,6079,5142,1421,3815,5313,3100,3539,5478,2117,3674,1386,1268,3281,1504,3851,1614,3350,5058,6841,5229,5428,4449,5011,6186,1910,6417,3728,4620,5096,2615,2024,6952,4605,3420,2189,1297,1029,6137,5234,6356,6239,6764,5552,1824,4342,3884,2320,1360,3863,3306,1235,1429,5206,4215,4005,4441,4097,2488,5878,3367,4552,2829,1410,3570,3913,5813,2045,4176,3089,4568,1916,6399,5897,6114,5405,2798,5610,1042,1022,3784,6616,1232,5658,2077,6608,3186,4419,2245,2018,6747,4267,4689,3806,3564,4216,6745,5482,1652,4018,3016,5472,1864,5368,5078,6174,1228,6167,3097,6432,2611,1088,1512,4918,4948,6227,4350,3465,5323,4713,4969,3990,2853,3635,3941,1992,2168,2284,3168,5570,2483,3448,1098,5366,6767,4330,2051,6382,5276,2407,5298,6542,3316,4149,5721,3101,5176,4205,2084,1311,6451,5504,1225,2631,1277,4235,6113,3002,3191,3010,1789,5569,5085,2386,6941,5504,4511,3074,6656,1697,6919,2575,3299,5149,6116,4205,1789,1290,6946,3474,6256,3546,2162,6069,5416,6799,2180,5638,5736,1864,1696,6626,4786,1632,2807,5440,6538,4947,2864,4705,4750,2012,3150,6205,2107,5289,2241,6502,2599,4777,1941,4971,3071,2315,4703,1192,3473,1774,4865,5675,3419,4351,3837,5243,4250,2072,2022,4079,6943,2910,3776,4124,5744,4658,5764,1317,4217,3484,4804,2019,5827,5813,6063,5400,1204,1057,2446,3219,3087,6388,1145,5736,6593,5102,4188,6225,2601,3798,2011,2886,4120,6270,4243,1017,6299,3178,5048,1128,4716,4013,6301,2626,4168,3123,6401 /tmp/1646315257289.txt 2 ./1646315257286.json ./1646315257282.json
AD REPEATABILITY OF OUR NEW METHOD : 340
0.17442

ALLOCATING WITH OUR OLD METHOD: 340
python alloc_fresh.py ../test1/bmspos_minfreq_0.0025_maxcs_1_maxor_0.01/patterns.txt /home/preetham_sathineni/adslot/web_page_meta_dict_adslots_1_dataset_bmspostxt.pkl /home/preetham_sathineni/adslot/web_page_freq_sorted_adslots_1_dataset_bmspostxt.pkl 1441,1829,5012,3304,1246,4806,5000,1638,6429,1445,2752,1562,1002,6917,1998,1044,2876,1313,6145,2497,1978,2625,3153,3871,2184,1932,5506,5467,1457,1682,2105,3824,6207,2881,6440,3702,2223,1841,4948,3311,1617,1703,3416,2476,2502,2181,1303,4191,5526,2798,4063,1732,2697,1090,1352,6337,2412,6476,6236,6717,3039,1372,6729,2923,5569,4024,6079,5142,1421,3815,5313,3100,3539,5478,2117,3674,1386,1268,3281,1504,3851,1614,3350,5058,6841,5229,5428,4449,5011,6186,1910,6417,3728,4620,5096,2615,2024,6952,4605,3420,2189,1297,1029,6137,5234,6356,6239,6764,5552,1824,4342,3884,2320,1360,3863,3306,1235,1429,5206,4215,4005,4441,4097,2488,5878,3367,4552,2829,1410,3570,3913,5813,2045,4176,3089,4568,1916,6399,5897,6114,5405,2798,5610,1042,1022,3784,6616,1232,5658,2077,6608,3186,4419,2245,2018,6747,4267,4689,3806,3564,4216,6745,5482,1652,4018,3016,5472,1864,5368,5078,6174,1228,6167,3097,6432,2611,1088,1512,4918,4948,6227,4350,3465,5323,4713,4969,3990,2853,3635,3941,1992,2168,2284,3168,5570,2483,3448,1098,5366,6767,4330,2051,6382,5276,2407,5298,6542,3316,4149,5721,3101,5176,4205,2084,1311,6451,5504,1225,2631,1277,4235,6113,3002,3191,3010,1789,5569,5085,2386,6941,5504,4511,3074,6656,1697,6919,2575,3299,5149,6116,4205,1789,1290,6946,3474,6256,3546,2162,6069,5416,6799,2180,5638,5736,1864,1696,6626,4786,1632,2807,5440,6538,4947,2864,4705,4750,2012,3150,6205,2107,5289,2241,6502,2599,4777,1941,4971,3071,2315,4703,1192,3473,1774,4865,5675,3419,4351,3837,5243,4250,2072,2022,4079,6943,2910,3776,4124,5744,4658,5764,1317,4217,3484,4804,2019,5827,5813,6063,5400,1204,1057,2446,3219,3087,6388,1145,5736,6593,5102,4188,6225,2601,3798,2011,2886,4120,6270,4243,1017,6299,3178,5048,1128,4716,4013,6301,2626,4168,3123,6401 /tmp/1646315275830.txt 2 ./1646315257286.json ./1646315257282.json
AD REPEATABILITY OF ONE-SLOT METHOD : 340
0.1936

[One slot] ALLOCATING WITH RANDOM METHOD: 340
0.36501

[Multi slots] ALLOCATING WITH RANDOM METHOD: 340
AD REPEATABILITY OF RANDOM METHOD: 340
0.85271

allocated
{'VFS_one_method': [0], 'VFS_multi_method': [0], 'new_method': [340], 'oneslot_method': [164]}
adrepp
{'VFS_one_method': ['0.36501'], 'VFS_multi_method': ['0.85271'], 'new_method': ['0.17442'], 'oneslot_method': ['0.1936']}
revenue
{'VFS_one_method': [], 'VFS_multi_method': [], 'new_method': [], 'oneslot_method': []}
got patterns
sorted patterns
started allocation
Allocation accuracy: 360
total views sold: 1407125
Allocation accuracy new method: 360
0.0
got patterns
sorted patterns
started allocation
Allocation accuracy: 159
total views sold: 655064
Allocation accuracy new method: 159
('META_DATA_FILE_PATH', '/home/preetham_sathineni/adslot/web_page_meta_dict_adslots_1_dataset_bmspostxt.pkl')
/tmp/1646315313204.txt
Allocation accuracy: 63
total views sold: 402678
('META_DATA_FILE_PATH', '/home/preetham_sathineni/adslot/web_page_meta_dict_adslots_3_dataset_bmspostxt.pkl')
/tmp/1646315314199.txt
Allocation accuracy: 240
total views sold: 1167041
###############     ARGUMENTS     ############
['plot_results.py', '../test1/bmspos_minfreq_0.0025_maxcs_1_maxor_0.01/patterns.txt', '../CMineMR-Mapreduce-algorithm-to-extract-coverage-patterns-master/dataset/bmspos.txt', '360', '4000', '3000', '3']
##############################################
web_page_to_adv_json_file : ./1646315287497.json
allocated_adslots_file: ./1646315287501.json
python alloc_fresh.py ../test1/bmspos_minfreq_0.0025_maxcs_1_maxor_0.01/patterns.txt /home/preetham_sathineni/adslot/web_page_meta_dict_adslots_3_dataset_bmspostxt.pkl /home/preetham_sathineni/adslot/web_page_freq_sorted_adslots_3_dataset_bmspostxt.pkl 3404,5335,5377,2658,1531,4744,3526,2862,3381,5785,6860,6373,2287,4618,3341,5146,5082,1568,5022,4544,6554,3482,5319,4954,1969,1168,5726,3287,1338,3612,6790,2582,2993,2720,5991,5980,4909,5662,6610,3227,3027,6305,5160,4353,1058,1810,3161,1340,2992,2705,6785,1221,6639,1687,1963,5180,4626,1139,3164,3820,1289,5872,4303,4870,4797,4143,5308,6244,2516,4561,1455,3455,6521,6268,2013,3477,6934,3454,4368,1390,5424,1605,5940,5444,4156,1058,3568,6931,2908,3957,4461,1131,4732,4988,1523,6471,4971,4491,3739,4293,2358,4871,4693,4889,5860,4133,5472,6893,2786,2065,2023,2975,6395,1906,3767,6837,3231,2958,1183,2742,1471,6246,1215,2532,5973,3257,4989,3434,5858,3556,4304,2639,5224,2541,1890,5682,6014,3412,3322,2165,5550,4903,2028,4109,6331,1135,6200,2663,3142,3982,1435,5177,1413,6569,4922,1107,4500,5078,4240,4772,2782,5198,3063,2940,6411,2174,3339,2443,4603,6755,2784,3624,6171,3485,6452,2449,4254,6238,2729,2865,6663,1227,1745,1556,6603,2645,1359,5632,3549,3322,3179,5067,1221,5437,5538,5851,3971,3619,6726,4066,5763,6244,1363,1228,4570,4929,6900,4424,3105,4674,4515,4262,2678,1833,4225,4385,1580,6582,4211,6225,1212,1488,2011,2762,3378,5034,3806,2657,2560,4732,2259,6373,1956,3689,2270,5715,6115,1094,3701,3089,6754,3563,5175,1051,4145,2966,6222,5571,3255,3665,5083,1378,2920,3743,5821,2665,4171,2485,5553,6419,6392,2608,2641,5844,2176,6236,1540,1952,5486,5145,2648,3394,1021,1149,5864,2177,4716,6086,2502,5270,4615,1647,6607,2954,1389,1328,2587,6854,2213,2399,3771,1627,5030,6137,3585,5351,4246,3406,1019,2524,2729,6929,6895,4169,1310,5897,3846,1964,4074,3470,2958,6382,2807,2400,1066,3643,3827,5970,5485,4478,4321,4281,3071,4672,2195,1325,5154,3590,4248,5298,3906,3158,4736,2620,3746,1948,4386,4724,3520,4157,4687,2903,1739,2936,1502,4368,5230,3460,3551,3415,5309,3376,6553,3403,6328,1497,6721,4459,5879,3883 /tmp/1646315287505.txt 2 ./1646315287501.json ./1646315287497.json
AD REPEATABILITY OF OUR NEW METHOD : 360
0.22524

ALLOCATING WITH OUR OLD METHOD: 360
python alloc_fresh.py ../test1/bmspos_minfreq_0.0025_maxcs_1_maxor_0.01/patterns.txt /home/preetham_sathineni/adslot/web_page_meta_dict_adslots_1_dataset_bmspostxt.pkl /home/preetham_sathineni/adslot/web_page_freq_sorted_adslots_1_dataset_bmspostxt.pkl 3404,5335,5377,2658,1531,4744,3526,2862,3381,5785,6860,6373,2287,4618,3341,5146,5082,1568,5022,4544,6554,3482,5319,4954,1969,1168,5726,3287,1338,3612,6790,2582,2993,2720,5991,5980,4909,5662,6610,3227,3027,6305,5160,4353,1058,1810,3161,1340,2992,2705,6785,1221,6639,1687,1963,5180,4626,1139,3164,3820,1289,5872,4303,4870,4797,4143,5308,6244,2516,4561,1455,3455,6521,6268,2013,3477,6934,3454,4368,1390,5424,1605,5940,5444,4156,1058,3568,6931,2908,3957,4461,1131,4732,4988,1523,6471,4971,4491,3739,4293,2358,4871,4693,4889,5860,4133,5472,6893,2786,2065,2023,2975,6395,1906,3767,6837,3231,2958,1183,2742,1471,6246,1215,2532,5973,3257,4989,3434,5858,3556,4304,2639,5224,2541,1890,5682,6014,3412,3322,2165,5550,4903,2028,4109,6331,1135,6200,2663,3142,3982,1435,5177,1413,6569,4922,1107,4500,5078,4240,4772,2782,5198,3063,2940,6411,2174,3339,2443,4603,6755,2784,3624,6171,3485,6452,2449,4254,6238,2729,2865,6663,1227,1745,1556,6603,2645,1359,5632,3549,3322,3179,5067,1221,5437,5538,5851,3971,3619,6726,4066,5763,6244,1363,1228,4570,4929,6900,4424,3105,4674,4515,4262,2678,1833,4225,4385,1580,6582,4211,6225,1212,1488,2011,2762,3378,5034,3806,2657,2560,4732,2259,6373,1956,3689,2270,5715,6115,1094,3701,3089,6754,3563,5175,1051,4145,2966,6222,5571,3255,3665,5083,1378,2920,3743,5821,2665,4171,2485,5553,6419,6392,2608,2641,5844,2176,6236,1540,1952,5486,5145,2648,3394,1021,1149,5864,2177,4716,6086,2502,5270,4615,1647,6607,2954,1389,1328,2587,6854,2213,2399,3771,1627,5030,6137,3585,5351,4246,3406,1019,2524,2729,6929,6895,4169,1310,5897,3846,1964,4074,3470,2958,6382,2807,2400,1066,3643,3827,5970,5485,4478,4321,4281,3071,4672,2195,1325,5154,3590,4248,5298,3906,3158,4736,2620,3746,1948,4386,4724,3520,4157,4687,2903,1739,2936,1502,4368,5230,3460,3551,3415,5309,3376,6553,3403,6328,1497,6721,4459,5879,3883 /tmp/1646315306037.txt 2 ./1646315287501.json ./1646315287497.json
AD REPEATABILITY OF ONE-SLOT METHOD : 360
0.18237

[One slot] ALLOCATING WITH RANDOM METHOD: 360
0.44123

[Multi slots] ALLOCATING WITH RANDOM METHOD: 360
AD REPEATABILITY OF RANDOM METHOD: 360
0.97844

allocated
{'VFS_one_method': [0], 'VFS_multi_method': [0], 'new_method': [360], 'oneslot_method': [159]}
adrepp
{'VFS_one_method': ['0.44123'], 'VFS_multi_method': ['0.97844'], 'new_method': ['0.22524'], 'oneslot_method': ['0.18237']}
revenue
{'VFS_one_method': [], 'VFS_multi_method': [], 'new_method': [], 'oneslot_method': []}
got patterns
sorted patterns
started allocation
Allocation accuracy: 380
total views sold: 1557074
Allocation accuracy new method: 380
0.0
got patterns
sorted patterns
started allocation
Allocation accuracy: 148
total views sold: 634244
Allocation accuracy new method: 148
('META_DATA_FILE_PATH', '/home/preetham_sathineni/adslot/web_page_meta_dict_adslots_1_dataset_bmspostxt.pkl')
/tmp/1646315342277.txt
Allocation accuracy: 67
total views sold: 436193
('META_DATA_FILE_PATH', '/home/preetham_sathineni/adslot/web_page_meta_dict_adslots_3_dataset_bmspostxt.pkl')
/tmp/1646315343343.txt
Allocation accuracy: 232
total views sold: 1214320
###############     ARGUMENTS     ############
['plot_results.py', '../test1/bmspos_minfreq_0.0025_maxcs_1_maxor_0.01/patterns.txt', '../CMineMR-Mapreduce-algorithm-to-extract-coverage-patterns-master/dataset/bmspos.txt', '380', '4000', '3000', '3']
##############################################
web_page_to_adv_json_file : ./1646315316339.json
allocated_adslots_file: ./1646315316343.json
python alloc_fresh.py ../test1/bmspos_minfreq_0.0025_maxcs_1_maxor_0.01/patterns.txt /home/preetham_sathineni/adslot/web_page_meta_dict_adslots_3_dataset_bmspostxt.pkl /home/preetham_sathineni/adslot/web_page_freq_sorted_adslots_3_dataset_bmspostxt.pkl 5193,6050,3410,5776,3328,5643,6025,3516,1730,3726,2809,3218,1047,5266,3311,6758,3421,6343,3428,3095,3767,2486,1801,6811,6937,3911,5089,4009,6305,1987,1656,3385,4070,2183,1228,6341,1698,4414,1192,5145,5888,1302,1182,1270,5199,5412,5763,3195,2156,3984,1945,2736,2383,6844,4443,6196,1478,2186,5789,3208,6174,6793,1008,6706,6833,3106,2494,4232,2017,4680,3503,3493,3114,4799,1206,4611,3593,5483,3935,3959,5406,3397,2253,1588,5904,2427,3886,6582,2607,5089,2515,5083,4294,1678,6473,6408,4198,4507,2891,2707,5811,3136,6849,6880,4004,1192,4614,1078,3116,6912,5423,4312,4018,4956,6288,1362,6145,4411,2586,5138,2709,4886,4149,2197,1442,5181,5842,3144,5380,5641,6200,5178,4414,6053,1838,2701,1228,6996,3881,5612,2014,3318,1387,2430,4676,3517,3378,4887,3205,4277,2292,5777,3233,5215,3343,3268,2073,6947,2499,3963,6733,6750,4347,5950,3919,2637,3774,5290,5025,6431,3001,5637,3182,3550,6239,5736,2789,6718,2367,6919,2016,3888,2979,3924,1838,2955,5588,5924,1372,4363,6634,1985,4075,5039,3517,5192,6554,2265,6024,2009,6926,3521,6904,3176,3852,6815,1409,4476,5051,3625,2071,4431,3211,4149,4162,6471,5724,3470,6024,4161,4197,2544,3555,4679,5632,3228,6144,2422,3069,2882,2496,4892,3546,6426,2697,3806,2960,5181,6509,4404,3332,5655,5503,5816,5452,4087,1957,2795,5622,5403,2600,4990,5937,5702,1238,3249,3583,2153,1528,3526,5696,6924,1885,5403,4347,6504,3320,2965,6637,6281,5435,3783,4719,3000,6779,3288,2029,3257,4405,6198,2982,2672,3739,2088,6328,5211,3011,2638,5842,6783,5422,2849,2590,6702,3289,1038,5938,1208,4884,2990,5957,5168,1565,3146,6514,5016,5245,2740,2462,6101,3087,5168,5688,2286,1051,4953,6501,4011,6570,4576,2858,3505,3400,6170,5892,5941,2301,4223,2321,5948,1725,6119,5030,6626,6423,5377,6403,2796,1551,4330,3000,2515,6054,2739,2466,2124,1442,2391,3981,6411,2612,6148,3854,1099,2643,5160,4385,5366,6202,1712,1051,1201,1253,2422,3424,6048,1388,6887,5794,5249,1107,6834,1057,5596,4785,5654,1876,3044,5386,4449 /tmp/1646315316346.txt 2 ./1646315316343.json ./1646315316339.json
AD REPEATABILITY OF OUR NEW METHOD : 380
0.28624

ALLOCATING WITH OUR OLD METHOD: 380
python alloc_fresh.py ../test1/bmspos_minfreq_0.0025_maxcs_1_maxor_0.01/patterns.txt /home/preetham_sathineni/adslot/web_page_meta_dict_adslots_1_dataset_bmspostxt.pkl /home/preetham_sathineni/adslot/web_page_freq_sorted_adslots_1_dataset_bmspostxt.pkl 5193,6050,3410,5776,3328,5643,6025,3516,1730,3726,2809,3218,1047,5266,3311,6758,3421,6343,3428,3095,3767,2486,1801,6811,6937,3911,5089,4009,6305,1987,1656,3385,4070,2183,1228,6341,1698,4414,1192,5145,5888,1302,1182,1270,5199,5412,5763,3195,2156,3984,1945,2736,2383,6844,4443,6196,1478,2186,5789,3208,6174,6793,1008,6706,6833,3106,2494,4232,2017,4680,3503,3493,3114,4799,1206,4611,3593,5483,3935,3959,5406,3397,2253,1588,5904,2427,3886,6582,2607,5089,2515,5083,4294,1678,6473,6408,4198,4507,2891,2707,5811,3136,6849,6880,4004,1192,4614,1078,3116,6912,5423,4312,4018,4956,6288,1362,6145,4411,2586,5138,2709,4886,4149,2197,1442,5181,5842,3144,5380,5641,6200,5178,4414,6053,1838,2701,1228,6996,3881,5612,2014,3318,1387,2430,4676,3517,3378,4887,3205,4277,2292,5777,3233,5215,3343,3268,2073,6947,2499,3963,6733,6750,4347,5950,3919,2637,3774,5290,5025,6431,3001,5637,3182,3550,6239,5736,2789,6718,2367,6919,2016,3888,2979,3924,1838,2955,5588,5924,1372,4363,6634,1985,4075,5039,3517,5192,6554,2265,6024,2009,6926,3521,6904,3176,3852,6815,1409,4476,5051,3625,2071,4431,3211,4149,4162,6471,5724,3470,6024,4161,4197,2544,3555,4679,5632,3228,6144,2422,3069,2882,2496,4892,3546,6426,2697,3806,2960,5181,6509,4404,3332,5655,5503,5816,5452,4087,1957,2795,5622,5403,2600,4990,5937,5702,1238,3249,3583,2153,1528,3526,5696,6924,1885,5403,4347,6504,3320,2965,6637,6281,5435,3783,4719,3000,6779,3288,2029,3257,4405,6198,2982,2672,3739,2088,6328,5211,3011,2638,5842,6783,5422,2849,2590,6702,3289,1038,5938,1208,4884,2990,5957,5168,1565,3146,6514,5016,5245,2740,2462,6101,3087,5168,5688,2286,1051,4953,6501,4011,6570,4576,2858,3505,3400,6170,5892,5941,2301,4223,2321,5948,1725,6119,5030,6626,6423,5377,6403,2796,1551,4330,3000,2515,6054,2739,2466,2124,1442,2391,3981,6411,2612,6148,3854,1099,2643,5160,4385,5366,6202,1712,1051,1201,1253,2422,3424,6048,1388,6887,5794,5249,1107,6834,1057,5596,4785,5654,1876,3044,5386,4449 /tmp/1646315334727.txt 2 ./1646315316343.json ./1646315316339.json
AD REPEATABILITY OF ONE-SLOT METHOD : 380
0.20787

[One slot] ALLOCATING WITH RANDOM METHOD: 380
0.39235

[Multi slots] ALLOCATING WITH RANDOM METHOD: 380
AD REPEATABILITY OF RANDOM METHOD: 380
1.00907

allocated
{'VFS_one_method': [0], 'VFS_multi_method': [0], 'new_method': [380], 'oneslot_method': [148]}
adrepp
{'VFS_one_method': ['0.39235'], 'VFS_multi_method': ['1.00907'], 'new_method': ['0.28624'], 'oneslot_method': ['0.20787']}
revenue
{'VFS_one_method': [], 'VFS_multi_method': [], 'new_method': [], 'oneslot_method': []}
got patterns
sorted patterns
started allocation
Allocation accuracy: 400
total views sold: 1551002
Allocation accuracy new method: 400
0.0
got patterns
sorted patterns
started allocation
Allocation accuracy: 167
total views sold: 666640
Allocation accuracy new method: 167
('META_DATA_FILE_PATH', '/home/preetham_sathineni/adslot/web_page_meta_dict_adslots_1_dataset_bmspostxt.pkl')
/tmp/1646315371040.txt
Allocation accuracy: 67
total views sold: 427935
('META_DATA_FILE_PATH', '/home/preetham_sathineni/adslot/web_page_meta_dict_adslots_3_dataset_bmspostxt.pkl')
/tmp/1646315372039.txt
Allocation accuracy: 236
total views sold: 1200174
###############     ARGUMENTS     ############
['plot_results.py', '../test1/bmspos_minfreq_0.0025_maxcs_1_maxor_0.01/patterns.txt', '../CMineMR-Mapreduce-algorithm-to-extract-coverage-patterns-master/dataset/bmspos.txt', '400', '4000', '3000', '3']
##############################################
web_page_to_adv_json_file : ./1646315345500.json
allocated_adslots_file: ./1646315345503.json
python alloc_fresh.py ../test1/bmspos_minfreq_0.0025_maxcs_1_maxor_0.01/patterns.txt /home/preetham_sathineni/adslot/web_page_meta_dict_adslots_3_dataset_bmspostxt.pkl /home/preetham_sathineni/adslot/web_page_freq_sorted_adslots_3_dataset_bmspostxt.pkl 3041,3934,4219,1403,5690,1552,4207,2193,5559,5477,5648,1359,3109,3956,4690,1487,2708,4198,6259,4331,2905,4331,5616,3966,3961,3778,5101,6878,2590,5860,3937,6062,1041,5266,2743,6217,4774,3342,4392,4064,6662,6381,2198,1259,5935,6315,4341,4405,6186,1460,5509,1202,1891,2256,2234,5948,6892,2952,5441,1671,6212,2818,4774,1185,4445,2748,6042,1541,6722,4348,1027,6320,5319,4684,6663,5180,1170,5387,3156,5016,1901,4021,4602,4557,1055,4338,1798,2012,5773,5128,6910,4379,2182,2320,1992,4878,2434,1567,1781,6466,4793,5698,6204,3027,5419,3520,3149,4357,5256,6890,2710,3585,3766,3202,5441,3959,4970,4821,2408,3756,5733,6650,3716,2182,6646,6061,5048,2107,4354,1355,4639,1904,6794,1518,3678,5129,3780,5458,2236,4529,1149,5432,2599,3610,1526,6723,1414,4673,4416,1739,2163,3712,1909,6687,3607,4012,2538,1440,5872,2509,1744,3427,2570,1646,3754,4835,5568,5229,2785,5819,2139,5863,5072,3745,6900,3757,2505,4698,1745,2937,4888,5236,2785,1009,5727,6459,4157,6088,5439,4740,6438,4307,3690,6194,1218,3713,1959,5194,5910,4704,1150,5005,1055,4110,3013,4810,3366,2022,6621,2989,6653,2126,1638,5440,2553,3681,4089,5042,4181,4367,2668,3160,4266,4605,1254,4633,5471,3450,1315,2592,2406,6119,6470,4288,3304,2187,6338,4848,1310,2984,1705,1700,6583,2788,2043,6549,3366,5310,2516,4618,4573,5417,6746,6715,2623,1600,4823,4712,4774,1194,2693,3601,1502,4251,3072,6777,2034,1711,5334,3508,6483,2144,5989,6596,2392,1879,3667,2835,6521,1180,1221,3689,1309,6767,3221,4796,3937,3140,3383,3465,6345,1245,5133,4941,2380,2063,6666,2637,3436,5161,3388,5429,2088,3632,5724,3810,3396,3414,5355,2884,1761,1092,1507,4352,3648,3431,1203,5245,5149,5550,6140,4741,1040,2584,3991,3443,5424,5986,3655,4158,2984,6389,3478,6016,2480,4991,4812,4635,2618,2970,6850,2031,4945,5805,3132,5766,2065,6124,5861,1109,3691,2713,3996,1329,6185,2832,4988,2102,3880,4279,6414,4889,1519,4564,4276,1570,2302,6362,4131,4684,2701,1544,5904,3777,2774,1349,3071,2850,1058,5377,2753,5428,3901,3151,3764,2042,1392,1521,1177,2210,1447,1000,3827,3195,6184,6024,6672,1231,2472,6577 /tmp/1646315345507.txt 2 ./1646315345503.json ./1646315345500.json
AD REPEATABILITY OF OUR NEW METHOD : 400
0.23992

ALLOCATING WITH OUR OLD METHOD: 400
python alloc_fresh.py ../test1/bmspos_minfreq_0.0025_maxcs_1_maxor_0.01/patterns.txt /home/preetham_sathineni/adslot/web_page_meta_dict_adslots_1_dataset_bmspostxt.pkl /home/preetham_sathineni/adslot/web_page_freq_sorted_adslots_1_dataset_bmspostxt.pkl 3041,3934,4219,1403,5690,1552,4207,2193,5559,5477,5648,1359,3109,3956,4690,1487,2708,4198,6259,4331,2905,4331,5616,3966,3961,3778,5101,6878,2590,5860,3937,6062,1041,5266,2743,6217,4774,3342,4392,4064,6662,6381,2198,1259,5935,6315,4341,4405,6186,1460,5509,1202,1891,2256,2234,5948,6892,2952,5441,1671,6212,2818,4774,1185,4445,2748,6042,1541,6722,4348,1027,6320,5319,4684,6663,5180,1170,5387,3156,5016,1901,4021,4602,4557,1055,4338,1798,2012,5773,5128,6910,4379,2182,2320,1992,4878,2434,1567,1781,6466,4793,5698,6204,3027,5419,3520,3149,4357,5256,6890,2710,3585,3766,3202,5441,3959,4970,4821,2408,3756,5733,6650,3716,2182,6646,6061,5048,2107,4354,1355,4639,1904,6794,1518,3678,5129,3780,5458,2236,4529,1149,5432,2599,3610,1526,6723,1414,4673,4416,1739,2163,3712,1909,6687,3607,4012,2538,1440,5872,2509,1744,3427,2570,1646,3754,4835,5568,5229,2785,5819,2139,5863,5072,3745,6900,3757,2505,4698,1745,2937,4888,5236,2785,1009,5727,6459,4157,6088,5439,4740,6438,4307,3690,6194,1218,3713,1959,5194,5910,4704,1150,5005,1055,4110,3013,4810,3366,2022,6621,2989,6653,2126,1638,5440,2553,3681,4089,5042,4181,4367,2668,3160,4266,4605,1254,4633,5471,3450,1315,2592,2406,6119,6470,4288,3304,2187,6338,4848,1310,2984,1705,1700,6583,2788,2043,6549,3366,5310,2516,4618,4573,5417,6746,6715,2623,1600,4823,4712,4774,1194,2693,3601,1502,4251,3072,6777,2034,1711,5334,3508,6483,2144,5989,6596,2392,1879,3667,2835,6521,1180,1221,3689,1309,6767,3221,4796,3937,3140,3383,3465,6345,1245,5133,4941,2380,2063,6666,2637,3436,5161,3388,5429,2088,3632,5724,3810,3396,3414,5355,2884,1761,1092,1507,4352,3648,3431,1203,5245,5149,5550,6140,4741,1040,2584,3991,3443,5424,5986,3655,4158,2984,6389,3478,6016,2480,4991,4812,4635,2618,2970,6850,2031,4945,5805,3132,5766,2065,6124,5861,1109,3691,2713,3996,1329,6185,2832,4988,2102,3880,4279,6414,4889,1519,4564,4276,1570,2302,6362,4131,4684,2701,1544,5904,3777,2774,1349,3071,2850,1058,5377,2753,5428,3901,3151,3764,2042,1392,1521,1177,2210,1447,1000,3827,3195,6184,6024,6672,1231,2472,6577 /tmp/1646315363627.txt 2 ./1646315345503.json ./1646315345500.json
AD REPEATABILITY OF ONE-SLOT METHOD : 400
0.20435

[One slot] ALLOCATING WITH RANDOM METHOD: 400
0.37043

[Multi slots] ALLOCATING WITH RANDOM METHOD: 400
AD REPEATABILITY OF RANDOM METHOD: 400
1.00599

allocated
{'VFS_one_method': [0], 'VFS_multi_method': [0], 'new_method': [400], 'oneslot_method': [167]}
adrepp
{'VFS_one_method': ['0.37043'], 'VFS_multi_method': ['1.00599'], 'new_method': ['0.23992'], 'oneslot_method': ['0.20435']}
revenue
{'VFS_one_method': [], 'VFS_multi_method': [], 'new_method': [], 'oneslot_method': []}
