==========================================
SLURM_JOB_ID = 668831
SLURM_NODELIST = gnode39
SLURM_JOB_GPUS = 1
==========================================
got patterns
sorted patterns
started allocation
Allocation accuracy: 320
total views sold: 1334733
Allocation accuracy new method: 320
0.0
got patterns
sorted patterns
started allocation
Allocation accuracy: 140
total views sold: 626640
Allocation accuracy new method: 140
('META_DATA_FILE_PATH', '/home/preetham_sathineni/adslot/web_page_meta_dict_adslots_1_dataset_bmspostxt.pkl')
/tmp/1651687513665.txt
Allocation accuracy: 64
total views sold: 412961
('META_DATA_FILE_PATH', '/home/preetham_sathineni/adslot/web_page_meta_dict_adslots_4_dataset_bmspostxt.pkl')
/tmp/1651687514623.txt
Allocation accuracy: 320
total views sold: 1334733
###############     ARGUMENTS     ############
['plot_results.py', '../test1/bmspos_minfreq_0.002_maxcs_1_maxor_0.01/patterns.txt', '../CMineMR-Mapreduce-algorithm-to-extract-coverage-patterns-master/dataset/bmspos.txt', '320', '4000', '3000', '4']
##############################################
web_page_to_adv_json_file : ./1651687052130.json
allocated_adslots_file: ./1651687052135.json
python alloc_fresh.py ../test1/bmspos_minfreq_0.002_maxcs_1_maxor_0.01/patterns.txt /home/preetham_sathineni/adslot/web_page_meta_dict_adslots_4_dataset_bmspostxt.pkl /home/preetham_sathineni/adslot/web_page_freq_sorted_adslots_4_dataset_bmspostxt.pkl 4414,1174,2628,5499,2470,1633,2623,4031,4589,2201,4828,3765,4592,4682,5444,1109,1982,3395,4541,3983,4409,2551,1361,5191,3679,1519,6468,2836,4714,2692,5784,3468,1622,1541,2490,4391,3257,4124,4515,5415,3927,5970,4383,3748,3506,5992,1932,6436,4339,6026,3450,5497,5997,4915,3722,4459,6847,5385,3811,2976,3285,6135,1716,4586,5621,2048,4501,6401,1083,1242,1861,1973,4037,1685,5523,6607,1862,1486,4076,4452,1179,2907,6869,6790,3654,4616,5252,5326,1056,5977,5347,6371,4417,3064,5688,3064,2266,2650,2958,6889,5953,5876,5593,6445,5743,2892,3443,5239,6846,5259,6829,1007,5043,2946,5109,2941,1756,6019,1668,2377,3480,5479,3623,3498,4406,2818,2716,2461,5488,2630,3005,4364,6055,2516,3940,5671,4009,2441,4849,5746,4621,5008,1383,1804,6768,6535,1015,4616,4557,5569,1630,6652,1865,6609,2157,2885,3903,3079,2882,6374,4599,4996,2611,4275,6110,4015,4645,3929,3223,3512,3515,6897,6525,6740,6092,3150,2047,6854,2629,3630,6399,3205,5903,2386,6779,2039,3937,4935,2434,6013,4168,2269,6375,5209,4620,5294,1629,3390,5813,3430,4726,6440,4003,5390,5132,6175,2814,2556,1386,5345,5166,5143,4881,3021,3333,3607,6047,5317,2644,2799,4286,6708,5521,2843,1419,6809,6556,5218,2764,3797,2458,6098,4564,2150,6326,5204,4865,2964,3810,1305,6973,2046,1240,5547,5288,6587,6516,1560,2324,1276,3065,6556,2584,6813,3606,1150,4055,6107,5655,4752,3208,5190,6210,5667,3850,3873,1683,5896,5989,3327,5499,5622,5446,2040,6703,2260,6546,6722,6030,3599,4928,2706,3558,2400,6866,5833,2151,6007,1174,5769,5140,4350,4684,3392,4445,2540,5856,5702,3110,6075,3659,3384,1091,1916,4776,1751,6931,4259,2586,4092,2890,6809,1709,4120,3117,3974,6697,6400,6621,4855 /tmp/1651687052139.txt 2 ./1651687052135.json ./1651687052130.json
AD REPEATABILITY OF OUR NEW METHOD : 320
0.1255

ALLOCATING WITH OUR OLD METHOD: 320
python alloc_fresh.py ../test1/bmspos_minfreq_0.002_maxcs_1_maxor_0.01/patterns.txt /home/preetham_sathineni/adslot/web_page_meta_dict_adslots_1_dataset_bmspostxt.pkl /home/preetham_sathineni/adslot/web_page_freq_sorted_adslots_1_dataset_bmspostxt.pkl 4414,1174,2628,5499,2470,1633,2623,4031,4589,2201,4828,3765,4592,4682,5444,1109,1982,3395,4541,3983,4409,2551,1361,5191,3679,1519,6468,2836,4714,2692,5784,3468,1622,1541,2490,4391,3257,4124,4515,5415,3927,5970,4383,3748,3506,5992,1932,6436,4339,6026,3450,5497,5997,4915,3722,4459,6847,5385,3811,2976,3285,6135,1716,4586,5621,2048,4501,6401,1083,1242,1861,1973,4037,1685,5523,6607,1862,1486,4076,4452,1179,2907,6869,6790,3654,4616,5252,5326,1056,5977,5347,6371,4417,3064,5688,3064,2266,2650,2958,6889,5953,5876,5593,6445,5743,2892,3443,5239,6846,5259,6829,1007,5043,2946,5109,2941,1756,6019,1668,2377,3480,5479,3623,3498,4406,2818,2716,2461,5488,2630,3005,4364,6055,2516,3940,5671,4009,2441,4849,5746,4621,5008,1383,1804,6768,6535,1015,4616,4557,5569,1630,6652,1865,6609,2157,2885,3903,3079,2882,6374,4599,4996,2611,4275,6110,4015,4645,3929,3223,3512,3515,6897,6525,6740,6092,3150,2047,6854,2629,3630,6399,3205,5903,2386,6779,2039,3937,4935,2434,6013,4168,2269,6375,5209,4620,5294,1629,3390,5813,3430,4726,6440,4003,5390,5132,6175,2814,2556,1386,5345,5166,5143,4881,3021,3333,3607,6047,5317,2644,2799,4286,6708,5521,2843,1419,6809,6556,5218,2764,3797,2458,6098,4564,2150,6326,5204,4865,2964,3810,1305,6973,2046,1240,5547,5288,6587,6516,1560,2324,1276,3065,6556,2584,6813,3606,1150,4055,6107,5655,4752,3208,5190,6210,5667,3850,3873,1683,5896,5989,3327,5499,5622,5446,2040,6703,2260,6546,6722,6030,3599,4928,2706,3558,2400,6866,5833,2151,6007,1174,5769,5140,4350,4684,3392,4445,2540,5856,5702,3110,6075,3659,3384,1091,1916,4776,1751,6931,4259,2586,4092,2890,6809,1709,4120,3117,3974,6697,6400,6621,4855 /tmp/1651687388929.txt 2 ./1651687052135.json ./1651687052130.json
AD REPEATABILITY OF ONE-SLOT METHOD : 320
0.19426

[One slot] ALLOCATING WITH RANDOM METHOD: 320
0.39841

[Multi slots] ALLOCATING WITH RANDOM METHOD: 320
AD REPEATABILITY OF RANDOM METHOD: 320
1.04508

allocated
{'VFS_one_method': [0], 'VFS_multi_method': [0], 'new_method': [320], 'oneslot_method': [140]}
adrepp
{'VFS_one_method': ['0.39841'], 'VFS_multi_method': ['1.04508'], 'new_method': ['0.1255'], 'oneslot_method': ['0.19426']}
revenue
{'VFS_one_method': [], 'VFS_multi_method': [], 'new_method': [], 'oneslot_method': []}
got patterns
sorted patterns
started allocation
Allocation accuracy: 340
total views sold: 1370854
Allocation accuracy new method: 340
0.0
got patterns
sorted patterns
started allocation
Allocation accuracy: 152
total views sold: 648703
Allocation accuracy new method: 152
('META_DATA_FILE_PATH', '/home/preetham_sathineni/adslot/web_page_meta_dict_adslots_1_dataset_bmspostxt.pkl')
/tmp/1651687975070.txt
Allocation accuracy: 64
total views sold: 413453
('META_DATA_FILE_PATH', '/home/preetham_sathineni/adslot/web_page_meta_dict_adslots_4_dataset_bmspostxt.pkl')
/tmp/1651687976046.txt
Allocation accuracy: 340
total views sold: 1370854
###############     ARGUMENTS     ############
['plot_results.py', '../test1/bmspos_minfreq_0.002_maxcs_1_maxor_0.01/patterns.txt', '../CMineMR-Mapreduce-algorithm-to-extract-coverage-patterns-master/dataset/bmspos.txt', '340', '4000', '3000', '4']
##############################################
web_page_to_adv_json_file : ./1651687516903.json
allocated_adslots_file: ./1651687516907.json
python alloc_fresh.py ../test1/bmspos_minfreq_0.002_maxcs_1_maxor_0.01/patterns.txt /home/preetham_sathineni/adslot/web_page_meta_dict_adslots_4_dataset_bmspostxt.pkl /home/preetham_sathineni/adslot/web_page_freq_sorted_adslots_4_dataset_bmspostxt.pkl 5794,6000,4483,1976,4619,5142,3144,3041,5936,4986,1202,5270,2914,4910,2526,6134,3299,1249,1546,6213,1775,5202,3930,4141,6299,2665,5958,6729,3266,3619,3231,6923,5147,3526,1048,6673,4997,6628,5596,3717,5710,3653,1456,3949,3145,3466,4824,6464,3018,3339,1001,1320,6771,2921,4711,5710,2660,2326,3720,6604,5801,4141,6532,2006,1019,1280,6847,2001,5246,1279,5356,5944,1158,1758,1976,4484,5408,3706,3066,1371,5324,3484,3870,4939,2383,1003,5886,2571,6148,4950,6266,6534,4888,1315,5452,4359,5226,5867,2014,2222,1608,2723,1682,4415,1723,2221,4186,5697,6761,6357,6308,5737,2424,3501,5026,1470,1370,4331,2739,5559,4973,5524,5850,2861,1244,3070,1122,4688,3396,2416,2464,2220,4097,2917,4156,6033,2244,3760,1496,5266,3315,3346,4637,4771,4428,6669,5412,1700,2116,3074,2429,5678,2207,2097,5588,1556,1879,3424,2730,3803,5090,4284,1273,4687,5290,5139,2154,5115,6335,5824,2555,3279,5031,1992,4655,3845,1010,3606,3028,2607,1934,6830,4665,4928,1794,6306,6935,1982,5451,1676,3632,1284,6938,2391,6963,2917,2536,6724,3773,2309,4168,2458,4526,6452,3448,4488,3035,1230,2285,3832,1264,1335,5178,1296,3716,6323,6978,6529,3986,6441,2033,4712,4924,2114,3655,1550,5012,4587,5007,6685,6809,4822,6786,5688,1460,3798,2637,5162,3509,6819,3099,3815,6289,4939,1808,3656,4146,1963,6916,3588,4954,1189,6972,2624,4935,5235,1711,4288,5002,6592,2037,3904,2198,5726,3683,5287,6204,6887,3947,6284,1887,3840,5918,1218,3437,2398,2994,5414,1975,3971,5610,1798,4319,6049,1328,3044,3477,6886,3586,3744,2902,1633,3356,2784,3936,6164,1983,5126,6774,3267,3357,3459,5396,5582,5195,6120,5305,5488,2935,3204,3182,5701,3741,6146,4631,6783,6310,4383,5362,4285,6335,4424,3983,3185,2919,1186,6008,1938,2173,5267,3874,5897,6629,1067,6783,6170,5648,3338,5639,5830 /tmp/1651687516910.txt 2 ./1651687516907.json ./1651687516903.json
AD REPEATABILITY OF OUR NEW METHOD : 340
0.12936

ALLOCATING WITH OUR OLD METHOD: 340
python alloc_fresh.py ../test1/bmspos_minfreq_0.002_maxcs_1_maxor_0.01/patterns.txt /home/preetham_sathineni/adslot/web_page_meta_dict_adslots_1_dataset_bmspostxt.pkl /home/preetham_sathineni/adslot/web_page_freq_sorted_adslots_1_dataset_bmspostxt.pkl 5794,6000,4483,1976,4619,5142,3144,3041,5936,4986,1202,5270,2914,4910,2526,6134,3299,1249,1546,6213,1775,5202,3930,4141,6299,2665,5958,6729,3266,3619,3231,6923,5147,3526,1048,6673,4997,6628,5596,3717,5710,3653,1456,3949,3145,3466,4824,6464,3018,3339,1001,1320,6771,2921,4711,5710,2660,2326,3720,6604,5801,4141,6532,2006,1019,1280,6847,2001,5246,1279,5356,5944,1158,1758,1976,4484,5408,3706,3066,1371,5324,3484,3870,4939,2383,1003,5886,2571,6148,4950,6266,6534,4888,1315,5452,4359,5226,5867,2014,2222,1608,2723,1682,4415,1723,2221,4186,5697,6761,6357,6308,5737,2424,3501,5026,1470,1370,4331,2739,5559,4973,5524,5850,2861,1244,3070,1122,4688,3396,2416,2464,2220,4097,2917,4156,6033,2244,3760,1496,5266,3315,3346,4637,4771,4428,6669,5412,1700,2116,3074,2429,5678,2207,2097,5588,1556,1879,3424,2730,3803,5090,4284,1273,4687,5290,5139,2154,5115,6335,5824,2555,3279,5031,1992,4655,3845,1010,3606,3028,2607,1934,6830,4665,4928,1794,6306,6935,1982,5451,1676,3632,1284,6938,2391,6963,2917,2536,6724,3773,2309,4168,2458,4526,6452,3448,4488,3035,1230,2285,3832,1264,1335,5178,1296,3716,6323,6978,6529,3986,6441,2033,4712,4924,2114,3655,1550,5012,4587,5007,6685,6809,4822,6786,5688,1460,3798,2637,5162,3509,6819,3099,3815,6289,4939,1808,3656,4146,1963,6916,3588,4954,1189,6972,2624,4935,5235,1711,4288,5002,6592,2037,3904,2198,5726,3683,5287,6204,6887,3947,6284,1887,3840,5918,1218,3437,2398,2994,5414,1975,3971,5610,1798,4319,6049,1328,3044,3477,6886,3586,3744,2902,1633,3356,2784,3936,6164,1983,5126,6774,3267,3357,3459,5396,5582,5195,6120,5305,5488,2935,3204,3182,5701,3741,6146,4631,6783,6310,4383,5362,4285,6335,4424,3983,3185,2919,1186,6008,1938,2173,5267,3874,5897,6629,1067,6783,6170,5648,3338,5639,5830 /tmp/1651687853482.txt 2 ./1651687516907.json ./1651687516903.json
AD REPEATABILITY OF ONE-SLOT METHOD : 340
0.18226

[One slot] ALLOCATING WITH RANDOM METHOD: 340
0.41513

[Multi slots] ALLOCATING WITH RANDOM METHOD: 340
AD REPEATABILITY OF RANDOM METHOD: 340
1.05587

allocated
{'VFS_one_method': [0], 'VFS_multi_method': [0], 'new_method': [340], 'oneslot_method': [152]}
adrepp
{'VFS_one_method': ['0.41513'], 'VFS_multi_method': ['1.05587'], 'new_method': ['0.12936'], 'oneslot_method': ['0.18226']}
revenue
{'VFS_one_method': [], 'VFS_multi_method': [], 'new_method': [], 'oneslot_method': []}
got patterns
sorted patterns
started allocation
Allocation accuracy: 360
total views sold: 1474483
Allocation accuracy new method: 360
0.0
got patterns
sorted patterns
started allocation
Allocation accuracy: 150
total views sold: 643882
Allocation accuracy new method: 150
('META_DATA_FILE_PATH', '/home/preetham_sathineni/adslot/web_page_meta_dict_adslots_1_dataset_bmspostxt.pkl')
/tmp/1651688446817.txt
Allocation accuracy: 67
total views sold: 434535
('META_DATA_FILE_PATH', '/home/preetham_sathineni/adslot/web_page_meta_dict_adslots_4_dataset_bmspostxt.pkl')
/tmp/1651688447810.txt
Allocation accuracy: 360
total views sold: 1474483
###############     ARGUMENTS     ############
['plot_results.py', '../test1/bmspos_minfreq_0.002_maxcs_1_maxor_0.01/patterns.txt', '../CMineMR-Mapreduce-algorithm-to-extract-coverage-patterns-master/dataset/bmspos.txt', '360', '4000', '3000', '4']
##############################################
web_page_to_adv_json_file : ./1651687978524.json
allocated_adslots_file: ./1651687978528.json
python alloc_fresh.py ../test1/bmspos_minfreq_0.002_maxcs_1_maxor_0.01/patterns.txt /home/preetham_sathineni/adslot/web_page_meta_dict_adslots_4_dataset_bmspostxt.pkl /home/preetham_sathineni/adslot/web_page_freq_sorted_adslots_4_dataset_bmspostxt.pkl 5373,2568,4460,2994,2309,5538,1180,6378,3477,6291,6206,4677,2199,6286,4097,3991,6089,1516,4432,3809,3314,3706,3358,6237,2988,6675,2477,4973,6236,4135,3175,4603,3323,2108,5403,6479,2756,3994,4846,5738,3019,6052,1317,3091,4706,6040,1425,5787,3815,5964,3418,3357,3108,4877,5048,3573,1649,6026,6586,3683,1198,2205,6912,6830,3836,3585,6760,4888,3691,3872,2637,5876,3972,5558,6543,2482,3105,3971,3025,4954,4549,2540,2805,2601,6295,4968,6330,3443,5602,4734,5965,3990,5302,2615,1336,3633,4720,2477,2567,1636,4309,5052,5138,2437,1587,6528,2016,2689,2895,6598,3122,6991,1772,4255,5530,1100,6005,4734,4800,5861,3463,1776,5376,3170,6734,5617,2890,6051,6304,5240,1131,6701,4179,3110,1531,4856,4414,2560,5280,1570,6446,1465,5074,4315,5021,3325,5737,4978,2981,5065,1699,4445,4576,3384,1432,4304,4981,1206,3506,4114,2054,6549,1212,2516,6460,2600,2706,3215,5589,4988,5283,3137,6560,4410,4577,6828,3196,4807,6987,6543,3311,5356,3193,4830,4190,3328,4574,3043,6829,2993,2289,6878,6632,5501,6962,5146,5518,2434,6498,3814,2111,6695,5210,4338,4328,1235,1934,3134,2849,2735,2014,1336,6490,6785,6355,3246,6514,3054,2534,1438,3092,1957,6677,5895,6939,3149,4580,2656,5568,6266,4330,5601,2597,2177,6167,2047,1083,6209,3864,2601,3174,4909,1865,4896,6703,1799,2801,6500,5853,4406,3706,4523,4280,1979,3953,4254,4136,5711,1319,3202,2667,4943,5611,1814,5637,6484,2640,4557,4564,5383,6146,2610,5861,1221,5394,1781,4899,3228,5742,3093,1966,2848,1292,5852,1524,6048,5175,2785,4220,2470,1235,3201,1975,1573,6185,5280,6828,1547,1744,4515,6978,6259,4665,2882,1648,3139,3452,5863,5489,4207,3144,6890,6327,6434,5742,2676,5414,1705,1008,3235,3353,1630,1649,3144,1525,2329,5766,1368,1128,3028,6669,2532,5538,4726,3382,3205,5324,5824,6605,4104,4394,2471,5261,1259,5775,3653,4010,1030,5004,4751,4065,4037,2387,2104,6176,6942,5270,4729,2102,4875 /tmp/1651687978532.txt 2 ./1651687978528.json ./1651687978524.json
AD REPEATABILITY OF OUR NEW METHOD : 360
0.18721

ALLOCATING WITH OUR OLD METHOD: 360
python alloc_fresh.py ../test1/bmspos_minfreq_0.002_maxcs_1_maxor_0.01/patterns.txt /home/preetham_sathineni/adslot/web_page_meta_dict_adslots_1_dataset_bmspostxt.pkl /home/preetham_sathineni/adslot/web_page_freq_sorted_adslots_1_dataset_bmspostxt.pkl 5373,2568,4460,2994,2309,5538,1180,6378,3477,6291,6206,4677,2199,6286,4097,3991,6089,1516,4432,3809,3314,3706,3358,6237,2988,6675,2477,4973,6236,4135,3175,4603,3323,2108,5403,6479,2756,3994,4846,5738,3019,6052,1317,3091,4706,6040,1425,5787,3815,5964,3418,3357,3108,4877,5048,3573,1649,6026,6586,3683,1198,2205,6912,6830,3836,3585,6760,4888,3691,3872,2637,5876,3972,5558,6543,2482,3105,3971,3025,4954,4549,2540,2805,2601,6295,4968,6330,3443,5602,4734,5965,3990,5302,2615,1336,3633,4720,2477,2567,1636,4309,5052,5138,2437,1587,6528,2016,2689,2895,6598,3122,6991,1772,4255,5530,1100,6005,4734,4800,5861,3463,1776,5376,3170,6734,5617,2890,6051,6304,5240,1131,6701,4179,3110,1531,4856,4414,2560,5280,1570,6446,1465,5074,4315,5021,3325,5737,4978,2981,5065,1699,4445,4576,3384,1432,4304,4981,1206,3506,4114,2054,6549,1212,2516,6460,2600,2706,3215,5589,4988,5283,3137,6560,4410,4577,6828,3196,4807,6987,6543,3311,5356,3193,4830,4190,3328,4574,3043,6829,2993,2289,6878,6632,5501,6962,5146,5518,2434,6498,3814,2111,6695,5210,4338,4328,1235,1934,3134,2849,2735,2014,1336,6490,6785,6355,3246,6514,3054,2534,1438,3092,1957,6677,5895,6939,3149,4580,2656,5568,6266,4330,5601,2597,2177,6167,2047,1083,6209,3864,2601,3174,4909,1865,4896,6703,1799,2801,6500,5853,4406,3706,4523,4280,1979,3953,4254,4136,5711,1319,3202,2667,4943,5611,1814,5637,6484,2640,4557,4564,5383,6146,2610,5861,1221,5394,1781,4899,3228,5742,3093,1966,2848,1292,5852,1524,6048,5175,2785,4220,2470,1235,3201,1975,1573,6185,5280,6828,1547,1744,4515,6978,6259,4665,2882,1648,3139,3452,5863,5489,4207,3144,6890,6327,6434,5742,2676,5414,1705,1008,3235,3353,1630,1649,3144,1525,2329,5766,1368,1128,3028,6669,2532,5538,4726,3382,3205,5324,5824,6605,4104,4394,2471,5261,1259,5775,3653,4010,1030,5004,4751,4065,4037,2387,2104,6176,6942,5270,4729,2102,4875 /tmp/1651688325919.txt 2 ./1651687978528.json ./1651687978524.json
AD REPEATABILITY OF ONE-SLOT METHOD : 360
0.197

[One slot] ALLOCATING WITH RANDOM METHOD: 360
0.3498

[Multi slots] ALLOCATING WITH RANDOM METHOD: 360
AD REPEATABILITY OF RANDOM METHOD: 360
1.1854

allocated
{'VFS_one_method': [0], 'VFS_multi_method': [0], 'new_method': [360], 'oneslot_method': [150]}
adrepp
{'VFS_one_method': ['0.3498'], 'VFS_multi_method': ['1.1854'], 'new_method': ['0.18721'], 'oneslot_method': ['0.197']}
revenue
{'VFS_one_method': [], 'VFS_multi_method': [], 'new_method': [], 'oneslot_method': []}
got patterns
sorted patterns
started allocation
Allocation accuracy: 380
total views sold: 1557833
Allocation accuracy new method: 380
0.0
got patterns
sorted patterns
started allocation
Allocation accuracy: 158
total views sold: 653878
Allocation accuracy new method: 158
('META_DATA_FILE_PATH', '/home/preetham_sathineni/adslot/web_page_meta_dict_adslots_1_dataset_bmspostxt.pkl')
/tmp/1651688887277.txt
Allocation accuracy: 64
total views sold: 416693
('META_DATA_FILE_PATH', '/home/preetham_sathineni/adslot/web_page_meta_dict_adslots_4_dataset_bmspostxt.pkl')
/tmp/1651688888247.txt
Allocation accuracy: 361
total views sold: 1534901
###############     ARGUMENTS     ############
['plot_results.py', '../test1/bmspos_minfreq_0.002_maxcs_1_maxor_0.01/patterns.txt', '../CMineMR-Mapreduce-algorithm-to-extract-coverage-patterns-master/dataset/bmspos.txt', '380', '4000', '3000', '4']
##############################################
web_page_to_adv_json_file : ./1651688450538.json
allocated_adslots_file: ./1651688450542.json
python alloc_fresh.py ../test1/bmspos_minfreq_0.002_maxcs_1_maxor_0.01/patterns.txt /home/preetham_sathineni/adslot/web_page_meta_dict_adslots_4_dataset_bmspostxt.pkl /home/preetham_sathineni/adslot/web_page_freq_sorted_adslots_4_dataset_bmspostxt.pkl 5379,4833,4778,4101,4018,1685,6193,4849,5796,2412,5781,3522,6613,6407,3278,6000,2455,3900,6158,5832,1966,1461,1627,3302,4993,2262,3321,5671,6937,3090,5198,1700,4497,5692,4622,4551,6173,2719,4770,3924,1651,6370,3463,4623,5431,6993,1284,1270,1497,5906,1529,1380,5739,3267,6734,3503,1862,5992,5598,4978,3457,1545,5492,2534,6854,6935,3760,5166,3515,1437,1366,2228,4414,5063,5239,3092,3083,1409,2437,1499,2503,5364,6844,1535,6918,4039,4793,5565,6226,3513,4803,1338,1595,3088,3612,6558,5709,3898,6127,4154,3020,4808,4021,1469,5779,3552,1568,6172,2525,5319,1792,6194,1072,6788,4094,5550,6827,5198,1235,1360,5076,2218,4519,2078,4275,4328,3078,3681,1044,5243,5635,4879,5415,5338,3667,3332,4399,3317,3914,4608,4535,5428,3039,2531,4561,4850,4195,2852,6377,5924,2494,4024,3369,3203,5001,3765,5323,4693,4101,1256,6565,5821,5913,6054,5427,2564,4745,5956,5753,6033,4889,3284,1888,2209,1460,5657,2435,6126,4776,2625,3279,4599,2170,3651,6644,1512,3730,5502,6775,3066,4330,1320,6511,6096,5521,3846,4534,5929,4827,3774,3117,5695,1397,6920,3263,4448,5538,4108,1082,4829,4280,2366,4633,4329,1308,2600,6269,4536,6137,4127,4773,4927,6409,5643,3684,1101,6087,5411,3267,1715,5297,1016,1905,6986,3924,6965,2536,5712,1016,5108,1258,4279,1911,4795,1315,5826,2439,1982,3495,6902,6855,6901,4653,3934,3132,4677,2781,3982,6047,5159,2863,4225,4394,6042,1849,5185,5370,5173,5340,1801,4595,3112,6359,3388,3762,3410,3030,4103,2268,2010,5357,2843,6169,4569,6471,3953,3628,1324,2998,6626,6268,5785,3827,6522,6202,3233,1796,2224,4122,5468,1112,2966,1913,6543,4522,1644,3513,3580,6760,6888,1949,4781,6500,1994,2823,5766,2238,3621,3826,2418,6658,3939,3057,5884,2346,2423,5467,2381,1400,4039,3544,1631,4978,2490,2951,6888,2383,1786,3793,4184,5843,4392,6767,1432,6561,3124,1858,2167,2402,5470,6748,6292,3920,1849,5175,3358,2814,1579,6432,1221,4807,4420,5971,6666,3688,5858,1636,4450,3370,5534,6894,2472,3317,5921,1893,6718,6039,3025,3620,2153 /tmp/1651688450545.txt 2 ./1651688450542.json ./1651688450538.json
AD REPEATABILITY OF OUR NEW METHOD : 380
0.22517

ALLOCATING WITH OUR OLD METHOD: 380
python alloc_fresh.py ../test1/bmspos_minfreq_0.002_maxcs_1_maxor_0.01/patterns.txt /home/preetham_sathineni/adslot/web_page_meta_dict_adslots_1_dataset_bmspostxt.pkl /home/preetham_sathineni/adslot/web_page_freq_sorted_adslots_1_dataset_bmspostxt.pkl 5379,4833,4778,4101,4018,1685,6193,4849,5796,2412,5781,3522,6613,6407,3278,6000,2455,3900,6158,5832,1966,1461,1627,3302,4993,2262,3321,5671,6937,3090,5198,1700,4497,5692,4622,4551,6173,2719,4770,3924,1651,6370,3463,4623,5431,6993,1284,1270,1497,5906,1529,1380,5739,3267,6734,3503,1862,5992,5598,4978,3457,1545,5492,2534,6854,6935,3760,5166,3515,1437,1366,2228,4414,5063,5239,3092,3083,1409,2437,1499,2503,5364,6844,1535,6918,4039,4793,5565,6226,3513,4803,1338,1595,3088,3612,6558,5709,3898,6127,4154,3020,4808,4021,1469,5779,3552,1568,6172,2525,5319,1792,6194,1072,6788,4094,5550,6827,5198,1235,1360,5076,2218,4519,2078,4275,4328,3078,3681,1044,5243,5635,4879,5415,5338,3667,3332,4399,3317,3914,4608,4535,5428,3039,2531,4561,4850,4195,2852,6377,5924,2494,4024,3369,3203,5001,3765,5323,4693,4101,1256,6565,5821,5913,6054,5427,2564,4745,5956,5753,6033,4889,3284,1888,2209,1460,5657,2435,6126,4776,2625,3279,4599,2170,3651,6644,1512,3730,5502,6775,3066,4330,1320,6511,6096,5521,3846,4534,5929,4827,3774,3117,5695,1397,6920,3263,4448,5538,4108,1082,4829,4280,2366,4633,4329,1308,2600,6269,4536,6137,4127,4773,4927,6409,5643,3684,1101,6087,5411,3267,1715,5297,1016,1905,6986,3924,6965,2536,5712,1016,5108,1258,4279,1911,4795,1315,5826,2439,1982,3495,6902,6855,6901,4653,3934,3132,4677,2781,3982,6047,5159,2863,4225,4394,6042,1849,5185,5370,5173,5340,1801,4595,3112,6359,3388,3762,3410,3030,4103,2268,2010,5357,2843,6169,4569,6471,3953,3628,1324,2998,6626,6268,5785,3827,6522,6202,3233,1796,2224,4122,5468,1112,2966,1913,6543,4522,1644,3513,3580,6760,6888,1949,4781,6500,1994,2823,5766,2238,3621,3826,2418,6658,3939,3057,5884,2346,2423,5467,2381,1400,4039,3544,1631,4978,2490,2951,6888,2383,1786,3793,4184,5843,4392,6767,1432,6561,3124,1858,2167,2402,5470,6748,6292,3920,1849,5175,3358,2814,1579,6432,1221,4807,4420,5971,6666,3688,5858,1636,4450,3370,5534,6894,2472,3317,5921,1893,6718,6039,3025,3620,2153 /tmp/1651688764585.txt 2 ./1651688450542.json ./1651688450538.json
AD REPEATABILITY OF ONE-SLOT METHOD : 380
0.20539

[One slot] ALLOCATING WITH RANDOM METHOD: 380
0.3978

[Multi slots] ALLOCATING WITH RANDOM METHOD: 380
AD REPEATABILITY OF RANDOM METHOD: 380
1.09899

allocated
{'VFS_one_method': [0], 'VFS_multi_method': [0], 'new_method': [380], 'oneslot_method': [158]}
adrepp
{'VFS_one_method': ['0.3978'], 'VFS_multi_method': ['1.09899'], 'new_method': ['0.22517'], 'oneslot_method': ['0.20539']}
revenue
{'VFS_one_method': [], 'VFS_multi_method': [], 'new_method': [], 'oneslot_method': []}
got patterns
sorted patterns
started allocation
Allocation accuracy: 400
total views sold: 1621938
Allocation accuracy new method: 400
0.0
got patterns
sorted patterns
started allocation
Allocation accuracy: 171
total views sold: 669751
Allocation accuracy new method: 171
('META_DATA_FILE_PATH', '/home/preetham_sathineni/adslot/web_page_meta_dict_adslots_1_dataset_bmspostxt.pkl')
/tmp/1651689345958.txt
Allocation accuracy: 63
total views sold: 414880
('META_DATA_FILE_PATH', '/home/preetham_sathineni/adslot/web_page_meta_dict_adslots_4_dataset_bmspostxt.pkl')
/tmp/1651689346930.txt
Allocation accuracy: 354
total views sold: 1565079
###############     ARGUMENTS     ############
['plot_results.py', '../test1/bmspos_minfreq_0.002_maxcs_1_maxor_0.01/patterns.txt', '../CMineMR-Mapreduce-algorithm-to-extract-coverage-patterns-master/dataset/bmspos.txt', '400', '4000', '3000', '4']
##############################################
web_page_to_adv_json_file : ./1651688891062.json
allocated_adslots_file: ./1651688891066.json
python alloc_fresh.py ../test1/bmspos_minfreq_0.002_maxcs_1_maxor_0.01/patterns.txt /home/preetham_sathineni/adslot/web_page_meta_dict_adslots_4_dataset_bmspostxt.pkl /home/preetham_sathineni/adslot/web_page_freq_sorted_adslots_4_dataset_bmspostxt.pkl 2167,6247,1570,4402,3173,1378,3346,2851,1022,6421,1168,1918,6559,5524,4743,1109,6019,2771,5920,6922,6287,6200,5353,3553,2996,6401,1355,2646,5685,1454,4426,4966,5354,6931,3097,5373,6530,2293,4238,2150,6628,5908,5898,6015,2277,1730,2665,2049,4663,6609,3779,6401,5263,3263,5601,1215,2080,6637,6728,3179,2750,2666,4337,1269,2490,2402,6521,5288,2415,5837,5179,2684,3553,6708,2393,3447,5282,6276,3345,4893,5936,1218,1475,3606,3772,2531,1926,1168,6958,4199,3584,1691,6325,4913,2415,5951,5578,1652,6695,4245,5553,5944,1591,1088,5784,5724,2882,4542,6123,1076,6950,1440,4236,5590,5778,1238,3854,1028,3842,4493,6973,3606,6263,3649,6628,1350,3331,6036,2850,1066,3129,5756,1927,1687,6335,2964,2233,2731,5836,2137,3244,2840,2363,4478,4375,4969,6831,2054,2977,6323,4119,2307,1562,5925,1766,2922,2924,1146,1421,6992,1030,1824,6279,1145,2134,2449,4686,6451,5718,5940,1322,4831,3670,3811,1377,3901,2817,3498,5051,6896,2546,5833,5608,1692,4314,4273,1028,2420,1674,6227,4509,1884,2341,3860,4238,1010,3990,4278,3780,6289,5318,6411,3613,3579,1141,2497,4350,5525,5460,3637,4297,5294,4637,6517,3894,4075,3465,3542,2506,6129,1427,6656,2552,5094,2990,4599,3406,3296,2480,4365,2547,4632,2141,5360,6641,3579,2708,5346,4064,5782,2545,1519,3717,6275,5151,2555,5761,6378,3915,3615,3364,5273,4180,2466,5263,4710,5341,6795,3898,4642,4579,6242,4058,4513,1788,3927,2794,6707,5664,3813,6454,1198,1396,5400,5892,1758,5814,2967,4839,3263,3594,5895,5644,4784,5194,1063,6433,4274,4290,3045,5838,1873,6873,4683,6519,5158,4523,5803,3114,6007,6795,6331,4539,1002,3738,2453,1440,3325,3098,3120,1441,3903,4892,1598,3171,2488,3066,4078,5873,2479,5236,5722,5923,1121,4045,5882,5515,6454,6424,5991,2075,5189,6880,5114,6891,2012,5781,4727,2558,4151,6336,2696,6524,4089,4723,6029,6590,1247,1534,4772,1452,1147,6458,1871,2440,2746,3101,1584,6445,6372,5487,3208,6544,2269,1629,4950,3191,6688,6776,6877,6780,1538,3929,1034,5943,6070,1820,4990,6119,4167,6096,5158,3377,1381,3439,1033,6982,6124,5337,1196,5341,6539,5056,1229,2339,1262,6541,4895,1654,1601 /tmp/1651688891070.txt 2 ./1651688891066.json ./1651688891062.json
AD REPEATABILITY OF OUR NEW METHOD : 400
0.26146

ALLOCATING WITH OUR OLD METHOD: 400
python alloc_fresh.py ../test1/bmspos_minfreq_0.002_maxcs_1_maxor_0.01/patterns.txt /home/preetham_sathineni/adslot/web_page_meta_dict_adslots_1_dataset_bmspostxt.pkl /home/preetham_sathineni/adslot/web_page_freq_sorted_adslots_1_dataset_bmspostxt.pkl 2167,6247,1570,4402,3173,1378,3346,2851,1022,6421,1168,1918,6559,5524,4743,1109,6019,2771,5920,6922,6287,6200,5353,3553,2996,6401,1355,2646,5685,1454,4426,4966,5354,6931,3097,5373,6530,2293,4238,2150,6628,5908,5898,6015,2277,1730,2665,2049,4663,6609,3779,6401,5263,3263,5601,1215,2080,6637,6728,3179,2750,2666,4337,1269,2490,2402,6521,5288,2415,5837,5179,2684,3553,6708,2393,3447,5282,6276,3345,4893,5936,1218,1475,3606,3772,2531,1926,1168,6958,4199,3584,1691,6325,4913,2415,5951,5578,1652,6695,4245,5553,5944,1591,1088,5784,5724,2882,4542,6123,1076,6950,1440,4236,5590,5778,1238,3854,1028,3842,4493,6973,3606,6263,3649,6628,1350,3331,6036,2850,1066,3129,5756,1927,1687,6335,2964,2233,2731,5836,2137,3244,2840,2363,4478,4375,4969,6831,2054,2977,6323,4119,2307,1562,5925,1766,2922,2924,1146,1421,6992,1030,1824,6279,1145,2134,2449,4686,6451,5718,5940,1322,4831,3670,3811,1377,3901,2817,3498,5051,6896,2546,5833,5608,1692,4314,4273,1028,2420,1674,6227,4509,1884,2341,3860,4238,1010,3990,4278,3780,6289,5318,6411,3613,3579,1141,2497,4350,5525,5460,3637,4297,5294,4637,6517,3894,4075,3465,3542,2506,6129,1427,6656,2552,5094,2990,4599,3406,3296,2480,4365,2547,4632,2141,5360,6641,3579,2708,5346,4064,5782,2545,1519,3717,6275,5151,2555,5761,6378,3915,3615,3364,5273,4180,2466,5263,4710,5341,6795,3898,4642,4579,6242,4058,4513,1788,3927,2794,6707,5664,3813,6454,1198,1396,5400,5892,1758,5814,2967,4839,3263,3594,5895,5644,4784,5194,1063,6433,4274,4290,3045,5838,1873,6873,4683,6519,5158,4523,5803,3114,6007,6795,6331,4539,1002,3738,2453,1440,3325,3098,3120,1441,3903,4892,1598,3171,2488,3066,4078,5873,2479,5236,5722,5923,1121,4045,5882,5515,6454,6424,5991,2075,5189,6880,5114,6891,2012,5781,4727,2558,4151,6336,2696,6524,4089,4723,6029,6590,1247,1534,4772,1452,1147,6458,1871,2440,2746,3101,1584,6445,6372,5487,3208,6544,2269,1629,4950,3191,6688,6776,6877,6780,1538,3929,1034,5943,6070,1820,4990,6119,4167,6096,5158,3377,1381,3439,1033,6982,6124,5337,1196,5341,6539,5056,1229,2339,1262,6541,4895,1654,1601 /tmp/1651689223251.txt 2 ./1651688891066.json ./1651688891062.json
AD REPEATABILITY OF ONE-SLOT METHOD : 400
0.19566

[One slot] ALLOCATING WITH RANDOM METHOD: 400
0.4028

[Multi slots] ALLOCATING WITH RANDOM METHOD: 400
AD REPEATABILITY OF RANDOM METHOD: 400
1.2738

allocated
{'VFS_one_method': [0], 'VFS_multi_method': [0], 'new_method': [400], 'oneslot_method': [171]}
adrepp
{'VFS_one_method': ['0.4028'], 'VFS_multi_method': ['1.2738'], 'new_method': ['0.26146'], 'oneslot_method': ['0.19566']}
revenue
{'VFS_one_method': [], 'VFS_multi_method': [], 'new_method': [], 'oneslot_method': []}
