==========================================
SLURM_JOB_ID = 421626
SLURM_NODELIST = gnode65
SLURM_JOB_GPUS = 0
==========================================
Allocation with freq
['allocation_with_freq_new.py', '../test1/kosarak_output_0015', '/home/preetham_sathineni/adslot/web_page_meta_dict_adslots_1_dataset_kosarakdat.pkl', '/home/preetham_sathineni/adslot/web_page_freq_sorted_adslots_1_dataset_kosarakdat.pkl', '3714,4024,3616,3788,4140,4367,4320,4360,3600,3552,3900,4003,3698,3716,3913,3670,4245,3994,3696,4074,3765,4265,4058,4059,4143,3534,3938,4241,4329,3850,4293,4491,4258,3878,3847,4131,4155,3817,4431,3925,3516,3549,3583,3723,4137,4248,4235,3530,4079,4352,4101,4334,3933,4108,4134,4267,4442,4276,4082,3568,3547,3831,3842,3956,4282,4073,4067,4031,4380,4382,4032,4256,3571,3732,4221,3991,3770,4460,4363,3920,4059,4497,3974,4495,3982,4226,3628,4066,3733,3878,4026,4026,4391,4147,4037,4116,3523,3906,3948,3733', '/tmp/1624691234793.txt', '2', './1624691234788.json', './1624691234780.json', '300']
meta data file path:/home/preetham_sathineni/adslot/web_page_meta_dict_adslots_1_dataset_kosarakdat.pkl
got min rf : 300
total_pages: 3428
low_rf_pages: 37842
['../test1/kosarak_output_0015/1_level_patterns.txt', '../test1/kosarak_output_0015/2_level_patterns.txt']
Loaded all files
got patterns
current advertiser: 0
total_pages: 3428
low_rf_pages: 37842
total patterns: 73104
deleting 20
current advertiser: 1
total_pages: 3427
low_rf_pages: 37842
total patterns: 73103
deleting 41
current advertiser: 2
total_pages: 3426
low_rf_pages: 37842
total patterns: 73102
deleting 211
current advertiser: 3
total_pages: 3425
low_rf_pages: 37842
total patterns: 73101
deleting 247
current advertiser: 4
total_pages: 3424
low_rf_pages: 37842
total patterns: 73100
deleting 268
current advertiser: 5
total_pages: 3423
low_rf_pages: 37842
total patterns: 73099
deleting 296
current advertiser: 6
total_pages: 3422
low_rf_pages: 37842
total patterns: 73098
deleting 231
current advertiser: 7
total_pages: 3421
low_rf_pages: 37842
total patterns: 73097
deleting 496
current advertiser: 8
total_pages: 3420
low_rf_pages: 37842
total patterns: 73096
deleting 508
current advertiser: 9
total_pages: 3419
low_rf_pages: 37842
total patterns: 73095
deleting 534
current advertiser: 10
total_pages: 3418
low_rf_pages: 37842
total patterns: 73094
deleting 356
current advertiser: 11
total_pages: 3417
low_rf_pages: 37842
total patterns: 73093
deleting 650
current advertiser: 12
total_pages: 3416
low_rf_pages: 37842
total patterns: 73092
deleting 665
current advertiser: 13
total_pages: 3415
low_rf_pages: 37842
total patterns: 73091
deleting 1037
current advertiser: 14
total_pages: 3414
low_rf_pages: 37842
total patterns: 73090
deleting 1044
current advertiser: 15
total_pages: 3413
low_rf_pages: 37842
total patterns: 73089
deleting 1030
current advertiser: 16
total_pages: 3412
low_rf_pages: 37842
total patterns: 73088
deleting 131
current advertiser: 17
total_pages: 3411
low_rf_pages: 37842
total patterns: 73087
deleting 827
current advertiser: 18
total_pages: 3410
low_rf_pages: 37842
total patterns: 73086
deleting 1052
current advertiser: 19
total_pages: 3409
low_rf_pages: 37842
total patterns: 73085
deleting 1138
current advertiser: 20
total_pages: 3408
low_rf_pages: 37842
total patterns: 73084
deleting 1464
current advertiser: 21
total_pages: 3407
low_rf_pages: 37842
total patterns: 73083
deleting 1507
current advertiser: 22
total_pages: 3406
low_rf_pages: 37842
total patterns: 73082
deleting 1748
current advertiser: 23
total_pages: 3405
low_rf_pages: 37842
total patterns: 73081
deleting 1997
current advertiser: 24
total_pages: 3404
low_rf_pages: 37842
total patterns: 73080
deleting 2024
current advertiser: 25
total_pages: 3403
low_rf_pages: 37842
total patterns: 73079
deleting 2303
current advertiser: 26
total_pages: 3402
low_rf_pages: 37842
total patterns: 73078
deleting 2331
current advertiser: 27
total_pages: 3401
low_rf_pages: 37842
total patterns: 73077
deleting 2886
current advertiser: 28
total_pages: 3400
low_rf_pages: 37842
total patterns: 73076
deleting 37
deleting 4588
current advertiser: 29
total_pages: 3398
low_rf_pages: 37842
total patterns: 73072
deleting 154
current advertiser: 30
total_pages: 3397
low_rf_pages: 37842
total patterns: 73071
deleting 292
current advertiser: 31
total_pages: 3396
low_rf_pages: 37842
total patterns: 73070
deleting 363
current advertiser: 32
total_pages: 3395
low_rf_pages: 37842
total patterns: 73069
deleting 382
current advertiser: 33
total_pages: 3394
low_rf_pages: 37842
total patterns: 73068
deleting 400
current advertiser: 34
total_pages: 3393
low_rf_pages: 37842
total patterns: 73067
deleting 467
current advertiser: 35
total_pages: 3392
low_rf_pages: 37842
total patterns: 73066
deleting 2124
current advertiser: 36
total_pages: 3391
low_rf_pages: 37842
total patterns: 73065
deleting 2817
current advertiser: 37
total_pages: 3390
low_rf_pages: 37842
total patterns: 73064
deleting 212
current advertiser: 38
total_pages: 3389
low_rf_pages: 37842
total patterns: 73063
deleting 6976
deleting 1023
current advertiser: 39
total_pages: 3387
low_rf_pages: 37842
total patterns: 73059
deleting 144
current advertiser: 40
total_pages: 3386
low_rf_pages: 37842
total patterns: 73058
deleting 520
current advertiser: 41
total_pages: 3385
low_rf_pages: 37842
total patterns: 73057
deleting 974
current advertiser: 42
total_pages: 3384
low_rf_pages: 37842
total patterns: 73056
deleting 1071
current advertiser: 43
total_pages: 3383
low_rf_pages: 37842
total patterns: 73055
deleting 88
deleting 893
current advertiser: 44
total_pages: 3381
low_rf_pages: 37842
total patterns: 73050
deleting 5655
deleting 3394
current advertiser: 45
total_pages: 3379
low_rf_pages: 37842
total patterns: 73042
deleting 3182
deleting 1800
current advertiser: 46
total_pages: 3377
low_rf_pages: 37842
total patterns: 73035
deleting 3604
deleting 141
current advertiser: 47
total_pages: 3375
low_rf_pages: 37842
total patterns: 73027
deleting 5565
deleting 729
current advertiser: 48
total_pages: 3373
low_rf_pages: 37842
total patterns: 73021
deleting 587
current advertiser: 49
total_pages: 3372
low_rf_pages: 37842
total patterns: 73020
deleting 336
deleting 3356
current advertiser: 50
total_pages: 3370
low_rf_pages: 37842
total patterns: 73008
deleting 70
deleting 78
current advertiser: 51
total_pages: 3368
low_rf_pages: 37842
total patterns: 72996
deleting 1628
deleting 617
current advertiser: 52
total_pages: 3366
low_rf_pages: 37842
total patterns: 72986
deleting 928
deleting 2357
current advertiser: 53
total_pages: 3364
low_rf_pages: 37842
total patterns: 72977
deleting 1960
current advertiser: 54
total_pages: 3363
low_rf_pages: 37842
total patterns: 72976
deleting 688
current advertiser: 55
total_pages: 3362
low_rf_pages: 37842
total patterns: 72975
deleting 1056
deleting 1980
current advertiser: 56
total_pages: 3360
low_rf_pages: 37842
total patterns: 72963
deleting 251
deleting 498
current advertiser: 57
total_pages: 3358
low_rf_pages: 37842
total patterns: 72954
deleting 424
current advertiser: 58
total_pages: 3357
low_rf_pages: 37842
total patterns: 72953
deleting 879
current advertiser: 59
total_pages: 3356
low_rf_pages: 37842
total patterns: 72952
deleting 6977
deleting 1034
current advertiser: 60
total_pages: 3354
low_rf_pages: 37842
total patterns: 72940
deleting 323
deleting 347
current advertiser: 61
total_pages: 3352
low_rf_pages: 37842
total patterns: 72926
deleting 17
deleting 545
current advertiser: 62
total_pages: 3350
low_rf_pages: 37842
total patterns: 72917
deleting 331
current advertiser: 63
total_pages: 3349
low_rf_pages: 37842
total patterns: 72916
deleting 3262
deleting 4426
current advertiser: 64
total_pages: 3347
low_rf_pages: 37842
total patterns: 72901
deleting 4507
deleting 4315
current advertiser: 65
total_pages: 3345
low_rf_pages: 37842
total patterns: 72889
deleting 2895
deleting 3348
current advertiser: 66
total_pages: 3343
low_rf_pages: 37842
total patterns: 72876
deleting 372
current advertiser: 67
total_pages: 3342
low_rf_pages: 37842
total patterns: 72875
deleting 1599
deleting 1865
current advertiser: 68
total_pages: 3340
low_rf_pages: 37842
total patterns: 72861
deleting 697
current advertiser: 69
total_pages: 3339
low_rf_pages: 37842
total patterns: 72859
deleting 1469
current advertiser: 70
total_pages: 3338
low_rf_pages: 37842
total patterns: 72858
deleting 39
current advertiser: 71
total_pages: 3337
low_rf_pages: 37842
total patterns: 72857
deleting 838
current advertiser: 72
total_pages: 3336
low_rf_pages: 37842
total patterns: 72856
deleting 3589
deleting 3155
current advertiser: 73
total_pages: 3334
low_rf_pages: 37842
total patterns: 72838
deleting 603
current advertiser: 74
total_pages: 3333
low_rf_pages: 37842
total patterns: 72836
deleting 3680
deleting 3001
current advertiser: 75
total_pages: 3331
low_rf_pages: 37842
total patterns: 72816
deleting 204
current advertiser: 76
total_pages: 3330
low_rf_pages: 37842
total patterns: 72814
deleting 738
current advertiser: 77
total_pages: 3329
low_rf_pages: 37842
total patterns: 72813
deleting 882
current advertiser: 78
total_pages: 3328
low_rf_pages: 37842
total patterns: 72810
deleting 106
current advertiser: 79
total_pages: 3327
low_rf_pages: 37842
total patterns: 72808
deleting 525
current advertiser: 80
total_pages: 3326
low_rf_pages: 37842
total patterns: 72807
deleting 528
current advertiser: 81
total_pages: 3325
low_rf_pages: 37842
total patterns: 72806
deleting 1018
current advertiser: 82
total_pages: 3324
low_rf_pages: 37842
total patterns: 72804
deleting 1707
current advertiser: 83
total_pages: 3323
low_rf_pages: 37842
total patterns: 72803
deleting 2145
current advertiser: 84
total_pages: 3322
low_rf_pages: 37842
total patterns: 72801
deleting 102
current advertiser: 85
total_pages: 3321
low_rf_pages: 37842
total patterns: 72799
deleting 221
current advertiser: 86
total_pages: 3320
low_rf_pages: 37842
total patterns: 72797
deleting 330
current advertiser: 87
total_pages: 3319
low_rf_pages: 37842
total patterns: 72794
deleting 800
current advertiser: 88
total_pages: 3318
low_rf_pages: 37842
total patterns: 72790
deleting 332
current advertiser: 89
total_pages: 3317
low_rf_pages: 37842
total patterns: 72788
deleting 139
current advertiser: 90
total_pages: 3316
low_rf_pages: 37842
total patterns: 72787
deleting 368
current advertiser: 91
total_pages: 3315
low_rf_pages: 37842
total patterns: 72785
deleting 329
current advertiser: 92
total_pages: 3314
low_rf_pages: 37842
total patterns: 72782
deleting 787
current advertiser: 93
total_pages: 3313
low_rf_pages: 37842
total patterns: 72779
deleting 312
current advertiser: 94
total_pages: 3312
low_rf_pages: 37842
total patterns: 72777
deleting 453
current advertiser: 95
total_pages: 3311
low_rf_pages: 37842
total patterns: 72775
deleting 837
current advertiser: 96
total_pages: 3310
low_rf_pages: 37842
total patterns: 72774
deleting 422
current advertiser: 97
total_pages: 3309
low_rf_pages: 37842
total patterns: 72772
deleting 885
current advertiser: 98
total_pages: 3308
low_rf_pages: 37842
total patterns: 72771
deleting 118
current advertiser: 99
total_pages: 3307
low_rf_pages: 37842
total patterns: 72770
deleting 1035
Allocation accuracy new method: 100
views wasted:0
limit 1 to 1
/tmp/1624691672380.txt
Allocation accuracy: 100
Allocation with freq
['allocation_with_freq_new.py', '../test1/kosarak_output_0015', '/home/preetham_sathineni/adslot/web_page_meta_dict_adslots_1_dataset_kosarakdat.pkl', '/home/preetham_sathineni/adslot/web_page_freq_sorted_adslots_1_dataset_kosarakdat.pkl', '3907,4268,3746,4214,4296,3983,4003,4090,3840,3832,3832,4168,4340,4403,4487,3851,4145,4299,3701,4042,4229,4064,4169,4042,3544,3819,4117,3789,3869,4440,3690,3756,4402,3549,3642,3583,4286,3671,3827,4095,3996,4082,3981,3858,3669,4216,4117,4341,4136,3600,3628,4015,4177,4142,4306,4062,4334,3853,4255,3696,4097,4308,4234,4171,4238,4265,3700,3846,4366,3841,4384,4255,4248,3832,4080,4036,3944,4008,3722,4303,4155,3697,4245,3784,4244,4168,4056,4480,4022,4167,3659,4394,4242,4459,4484,4127,4238,4218,3979,4063,3788,3515,3628,3681,3912,4227,4283,4137,3626,4468,4487,3543,3758,4239,4328,4075,4034,3771,3685,4254,3610,3619,4118,3850,4035,4194,3714,3934,4466,4312,4361,4165,3934,3624,4322,3756,3557,3717,3866,3897,3850,3830,3710,3956,3981,3522,3802,3696,3598,3997,3726,3872,3593,3688,3670,3540,4474,3567,3652,3790,4063,3699,3994,4440,4425,4138,3500,3859,3811,4295,4246,4040,3571,3578,3991,3663,3668,3536,3619,4461,3926,3685,4446,4071,3829,4457,3761,4319,4090,3942,3560,4451,4488,4403,4444,4048,3611,3574,4482,3760', '/tmp/1624691853595.txt', '2', './1624691234788.json', './1624691234780.json', '300']
meta data file path:/home/preetham_sathineni/adslot/web_page_meta_dict_adslots_1_dataset_kosarakdat.pkl
got min rf : 300
total_pages: 3428
low_rf_pages: 37842
['../test1/kosarak_output_0015/1_level_patterns.txt', '../test1/kosarak_output_0015/2_level_patterns.txt']
Loaded all files
got patterns
current advertiser: 0
total_pages: 3428
low_rf_pages: 37842
total patterns: 73104
deleting 20
current advertiser: 1
total_pages: 3427
low_rf_pages: 37842
total patterns: 73103
deleting 41
current advertiser: 2
total_pages: 3426
low_rf_pages: 37842
total patterns: 73102
deleting 211
current advertiser: 3
total_pages: 3425
low_rf_pages: 37842
total patterns: 73101
deleting 247
current advertiser: 4
total_pages: 3424
low_rf_pages: 37842
total patterns: 73100
deleting 266
current advertiser: 5
total_pages: 3423
low_rf_pages: 37842
total patterns: 73099
deleting 268
current advertiser: 6
total_pages: 3422
low_rf_pages: 37842
total patterns: 73098
deleting 276
current advertiser: 7
total_pages: 3421
low_rf_pages: 37842
total patterns: 73097
deleting 296
current advertiser: 8
total_pages: 3420
low_rf_pages: 37842
total patterns: 73096
deleting 496
current advertiser: 9
total_pages: 3419
low_rf_pages: 37842
total patterns: 73095
deleting 508
current advertiser: 10
total_pages: 3418
low_rf_pages: 37842
total patterns: 73094
deleting 534
current advertiser: 11
total_pages: 3417
low_rf_pages: 37842
total patterns: 73093
deleting 650
current advertiser: 12
total_pages: 3416
low_rf_pages: 37842
total patterns: 73092
deleting 665
current advertiser: 13
total_pages: 3415
low_rf_pages: 37842
total patterns: 73091
deleting 772
current advertiser: 14
total_pages: 3414
low_rf_pages: 37842
total patterns: 73090
deleting 870
current advertiser: 15
total_pages: 3413
low_rf_pages: 37842
total patterns: 73089
deleting 901
current advertiser: 16
total_pages: 3412
low_rf_pages: 37842
total patterns: 73088
deleting 1052
current advertiser: 17
total_pages: 3411
low_rf_pages: 37842
total patterns: 73087
deleting 1101
current advertiser: 18
total_pages: 3410
low_rf_pages: 37842
total patterns: 73086
deleting 231
current advertiser: 19
total_pages: 3409
low_rf_pages: 37842
total patterns: 73085
deleting 1138
current advertiser: 20
total_pages: 3408
low_rf_pages: 37842
total patterns: 73084
deleting 1536
current advertiser: 21
total_pages: 3407
low_rf_pages: 37842
total patterns: 73083
deleting 1808
current advertiser: 22
total_pages: 3406
low_rf_pages: 37842
total patterns: 73082
deleting 1037
current advertiser: 23
total_pages: 3405
low_rf_pages: 37842
total patterns: 73081
deleting 1044
current advertiser: 24
total_pages: 3404
low_rf_pages: 37842
total patterns: 73080
deleting 356
current advertiser: 25
total_pages: 3403
low_rf_pages: 37842
total patterns: 73079
deleting 2303
current advertiser: 26
total_pages: 3402
low_rf_pages: 37842
total patterns: 73078
deleting 37
deleting 4588
current advertiser: 27
total_pages: 3400
low_rf_pages: 37842
total patterns: 73075
deleting 5655
deleting 697
current advertiser: 28
total_pages: 3398
low_rf_pages: 37842
total patterns: 73071
deleting 2886
current advertiser: 29
total_pages: 3397
low_rf_pages: 37842
total patterns: 73070
deleting 1030
current advertiser: 30
total_pages: 3396
low_rf_pages: 37842
total patterns: 73068
deleting 1507
current advertiser: 31
total_pages: 3395
low_rf_pages: 37842
total patterns: 73067
deleting 131
current advertiser: 32
total_pages: 3394
low_rf_pages: 37842
total patterns: 73066
deleting 1748
current advertiser: 33
total_pages: 3393
low_rf_pages: 37842
total patterns: 73064
deleting 1997
current advertiser: 34
total_pages: 3392
low_rf_pages: 37842
total patterns: 73063
deleting 2331
current advertiser: 35
total_pages: 3391
low_rf_pages: 37842
total patterns: 73062
deleting 6976
deleting 1023
current advertiser: 36
total_pages: 3389
low_rf_pages: 37842
total patterns: 73058
deleting 827
current advertiser: 37
total_pages: 3388
low_rf_pages: 37842
total patterns: 73057
deleting 88
deleting 893
current advertiser: 38
total_pages: 3386
low_rf_pages: 37842
total patterns: 73051
deleting 3394
deleting 3604
current advertiser: 39
total_pages: 3384
low_rf_pages: 37842
total patterns: 73045
deleting 3182
deleting 1800
current advertiser: 40
total_pages: 3382
low_rf_pages: 37842
total patterns: 73038
deleting 1464
current advertiser: 41
total_pages: 3381
low_rf_pages: 37842
total patterns: 73037
deleting 5565
deleting 579
current advertiser: 42
total_pages: 3379
low_rf_pages: 37842
total patterns: 73031
deleting 2024
current advertiser: 43
total_pages: 3378
low_rf_pages: 37842
total patterns: 73029
deleting 928
deleting 2941
current advertiser: 44
total_pages: 3376
low_rf_pages: 37842
total patterns: 73020
deleting 137
deleting 1056
current advertiser: 45
total_pages: 3374
low_rf_pages: 37842
total patterns: 73012
deleting 70
deleting 350
current advertiser: 46
total_pages: 3372
low_rf_pages: 37842
total patterns: 73002
deleting 3356
deleting 257
current advertiser: 47
total_pages: 3370
low_rf_pages: 37842
total patterns: 72987
deleting 617
deleting 588
current advertiser: 48
total_pages: 3368
low_rf_pages: 37842
total patterns: 72975
deleting 786
deleting 251
current advertiser: 49
total_pages: 3366
low_rf_pages: 37842
total patterns: 72966
deleting 622
deleting 337
current advertiser: 50
total_pages: 3364
low_rf_pages: 37842
total patterns: 72955
deleting 1166
deleting 293
current advertiser: 51
total_pages: 3362
low_rf_pages: 37842
total patterns: 72944
deleting 535
deleting 1716
current advertiser: 52
total_pages: 3360
low_rf_pages: 37842
total patterns: 72933
deleting 507
deleting 2081
current advertiser: 53
total_pages: 3358
low_rf_pages: 37842
total patterns: 72918
deleting 1850
deleting 2086
current advertiser: 54
total_pages: 3356
low_rf_pages: 37842
total patterns: 72905
deleting 270
deleting 1581
current advertiser: 55
total_pages: 3354
low_rf_pages: 37842
total patterns: 72894
deleting 275
deleting 2243
current advertiser: 56
total_pages: 3352
low_rf_pages: 37842
total patterns: 72877
deleting 292
current advertiser: 57
total_pages: 3351
low_rf_pages: 37842
total patterns: 72875
deleting 2124
current advertiser: 58
total_pages: 3350
low_rf_pages: 37842
total patterns: 72873
deleting 2344
deleting 938
current advertiser: 59
total_pages: 3348
low_rf_pages: 37842
total patterns: 72858
deleting 154
current advertiser: 60
total_pages: 3347
low_rf_pages: 37842
total patterns: 72856
deleting 363
current advertiser: 61
total_pages: 3346
low_rf_pages: 37842
total patterns: 72854
deleting 382
current advertiser: 62
total_pages: 3345
low_rf_pages: 37842
total patterns: 72852
deleting 400
current advertiser: 63
total_pages: 3344
low_rf_pages: 37842
total patterns: 72850
deleting 82
deleting 764
current advertiser: 64
total_pages: 3342
low_rf_pages: 37842
total patterns: 72835
deleting 1164
deleting 766
current advertiser: 65
total_pages: 3340
low_rf_pages: 37842
total patterns: 72818
deleting 2059
deleting 922
current advertiser: 66
total_pages: 3338
low_rf_pages: 37842
total patterns: 72804
deleting 863
deleting 72
current advertiser: 67
total_pages: 3336
low_rf_pages: 37842
total patterns: 72788
deleting 217
deleting 527
current advertiser: 68
total_pages: 3334
low_rf_pages: 37842
total patterns: 72764
deleting 2817
current advertiser: 69
total_pages: 3333
low_rf_pages: 37842
total patterns: 72763
deleting 2332
deleting 4315
current advertiser: 70
total_pages: 3331
low_rf_pages: 37842
total patterns: 72747
deleting 467
current advertiser: 71
total_pages: 3330
low_rf_pages: 37842
total patterns: 72746
deleting 498
deleting 2186
current advertiser: 72
total_pages: 3328
low_rf_pages: 37842
total patterns: 72725
deleting 1855
deleting 530
current advertiser: 73
total_pages: 3326
low_rf_pages: 37842
total patterns: 72701
deleting 44
deleting 1057
current advertiser: 74
total_pages: 3324
low_rf_pages: 37842
total patterns: 72682
deleting 52
deleting 4238
current advertiser: 75
total_pages: 3322
low_rf_pages: 37842
total patterns: 72668
deleting 2143
deleting 488
current advertiser: 76
total_pages: 3320
low_rf_pages: 37842
total patterns: 72649
deleting 666
deleting 1039
current advertiser: 77
total_pages: 3318
low_rf_pages: 37842
total patterns: 72627
deleting 212
current advertiser: 78
total_pages: 3317
low_rf_pages: 37842
total patterns: 72626
deleting 2324
deleting 871
current advertiser: 79
total_pages: 3315
low_rf_pages: 37842
total patterns: 72610
deleting 520
current advertiser: 80
total_pages: 3314
low_rf_pages: 37842
total patterns: 72608
deleting 974
current advertiser: 81
total_pages: 3313
low_rf_pages: 37842
total patterns: 72607
deleting 144
current advertiser: 82
total_pages: 3312
low_rf_pages: 37842
total patterns: 72604
deleting 1071
current advertiser: 83
total_pages: 3311
low_rf_pages: 37842
total patterns: 72601
deleting 706
deleting 799
current advertiser: 84
total_pages: 3309
low_rf_pages: 37842
total patterns: 72579
deleting 1807
deleting 3181
current advertiser: 85
total_pages: 3307
low_rf_pages: 37842
total patterns: 72550
deleting 759
deleting 2985
current advertiser: 86
total_pages: 3305
low_rf_pages: 37842
total patterns: 72529
deleting 3456
deleting 1637
current advertiser: 87
total_pages: 3303
low_rf_pages: 37842
total patterns: 72500
deleting 1146
deleting 635
current advertiser: 88
total_pages: 3301
low_rf_pages: 37842
total patterns: 72473
deleting 1777
deleting 376
current advertiser: 89
total_pages: 3299
low_rf_pages: 37842
total patterns: 72445
deleting 485
deleting 1801
current advertiser: 90
total_pages: 3297
low_rf_pages: 37842
total patterns: 72420
deleting 587
current advertiser: 91
total_pages: 3296
low_rf_pages: 37842
total patterns: 72419
deleting 2226
deleting 484
current advertiser: 92
total_pages: 3294
low_rf_pages: 37842
total patterns: 72392
deleting 1059
deleting 2310
current advertiser: 93
total_pages: 3292
low_rf_pages: 37842
total patterns: 72363
deleting 1305
deleting 801
current advertiser: 94
total_pages: 3290
low_rf_pages: 37842
total patterns: 72340
deleting 889
deleting 1017
current advertiser: 95
total_pages: 3288
low_rf_pages: 37842
total patterns: 72311
deleting 510
deleting 749
current advertiser: 96
total_pages: 3286
low_rf_pages: 37842
total patterns: 72270
deleting 1436
deleting 605
current advertiser: 97
total_pages: 3284
low_rf_pages: 37842
total patterns: 72243
deleting 1960
current advertiser: 98
total_pages: 3283
low_rf_pages: 37842
total patterns: 72239
deleting 1709
deleting 291
current advertiser: 99
total_pages: 3281
low_rf_pages: 37842
total patterns: 72211
deleting 675
deleting 4035
current advertiser: 100
total_pages: 3279
low_rf_pages: 37842
total patterns: 72171
deleting 688
current advertiser: 101
total_pages: 3278
low_rf_pages: 37842
total patterns: 72170
deleting 849
deleting 17
current advertiser: 102
total_pages: 3276
low_rf_pages: 37842
total patterns: 72140
deleting 323
deleting 2342
current advertiser: 103
total_pages: 3274
low_rf_pages: 37842
total patterns: 72101
deleting 3317
deleting 539
current advertiser: 104
total_pages: 3272
low_rf_pages: 37842
total patterns: 72069
deleting 2247
deleting 228
current advertiser: 105
total_pages: 3270
low_rf_pages: 37842
total patterns: 72038
deleting 424
current advertiser: 106
total_pages: 3269
low_rf_pages: 37842
total patterns: 72034
deleting 8144
deleting 141
current advertiser: 107
total_pages: 3267
low_rf_pages: 37842
total patterns: 72006
deleting 621
deleting 58
current advertiser: 108
total_pages: 3265
low_rf_pages: 37842
total patterns: 71970
deleting 879
current advertiser: 109
total_pages: 3264
low_rf_pages: 37842
total patterns: 71968
deleting 6977
deleting 1034
current advertiser: 110
total_pages: 3262
low_rf_pages: 37842
total patterns: 71940
deleting 4426
deleting 2093
current advertiser: 111
total_pages: 3260
low_rf_pages: 37842
total patterns: 71893
deleting 3230
deleting 3090
current advertiser: 112
total_pages: 3258
low_rf_pages: 37842
total patterns: 71860
deleting 331
current advertiser: 113
total_pages: 3257
low_rf_pages: 37842
total patterns: 71858
deleting 1177
deleting 824
current advertiser: 114
total_pages: 3255
low_rf_pages: 37842
total patterns: 71814
deleting 487
deleting 3262
current advertiser: 115
total_pages: 3253
low_rf_pages: 37842
total patterns: 71777
deleting 2895
deleting 3348
current advertiser: 116
total_pages: 3251
low_rf_pages: 37842
total patterns: 71735
deleting 372
current advertiser: 117
total_pages: 3250
low_rf_pages: 37842
total patterns: 71731
deleting 3589
deleting 4990
current advertiser: 118
total_pages: 3248
low_rf_pages: 37842
total patterns: 71690
deleting 39
current advertiser: 119
total_pages: 3247
low_rf_pages: 37842
total patterns: 71687
deleting 1469
current advertiser: 120
total_pages: 3246
low_rf_pages: 37842
total patterns: 71686
deleting 1941
deleting 509
current advertiser: 121
total_pages: 3244
low_rf_pages: 37842
total patterns: 71640
deleting 838
current advertiser: 122
total_pages: 3243
low_rf_pages: 37842
total patterns: 71636
deleting 3123
deleting 54
current advertiser: 123
total_pages: 3241
low_rf_pages: 37842
total patterns: 71596
deleting 2136
deleting 532
current advertiser: 124
total_pages: 3239
low_rf_pages: 37842
total patterns: 71563
deleting 288
deleting 3155
current advertiser: 125
total_pages: 3237
low_rf_pages: 37842
total patterns: 71514
deleting 355
deleting 643
current advertiser: 126
total_pages: 3235
low_rf_pages: 37842
total patterns: 71472
deleting 638
deleting 1000
current advertiser: 127
total_pages: 3233
low_rf_pages: 37842
total patterns: 71430
deleting 3620
deleting 826
current advertiser: 128
total_pages: 3231
low_rf_pages: 37842
total patterns: 71390
deleting 1779
deleting 1011
current advertiser: 129
total_pages: 3229
low_rf_pages: 37842
total patterns: 71348
deleting 3001
deleting 1685
current advertiser: 130
total_pages: 3227
low_rf_pages: 37842
total patterns: 71302
deleting 603
current advertiser: 131
total_pages: 3226
low_rf_pages: 37842
total patterns: 71295
deleting 3826
deleting 1134
current advertiser: 132
total_pages: 3224
low_rf_pages: 37842
total patterns: 71255
deleting 1180
deleting 1610
current advertiser: 133
total_pages: 3222
low_rf_pages: 37842
total patterns: 71205
deleting 1490
deleting 160
current advertiser: 134
total_pages: 3220
low_rf_pages: 37842
total patterns: 71153
deleting 2309
deleting 2029
current advertiser: 135
total_pages: 3218
low_rf_pages: 37842
total patterns: 71094
deleting 612
deleting 1135
current advertiser: 136
total_pages: 3216
low_rf_pages: 37842
total patterns: 71044
deleting 1805
deleting 502
current advertiser: 137
total_pages: 3214
low_rf_pages: 37842
total patterns: 70993
deleting 882
current advertiser: 138
total_pages: 3213
low_rf_pages: 37842
total patterns: 70991
deleting 2826
current advertiser: 139
total_pages: 3212
low_rf_pages: 37842
total patterns: 70988
deleting 204
current advertiser: 140
total_pages: 3211
low_rf_pages: 37842
total patterns: 70982
deleting 1050
deleting 616
current advertiser: 141
total_pages: 3209
low_rf_pages: 37842
total patterns: 70923
deleting 1599
deleting 161
current advertiser: 142
total_pages: 3207
low_rf_pages: 37842
total patterns: 70867
deleting 738
current advertiser: 143
total_pages: 3206
low_rf_pages: 37842
total patterns: 70866
deleting 1018
current advertiser: 144
total_pages: 3205
low_rf_pages: 37842
total patterns: 70863
deleting 106
current advertiser: 145
total_pages: 3204
low_rf_pages: 37842
total patterns: 70861
deleting 3197
current advertiser: 146
total_pages: 3203
low_rf_pages: 37842
total patterns: 70855
deleting 146
deleting 2019
current advertiser: 147
total_pages: 3201
low_rf_pages: 37842
total patterns: 70785
deleting 656
deleting 3957
current advertiser: 148
total_pages: 3199
low_rf_pages: 37842
total patterns: 70716
deleting 262
deleting 1105
current advertiser: 149
total_pages: 3197
low_rf_pages: 37842
total patterns: 70660
deleting 525
current advertiser: 150
total_pages: 3196
low_rf_pages: 37842
total patterns: 70656
deleting 528
current advertiser: 151
total_pages: 3195
low_rf_pages: 37842
total patterns: 70651
deleting 1707
current advertiser: 152
total_pages: 3194
low_rf_pages: 37842
total patterns: 70648
deleting 2145
current advertiser: 153
total_pages: 3193
low_rf_pages: 37842
total patterns: 70643
deleting 3003
deleting 206
current advertiser: 154
total_pages: 3191
low_rf_pages: 37842
total patterns: 70585
deleting 330
current advertiser: 155
total_pages: 3190
low_rf_pages: 37842
total patterns: 70580
deleting 102
current advertiser: 156
total_pages: 3189
low_rf_pages: 37842
total patterns: 70576
deleting 221
current advertiser: 157
total_pages: 3188
low_rf_pages: 37842
total patterns: 70572
deleting 3764
deleting 1605
current advertiser: 158
total_pages: 3186
low_rf_pages: 37842
total patterns: 70517
deleting 399
deleting 483
current advertiser: 159
total_pages: 3184
low_rf_pages: 37842
total patterns: 70456
deleting 295
deleting 2168
current advertiser: 160
total_pages: 3182
low_rf_pages: 37842
total patterns: 70378
deleting 1515
deleting 3315
current advertiser: 161
total_pages: 3180
low_rf_pages: 37842
total patterns: 70325
deleting 2018
current advertiser: 162
total_pages: 3179
low_rf_pages: 37842
total patterns: 70323
deleting 774
deleting 607
current advertiser: 163
total_pages: 3177
low_rf_pages: 37842
total patterns: 70270
deleting 3347
deleting 1691
current advertiser: 164
total_pages: 3175
low_rf_pages: 37842
total patterns: 70203
deleting 1596
deleting 3129
current advertiser: 165
total_pages: 3173
low_rf_pages: 37842
total patterns: 70133
deleting 800
current advertiser: 166
total_pages: 3172
low_rf_pages: 37842
total patterns: 70125
deleting 1078
deleting 1462
current advertiser: 167
total_pages: 3170
low_rf_pages: 37842
total patterns: 70059
deleting 2009
deleting 867
current advertiser: 168
total_pages: 3168
low_rf_pages: 37842
total patterns: 70000
deleting 1681
deleting 880
current advertiser: 169
total_pages: 3166
low_rf_pages: 37842
total patterns: 69939
deleting 1131
current advertiser: 170
total_pages: 3165
low_rf_pages: 37842
total patterns: 69938
deleting 885
current advertiser: 171
total_pages: 3164
low_rf_pages: 37842
total patterns: 69934
deleting 1035
current advertiser: 172
total_pages: 3163
low_rf_pages: 37842
total patterns: 69931
deleting 1481
current advertiser: 173
total_pages: 3162
low_rf_pages: 37842
total patterns: 69929
deleting 989
deleting 1504
current advertiser: 174
total_pages: 3160
low_rf_pages: 37842
total patterns: 69853
deleting 970
current advertiser: 175
total_pages: 3159
low_rf_pages: 37842
total patterns: 69852
deleting 687
current advertiser: 176
total_pages: 3158
low_rf_pages: 37842
total patterns: 69851
deleting 452
current advertiser: 177
total_pages: 3157
low_rf_pages: 37842
total patterns: 69849
deleting 677
current advertiser: 178
total_pages: 3156
low_rf_pages: 37842
total patterns: 69848
deleting 332
current advertiser: 179
total_pages: 3155
low_rf_pages: 37842
total patterns: 69843
deleting 368
current advertiser: 180
total_pages: 3154
low_rf_pages: 37842
total patterns: 69840
deleting 139
current advertiser: 181
total_pages: 3153
low_rf_pages: 37842
total patterns: 69834
deleting 787
current advertiser: 182
total_pages: 3152
low_rf_pages: 37842
total patterns: 69828
deleting 1770
current advertiser: 183
total_pages: 3151
low_rf_pages: 37842
total patterns: 69826
deleting 448
current advertiser: 184
total_pages: 3150
low_rf_pages: 37842
total patterns: 69825
deleting 775
current advertiser: 185
total_pages: 3149
low_rf_pages: 37842
total patterns: 69824
deleting 499
current advertiser: 186
total_pages: 3148
low_rf_pages: 37842
total patterns: 69823
deleting 329
current advertiser: 187
total_pages: 3147
low_rf_pages: 37842
total patterns: 69817
deleting 837
current advertiser: 188
total_pages: 3146
low_rf_pages: 37842
total patterns: 69815
deleting 2050
deleting 3925
current advertiser: 189
total_pages: 3144
low_rf_pages: 37842
total patterns: 69750
deleting 151
current advertiser: 190
total_pages: 3143
low_rf_pages: 37842
total patterns: 69749
deleting 312
current advertiser: 191
total_pages: 3142
low_rf_pages: 37842
total patterns: 69746
deleting 339
current advertiser: 192
total_pages: 3141
low_rf_pages: 37842
total patterns: 69744
deleting 453
current advertiser: 193
total_pages: 3140
low_rf_pages: 37842
total patterns: 69741
deleting 1857
current advertiser: 194
total_pages: 3139
low_rf_pages: 37842
total patterns: 69735
deleting 3322
current advertiser: 195
total_pages: 3138
low_rf_pages: 37842
total patterns: 69730
deleting 582
current advertiser: 196
total_pages: 3137
low_rf_pages: 37842
total patterns: 69729
deleting 422
current advertiser: 197
total_pages: 3136
low_rf_pages: 37842
total patterns: 69721
deleting 118
current advertiser: 198
total_pages: 3135
low_rf_pages: 37842
total patterns: 69718
deleting 1863
current advertiser: 199
total_pages: 3134
low_rf_pages: 37842
total patterns: 69713
deleting 236
Allocation accuracy new method: 200
views wasted:0
limit 1 to 1
/tmp/1624693424022.txt
Allocation accuracy: 200
Allocation with freq
['allocation_with_freq_new.py', '../test1/kosarak_output_0015', '/home/preetham_sathineni/adslot/web_page_meta_dict_adslots_1_dataset_kosarakdat.pkl', '/home/preetham_sathineni/adslot/web_page_freq_sorted_adslots_1_dataset_kosarakdat.pkl', '3653,4487,3900,3907,3632,3586,3764,3831,4006,3792,3847,4097,4096,3830,3975,3973,4082,4405,4285,3621,3729,3828,3978,4404,3871,4097,4130,3572,4163,4064,3966,4329,4494,3955,4347,3900,4215,3840,4043,3853,4215,3679,4309,4064,3894,3518,3542,3885,3553,3920,3771,4364,4124,3641,3562,3916,4154,3513,4130,4229,4270,3658,3525,3652,4283,4315,4013,3704,3766,4423,4066,4128,4442,3824,3554,4406,4020,3619,4177,3507,3808,3980,4366,3578,4301,4368,3560,4131,3731,4449,4405,3848,4254,4226,4334,3681,4050,3744,4007,4103,3875,3995,3738,4239,3665,4209,3702,4448,3749,4018,3935,4196,3803,3898,4062,3686,4247,4326,3634,4224,3736,3894,3956,3536,4137,4334,3918,3989,3558,3759,4156,3589,3696,4223,4361,4177,3744,3793,3954,4147,3755,3914,4334,3868,4110,4268,4390,4333,3941,4425,3922,4266,4392,3599,3780,4237,3813,4097,4463,3744,3500,3922,3865,3853,3865,4147,4246,3901,3902,3767,4288,3641,4486,4227,4288,4149,3787,3570,4191,4217,4383,3966,4295,4139,4370,3614,4260,4469,4421,4320,4193,4007,4224,3526,4000,3998,4452,3816,4409,3564,4060,3783,3564,4087,3620,4040,4495,4323,4473,3574,3845,3882,3824,4246,4202,3601,4442,4014,3571,3808,3653,4304,3607,3882,3503,4473,4013,3867,3893,3738,3829,3742,3981,4406,3635,4401,3880,4331,4037,3593,3623,3653,3737,3767,3761,4012,4245,3661,3755,3537,4050,4163,3890,4259,3607,3547,4352,3921,3882,3697,3771,4084,3603,4088,3779,4211,3712,4459,3545,3920,4209,4010,3735,4431,4483,4256,3913,4399,3872,4081,4432,4294,3724,4220,4247,3793,4358,4221,4236,4378,3961,4258,4165,4025,3647,3535,4299,4267,3950,3728', '/tmp/1624693705182.txt', '2', './1624691234788.json', './1624691234780.json', '300']
meta data file path:/home/preetham_sathineni/adslot/web_page_meta_dict_adslots_1_dataset_kosarakdat.pkl
got min rf : 300
total_pages: 3428
low_rf_pages: 37842
['../test1/kosarak_output_0015/1_level_patterns.txt', '../test1/kosarak_output_0015/2_level_patterns.txt']
Loaded all files
got patterns
current advertiser: 0
total_pages: 3428
low_rf_pages: 37842
total patterns: 73104
deleting 20
current advertiser: 1
total_pages: 3427
low_rf_pages: 37842
total patterns: 73103
deleting 41
current advertiser: 2
total_pages: 3426
low_rf_pages: 37842
total patterns: 73102
deleting 211
current advertiser: 3
total_pages: 3425
low_rf_pages: 37842
total patterns: 73101
deleting 247
current advertiser: 4
total_pages: 3424
low_rf_pages: 37842
total patterns: 73100
deleting 266
current advertiser: 5
total_pages: 3423
low_rf_pages: 37842
total patterns: 73099
deleting 268
current advertiser: 6
total_pages: 3422
low_rf_pages: 37842
total patterns: 73098
deleting 276
current advertiser: 7
total_pages: 3421
low_rf_pages: 37842
total patterns: 73097
deleting 296
current advertiser: 8
total_pages: 3420
low_rf_pages: 37842
total patterns: 73096
deleting 496
current advertiser: 9
total_pages: 3419
low_rf_pages: 37842
total patterns: 73095
deleting 508
current advertiser: 10
total_pages: 3418
low_rf_pages: 37842
total patterns: 73094
deleting 534
current advertiser: 11
total_pages: 3417
low_rf_pages: 37842
total patterns: 73093
deleting 650
current advertiser: 12
total_pages: 3416
low_rf_pages: 37842
total patterns: 73092
deleting 665
current advertiser: 13
total_pages: 3415
low_rf_pages: 37842
total patterns: 73091
deleting 772
current advertiser: 14
total_pages: 3414
low_rf_pages: 37842
total patterns: 73090
deleting 870
current advertiser: 15
total_pages: 3413
low_rf_pages: 37842
total patterns: 73089
deleting 901
current advertiser: 16
total_pages: 3412
low_rf_pages: 37842
total patterns: 73088
deleting 1052
current advertiser: 17
total_pages: 3411
low_rf_pages: 37842
total patterns: 73087
deleting 1101
current advertiser: 18
total_pages: 3410
low_rf_pages: 37842
total patterns: 73086
deleting 1138
current advertiser: 19
total_pages: 3409
low_rf_pages: 37842
total patterns: 73085
deleting 1536
current advertiser: 20
total_pages: 3408
low_rf_pages: 37842
total patterns: 73084
deleting 1808
current advertiser: 21
total_pages: 3407
low_rf_pages: 37842
total patterns: 73083
deleting 2303
current advertiser: 22
total_pages: 3406
low_rf_pages: 37842
total patterns: 73082
deleting 144
deleting 893
current advertiser: 23
total_pages: 3404
low_rf_pages: 37842
total patterns: 73078
deleting 231
current advertiser: 24
total_pages: 3403
low_rf_pages: 37842
total patterns: 73077
deleting 37
deleting 4588
current advertiser: 25
total_pages: 3401
low_rf_pages: 37842
total patterns: 73074
deleting 5655
deleting 697
current advertiser: 26
total_pages: 3399
low_rf_pages: 37842
total patterns: 73068
deleting 6976
deleting 1023
current advertiser: 27
total_pages: 3397
low_rf_pages: 37842
total patterns: 73063
deleting 3394
deleting 3604
current advertiser: 28
total_pages: 3395
low_rf_pages: 37842
total patterns: 73057
deleting 5565
deleting 999
current advertiser: 29
total_pages: 3393
low_rf_pages: 37842
total patterns: 73050
deleting 464
deleting 3356
current advertiser: 30
total_pages: 3391
low_rf_pages: 37842
total patterns: 73043
deleting 1037
current advertiser: 31
total_pages: 3390
low_rf_pages: 37842
total patterns: 73042
deleting 1044
current advertiser: 32
total_pages: 3389
low_rf_pages: 37842
total patterns: 73041
deleting 1569
deleting 251
current advertiser: 33
total_pages: 3387
low_rf_pages: 37842
total patterns: 73035
deleting 928
deleting 2026
current advertiser: 34
total_pages: 3385
low_rf_pages: 37842
total patterns: 73026
deleting 689
deleting 1056
current advertiser: 35
total_pages: 3383
low_rf_pages: 37842
total patterns: 73019
deleting 356
current advertiser: 36
total_pages: 3382
low_rf_pages: 37842
total patterns: 73018
deleting 989
deleting 70
current advertiser: 37
total_pages: 3380
low_rf_pages: 37842
total patterns: 73008
deleting 849
deleting 660
current advertiser: 38
total_pages: 3378
low_rf_pages: 37842
total patterns: 72996
deleting 2283
deleting 1855
current advertiser: 39
total_pages: 3376
low_rf_pages: 37842
total patterns: 72990
deleting 617
deleting 588
current advertiser: 40
total_pages: 3374
low_rf_pages: 37842
total patterns: 72977
deleting 3182
deleting 1800
current advertiser: 41
total_pages: 3372
low_rf_pages: 37842
total patterns: 72960
deleting 3001
deleting 325
current advertiser: 42
total_pages: 3370
low_rf_pages: 37842
total patterns: 72944
deleting 1059
deleting 515
current advertiser: 43
total_pages: 3368
low_rf_pages: 37842
total patterns: 72927
deleting 1140
deleting 3315
current advertiser: 44
total_pages: 3366
low_rf_pages: 37842
total patterns: 72913
deleting 2886
current advertiser: 45
total_pages: 3365
low_rf_pages: 37842
total patterns: 72912
deleting 335
deleting 1164
current advertiser: 46
total_pages: 3363
low_rf_pages: 37842
total patterns: 72896
deleting 1030
current advertiser: 47
total_pages: 3362
low_rf_pages: 37842
total patterns: 72894
deleting 1850
deleting 1693
current advertiser: 48
total_pages: 3360
low_rf_pages: 37842
total patterns: 72876
deleting 1507
current advertiser: 49
total_pages: 3359
low_rf_pages: 37842
total patterns: 72875
deleting 1748
current advertiser: 50
total_pages: 3358
low_rf_pages: 37842
total patterns: 72873
deleting 131
current advertiser: 51
total_pages: 3357
low_rf_pages: 37842
total patterns: 72872
deleting 1997
current advertiser: 52
total_pages: 3356
low_rf_pages: 37842
total patterns: 72871
deleting 2331
current advertiser: 53
total_pages: 3355
low_rf_pages: 37842
total patterns: 72870
deleting 776
deleting 488
current advertiser: 54
total_pages: 3353
low_rf_pages: 37842
total patterns: 72854
deleting 827
current advertiser: 55
total_pages: 3352
low_rf_pages: 37842
total patterns: 72853
deleting 3405
deleting 2324
current advertiser: 56
total_pages: 3350
low_rf_pages: 37842
total patterns: 72846
deleting 217
deleting 109
current advertiser: 57
total_pages: 3348
low_rf_pages: 37842
total patterns: 72831
deleting 643
deleting 336
current advertiser: 58
total_pages: 3346
low_rf_pages: 37842
total patterns: 72811
deleting 2133
deleting 635
current advertiser: 59
total_pages: 3344
low_rf_pages: 37842
total patterns: 72796
deleting 832
deleting 3181
current advertiser: 60
total_pages: 3342
low_rf_pages: 37842
total patterns: 72776
deleting 930
deleting 2985
current advertiser: 61
total_pages: 3340
low_rf_pages: 37842
total patterns: 72762
deleting 1464
current advertiser: 62
total_pages: 3339
low_rf_pages: 37842
total patterns: 72761
deleting 768
deleting 275
current advertiser: 63
total_pages: 3337
low_rf_pages: 37842
total patterns: 72741
deleting 337
deleting 535
current advertiser: 64
total_pages: 3335
low_rf_pages: 37842
total patterns: 72719
deleting 1524
deleting 638
current advertiser: 65
total_pages: 3333
low_rf_pages: 37842
total patterns: 72699
deleting 1166
deleting 1039
current advertiser: 66
total_pages: 3331
low_rf_pages: 37842
total patterns: 72678
deleting 1716
deleting 1637
current advertiser: 67
total_pages: 3329
low_rf_pages: 37842
total patterns: 72659
deleting 2024
current advertiser: 68
total_pages: 3328
low_rf_pages: 37842
total patterns: 72657
deleting 507
deleting 483
current advertiser: 69
total_pages: 3326
low_rf_pages: 37842
total patterns: 72640
deleting 82
deleting 2086
current advertiser: 70
total_pages: 3324
low_rf_pages: 37842
total patterns: 72620
deleting 270
deleting 1581
current advertiser: 71
total_pages: 3322
low_rf_pages: 37842
total patterns: 72598
deleting 799
deleting 2243
current advertiser: 72
total_pages: 3320
low_rf_pages: 37842
total patterns: 72579
deleting 288
deleting 938
current advertiser: 73
total_pages: 3318
low_rf_pages: 37842
total patterns: 72553
deleting 1121
deleting 1596
current advertiser: 74
total_pages: 3316
low_rf_pages: 37842
total patterns: 72531
deleting 1535
deleting 922
current advertiser: 75
total_pages: 3314
low_rf_pages: 37842
total patterns: 72504
deleting 1105
deleting 112
current advertiser: 76
total_pages: 3312
low_rf_pages: 37842
total patterns: 72475
deleting 585
deleting 1078
current advertiser: 77
total_pages: 3310
low_rf_pages: 37842
total patterns: 72454
deleting 2009
deleting 3145
current advertiser: 78
total_pages: 3308
low_rf_pages: 37842
total patterns: 72439
deleting 1777
deleting 78
current advertiser: 79
total_pages: 3306
low_rf_pages: 37842
total patterns: 72416
deleting 1017
deleting 327
current advertiser: 80
total_pages: 3304
low_rf_pages: 37842
total patterns: 72382
deleting 72
deleting 523
current advertiser: 81
total_pages: 3302
low_rf_pages: 37842
total patterns: 72356
deleting 1628
deleting 2081
current advertiser: 82
total_pages: 3300
low_rf_pages: 37842
total patterns: 72323
deleting 484
deleting 2357
current advertiser: 83
total_pages: 3298
low_rf_pages: 37842
total patterns: 72294
deleting 1775
deleting 1180
current advertiser: 84
total_pages: 3296
low_rf_pages: 37842
total patterns: 72270
deleting 1177
deleting 764
current advertiser: 85
total_pages: 3294
low_rf_pages: 37842
total patterns: 72242
deleting 292
current advertiser: 86
total_pages: 3293
low_rf_pages: 37842
total patterns: 72238
deleting 2124
current advertiser: 87
total_pages: 3292
low_rf_pages: 37842
total patterns: 72236
deleting 2247
deleting 766
current advertiser: 88
total_pages: 3290
low_rf_pages: 37842
total patterns: 72212
deleting 2059
deleting 2309
current advertiser: 89
total_pages: 3288
low_rf_pages: 37842
total patterns: 72180
deleting 154
current advertiser: 90
total_pages: 3287
low_rf_pages: 37842
total patterns: 72178
deleting 863
deleting 485
current advertiser: 91
total_pages: 3285
low_rf_pages: 37842
total patterns: 72154
deleting 801
deleting 527
current advertiser: 92
total_pages: 3283
low_rf_pages: 37842
total patterns: 72120
deleting 400
current advertiser: 93
total_pages: 3282
low_rf_pages: 37842
total patterns: 72118
deleting 323
deleting 1864
current advertiser: 94
total_pages: 3280
low_rf_pages: 37842
total patterns: 72079
deleting 2332
deleting 3347
current advertiser: 95
total_pages: 3278
low_rf_pages: 37842
total patterns: 72048
deleting 363
current advertiser: 96
total_pages: 3277
low_rf_pages: 37842
total patterns: 72046
deleting 382
current advertiser: 97
total_pages: 3276
low_rf_pages: 37842
total patterns: 72043
deleting 3351
deleting 52
current advertiser: 98
total_pages: 3274
low_rf_pages: 37842
total patterns: 72020
deleting 607
deleting 1980
current advertiser: 99
total_pages: 3272
low_rf_pages: 37842
total patterns: 71997
deleting 621
deleting 498
current advertiser: 100
total_pages: 3270
low_rf_pages: 37842
total patterns: 71958
deleting 3317
deleting 530
current advertiser: 101
total_pages: 3268
low_rf_pages: 37842
total patterns: 71928
deleting 44
deleting 1057
current advertiser: 102
total_pages: 3266
low_rf_pages: 37842
total patterns: 71898
deleting 2817
current advertiser: 103
total_pages: 3265
low_rf_pages: 37842
total patterns: 71896
deleting 2251
deleting 509
current advertiser: 104
total_pages: 3263
low_rf_pages: 37842
total patterns: 71858
deleting 749
deleting 4238
current advertiser: 105
total_pages: 3261
low_rf_pages: 37842
total patterns: 71810
deleting 467
current advertiser: 106
total_pages: 3260
low_rf_pages: 37842
total patterns: 71807
deleting 2143
deleting 3003
current advertiser: 107
total_pages: 3258
low_rf_pages: 37842
total patterns: 71773
deleting 666
deleting 295
current advertiser: 108
total_pages: 3256
low_rf_pages: 37842
total patterns: 71730
deleting 1779
deleting 871
current advertiser: 109
total_pages: 3254
low_rf_pages: 37842
total patterns: 71688
deleting 513
deleting 3764
current advertiser: 110
total_pages: 3252
low_rf_pages: 37842
total patterns: 71652
deleting 1906
deleting 291
current advertiser: 111
total_pages: 3250
low_rf_pages: 37842
total patterns: 71612
deleting 612
deleting 706
current advertiser: 112
total_pages: 3248
low_rf_pages: 37842
total patterns: 71575
deleting 212
current advertiser: 113
total_pages: 3247
low_rf_pages: 37842
total patterns: 71572
deleting 1807
deleting 2344
current advertiser: 114
total_pages: 3245
low_rf_pages: 37842
total patterns: 71523
deleting 605
deleting 759
current advertiser: 115
total_pages: 3243
low_rf_pages: 37842
total patterns: 71487
deleting 4426
deleting 3456
current advertiser: 116
total_pages: 3241
low_rf_pages: 37842
total patterns: 71443
deleting 1146
deleting 293
current advertiser: 117
total_pages: 3239
low_rf_pages: 37842
total patterns: 71412
deleting 2186
deleting 376
current advertiser: 118
total_pages: 3237
low_rf_pages: 37842
total patterns: 71364
deleting 520
current advertiser: 119
total_pages: 3236
low_rf_pages: 37842
total patterns: 71358
deleting 974
current advertiser: 120
total_pages: 3235
low_rf_pages: 37842
total patterns: 71356
deleting 1071
current advertiser: 121
total_pages: 3234
low_rf_pages: 37842
total patterns: 71353
deleting 1490
deleting 1801
current advertiser: 122
total_pages: 3232
low_rf_pages: 37842
total patterns: 71314
deleting 3416
deleting 1599
current advertiser: 123
total_pages: 3230
low_rf_pages: 37842
total patterns: 71267
deleting 2226
deleting 616
current advertiser: 124
total_pages: 3228
low_rf_pages: 37842
total patterns: 71229
deleting 54
deleting 2310
current advertiser: 125
total_pages: 3226
low_rf_pages: 37842
total patterns: 71184
deleting 1305
deleting 502
current advertiser: 126
total_pages: 3224
low_rf_pages: 37842
total patterns: 71146
deleting 889
deleting 4035
current advertiser: 127
total_pages: 3222
low_rf_pages: 37842
total patterns: 71082
deleting 146
deleting 510
current advertiser: 128
total_pages: 3220
low_rf_pages: 37842
total patterns: 71027
deleting 587
current advertiser: 129
total_pages: 3219
low_rf_pages: 37842
total patterns: 71026
deleting 1436
deleting 3826
current advertiser: 130
total_pages: 3217
low_rf_pages: 37842
total patterns: 70986
deleting 1437
deleting 3589
current advertiser: 131
total_pages: 3215
low_rf_pages: 37842
total patterns: 70939
deleting 3141
deleting 3090
current advertiser: 132
total_pages: 3213
low_rf_pages: 37842
total patterns: 70897
deleting 2895
deleting 1686
current advertiser: 133
total_pages: 3211
low_rf_pages: 37842
total patterns: 70849
deleting 1960
current advertiser: 134
total_pages: 3210
low_rf_pages: 37842
total patterns: 70843
deleting 1709
deleting 622
current advertiser: 135
total_pages: 3208
low_rf_pages: 37842
total patterns: 70790
deleting 487
deleting 675
current advertiser: 136
total_pages: 3206
low_rf_pages: 37842
total patterns: 70738
deleting 656
deleting 539
current advertiser: 137
total_pages: 3204
low_rf_pages: 37842
total patterns: 70677
deleting 532
deleting 228
current advertiser: 138
total_pages: 3202
low_rf_pages: 37842
total patterns: 70628
deleting 880
deleting 1818
current advertiser: 139
total_pages: 3200
low_rf_pages: 37842
total patterns: 70579
deleting 1868
deleting 3620
current advertiser: 140
total_pages: 3198
low_rf_pages: 37842
total patterns: 70522
deleting 4315
deleting 2163
current advertiser: 141
total_pages: 3196
low_rf_pages: 37842
total patterns: 70479
deleting 1131
current advertiser: 142
total_pages: 3195
low_rf_pages: 37842
total patterns: 70478
deleting 970
current advertiser: 143
total_pages: 3194
low_rf_pages: 37842
total patterns: 70477
deleting 687
current advertiser: 144
total_pages: 3193
low_rf_pages: 37842
total patterns: 70476
deleting 688
current advertiser: 145
total_pages: 3192
low_rf_pages: 37842
total patterns: 70474
deleting 452
current advertiser: 146
total_pages: 3191
low_rf_pages: 37842
total patterns: 70472
deleting 677
current advertiser: 147
total_pages: 3190
low_rf_pages: 37842
total patterns: 70471
deleting 424
current advertiser: 148
total_pages: 3189
low_rf_pages: 37842
total patterns: 70467
deleting 8144
deleting 141
current advertiser: 149
total_pages: 3187
low_rf_pages: 37842
total patterns: 70425
deleting 1770
current advertiser: 150
total_pages: 3186
low_rf_pages: 37842
total patterns: 70423
deleting 879
current advertiser: 151
total_pages: 3185
low_rf_pages: 37842
total patterns: 70420
deleting 448
current advertiser: 152
total_pages: 3184
low_rf_pages: 37842
total patterns: 70419
deleting 775
current advertiser: 153
total_pages: 3183
low_rf_pages: 37842
total patterns: 70418
deleting 499
current advertiser: 154
total_pages: 3182
low_rf_pages: 37842
total patterns: 70417
deleting 151
current advertiser: 155
total_pages: 3181
low_rf_pages: 37842
total patterns: 70416
deleting 6977
deleting 1034
current advertiser: 156
total_pages: 3179
low_rf_pages: 37842
total patterns: 70378
deleting 339
current advertiser: 157
total_pages: 3178
low_rf_pages: 37842
total patterns: 70376
deleting 582
current advertiser: 158
total_pages: 3177
low_rf_pages: 37842
total patterns: 70375
deleting 1019
current advertiser: 159
total_pages: 3176
low_rf_pages: 37842
total patterns: 70373
deleting 455
current advertiser: 160
total_pages: 3175
low_rf_pages: 37842
total patterns: 70372
deleting 17
deleting 545
current advertiser: 161
total_pages: 3173
low_rf_pages: 37842
total patterns: 70333
deleting 598
current advertiser: 162
total_pages: 3172
low_rf_pages: 37842
total patterns: 70331
deleting 331
current advertiser: 163
total_pages: 3171
low_rf_pages: 37842
total patterns: 70328
deleting 232
current advertiser: 164
total_pages: 3170
low_rf_pages: 37842
total patterns: 70326
deleting 220
current advertiser: 165
total_pages: 3169
low_rf_pages: 37842
total patterns: 70325
deleting 659
current advertiser: 166
total_pages: 3168
low_rf_pages: 37842
total patterns: 70324
deleting 338
current advertiser: 167
total_pages: 3167
low_rf_pages: 37842
total patterns: 70323
deleting 324
current advertiser: 168
total_pages: 3166
low_rf_pages: 37842
total patterns: 70322
deleting 631
current advertiser: 169
total_pages: 3165
low_rf_pages: 37842
total patterns: 70321
deleting 573
current advertiser: 170
total_pages: 3164
low_rf_pages: 37842
total patterns: 70320
deleting 1810
current advertiser: 171
total_pages: 3163
low_rf_pages: 37842
total patterns: 70319
deleting 372
current advertiser: 172
total_pages: 3162
low_rf_pages: 37842
total patterns: 70314
deleting 306
current advertiser: 173
total_pages: 3161
low_rf_pages: 37842
total patterns: 70313
deleting 354
current advertiser: 174
total_pages: 3160
low_rf_pages: 37842
total patterns: 70312
deleting 773
current advertiser: 175
total_pages: 3159
low_rf_pages: 37842
total patterns: 70311
deleting 397
current advertiser: 176
total_pages: 3158
low_rf_pages: 37842
total patterns: 70310
deleting 1065
current advertiser: 177
total_pages: 3157
low_rf_pages: 37842
total patterns: 70309
deleting 1141
current advertiser: 178
total_pages: 3156
low_rf_pages: 37842
total patterns: 70308
deleting 555
current advertiser: 179
total_pages: 3155
low_rf_pages: 37842
total patterns: 70306
deleting 1469
current advertiser: 180
total_pages: 3154
low_rf_pages: 37842
total patterns: 70305
deleting 2072
current advertiser: 181
total_pages: 3153
low_rf_pages: 37842
total patterns: 70304
deleting 866
current advertiser: 182
total_pages: 3152
low_rf_pages: 37842
total patterns: 70300
deleting 434
current advertiser: 183
total_pages: 3151
low_rf_pages: 37842
total patterns: 70299
deleting 12
current advertiser: 184
total_pages: 3150
low_rf_pages: 37842
total patterns: 70298
deleting 590
current advertiser: 185
total_pages: 3149
low_rf_pages: 37842
total patterns: 70297
deleting 678
current advertiser: 186
total_pages: 3148
low_rf_pages: 37842
total patterns: 70296
deleting 39
current advertiser: 187
total_pages: 3147
low_rf_pages: 37842
total patterns: 70292
deleting 18
current advertiser: 188
total_pages: 3146
low_rf_pages: 37842
total patterns: 70291
deleting 1751
current advertiser: 189
total_pages: 3145
low_rf_pages: 37842
total patterns: 70290
deleting 5
current advertiser: 190
total_pages: 3144
low_rf_pages: 37842
total patterns: 70289
deleting 1956
current advertiser: 191
total_pages: 3143
low_rf_pages: 37842
total patterns: 70288
deleting 829
current advertiser: 192
total_pages: 3142
low_rf_pages: 37842
total patterns: 70287
deleting 152
current advertiser: 193
total_pages: 3141
low_rf_pages: 37842
total patterns: 70286
deleting 838
current advertiser: 194
total_pages: 3140
low_rf_pages: 37842
total patterns: 70282
deleting 568
current advertiser: 195
total_pages: 3139
low_rf_pages: 37842
total patterns: 70280
deleting 158
current advertiser: 196
total_pages: 3138
low_rf_pages: 37842
total patterns: 70279
deleting 648
current advertiser: 197
total_pages: 3137
low_rf_pages: 37842
total patterns: 70278
deleting 358
current advertiser: 198
total_pages: 3136
low_rf_pages: 37842
total patterns: 70277
deleting 235
current advertiser: 199
total_pages: 3135
low_rf_pages: 37842
total patterns: 70276
deleting 603
current advertiser: 200
total_pages: 3134
low_rf_pages: 37842
total patterns: 70269
deleting 470
current advertiser: 201
total_pages: 3133
low_rf_pages: 37842
total patterns: 70268
deleting 845
current advertiser: 202
total_pages: 3132
low_rf_pages: 37842
total patterns: 70267
deleting 686
current advertiser: 203
total_pages: 3131
low_rf_pages: 37842
total patterns: 70266
deleting 1144
current advertiser: 204
total_pages: 3130
low_rf_pages: 37842
total patterns: 70264
deleting 537
current advertiser: 205
total_pages: 3129
low_rf_pages: 37842
total patterns: 70263
deleting 237
current advertiser: 206
total_pages: 3128
low_rf_pages: 37842
total patterns: 70262
deleting 882
current advertiser: 207
total_pages: 3127
low_rf_pages: 37842
total patterns: 70258
deleting 2826
current advertiser: 208
total_pages: 3126
low_rf_pages: 37842
total patterns: 70255
deleting 473
current advertiser: 209
total_pages: 3125
low_rf_pages: 37842
total patterns: 70254
deleting 435
current advertiser: 210
total_pages: 3124
low_rf_pages: 37842
total patterns: 70253
deleting 632
current advertiser: 211
total_pages: 3123
low_rf_pages: 37842
total patterns: 70252
deleting 1838
current advertiser: 212
total_pages: 3122
low_rf_pages: 37842
total patterns: 70251
deleting 233
current advertiser: 213
total_pages: 3121
low_rf_pages: 37842
total patterns: 70249
deleting 204
current advertiser: 214
total_pages: 3120
low_rf_pages: 37842
total patterns: 70241
deleting 738
current advertiser: 215
total_pages: 3119
low_rf_pages: 37842
total patterns: 70238
deleting 45
current advertiser: 216
total_pages: 3118
low_rf_pages: 37842
total patterns: 70237
deleting 71
current advertiser: 217
total_pages: 3117
low_rf_pages: 37842
total patterns: 70236
deleting 1018
current advertiser: 218
total_pages: 3116
low_rf_pages: 37842
total patterns: 70233
deleting 3197
current advertiser: 219
total_pages: 3115
low_rf_pages: 37842
total patterns: 70227
deleting 522
current advertiser: 220
total_pages: 3114
low_rf_pages: 37842
total patterns: 70226
deleting 1025
current advertiser: 221
total_pages: 3113
low_rf_pages: 37842
total patterns: 70225
deleting 492
current advertiser: 222
total_pages: 3112
low_rf_pages: 37842
total patterns: 70224
deleting 106
current advertiser: 223
total_pages: 3111
low_rf_pages: 37842
total patterns: 70221
deleting 2952
current advertiser: 224
total_pages: 3110
low_rf_pages: 37842
total patterns: 70220
deleting 531
current advertiser: 225
total_pages: 3109
low_rf_pages: 37842
total patterns: 70219
deleting 265
current advertiser: 226
total_pages: 3108
low_rf_pages: 37842
total patterns: 70218
deleting 1132
current advertiser: 227
total_pages: 3107
low_rf_pages: 37842
total patterns: 70217
deleting 528
current advertiser: 228
total_pages: 3106
low_rf_pages: 37842
total patterns: 70211
deleting 525
current advertiser: 229
total_pages: 3105
low_rf_pages: 37842
total patterns: 70206
deleting 1707
current advertiser: 230
total_pages: 3104
low_rf_pages: 37842
total patterns: 70203
deleting 491
current advertiser: 231
total_pages: 3103
low_rf_pages: 37842
total patterns: 70202
deleting 506
current advertiser: 232
total_pages: 3102
low_rf_pages: 37842
total patterns: 70201
deleting 89
current advertiser: 233
total_pages: 3101
low_rf_pages: 37842
total patterns: 70200
deleting 357
current advertiser: 234
total_pages: 3100
low_rf_pages: 37842
total patterns: 70199
deleting 633
current advertiser: 235
total_pages: 3099
low_rf_pages: 37842
total patterns: 70198
deleting 260
current advertiser: 236
total_pages: 3098
low_rf_pages: 37842
total patterns: 70197
deleting 142
current advertiser: 237
total_pages: 3097
low_rf_pages: 37842
total patterns: 70196
deleting 514
current advertiser: 238
total_pages: 3096
low_rf_pages: 37842
total patterns: 70195
deleting 494
current advertiser: 239
total_pages: 3095
low_rf_pages: 37842
total patterns: 70194
deleting 2145
current advertiser: 240
total_pages: 3094
low_rf_pages: 37842
total patterns: 70189
deleting 777
current advertiser: 241
total_pages: 3093
low_rf_pages: 37842
total patterns: 70188
deleting 88
current advertiser: 242
total_pages: 3092
low_rf_pages: 37842
total patterns: 70184
deleting 102
current advertiser: 243
total_pages: 3091
low_rf_pages: 37842
total patterns: 70179
deleting 221
current advertiser: 244
total_pages: 3090
low_rf_pages: 37842
total patterns: 70175
deleting 330
current advertiser: 245
total_pages: 3089
low_rf_pages: 37842
total patterns: 70170
deleting 584
current advertiser: 246
total_pages: 3088
low_rf_pages: 37842
total patterns: 70169
deleting 2018
current advertiser: 247
total_pages: 3087
low_rf_pages: 37842
total patterns: 70167
deleting 800
current advertiser: 248
total_pages: 3086
low_rf_pages: 37842
total patterns: 70159
deleting 934
current advertiser: 249
total_pages: 3085
low_rf_pages: 37842
total patterns: 70158
deleting 1481
current advertiser: 250
total_pages: 3084
low_rf_pages: 37842
total patterns: 70156
deleting 885
current advertiser: 251
total_pages: 3083
low_rf_pages: 37842
total patterns: 70152
deleting 1035
current advertiser: 252
total_pages: 3082
low_rf_pages: 37842
total patterns: 70149
deleting 145
current advertiser: 253
total_pages: 3081
low_rf_pages: 37842
total patterns: 70148
deleting 281
current advertiser: 254
total_pages: 3080
low_rf_pages: 37842
total patterns: 70147
deleting 540
current advertiser: 255
total_pages: 3079
low_rf_pages: 37842
total patterns: 70146
deleting 521
current advertiser: 256
total_pages: 3078
low_rf_pages: 37842
total patterns: 70145
deleting 290
current advertiser: 257
total_pages: 3077
low_rf_pages: 37842
total patterns: 70144
deleting 762
current advertiser: 258
total_pages: 3076
low_rf_pages: 37842
total patterns: 70143
deleting 230
current advertiser: 259
total_pages: 3075
low_rf_pages: 37842
total patterns: 70142
deleting 259
current advertiser: 260
total_pages: 3074
low_rf_pages: 37842
total patterns: 70141
deleting 255
current advertiser: 261
total_pages: 3073
low_rf_pages: 37842
total patterns: 70140
deleting 662
current advertiser: 262
total_pages: 3072
low_rf_pages: 37842
total patterns: 70139
deleting 1644
current advertiser: 263
total_pages: 3071
low_rf_pages: 37842
total patterns: 70138
deleting 368
current advertiser: 264
total_pages: 3070
low_rf_pages: 37842
total patterns: 70135
deleting 332
current advertiser: 265
total_pages: 3069
low_rf_pages: 37842
total patterns: 70130
deleting 787
current advertiser: 266
total_pages: 3068
low_rf_pages: 37842
total patterns: 70124
deleting 246
current advertiser: 267
total_pages: 3067
low_rf_pages: 37842
total patterns: 70123
deleting 139
current advertiser: 268
total_pages: 3066
low_rf_pages: 37842
total patterns: 70117
deleting 644
current advertiser: 269
total_pages: 3065
low_rf_pages: 37842
total patterns: 70116
deleting 21
current advertiser: 270
total_pages: 3064
low_rf_pages: 37842
total patterns: 70115
deleting 86
current advertiser: 271
total_pages: 3063
low_rf_pages: 37842
total patterns: 70114
deleting 85
current advertiser: 272
total_pages: 3062
low_rf_pages: 37842
total patterns: 70113
deleting 46
current advertiser: 273
total_pages: 3061
low_rf_pages: 37842
total patterns: 70112
deleting 670
current advertiser: 274
total_pages: 3060
low_rf_pages: 37842
total patterns: 70111
deleting 916
current advertiser: 275
total_pages: 3059
low_rf_pages: 37842
total patterns: 70110
deleting 329
current advertiser: 276
total_pages: 3058
low_rf_pages: 37842
total patterns: 70104
deleting 837
current advertiser: 277
total_pages: 3057
low_rf_pages: 37842
total patterns: 70102
deleting 2050
deleting 3925
current advertiser: 278
total_pages: 3055
low_rf_pages: 37842
total patterns: 70037
deleting 640
current advertiser: 279
total_pages: 3054
low_rf_pages: 37842
total patterns: 70036
deleting 993
current advertiser: 280
total_pages: 3053
low_rf_pages: 37842
total patterns: 70035
deleting 312
current advertiser: 281
total_pages: 3052
low_rf_pages: 37842
total patterns: 70032
deleting 747
current advertiser: 282
total_pages: 3051
low_rf_pages: 37842
total patterns: 70031
deleting 321
current advertiser: 283
total_pages: 3050
low_rf_pages: 37842
total patterns: 70030
deleting 379
current advertiser: 284
total_pages: 3049
low_rf_pages: 37842
total patterns: 70029
deleting 229
current advertiser: 285
total_pages: 3048
low_rf_pages: 37842
total patterns: 70028
deleting 453
current advertiser: 286
total_pages: 3047
low_rf_pages: 37842
total patterns: 70025
deleting 1857
current advertiser: 287
total_pages: 3046
low_rf_pages: 37842
total patterns: 70019
deleting 3322
current advertiser: 288
total_pages: 3045
low_rf_pages: 37842
total patterns: 70014
deleting 254
current advertiser: 289
total_pages: 3044
low_rf_pages: 37842
total patterns: 70013
deleting 28
current advertiser: 290
total_pages: 3043
low_rf_pages: 37842
total patterns: 70012
deleting 422
current advertiser: 291
total_pages: 3042
low_rf_pages: 37842
total patterns: 70004
deleting 361
current advertiser: 292
total_pages: 3041
low_rf_pages: 37842
total patterns: 70003
deleting 667
current advertiser: 293
total_pages: 3040
low_rf_pages: 37842
total patterns: 70002
deleting 423
current advertiser: 294
total_pages: 3039
low_rf_pages: 37842
total patterns: 70001
deleting 118
current advertiser: 295
total_pages: 3038
low_rf_pages: 37842
total patterns: 69998
deleting 1863
current advertiser: 296
total_pages: 3037
low_rf_pages: 37842
total patterns: 69993
deleting 32
current advertiser: 297
total_pages: 3036
low_rf_pages: 37842
total patterns: 69992
deleting 155
current advertiser: 298
total_pages: 3035
low_rf_pages: 37842
total patterns: 69991
deleting 378
current advertiser: 299
total_pages: 3034
low_rf_pages: 37842
total patterns: 69990
deleting 236
Allocation accuracy new method: 300
views wasted:0
limit 1 to 1
/tmp/1624695278052.txt
Allocation accuracy: 300
slurmstepd: error: *** JOB 421626 ON gnode65 CANCELLED AT 2021-06-26T14:09:47 ***
