Loaded all files
got patterns
Allocation accuracy new method: 500
views wasted:0
limit 1 to 1
/tmp/1621545570935.txt
Allocation accuracy: 127
###############     ARGUMENTS     ############
['plot_results.py', 'patterns/k100_patterns.txt', 'dataset/k100.txt', '500', '8000', '6000']
##############################################
web_page_to_adv_json_file : ./1621542230158.json
allocated_adslots_file: ./1621542230163.json
ALLOCATING WITH OUR OLD METHOD: 500
AD REPEATABILITY OF ONE-SLOT METHOD : 500
0.00438

[One slot] ALLOCATING WITH RANDOM METHOD: 500
AD REPEATABILITY OF RANDOM METHOD: 500
1.22839

allocated
{'VFS_one_method': [128], 'VFS_multi_method': [], 'new_method': [], 'oneslot_method': [500]}
adrepp
{'VFS_one_method': ['1.22839'], 'VFS_multi_method': [], 'new_method': [], 'oneslot_method': ['0.00438']}
revenue
{'VFS_one_method': [], 'VFS_multi_method': [], 'new_method': [], 'oneslot_method': []}
