==========================================
SLURM_JOB_ID = 373270
SLURM_NODELIST = gnode22
SLURM_JOB_GPUS = 
==========================================
Loaded all files
got patterns
(601374, 991)
Allocation accuracy new method: 237
Loaded all files
got patterns
(601374, 991)
Allocation accuracy new method: 192
limit 1 to 5
/tmp/1619109240350.txt
Allocation accuracy: 261
###############     ARGUMENTS     ############
['plot_results.py', 'patterns/kosarak.txt', 'dataset/kosarak.dat', '500', '28000', '20000']
##############################################
web_page_to_adv_json_file : ./1619108882026.json
allocated_adslots_file: ./1619108882031.json
ALLOCATING WITH OUR NEW METHOD: 500
AD REPEATABILITY OF OUR NEW METHOD : 500
0.0

ALLOCATING WITH OUR OLD METHOD: 500
AD REPEATABILITY OF ONE-SLOT METHOD : 500
0.0

[One slot] ALLOCATING WITH RANDOM METHOD: 500
AD REPEATABILITY OF RANDOM METHOD: 500
1.50527170652

Traceback (most recent call last):
  File "plot_results.py", line 162, in <module>
    alloc = len(json.load(open(allocated_adslots_file)))
  File "/home/preetham_sathineni/anaconda2/lib/python2.7/json/__init__.py", line 291, in load
    **kw)
  File "/home/preetham_sathineni/anaconda2/lib/python2.7/json/__init__.py", line 339, in loads
    return _default_decoder.decode(s)
  File "/home/preetham_sathineni/anaconda2/lib/python2.7/json/decoder.py", line 367, in decode
    raise ValueError(errmsg("Extra data", s, end, len(s)))
ValueError: Extra data: line 1 column 145072904 - line 1 column 145073165 (char 145072903 - 145073164)
