==========================================
SLURM_JOB_ID = 379606
SLURM_NODELIST = gnode57
SLURM_JOB_GPUS = 
==========================================
Loaded all files
got patterns
Allocation accuracy new method: 63
views wasted:1004
Loaded all files
got patterns
Allocation accuracy new method: 13
views wasted:245
limit 1 to 1
/tmp/1619780482491.txt
Allocation accuracy: 35
limit 2 to 5
/tmp/1619780484073.txt
Allocation accuracy: 121
###############     ARGUMENTS     ############
['plot_results.py', 'patterns/k100_patterns.txt', 'dataset/k100.txt', '300', '9000', '4000']
##############################################
web_page_to_adv_json_file : ./1619775595808.json
allocated_adslots_file: ./1619775595812.json
ALLOCATING WITH OUR NEW METHOD: 300
AD REPEATABILITY OF OUR NEW METHOD : 300
0.01004

ALLOCATING WITH OUR OLD METHOD: 300
AD REPEATABILITY OF ONE-SLOT METHOD : 300
0.00245

[One slot] ALLOCATING WITH RANDOM METHOD: 300
AD REPEATABILITY OF RANDOM METHOD: 300
0.4603

[Multi slots] ALLOCATING WITH RANDOM METHOD: 300
AD REPEATABILITY OF RANDOM METHOD: 300
1.95659

allocated
{'VFS_one_method': [36], 'VFS_multi_method': [122], 'new_method': [63], 'oneslot_method': [13]}
adrepp
{'VFS_one_method': ['0.4603'], 'VFS_multi_method': ['1.95659'], 'new_method': ['0.01004'], 'oneslot_method': ['0.00245']}
revenue
{'VFS_one_method': [194640], 'VFS_multi_method': [809184], 'new_method': [555447], 'oneslot_method': [114813]}
