==========================================
SLURM_JOB_ID = 668836
SLURM_NODELIST = gnode25
SLURM_JOB_GPUS = 3
==========================================
got patterns
sorted patterns
started allocation
Allocation accuracy: 20
total views sold: 152693
Allocation accuracy new method: 20
0.0
got patterns
sorted patterns
started allocation
Allocation accuracy: 20
total views sold: 152693
Allocation accuracy new method: 20
('META_DATA_FILE_PATH', '/home/preetham_sathineni/adslot/web_page_meta_dict_adslots_1_dataset_kosaraktxt.pkl')
/tmp/1651690773645.txt
Allocation accuracy: 20
total views sold: 152693
('META_DATA_FILE_PATH', '/home/preetham_sathineni/adslot/web_page_meta_dict_adslots_2_dataset_kosaraktxt.pkl')
/tmp/1651690778042.txt
Allocation accuracy: 20
total views sold: 152693
###############     ARGUMENTS     ############
['plot_results.py', '../test1/kosarak_minfreq_0.005_maxcs_1_maxor_0.04/patterns.txt', '../CMineMR-Mapreduce-algorithm-to-extract-coverage-patterns-master/dataset/kosarak.txt', '20', '7000', '6000', '2']
##############################################
web_page_to_adv_json_file : ./1651690751780.json
allocated_adslots_file: ./1651690751785.json
python alloc_fresh.py ../test1/kosarak_minfreq_0.005_maxcs_1_maxor_0.04/patterns.txt /home/preetham_sathineni/adslot/web_page_meta_dict_adslots_2_dataset_kosaraktxt.pkl /home/preetham_sathineni/adslot/web_page_freq_sorted_adslots_2_dataset_kosaraktxt.pkl 8045,1828,9568,5752,12074,5674,7691,1892,10619,8034,1842,11952,11568,12410,8481,10770,6078,2930,6466,9019 /tmp/1651690751788.txt 2 ./1651690751785.json ./1651690751780.json
AD REPEATABILITY OF OUR NEW METHOD : 20
0.00382

ALLOCATING WITH OUR OLD METHOD: 20
python alloc_fresh.py ../test1/kosarak_minfreq_0.005_maxcs_1_maxor_0.04/patterns.txt /home/preetham_sathineni/adslot/web_page_meta_dict_adslots_1_dataset_kosaraktxt.pkl /home/preetham_sathineni/adslot/web_page_freq_sorted_adslots_1_dataset_kosaraktxt.pkl 8045,1828,9568,5752,12074,5674,7691,1892,10619,8034,1842,11952,11568,12410,8481,10770,6078,2930,6466,9019 /tmp/1651690763476.txt 2 ./1651690751785.json ./1651690751780.json
AD REPEATABILITY OF ONE-SLOT METHOD : 20
0.08864

[One slot] ALLOCATING WITH RANDOM METHOD: 20
0.76125

[Multi slots] ALLOCATING WITH RANDOM METHOD: 20
AD REPEATABILITY OF RANDOM METHOD: 20
1.0206

allocated
{'VFS_one_method': [0], 'VFS_multi_method': [0], 'new_method': [20], 'oneslot_method': [20]}
adrepp
{'VFS_one_method': ['0.76125'], 'VFS_multi_method': ['1.0206'], 'new_method': ['0.00382'], 'oneslot_method': ['0.08864']}
revenue
{'VFS_one_method': [], 'VFS_multi_method': [], 'new_method': [], 'oneslot_method': []}
got patterns
sorted patterns
started allocation
Allocation accuracy: 40
total views sold: 248652
Allocation accuracy new method: 40
0.0
got patterns
sorted patterns
started allocation
Allocation accuracy: 40
total views sold: 248652
Allocation accuracy new method: 40
('META_DATA_FILE_PATH', '/home/preetham_sathineni/adslot/web_page_meta_dict_adslots_1_dataset_kosaraktxt.pkl')
/tmp/1651690806818.txt
Allocation accuracy: 40
total views sold: 248652
('META_DATA_FILE_PATH', '/home/preetham_sathineni/adslot/web_page_meta_dict_adslots_2_dataset_kosaraktxt.pkl')
/tmp/1651690812942.txt
Allocation accuracy: 40
total views sold: 248652
###############     ARGUMENTS     ############
['plot_results.py', '../test1/kosarak_minfreq_0.005_maxcs_1_maxor_0.04/patterns.txt', '../CMineMR-Mapreduce-algorithm-to-extract-coverage-patterns-master/dataset/kosarak.txt', '40', '7000', '6000', '2']
##############################################
web_page_to_adv_json_file : ./1651690783525.json
allocated_adslots_file: ./1651690783530.json
python alloc_fresh.py ../test1/kosarak_minfreq_0.005_maxcs_1_maxor_0.04/patterns.txt /home/preetham_sathineni/adslot/web_page_meta_dict_adslots_2_dataset_kosaraktxt.pkl /home/preetham_sathineni/adslot/web_page_freq_sorted_adslots_2_dataset_kosaraktxt.pkl 2153,6310,1245,6009,8962,5006,6815,9433,3751,1857,5532,3304,12181,1461,12161,3594,8253,11424,11970,4242,10828,2446,4818,10248,8793,2384,1009,10005,4561,9094,11500,1424,4556,1230,6251,11689,7889,7904,4979,1381 /tmp/1651690783534.txt 2 ./1651690783530.json ./1651690783525.json
AD REPEATABILITY OF OUR NEW METHOD : 40
0.03537

ALLOCATING WITH OUR OLD METHOD: 40
python alloc_fresh.py ../test1/kosarak_minfreq_0.005_maxcs_1_maxor_0.04/patterns.txt /home/preetham_sathineni/adslot/web_page_meta_dict_adslots_1_dataset_kosaraktxt.pkl /home/preetham_sathineni/adslot/web_page_freq_sorted_adslots_1_dataset_kosaraktxt.pkl 2153,6310,1245,6009,8962,5006,6815,9433,3751,1857,5532,3304,12181,1461,12161,3594,8253,11424,11970,4242,10828,2446,4818,10248,8793,2384,1009,10005,4561,9094,11500,1424,4556,1230,6251,11689,7889,7904,4979,1381 /tmp/1651690794726.txt 2 ./1651690783530.json ./1651690783525.json
AD REPEATABILITY OF ONE-SLOT METHOD : 40
0.33871

[One slot] ALLOCATING WITH RANDOM METHOD: 40
1.29889

[Multi slots] ALLOCATING WITH RANDOM METHOD: 40
AD REPEATABILITY OF RANDOM METHOD: 40
1.29136

allocated
{'VFS_one_method': [0], 'VFS_multi_method': [0], 'new_method': [40], 'oneslot_method': [40]}
adrepp
{'VFS_one_method': ['1.29889'], 'VFS_multi_method': ['1.29136'], 'new_method': ['0.03537'], 'oneslot_method': ['0.33871']}
revenue
{'VFS_one_method': [], 'VFS_multi_method': [], 'new_method': [], 'oneslot_method': []}
got patterns
sorted patterns
started allocation
Allocation accuracy: 60
total views sold: 447328
Allocation accuracy new method: 60
0.0
got patterns
sorted patterns
started allocation
Allocation accuracy: 60
total views sold: 447328
Allocation accuracy new method: 60
('META_DATA_FILE_PATH', '/home/preetham_sathineni/adslot/web_page_meta_dict_adslots_1_dataset_kosaraktxt.pkl')
/tmp/1651690853720.txt
Allocation accuracy: 50
total views sold: 425309
('META_DATA_FILE_PATH', '/home/preetham_sathineni/adslot/web_page_meta_dict_adslots_2_dataset_kosaraktxt.pkl')
/tmp/1651690862941.txt
Allocation accuracy: 60
total views sold: 447328
###############     ARGUMENTS     ############
['plot_results.py', '../test1/kosarak_minfreq_0.005_maxcs_1_maxor_0.04/patterns.txt', '../CMineMR-Mapreduce-algorithm-to-extract-coverage-patterns-master/dataset/kosarak.txt', '60', '7000', '6000', '2']
##############################################
web_page_to_adv_json_file : ./1651690819863.json
allocated_adslots_file: ./1651690819868.json
python alloc_fresh.py ../test1/kosarak_minfreq_0.005_maxcs_1_maxor_0.04/patterns.txt /home/preetham_sathineni/adslot/web_page_meta_dict_adslots_2_dataset_kosaraktxt.pkl /home/preetham_sathineni/adslot/web_page_freq_sorted_adslots_2_dataset_kosaraktxt.pkl 5268,2008,9823,2999,3681,8580,6282,7426,5992,10787,8617,10077,10482,11642,12097,9258,6854,9266,4501,3052,6302,11754,10455,5474,11319,12829,6618,11554,5631,5063,11955,3649,10186,8184,8030,12382,3016,4277,6168,12491,6262,5177,1182,7036,8517,12377,1598,6870,12401,12308,7609,12604,5910,5315,1510,6955,10154,1917,1088,4509 /tmp/1651690819872.txt 2 ./1651690819868.json ./1651690819863.json
AD REPEATABILITY OF OUR NEW METHOD : 60
0.63624

ALLOCATING WITH OUR OLD METHOD: 60
python alloc_fresh.py ../test1/kosarak_minfreq_0.005_maxcs_1_maxor_0.04/patterns.txt /home/preetham_sathineni/adslot/web_page_meta_dict_adslots_1_dataset_kosaraktxt.pkl /home/preetham_sathineni/adslot/web_page_freq_sorted_adslots_1_dataset_kosaraktxt.pkl 5268,2008,9823,2999,3681,8580,6282,7426,5992,10787,8617,10077,10482,11642,12097,9258,6854,9266,4501,3052,6302,11754,10455,5474,11319,12829,6618,11554,5631,5063,11955,3649,10186,8184,8030,12382,3016,4277,6168,12491,6262,5177,1182,7036,8517,12377,1598,6870,12401,12308,7609,12604,5910,5315,1510,6955,10154,1917,1088,4509 /tmp/1651690835991.txt 2 ./1651690819868.json ./1651690819863.json
AD REPEATABILITY OF ONE-SLOT METHOD : 60
1.33255

[One slot] ALLOCATING WITH RANDOM METHOD: 60
2.26232

[Multi slots] ALLOCATING WITH RANDOM METHOD: 60
AD REPEATABILITY OF RANDOM METHOD: 60
2.33069

allocated
{'VFS_one_method': [0], 'VFS_multi_method': [0], 'new_method': [60], 'oneslot_method': [60]}
adrepp
{'VFS_one_method': ['2.26232'], 'VFS_multi_method': ['2.33069'], 'new_method': ['0.63624'], 'oneslot_method': ['1.33255']}
revenue
{'VFS_one_method': [], 'VFS_multi_method': [], 'new_method': [], 'oneslot_method': []}
got patterns
sorted patterns
started allocation
Allocation accuracy: 80
total views sold: 532587
Allocation accuracy new method: 80
0.0
got patterns
sorted patterns
started allocation
Allocation accuracy: 80
total views sold: 532587
Allocation accuracy new method: 80
('META_DATA_FILE_PATH', '/home/preetham_sathineni/adslot/web_page_meta_dict_adslots_1_dataset_kosaraktxt.pkl')
/tmp/1651690909485.txt
Allocation accuracy: 45
total views sold: 407095
('META_DATA_FILE_PATH', '/home/preetham_sathineni/adslot/web_page_meta_dict_adslots_2_dataset_kosaraktxt.pkl')
/tmp/1651690918778.txt
Allocation accuracy: 80
total views sold: 532587
###############     ARGUMENTS     ############
['plot_results.py', '../test1/kosarak_minfreq_0.005_maxcs_1_maxor_0.04/patterns.txt', '../CMineMR-Mapreduce-algorithm-to-extract-coverage-patterns-master/dataset/kosarak.txt', '80', '7000', '6000', '2']
##############################################
web_page_to_adv_json_file : ./1651690874808.json
allocated_adslots_file: ./1651690874812.json
python alloc_fresh.py ../test1/kosarak_minfreq_0.005_maxcs_1_maxor_0.04/patterns.txt /home/preetham_sathineni/adslot/web_page_meta_dict_adslots_2_dataset_kosaraktxt.pkl /home/preetham_sathineni/adslot/web_page_freq_sorted_adslots_2_dataset_kosaraktxt.pkl 10478,8209,1780,6679,9734,1051,2423,3710,10779,1573,6324,11017,11511,4313,3646,4434,9263,8443,11316,6641,10412,8098,7438,4046,5441,5418,8069,12311,7533,5719,5259,5696,5293,5241,3281,8757,11157,4474,11363,10074,8813,7738,3493,12182,5671,12134,7703,8440,1346,9325,3425,9472,7676,7037,9943,10589,3427,1403,1271,12965,3837,7216,6475,3644,3034,5327,11964,3262,4033,6595,4026,1453,4438,10609,9715,3956,6262,3073,3990,7221 /tmp/1651690874816.txt 2 ./1651690874812.json ./1651690874808.json
AD REPEATABILITY OF OUR NEW METHOD : 80
0.70793

ALLOCATING WITH OUR OLD METHOD: 80
python alloc_fresh.py ../test1/kosarak_minfreq_0.005_maxcs_1_maxor_0.04/patterns.txt /home/preetham_sathineni/adslot/web_page_meta_dict_adslots_1_dataset_kosaraktxt.pkl /home/preetham_sathineni/adslot/web_page_freq_sorted_adslots_1_dataset_kosaraktxt.pkl 10478,8209,1780,6679,9734,1051,2423,3710,10779,1573,6324,11017,11511,4313,3646,4434,9263,8443,11316,6641,10412,8098,7438,4046,5441,5418,8069,12311,7533,5719,5259,5696,5293,5241,3281,8757,11157,4474,11363,10074,8813,7738,3493,12182,5671,12134,7703,8440,1346,9325,3425,9472,7676,7037,9943,10589,3427,1403,1271,12965,3837,7216,6475,3644,3034,5327,11964,3262,4033,6595,4026,1453,4438,10609,9715,3956,6262,3073,3990,7221 /tmp/1651690891351.txt 2 ./1651690874812.json ./1651690874808.json
AD REPEATABILITY OF ONE-SLOT METHOD : 80
1.51822

[One slot] ALLOCATING WITH RANDOM METHOD: 80
2.31153

[Multi slots] ALLOCATING WITH RANDOM METHOD: 80
AD REPEATABILITY OF RANDOM METHOD: 80
2.53536

allocated
{'VFS_one_method': [0], 'VFS_multi_method': [0], 'new_method': [80], 'oneslot_method': [80]}
adrepp
{'VFS_one_method': ['2.31153'], 'VFS_multi_method': ['2.53536'], 'new_method': ['0.70793'], 'oneslot_method': ['1.51822']}
revenue
{'VFS_one_method': [], 'VFS_multi_method': [], 'new_method': [], 'oneslot_method': []}
got patterns
sorted patterns
started allocation
Allocation accuracy: 100
total views sold: 674986
Allocation accuracy new method: 100
0.0
got patterns
sorted patterns
started allocation
Allocation accuracy: 61
total views sold: 537666
Allocation accuracy new method: 61
('META_DATA_FILE_PATH', '/home/preetham_sathineni/adslot/web_page_meta_dict_adslots_1_dataset_kosaraktxt.pkl')
/tmp/1651690968712.txt
Allocation accuracy: 38
total views sold: 401532
('META_DATA_FILE_PATH', '/home/preetham_sathineni/adslot/web_page_meta_dict_adslots_2_dataset_kosaraktxt.pkl')
/tmp/1651690978657.txt
Allocation accuracy: 100
total views sold: 674986
###############     ARGUMENTS     ############
['plot_results.py', '../test1/kosarak_minfreq_0.005_maxcs_1_maxor_0.04/patterns.txt', '../CMineMR-Mapreduce-algorithm-to-extract-coverage-patterns-master/dataset/kosarak.txt', '100', '7000', '6000', '2']
##############################################
web_page_to_adv_json_file : ./1651690931064.json
allocated_adslots_file: ./1651690931069.json
python alloc_fresh.py ../test1/kosarak_minfreq_0.005_maxcs_1_maxor_0.04/patterns.txt /home/preetham_sathineni/adslot/web_page_meta_dict_adslots_2_dataset_kosaraktxt.pkl /home/preetham_sathineni/adslot/web_page_freq_sorted_adslots_2_dataset_kosaraktxt.pkl 2809,9667,12554,11192,5966,2019,8243,7642,2331,12625,11421,7852,3753,9682,1856,10338,8977,9909,5082,1930,1635,6069,2435,12641,12774,6977,5051,11700,9913,3642,8438,4250,4761,2958,3995,1638,6584,6727,1367,12049,2179,7192,3851,1317,11713,11500,7268,8745,4718,11834,8842,11549,6632,12442,3312,2920,2854,7267,5979,12150,5292,10630,7867,6214,5120,6729,1017,6659,1961,7391,7021,7938,9175,2449,4893,7176,4494,7036,11849,6525,2966,2441,4385,12475,11942,6182,3647,2398,1465,8078,10331,9320,11269,1385,10536,1909,5890,8989,10235,5991 /tmp/1651690931074.txt 2 ./1651690931069.json ./1651690931064.json
AD REPEATABILITY OF OUR NEW METHOD : 100
1.3264

ALLOCATING WITH OUR OLD METHOD: 100
python alloc_fresh.py ../test1/kosarak_minfreq_0.005_maxcs_1_maxor_0.04/patterns.txt /home/preetham_sathineni/adslot/web_page_meta_dict_adslots_1_dataset_kosaraktxt.pkl /home/preetham_sathineni/adslot/web_page_freq_sorted_adslots_1_dataset_kosaraktxt.pkl 2809,9667,12554,11192,5966,2019,8243,7642,2331,12625,11421,7852,3753,9682,1856,10338,8977,9909,5082,1930,1635,6069,2435,12641,12774,6977,5051,11700,9913,3642,8438,4250,4761,2958,3995,1638,6584,6727,1367,12049,2179,7192,3851,1317,11713,11500,7268,8745,4718,11834,8842,11549,6632,12442,3312,2920,2854,7267,5979,12150,5292,10630,7867,6214,5120,6729,1017,6659,1961,7391,7021,7938,9175,2449,4893,7176,4494,7036,11849,6525,2966,2441,4385,12475,11942,6182,3647,2398,1465,8078,10331,9320,11269,1385,10536,1909,5890,8989,10235,5991 /tmp/1651690950388.txt 2 ./1651690931069.json ./1651690931064.json
AD REPEATABILITY OF ONE-SLOT METHOD : 100
1.98571

[One slot] ALLOCATING WITH RANDOM METHOD: 100
2.44492

[Multi slots] ALLOCATING WITH RANDOM METHOD: 100
AD REPEATABILITY OF RANDOM METHOD: 100
3.49134

allocated
{'VFS_one_method': [0], 'VFS_multi_method': [0], 'new_method': [100], 'oneslot_method': [61]}
adrepp
{'VFS_one_method': ['2.44492'], 'VFS_multi_method': ['3.49134'], 'new_method': ['1.3264'], 'oneslot_method': ['1.98571']}
revenue
{'VFS_one_method': [], 'VFS_multi_method': [], 'new_method': [], 'oneslot_method': []}
got patterns
sorted patterns
started allocation
Allocation accuracy: 120
total views sold: 854031
Allocation accuracy new method: 120
0.0
got patterns
sorted patterns
started allocation
Allocation accuracy: 53
total views sold: 517251
Allocation accuracy new method: 53
('META_DATA_FILE_PATH', '/home/preetham_sathineni/adslot/web_page_meta_dict_adslots_1_dataset_kosaraktxt.pkl')
/tmp/1651691042349.txt
Allocation accuracy: 35
total views sold: 392144
('META_DATA_FILE_PATH', '/home/preetham_sathineni/adslot/web_page_meta_dict_adslots_2_dataset_kosaraktxt.pkl')
/tmp/1651691052228.txt
Allocation accuracy: 100
total views sold: 812980
###############     ARGUMENTS     ############
['plot_results.py', '../test1/kosarak_minfreq_0.005_maxcs_1_maxor_0.04/patterns.txt', '../CMineMR-Mapreduce-algorithm-to-extract-coverage-patterns-master/dataset/kosarak.txt', '120', '7000', '6000', '2']
##############################################
web_page_to_adv_json_file : ./1651690994500.json
allocated_adslots_file: ./1651690994504.json
python alloc_fresh.py ../test1/kosarak_minfreq_0.005_maxcs_1_maxor_0.04/patterns.txt /home/preetham_sathineni/adslot/web_page_meta_dict_adslots_2_dataset_kosaraktxt.pkl /home/preetham_sathineni/adslot/web_page_freq_sorted_adslots_2_dataset_kosaraktxt.pkl 10868,10068,6783,10332,8587,8510,5561,2455,6486,7756,3714,3267,9230,6035,11584,11343,2635,9675,3454,1804,8508,7546,8344,11671,5194,2278,8559,1066,7059,12051,6005,1908,6267,10125,12065,5997,8042,8236,9837,10975,9872,3791,3540,7756,3952,3777,4088,3685,5192,4989,7680,6521,8537,10197,2324,11495,5031,8189,9503,2289,12693,6146,1446,7450,9038,11905,4855,8740,7599,7059,11867,9652,10809,2316,3901,12525,4455,8518,3244,8423,7076,4190,1961,1735,10843,2989,10671,8885,10189,11632,3117,6362,4011,9174,12093,6441,2715,4486,11133,9040,6182,1700,12523,2008,7098,7904,3589,9035,11803,1642,7933,12521,10872,1345,1318,12878,11529,6008,8126,12345 /tmp/1651690994508.txt 2 ./1651690994504.json ./1651690994500.json
AD REPEATABILITY OF OUR NEW METHOD : 120
2.30416

ALLOCATING WITH OUR OLD METHOD: 120
python alloc_fresh.py ../test1/kosarak_minfreq_0.005_maxcs_1_maxor_0.04/patterns.txt /home/preetham_sathineni/adslot/web_page_meta_dict_adslots_1_dataset_kosaraktxt.pkl /home/preetham_sathineni/adslot/web_page_freq_sorted_adslots_1_dataset_kosaraktxt.pkl 10868,10068,6783,10332,8587,8510,5561,2455,6486,7756,3714,3267,9230,6035,11584,11343,2635,9675,3454,1804,8508,7546,8344,11671,5194,2278,8559,1066,7059,12051,6005,1908,6267,10125,12065,5997,8042,8236,9837,10975,9872,3791,3540,7756,3952,3777,4088,3685,5192,4989,7680,6521,8537,10197,2324,11495,5031,8189,9503,2289,12693,6146,1446,7450,9038,11905,4855,8740,7599,7059,11867,9652,10809,2316,3901,12525,4455,8518,3244,8423,7076,4190,1961,1735,10843,2989,10671,8885,10189,11632,3117,6362,4011,9174,12093,6441,2715,4486,11133,9040,6182,1700,12523,2008,7098,7904,3589,9035,11803,1642,7933,12521,10872,1345,1318,12878,11529,6008,8126,12345 /tmp/1651691018877.txt 2 ./1651690994504.json ./1651690994500.json
AD REPEATABILITY OF ONE-SLOT METHOD : 120
2.16966

[One slot] ALLOCATING WITH RANDOM METHOD: 120
2.54591

[Multi slots] ALLOCATING WITH RANDOM METHOD: 120
AD REPEATABILITY OF RANDOM METHOD: 120
4.62691

allocated
{'VFS_one_method': [0], 'VFS_multi_method': [0], 'new_method': [120], 'oneslot_method': [53]}
adrepp
{'VFS_one_method': ['2.54591'], 'VFS_multi_method': ['4.62691'], 'new_method': ['2.30416'], 'oneslot_method': ['2.16966']}
revenue
{'VFS_one_method': [], 'VFS_multi_method': [], 'new_method': [], 'oneslot_method': []}
got patterns
sorted patterns
started allocation
Allocation accuracy: 140
total views sold: 941424
Allocation accuracy new method: 140
0.0
got patterns
sorted patterns
started allocation
Allocation accuracy: 56
total views sold: 510568
Allocation accuracy new method: 56
('META_DATA_FILE_PATH', '/home/preetham_sathineni/adslot/web_page_meta_dict_adslots_1_dataset_kosaraktxt.pkl')
/tmp/1651691117235.txt
Allocation accuracy: 34
total views sold: 393708
('META_DATA_FILE_PATH', '/home/preetham_sathineni/adslot/web_page_meta_dict_adslots_2_dataset_kosaraktxt.pkl')
/tmp/1651691127356.txt
Allocation accuracy: 94
total views sold: 812955
###############     ARGUMENTS     ############
['plot_results.py', '../test1/kosarak_minfreq_0.005_maxcs_1_maxor_0.04/patterns.txt', '../CMineMR-Mapreduce-algorithm-to-extract-coverage-patterns-master/dataset/kosarak.txt', '140', '7000', '6000', '2']
##############################################
web_page_to_adv_json_file : ./1651691071014.json
allocated_adslots_file: ./1651691071019.json
python alloc_fresh.py ../test1/kosarak_minfreq_0.005_maxcs_1_maxor_0.04/patterns.txt /home/preetham_sathineni/adslot/web_page_meta_dict_adslots_2_dataset_kosaraktxt.pkl /home/preetham_sathineni/adslot/web_page_freq_sorted_adslots_2_dataset_kosaraktxt.pkl 3804,9832,1183,6417,7425,4509,8126,1645,11406,3542,1194,6553,8224,9748,4962,12213,4113,11414,6175,11448,4834,11563,3437,1623,7596,2546,4062,8183,10236,4506,5490,6794,9160,11517,1018,2639,11248,1004,2368,7263,3814,6093,1264,11266,3853,5198,4483,5933,6001,12203,3220,7236,10912,6179,7095,3425,2169,5268,12542,8934,12544,1145,1497,10732,4246,2844,6653,9628,5128,8759,5839,4616,2763,5532,9126,3749,12167,1589,2633,11413,8613,7003,1760,1494,2741,10332,8325,11768,12741,12808,6815,5319,4839,7715,4628,10106,4051,3354,7751,11415,1051,5285,10686,5364,8437,2639,12030,12233,4407,9968,8532,12307,2037,11869,4808,5204,1349,8492,7358,6480,10878,10092,12895,12771,10627,11566,6147,6590,7692,2304,5566,6013,6328,6517,11760,8295,3786,2365,8676,5731 /tmp/1651691071023.txt 2 ./1651691071019.json ./1651691071014.json
AD REPEATABILITY OF OUR NEW METHOD : 140
2.67554

ALLOCATING WITH OUR OLD METHOD: 140
python alloc_fresh.py ../test1/kosarak_minfreq_0.005_maxcs_1_maxor_0.04/patterns.txt /home/preetham_sathineni/adslot/web_page_meta_dict_adslots_1_dataset_kosaraktxt.pkl /home/preetham_sathineni/adslot/web_page_freq_sorted_adslots_1_dataset_kosaraktxt.pkl 3804,9832,1183,6417,7425,4509,8126,1645,11406,3542,1194,6553,8224,9748,4962,12213,4113,11414,6175,11448,4834,11563,3437,1623,7596,2546,4062,8183,10236,4506,5490,6794,9160,11517,1018,2639,11248,1004,2368,7263,3814,6093,1264,11266,3853,5198,4483,5933,6001,12203,3220,7236,10912,6179,7095,3425,2169,5268,12542,8934,12544,1145,1497,10732,4246,2844,6653,9628,5128,8759,5839,4616,2763,5532,9126,3749,12167,1589,2633,11413,8613,7003,1760,1494,2741,10332,8325,11768,12741,12808,6815,5319,4839,7715,4628,10106,4051,3354,7751,11415,1051,5285,10686,5364,8437,2639,12030,12233,4407,9968,8532,12307,2037,11869,4808,5204,1349,8492,7358,6480,10878,10092,12895,12771,10627,11566,6147,6590,7692,2304,5566,6013,6328,6517,11760,8295,3786,2365,8676,5731 /tmp/1651691097349.txt 2 ./1651691071019.json ./1651691071014.json
AD REPEATABILITY OF ONE-SLOT METHOD : 140
2.22449

[One slot] ALLOCATING WITH RANDOM METHOD: 140
2.59825

[Multi slots] ALLOCATING WITH RANDOM METHOD: 140
AD REPEATABILITY OF RANDOM METHOD: 140
4.63758

allocated
{'VFS_one_method': [0], 'VFS_multi_method': [0], 'new_method': [140], 'oneslot_method': [56]}
adrepp
{'VFS_one_method': ['2.59825'], 'VFS_multi_method': ['4.63758'], 'new_method': ['2.67554'], 'oneslot_method': ['2.22449']}
revenue
{'VFS_one_method': [], 'VFS_multi_method': [], 'new_method': [], 'oneslot_method': []}
got patterns
sorted patterns
started allocation
Allocation accuracy: 160
total views sold: 1202681
Allocation accuracy new method: 160
0.0
got patterns
sorted patterns
started allocation
Allocation accuracy: 52
total views sold: 504978
Allocation accuracy new method: 52
('META_DATA_FILE_PATH', '/home/preetham_sathineni/adslot/web_page_meta_dict_adslots_1_dataset_kosaraktxt.pkl')
/tmp/1651691199812.txt
Allocation accuracy: 33
total views sold: 388029
('META_DATA_FILE_PATH', '/home/preetham_sathineni/adslot/web_page_meta_dict_adslots_2_dataset_kosaraktxt.pkl')
/tmp/1651691210147.txt
Allocation accuracy: 75
total views sold: 797524
###############     ARGUMENTS     ############
['plot_results.py', '../test1/kosarak_minfreq_0.005_maxcs_1_maxor_0.04/patterns.txt', '../CMineMR-Mapreduce-algorithm-to-extract-coverage-patterns-master/dataset/kosarak.txt', '160', '7000', '6000', '2']
##############################################
web_page_to_adv_json_file : ./1651691146210.json
allocated_adslots_file: ./1651691146215.json
python alloc_fresh.py ../test1/kosarak_minfreq_0.005_maxcs_1_maxor_0.04/patterns.txt /home/preetham_sathineni/adslot/web_page_meta_dict_adslots_2_dataset_kosaraktxt.pkl /home/preetham_sathineni/adslot/web_page_freq_sorted_adslots_2_dataset_kosaraktxt.pkl 10591,3055,6686,2359,10088,5967,11751,4180,7130,3340,11841,4445,12064,7526,4549,2752,10876,6443,9264,9041,12631,2482,6892,3243,10901,7963,12388,5638,12664,10265,1723,7464,5919,9294,7550,4989,8571,3214,9246,10499,5217,10797,1214,4297,12000,1803,8664,10368,8610,3206,9661,7885,2114,10072,7785,10445,3072,3478,1264,2712,10654,8006,8857,4571,6991,5442,2390,5992,9973,7563,11721,1381,10687,9824,5189,11891,11133,4174,2040,10852,12444,4755,10876,1015,6640,2811,2506,12505,10937,10534,5778,1173,11531,12564,2162,8733,11130,8172,4306,9702,7155,3613,2228,10029,5454,9804,1149,3669,9789,1914,11182,6519,6043,7294,12023,11335,8525,8756,4538,5811,7420,6439,3982,12720,12233,7213,4380,9270,4694,10367,11231,11351,11962,2159,11371,12612,9400,8746,9340,7862,9208,5911,12042,6575,10059,6015,4790,4743,10245,9654,5662,10524,10740,10318,12470,10288,10790,3916,7362,8034 /tmp/1651691146218.txt 2 ./1651691146215.json ./1651691146210.json
AD REPEATABILITY OF OUR NEW METHOD : 160
3.6068

ALLOCATING WITH OUR OLD METHOD: 160
python alloc_fresh.py ../test1/kosarak_minfreq_0.005_maxcs_1_maxor_0.04/patterns.txt /home/preetham_sathineni/adslot/web_page_meta_dict_adslots_1_dataset_kosaraktxt.pkl /home/preetham_sathineni/adslot/web_page_freq_sorted_adslots_1_dataset_kosaraktxt.pkl 10591,3055,6686,2359,10088,5967,11751,4180,7130,3340,11841,4445,12064,7526,4549,2752,10876,6443,9264,9041,12631,2482,6892,3243,10901,7963,12388,5638,12664,10265,1723,7464,5919,9294,7550,4989,8571,3214,9246,10499,5217,10797,1214,4297,12000,1803,8664,10368,8610,3206,9661,7885,2114,10072,7785,10445,3072,3478,1264,2712,10654,8006,8857,4571,6991,5442,2390,5992,9973,7563,11721,1381,10687,9824,5189,11891,11133,4174,2040,10852,12444,4755,10876,1015,6640,2811,2506,12505,10937,10534,5778,1173,11531,12564,2162,8733,11130,8172,4306,9702,7155,3613,2228,10029,5454,9804,1149,3669,9789,1914,11182,6519,6043,7294,12023,11335,8525,8756,4538,5811,7420,6439,3982,12720,12233,7213,4380,9270,4694,10367,11231,11351,11962,2159,11371,12612,9400,8746,9340,7862,9208,5911,12042,6575,10059,6015,4790,4743,10245,9654,5662,10524,10740,10318,12470,10288,10790,3916,7362,8034 /tmp/1651691178042.txt 2 ./1651691146215.json ./1651691146210.json
AD REPEATABILITY OF ONE-SLOT METHOD : 160
2.2874

[One slot] ALLOCATING WITH RANDOM METHOD: 160
2.63664

[Multi slots] ALLOCATING WITH RANDOM METHOD: 160
AD REPEATABILITY OF RANDOM METHOD: 160
5.05855

allocated
{'VFS_one_method': [0], 'VFS_multi_method': [0], 'new_method': [160], 'oneslot_method': [52]}
adrepp
{'VFS_one_method': ['2.63664'], 'VFS_multi_method': ['5.05855'], 'new_method': ['3.6068'], 'oneslot_method': ['2.2874']}
revenue
{'VFS_one_method': [], 'VFS_multi_method': [], 'new_method': [], 'oneslot_method': []}
got patterns
sorted patterns
started allocation
Allocation accuracy: 180
total views sold: 1218904
Allocation accuracy new method: 180
0.0
got patterns
sorted patterns
started allocation
Allocation accuracy: 53
total views sold: 514369
Allocation accuracy new method: 53
('META_DATA_FILE_PATH', '/home/preetham_sathineni/adslot/web_page_meta_dict_adslots_1_dataset_kosaraktxt.pkl')
/tmp/1651691293742.txt
Allocation accuracy: 34
total views sold: 407109
('META_DATA_FILE_PATH', '/home/preetham_sathineni/adslot/web_page_meta_dict_adslots_2_dataset_kosaraktxt.pkl')
/tmp/1651691304018.txt
Allocation accuracy: 77
total views sold: 796452
###############     ARGUMENTS     ############
['plot_results.py', '../test1/kosarak_minfreq_0.005_maxcs_1_maxor_0.04/patterns.txt', '../CMineMR-Mapreduce-algorithm-to-extract-coverage-patterns-master/dataset/kosarak.txt', '180', '7000', '6000', '2']
##############################################
web_page_to_adv_json_file : ./1651691230329.json
allocated_adslots_file: ./1651691230333.json
python alloc_fresh.py ../test1/kosarak_minfreq_0.005_maxcs_1_maxor_0.04/patterns.txt /home/preetham_sathineni/adslot/web_page_meta_dict_adslots_2_dataset_kosaraktxt.pkl /home/preetham_sathineni/adslot/web_page_freq_sorted_adslots_2_dataset_kosaraktxt.pkl 1231,12416,5701,4290,5320,1673,1675,4018,4959,5068,3706,10794,10194,2114,12259,8908,6878,2191,4685,5967,2014,8388,11620,10362,1409,5375,1315,9958,7411,1814,1544,1836,7777,5835,12083,9200,11067,8753,2700,8970,6504,2358,2450,1587,8610,8506,2286,6688,5055,12533,11841,11489,10534,9157,12341,6503,5009,9054,8245,8399,3370,6194,9285,4752,3811,9369,7866,5394,9332,7147,8170,9930,3293,11521,4869,11779,2220,3121,7663,11933,12144,2705,7501,6223,8303,12640,9623,1673,5298,7970,12166,2543,8731,4487,4538,4180,9128,11329,4663,3194,8275,3414,3769,2154,10520,9054,8367,2339,1625,6877,10450,12095,3164,8852,12589,9133,3098,12201,2562,3506,5756,12562,8088,6748,6559,11759,2675,12419,10081,12905,8756,3405,8841,5687,9015,4682,4817,11678,7692,9297,4926,5009,5042,7854,2808,4520,1073,1771,3854,10709,3179,4100,8023,2612,5730,1211,2581,8931,8884,12636,9458,1172,5222,11418,10089,4952,8117,10954,12188,12666,6351,1952,3489,2062,2891,3983,1958,8537,12966,12875 /tmp/1651691230337.txt 2 ./1651691230333.json ./1651691230329.json
AD REPEATABILITY OF OUR NEW METHOD : 180
3.66612

ALLOCATING WITH OUR OLD METHOD: 180
python alloc_fresh.py ../test1/kosarak_minfreq_0.005_maxcs_1_maxor_0.04/patterns.txt /home/preetham_sathineni/adslot/web_page_meta_dict_adslots_1_dataset_kosaraktxt.pkl /home/preetham_sathineni/adslot/web_page_freq_sorted_adslots_1_dataset_kosaraktxt.pkl 1231,12416,5701,4290,5320,1673,1675,4018,4959,5068,3706,10794,10194,2114,12259,8908,6878,2191,4685,5967,2014,8388,11620,10362,1409,5375,1315,9958,7411,1814,1544,1836,7777,5835,12083,9200,11067,8753,2700,8970,6504,2358,2450,1587,8610,8506,2286,6688,5055,12533,11841,11489,10534,9157,12341,6503,5009,9054,8245,8399,3370,6194,9285,4752,3811,9369,7866,5394,9332,7147,8170,9930,3293,11521,4869,11779,2220,3121,7663,11933,12144,2705,7501,6223,8303,12640,9623,1673,5298,7970,12166,2543,8731,4487,4538,4180,9128,11329,4663,3194,8275,3414,3769,2154,10520,9054,8367,2339,1625,6877,10450,12095,3164,8852,12589,9133,3098,12201,2562,3506,5756,12562,8088,6748,6559,11759,2675,12419,10081,12905,8756,3405,8841,5687,9015,4682,4817,11678,7692,9297,4926,5009,5042,7854,2808,4520,1073,1771,3854,10709,3179,4100,8023,2612,5730,1211,2581,8931,8884,12636,9458,1172,5222,11418,10089,4952,8117,10954,12188,12666,6351,1952,3489,2062,2891,3983,1958,8537,12966,12875 /tmp/1651691266968.txt 2 ./1651691230333.json ./1651691230329.json
AD REPEATABILITY OF ONE-SLOT METHOD : 180
2.37356

[One slot] ALLOCATING WITH RANDOM METHOD: 180
2.53457

[Multi slots] ALLOCATING WITH RANDOM METHOD: 180
AD REPEATABILITY OF RANDOM METHOD: 180
4.98335

allocated
{'VFS_one_method': [0], 'VFS_multi_method': [0], 'new_method': [180], 'oneslot_method': [53]}
adrepp
{'VFS_one_method': ['2.53457'], 'VFS_multi_method': ['4.98335'], 'new_method': ['3.66612'], 'oneslot_method': ['2.37356']}
revenue
{'VFS_one_method': [], 'VFS_multi_method': [], 'new_method': [], 'oneslot_method': []}
got patterns
sorted patterns
started allocation
Allocation accuracy: 200
total views sold: 1485904
Allocation accuracy new method: 200
0.0
got patterns
sorted patterns
started allocation
Allocation accuracy: 56
total views sold: 513793
Allocation accuracy new method: 56
('META_DATA_FILE_PATH', '/home/preetham_sathineni/adslot/web_page_meta_dict_adslots_1_dataset_kosaraktxt.pkl')
/tmp/1651691393657.txt
Allocation accuracy: 33
total views sold: 402399
('META_DATA_FILE_PATH', '/home/preetham_sathineni/adslot/web_page_meta_dict_adslots_2_dataset_kosaraktxt.pkl')
/tmp/1651691404118.txt
Allocation accuracy: 70
total views sold: 785401
###############     ARGUMENTS     ############
['plot_results.py', '../test1/kosarak_minfreq_0.005_maxcs_1_maxor_0.04/patterns.txt', '../CMineMR-Mapreduce-algorithm-to-extract-coverage-patterns-master/dataset/kosarak.txt', '200', '7000', '6000', '2']
##############################################
web_page_to_adv_json_file : ./1651691324187.json
allocated_adslots_file: ./1651691324191.json
python alloc_fresh.py ../test1/kosarak_minfreq_0.005_maxcs_1_maxor_0.04/patterns.txt /home/preetham_sathineni/adslot/web_page_meta_dict_adslots_2_dataset_kosaraktxt.pkl /home/preetham_sathineni/adslot/web_page_freq_sorted_adslots_2_dataset_kosaraktxt.pkl 6981,8691,8173,4132,9371,11513,5225,4569,9731,10307,10939,3434,11111,11377,8744,7281,9420,9179,7699,11370,11617,3100,1780,2726,12072,11469,7731,3103,6261,6655,4160,11158,11982,10793,8196,3393,10870,2783,1186,12899,8451,1060,1380,10972,8564,5000,11260,9018,10777,3719,1670,7700,12809,8877,11014,1124,5612,11529,4667,2288,3196,6670,9083,3804,6623,12058,12759,9329,3546,8509,12441,7255,8948,11212,2222,12647,4076,2614,8881,8387,2825,1284,1225,7719,2440,10291,11741,4909,3712,7950,11623,9843,7412,7515,4801,7851,4641,5194,9303,6271,9790,11177,11090,1181,7958,7737,8750,5984,12955,3213,5770,9522,10173,8166,5220,7018,12405,11067,2585,10401,3075,12825,9043,1007,3909,12376,3767,6045,4558,1489,12693,4450,7156,8515,1849,8128,8308,12362,10426,7363,1762,3686,1307,3493,3578,10577,2117,3362,9255,9584,5431,5024,7331,4052,8889,8769,10390,11813,11216,6171,12953,12276,3708,5640,6630,7922,12211,1515,9273,3801,5753,6152,11835,9597,6400,10837,10878,8108,10022,4319,5754,5305,8120,12519,4886,11454,9140,5647,12270,12440,2348,7267,7744,1680,12412,9080,8135,10026,4358,12694 /tmp/1651691324195.txt 2 ./1651691324191.json ./1651691324187.json
AD REPEATABILITY OF OUR NEW METHOD : 200
5.53879

ALLOCATING WITH OUR OLD METHOD: 200
python alloc_fresh.py ../test1/kosarak_minfreq_0.005_maxcs_1_maxor_0.04/patterns.txt /home/preetham_sathineni/adslot/web_page_meta_dict_adslots_1_dataset_kosaraktxt.pkl /home/preetham_sathineni/adslot/web_page_freq_sorted_adslots_1_dataset_kosaraktxt.pkl 6981,8691,8173,4132,9371,11513,5225,4569,9731,10307,10939,3434,11111,11377,8744,7281,9420,9179,7699,11370,11617,3100,1780,2726,12072,11469,7731,3103,6261,6655,4160,11158,11982,10793,8196,3393,10870,2783,1186,12899,8451,1060,1380,10972,8564,5000,11260,9018,10777,3719,1670,7700,12809,8877,11014,1124,5612,11529,4667,2288,3196,6670,9083,3804,6623,12058,12759,9329,3546,8509,12441,7255,8948,11212,2222,12647,4076,2614,8881,8387,2825,1284,1225,7719,2440,10291,11741,4909,3712,7950,11623,9843,7412,7515,4801,7851,4641,5194,9303,6271,9790,11177,11090,1181,7958,7737,8750,5984,12955,3213,5770,9522,10173,8166,5220,7018,12405,11067,2585,10401,3075,12825,9043,1007,3909,12376,3767,6045,4558,1489,12693,4450,7156,8515,1849,8128,8308,12362,10426,7363,1762,3686,1307,3493,3578,10577,2117,3362,9255,9584,5431,5024,7331,4052,8889,8769,10390,11813,11216,6171,12953,12276,3708,5640,6630,7922,12211,1515,9273,3801,5753,6152,11835,9597,6400,10837,10878,8108,10022,4319,5754,5305,8120,12519,4886,11454,9140,5647,12270,12440,2348,7267,7744,1680,12412,9080,8135,10026,4358,12694 /tmp/1651691364341.txt 2 ./1651691324191.json ./1651691324187.json
AD REPEATABILITY OF ONE-SLOT METHOD : 200
2.41089

[One slot] ALLOCATING WITH RANDOM METHOD: 200
2.61669

[Multi slots] ALLOCATING WITH RANDOM METHOD: 200
AD REPEATABILITY OF RANDOM METHOD: 200
5.21329

allocated
{'VFS_one_method': [0], 'VFS_multi_method': [0], 'new_method': [200], 'oneslot_method': [56]}
adrepp
{'VFS_one_method': ['2.61669'], 'VFS_multi_method': ['5.21329'], 'new_method': ['5.53879'], 'oneslot_method': ['2.41089']}
revenue
{'VFS_one_method': [], 'VFS_multi_method': [], 'new_method': [], 'oneslot_method': []}
got patterns
sorted patterns
started allocation
Allocation accuracy: 220
total views sold: 1423010
Allocation accuracy new method: 220
0.0
got patterns
sorted patterns
started allocation
Allocation accuracy: 58
total views sold: 517380
Allocation accuracy new method: 58
('META_DATA_FILE_PATH', '/home/preetham_sathineni/adslot/web_page_meta_dict_adslots_1_dataset_kosaraktxt.pkl')
/tmp/1651691494398.txt
Allocation accuracy: 32
total views sold: 385015
('META_DATA_FILE_PATH', '/home/preetham_sathineni/adslot/web_page_meta_dict_adslots_2_dataset_kosaraktxt.pkl')
/tmp/1651691504724.txt
Allocation accuracy: 79
total views sold: 833631
###############     ARGUMENTS     ############
['plot_results.py', '../test1/kosarak_minfreq_0.005_maxcs_1_maxor_0.04/patterns.txt', '../CMineMR-Mapreduce-algorithm-to-extract-coverage-patterns-master/dataset/kosarak.txt', '220', '7000', '6000', '2']
##############################################
web_page_to_adv_json_file : ./1651691425130.json
allocated_adslots_file: ./1651691425134.json
python alloc_fresh.py ../test1/kosarak_minfreq_0.005_maxcs_1_maxor_0.04/patterns.txt /home/preetham_sathineni/adslot/web_page_meta_dict_adslots_2_dataset_kosaraktxt.pkl /home/preetham_sathineni/adslot/web_page_freq_sorted_adslots_2_dataset_kosaraktxt.pkl 8025,3460,12069,4703,11207,3453,4339,5213,1058,9688,8971,6033,8221,3293,10015,8450,12548,3894,3236,6939,1247,2357,6839,2833,2132,9717,1715,11330,9732,9311,1416,7340,6994,11889,2598,1512,8928,6222,2912,10790,1703,11803,7548,9833,11372,12999,9751,12407,4511,4310,11462,4648,10288,12089,3356,9228,1721,11876,10831,7171,7491,2938,6495,7330,11675,11983,2093,3002,11369,3530,7204,11800,1073,1634,7121,1808,3876,5437,5292,9559,10517,12037,4836,4798,4741,7099,1154,3525,5358,8136,1677,4163,1469,3528,2936,5188,2677,10711,9142,4971,8965,4999,8371,8422,2910,4386,11348,7242,7747,3304,3550,3372,12645,2552,6966,12805,5237,3268,6569,12194,4045,3749,10194,6581,5490,6330,4706,8355,6429,8594,3042,1568,3730,11732,8082,1025,12324,2196,7369,9202,4927,1836,1202,8088,7986,2892,2524,12085,1865,1783,5654,5348,11424,2142,6815,5310,12302,3924,10603,7883,1356,4381,1500,3121,7620,3634,4420,4288,1411,1137,1157,11149,10430,3766,9123,9427,11678,2901,9289,6257,1620,10639,7956,2758,6101,9226,6071,11564,7593,2134,5851,8325,3260,6808,1428,11915,5468,10666,9307,12624,12615,8076,10829,1387,9599,3881,7867,3947,5640,12605,12208,2989,6190,2338,8300,4873,1962,4680,11569,10999 /tmp/1651691425138.txt 2 ./1651691425134.json ./1651691425130.json
AD REPEATABILITY OF OUR NEW METHOD : 220
4.79556

ALLOCATING WITH OUR OLD METHOD: 220
python alloc_fresh.py ../test1/kosarak_minfreq_0.005_maxcs_1_maxor_0.04/patterns.txt /home/preetham_sathineni/adslot/web_page_meta_dict_adslots_1_dataset_kosaraktxt.pkl /home/preetham_sathineni/adslot/web_page_freq_sorted_adslots_1_dataset_kosaraktxt.pkl 8025,3460,12069,4703,11207,3453,4339,5213,1058,9688,8971,6033,8221,3293,10015,8450,12548,3894,3236,6939,1247,2357,6839,2833,2132,9717,1715,11330,9732,9311,1416,7340,6994,11889,2598,1512,8928,6222,2912,10790,1703,11803,7548,9833,11372,12999,9751,12407,4511,4310,11462,4648,10288,12089,3356,9228,1721,11876,10831,7171,7491,2938,6495,7330,11675,11983,2093,3002,11369,3530,7204,11800,1073,1634,7121,1808,3876,5437,5292,9559,10517,12037,4836,4798,4741,7099,1154,3525,5358,8136,1677,4163,1469,3528,2936,5188,2677,10711,9142,4971,8965,4999,8371,8422,2910,4386,11348,7242,7747,3304,3550,3372,12645,2552,6966,12805,5237,3268,6569,12194,4045,3749,10194,6581,5490,6330,4706,8355,6429,8594,3042,1568,3730,11732,8082,1025,12324,2196,7369,9202,4927,1836,1202,8088,7986,2892,2524,12085,1865,1783,5654,5348,11424,2142,6815,5310,12302,3924,10603,7883,1356,4381,1500,3121,7620,3634,4420,4288,1411,1137,1157,11149,10430,3766,9123,9427,11678,2901,9289,6257,1620,10639,7956,2758,6101,9226,6071,11564,7593,2134,5851,8325,3260,6808,1428,11915,5468,10666,9307,12624,12615,8076,10829,1387,9599,3881,7867,3947,5640,12605,12208,2989,6190,2338,8300,4873,1962,4680,11569,10999 /tmp/1651691466115.txt 2 ./1651691425134.json ./1651691425130.json
AD REPEATABILITY OF ONE-SLOT METHOD : 220
2.38522

[One slot] ALLOCATING WITH RANDOM METHOD: 220
2.62584

[Multi slots] ALLOCATING WITH RANDOM METHOD: 220
AD REPEATABILITY OF RANDOM METHOD: 220
4.87494

allocated
{'VFS_one_method': [0], 'VFS_multi_method': [0], 'new_method': [220], 'oneslot_method': [58]}
adrepp
{'VFS_one_method': ['2.62584'], 'VFS_multi_method': ['4.87494'], 'new_method': ['4.79556'], 'oneslot_method': ['2.38522']}
revenue
{'VFS_one_method': [], 'VFS_multi_method': [], 'new_method': [], 'oneslot_method': []}
got patterns
sorted patterns
started allocation
Allocation accuracy: 230
total views sold: 1647552
Allocation accuracy new method: 230
0.0
got patterns
sorted patterns
started allocation
Allocation accuracy: 57
total views sold: 509847
Allocation accuracy new method: 57
('META_DATA_FILE_PATH', '/home/preetham_sathineni/adslot/web_page_meta_dict_adslots_1_dataset_kosaraktxt.pkl')
/tmp/1651691601076.txt
Allocation accuracy: 32
total views sold: 390715
('META_DATA_FILE_PATH', '/home/preetham_sathineni/adslot/web_page_meta_dict_adslots_2_dataset_kosaraktxt.pkl')
/tmp/1651691611342.txt
Allocation accuracy: 69
total views sold: 784398
###############     ARGUMENTS     ############
['plot_results.py', '../test1/kosarak_minfreq_0.005_maxcs_1_maxor_0.04/patterns.txt', '../CMineMR-Mapreduce-algorithm-to-extract-coverage-patterns-master/dataset/kosarak.txt', '240', '7000', '6000', '2']
##############################################
web_page_to_adv_json_file : ./1651691524677.json
allocated_adslots_file: ./1651691524681.json
python alloc_fresh.py ../test1/kosarak_minfreq_0.005_maxcs_1_maxor_0.04/patterns.txt /home/preetham_sathineni/adslot/web_page_meta_dict_adslots_2_dataset_kosaraktxt.pkl /home/preetham_sathineni/adslot/web_page_freq_sorted_adslots_2_dataset_kosaraktxt.pkl 11829,3693,6743,6246,10624,11524,9750,11360,9315,3564,1331,12450,8222,1944,9301,5891,8875,11640,12585,9122,4500,6575,8585,10651,10521,2980,6877,5104,11210,10721,5445,3898,9984,5581,7906,8079,10762,8357,8232,2154,4216,1374,10858,1635,11926,10868,11343,8414,11508,10661,3182,2699,5523,1858,10035,12349,2784,7890,2481,6064,9239,4355,11006,7242,3983,8722,11129,3609,10332,10640,12134,3297,3444,8332,12525,1614,7542,4522,3449,2569,1380,1337,9165,8241,12764,5702,7896,12892,11862,10784,10396,1140,10248,8103,3338,8306,5815,8667,12542,10493,1589,12054,9680,12980,12198,11305,1477,5755,4220,4989,3048,1705,3537,1420,12668,3383,3072,12164,2106,8188,8158,3933,8946,9272,3848,1176,12270,10985,8772,2204,1216,8139,4748,5207,7956,8398,4554,8258,6040,8520,4039,8045,1008,3701,6220,5052,10997,12198,5049,2329,4816,10799,6327,7964,11413,5637,3346,7174,2459,12127,10189,1946,1370,11151,6859,5584,3352,6657,5620,2238,11851,11003,2060,4981,11444,9696,1193,6421,5418,6561,10122,8630,8407,1596,9673,9111,5464,3080,6448,5538,7288,8988,9422,2594,2238,3888,4137,3116,11094,10248,3136,12494,7187,6841,5977,8387,5973,3978,3575,2737,7681,3370,3113,1999,4274,1415,4777,12135,2847,2336,12910,1172,8248,1054,2454,12675,10385,7128,10957,10528,3740,9848,12742,5543,2410,12378,6930,4048,11484,9446 /tmp/1651691524684.txt 2 ./1651691524681.json ./1651691524677.json
AD REPEATABILITY OF OUR NEW METHOD : 240
6.23221

ALLOCATING WITH OUR OLD METHOD: 240
python alloc_fresh.py ../test1/kosarak_minfreq_0.005_maxcs_1_maxor_0.04/patterns.txt /home/preetham_sathineni/adslot/web_page_meta_dict_adslots_1_dataset_kosaraktxt.pkl /home/preetham_sathineni/adslot/web_page_freq_sorted_adslots_1_dataset_kosaraktxt.pkl 11829,3693,6743,6246,10624,11524,9750,11360,9315,3564,1331,12450,8222,1944,9301,5891,8875,11640,12585,9122,4500,6575,8585,10651,10521,2980,6877,5104,11210,10721,5445,3898,9984,5581,7906,8079,10762,8357,8232,2154,4216,1374,10858,1635,11926,10868,11343,8414,11508,10661,3182,2699,5523,1858,10035,12349,2784,7890,2481,6064,9239,4355,11006,7242,3983,8722,11129,3609,10332,10640,12134,3297,3444,8332,12525,1614,7542,4522,3449,2569,1380,1337,9165,8241,12764,5702,7896,12892,11862,10784,10396,1140,10248,8103,3338,8306,5815,8667,12542,10493,1589,12054,9680,12980,12198,11305,1477,5755,4220,4989,3048,1705,3537,1420,12668,3383,3072,12164,2106,8188,8158,3933,8946,9272,3848,1176,12270,10985,8772,2204,1216,8139,4748,5207,7956,8398,4554,8258,6040,8520,4039,8045,1008,3701,6220,5052,10997,12198,5049,2329,4816,10799,6327,7964,11413,5637,3346,7174,2459,12127,10189,1946,1370,11151,6859,5584,3352,6657,5620,2238,11851,11003,2060,4981,11444,9696,1193,6421,5418,6561,10122,8630,8407,1596,9673,9111,5464,3080,6448,5538,7288,8988,9422,2594,2238,3888,4137,3116,11094,10248,3136,12494,7187,6841,5977,8387,5973,3978,3575,2737,7681,3370,3113,1999,4274,1415,4777,12135,2847,2336,12910,1172,8248,1054,2454,12675,10385,7128,10957,10528,3740,9848,12742,5543,2410,12378,6930,4048,11484,9446 /tmp/1651691565849.txt 2 ./1651691524681.json ./1651691524677.json
AD REPEATABILITY OF ONE-SLOT METHOD : 240
2.40481

[One slot] ALLOCATING WITH RANDOM METHOD: 240
2.6333

[Multi slots] ALLOCATING WITH RANDOM METHOD: 240
AD REPEATABILITY OF RANDOM METHOD: 240
5.18742

allocated
{'VFS_one_method': [0], 'VFS_multi_method': [0], 'new_method': [230], 'oneslot_method': [57]}
adrepp
{'VFS_one_method': ['2.6333'], 'VFS_multi_method': ['5.18742'], 'new_method': ['6.23221'], 'oneslot_method': ['2.40481']}
revenue
{'VFS_one_method': [], 'VFS_multi_method': [], 'new_method': [], 'oneslot_method': []}
got patterns
sorted patterns
started allocation
Allocation accuracy: 209
total views sold: 1617276
Allocation accuracy new method: 209
0.0
got patterns
sorted patterns
started allocation
Allocation accuracy: 58
total views sold: 521898
Allocation accuracy new method: 58
('META_DATA_FILE_PATH', '/home/preetham_sathineni/adslot/web_page_meta_dict_adslots_1_dataset_kosaraktxt.pkl')
/tmp/1651691705997.txt
Allocation accuracy: 34
total views sold: 397632
('META_DATA_FILE_PATH', '/home/preetham_sathineni/adslot/web_page_meta_dict_adslots_2_dataset_kosaraktxt.pkl')
/tmp/1651691716037.txt
Allocation accuracy: 74
total views sold: 792837
###############     ARGUMENTS     ############
['plot_results.py', '../test1/kosarak_minfreq_0.005_maxcs_1_maxor_0.04/patterns.txt', '../CMineMR-Mapreduce-algorithm-to-extract-coverage-patterns-master/dataset/kosarak.txt', '260', '7000', '6000', '2']
##############################################
web_page_to_adv_json_file : ./1651691632288.json
allocated_adslots_file: ./1651691632293.json
python alloc_fresh.py ../test1/kosarak_minfreq_0.005_maxcs_1_maxor_0.04/patterns.txt /home/preetham_sathineni/adslot/web_page_meta_dict_adslots_2_dataset_kosaraktxt.pkl /home/preetham_sathineni/adslot/web_page_freq_sorted_adslots_2_dataset_kosaraktxt.pkl 9349,12877,10319,4337,9866,1449,10085,1470,1547,7660,8216,7534,11358,12098,11793,10397,3196,11173,6537,9067,3484,8668,4807,12252,6236,11993,7485,5552,5016,5094,6118,4874,5531,4771,8250,8704,5405,8919,11473,10409,9186,9493,10326,9787,10299,3094,2827,3783,11740,2202,5248,3627,12492,12448,1107,8221,10359,7034,10486,2485,5631,8575,11403,5386,9569,10242,5903,12603,2053,7124,3160,1938,10245,8234,4581,9179,3397,2663,1740,2235,3430,3644,11696,2473,3101,10629,7895,1105,7255,7006,3476,8156,5547,3832,10139,10442,6009,4336,4604,7010,5062,6722,3624,7049,1484,1695,8869,1329,3989,5689,8288,5288,4813,2008,6916,1279,5832,3031,5168,9591,12935,3057,7426,8132,9174,12731,12576,6007,3542,11197,8712,8274,1387,5536,2263,2209,7141,9549,6432,8741,1061,3726,5416,4633,5524,3099,2810,3179,9354,9959,1082,4429,1650,8013,9976,4898,8940,4127,7518,5701,5937,7620,6845,9283,8146,9454,7744,12571,1974,2476,9117,6206,7836,4916,6354,8080,8025,12516,7719,6319,3105,5233,3450,4087,1149,10461,4565,5353,3383,10450,5989,11083,10106,8606,2256,10525,4624,4114,10026,1817,6196,10672,10844,5915,4993,9096,9731,5959,3992,5766,8829,9108,8230,4678,1480,7135,10371,8150,11072,6430,9953,3433,9764,5291,10340,3637,6656,10633,2077,6950,7911,4545,12763,7407,1592,1186,5950,10592,10900,12116,1794,5153,8437,1417,7934,3966,7752,8124,7338,7125,8733,1383,12401,8641,1434,10788,6791,10165,10689,3980 /tmp/1651691632296.txt 2 ./1651691632293.json ./1651691632288.json
AD REPEATABILITY OF OUR NEW METHOD : 260
5.97151

ALLOCATING WITH OUR OLD METHOD: 260
python alloc_fresh.py ../test1/kosarak_minfreq_0.005_maxcs_1_maxor_0.04/patterns.txt /home/preetham_sathineni/adslot/web_page_meta_dict_adslots_1_dataset_kosaraktxt.pkl /home/preetham_sathineni/adslot/web_page_freq_sorted_adslots_1_dataset_kosaraktxt.pkl 9349,12877,10319,4337,9866,1449,10085,1470,1547,7660,8216,7534,11358,12098,11793,10397,3196,11173,6537,9067,3484,8668,4807,12252,6236,11993,7485,5552,5016,5094,6118,4874,5531,4771,8250,8704,5405,8919,11473,10409,9186,9493,10326,9787,10299,3094,2827,3783,11740,2202,5248,3627,12492,12448,1107,8221,10359,7034,10486,2485,5631,8575,11403,5386,9569,10242,5903,12603,2053,7124,3160,1938,10245,8234,4581,9179,3397,2663,1740,2235,3430,3644,11696,2473,3101,10629,7895,1105,7255,7006,3476,8156,5547,3832,10139,10442,6009,4336,4604,7010,5062,6722,3624,7049,1484,1695,8869,1329,3989,5689,8288,5288,4813,2008,6916,1279,5832,3031,5168,9591,12935,3057,7426,8132,9174,12731,12576,6007,3542,11197,8712,8274,1387,5536,2263,2209,7141,9549,6432,8741,1061,3726,5416,4633,5524,3099,2810,3179,9354,9959,1082,4429,1650,8013,9976,4898,8940,4127,7518,5701,5937,7620,6845,9283,8146,9454,7744,12571,1974,2476,9117,6206,7836,4916,6354,8080,8025,12516,7719,6319,3105,5233,3450,4087,1149,10461,4565,5353,3383,10450,5989,11083,10106,8606,2256,10525,4624,4114,10026,1817,6196,10672,10844,5915,4993,9096,9731,5959,3992,5766,8829,9108,8230,4678,1480,7135,10371,8150,11072,6430,9953,3433,9764,5291,10340,3637,6656,10633,2077,6950,7911,4545,12763,7407,1592,1186,5950,10592,10900,12116,1794,5153,8437,1417,7934,3966,7752,8124,7338,7125,8733,1383,12401,8641,1434,10788,6791,10165,10689,3980 /tmp/1651691672492.txt 2 ./1651691632293.json ./1651691632288.json
AD REPEATABILITY OF ONE-SLOT METHOD : 260
2.31196

[One slot] ALLOCATING WITH RANDOM METHOD: 260
2.58552

[Multi slots] ALLOCATING WITH RANDOM METHOD: 260
AD REPEATABILITY OF RANDOM METHOD: 260
5.11962

allocated
{'VFS_one_method': [0], 'VFS_multi_method': [0], 'new_method': [209], 'oneslot_method': [58]}
adrepp
{'VFS_one_method': ['2.58552'], 'VFS_multi_method': ['5.11962'], 'new_method': ['5.97151'], 'oneslot_method': ['2.31196']}
revenue
{'VFS_one_method': [], 'VFS_multi_method': [], 'new_method': [], 'oneslot_method': []}
got patterns
sorted patterns
started allocation
Allocation accuracy: 132
total views sold: 1340072
Allocation accuracy new method: 132
0.0
got patterns
sorted patterns
started allocation
Allocation accuracy: 56
total views sold: 505045
Allocation accuracy new method: 56
('META_DATA_FILE_PATH', '/home/preetham_sathineni/adslot/web_page_meta_dict_adslots_1_dataset_kosaraktxt.pkl')
/tmp/1651691811400.txt
Allocation accuracy: 31
total views sold: 388994
('META_DATA_FILE_PATH', '/home/preetham_sathineni/adslot/web_page_meta_dict_adslots_2_dataset_kosaraktxt.pkl')
/tmp/1651691822072.txt
Allocation accuracy: 68
total views sold: 796716
###############     ARGUMENTS     ############
['plot_results.py', '../test1/kosarak_minfreq_0.005_maxcs_1_maxor_0.04/patterns.txt', '../CMineMR-Mapreduce-algorithm-to-extract-coverage-patterns-master/dataset/kosarak.txt', '280', '7000', '6000', '2']
##############################################
web_page_to_adv_json_file : ./1651691736389.json
allocated_adslots_file: ./1651691736393.json
python alloc_fresh.py ../test1/kosarak_minfreq_0.005_maxcs_1_maxor_0.04/patterns.txt /home/preetham_sathineni/adslot/web_page_meta_dict_adslots_2_dataset_kosaraktxt.pkl /home/preetham_sathineni/adslot/web_page_freq_sorted_adslots_2_dataset_kosaraktxt.pkl 12890,12781,3364,6563,5516,12166,6203,8123,1756,12756,2351,9778,4423,3279,1090,7620,12617,4714,11203,3484,10845,5976,11413,7454,6959,3085,5035,10323,6517,11208,4838,10648,3885,11164,1279,6158,9917,1842,6975,3860,4944,1287,5247,10942,4519,4930,6433,12229,9055,8831,9214,9829,12659,9718,6796,12808,2850,2413,3383,1772,7741,1734,8498,9684,9146,6790,2029,6254,1758,7467,2886,10168,7156,12662,7350,7422,6483,3055,9322,1318,1792,9823,6946,8896,1408,5457,2803,2457,4492,5637,8916,5551,8231,9709,11555,4848,11649,4958,9776,10718,10109,9005,5103,9010,8925,7408,3345,4324,12373,4052,9193,11272,12903,1513,9651,7148,9154,8079,6306,9472,9233,1089,3543,12125,7695,5751,6951,2841,8870,12225,4098,8492,12330,12680,11732,5506,12677,4256,1963,10312,6679,4085,4843,2543,3847,3553,10973,1946,12614,5414,6218,3213,9657,6599,12000,8819,5573,2001,12837,9362,9344,3324,11012,8372,8426,9234,11455,6996,11052,3247,10099,1834,4306,12724,1641,10000,1217,12902,5011,12604,1077,3924,10109,7424,10701,12411,11163,10645,9482,4970,3295,8152,9134,12605,8817,1364,9477,12160,8671,3964,10973,11816,3242,3229,3358,11872,1402,6568,11885,2549,7046,12067,5309,9101,12635,9625,7795,7654,9797,9019,10282,5877,10303,1488,5925,3563,3478,8778,1586,6276,3813,3485,1270,1317,9986,2425,2790,10009,4292,7005,5469,10746,8303,8821,1497,9004,11851,4972,11983,4271,8875,2854,6770,5028,11283,9059,8976,2730,12362,5635,8634,1517,7058,7051,2112,3962,12479,12661,6465,5661,12226,3130,6389,4584,10258,3439,8257,2762,5222,12826 /tmp/1651691736396.txt 2 ./1651691736393.json ./1651691736389.json
AD REPEATABILITY OF OUR NEW METHOD : 280
6.44673

ALLOCATING WITH OUR OLD METHOD: 280
python alloc_fresh.py ../test1/kosarak_minfreq_0.005_maxcs_1_maxor_0.04/patterns.txt /home/preetham_sathineni/adslot/web_page_meta_dict_adslots_1_dataset_kosaraktxt.pkl /home/preetham_sathineni/adslot/web_page_freq_sorted_adslots_1_dataset_kosaraktxt.pkl 12890,12781,3364,6563,5516,12166,6203,8123,1756,12756,2351,9778,4423,3279,1090,7620,12617,4714,11203,3484,10845,5976,11413,7454,6959,3085,5035,10323,6517,11208,4838,10648,3885,11164,1279,6158,9917,1842,6975,3860,4944,1287,5247,10942,4519,4930,6433,12229,9055,8831,9214,9829,12659,9718,6796,12808,2850,2413,3383,1772,7741,1734,8498,9684,9146,6790,2029,6254,1758,7467,2886,10168,7156,12662,7350,7422,6483,3055,9322,1318,1792,9823,6946,8896,1408,5457,2803,2457,4492,5637,8916,5551,8231,9709,11555,4848,11649,4958,9776,10718,10109,9005,5103,9010,8925,7408,3345,4324,12373,4052,9193,11272,12903,1513,9651,7148,9154,8079,6306,9472,9233,1089,3543,12125,7695,5751,6951,2841,8870,12225,4098,8492,12330,12680,11732,5506,12677,4256,1963,10312,6679,4085,4843,2543,3847,3553,10973,1946,12614,5414,6218,3213,9657,6599,12000,8819,5573,2001,12837,9362,9344,3324,11012,8372,8426,9234,11455,6996,11052,3247,10099,1834,4306,12724,1641,10000,1217,12902,5011,12604,1077,3924,10109,7424,10701,12411,11163,10645,9482,4970,3295,8152,9134,12605,8817,1364,9477,12160,8671,3964,10973,11816,3242,3229,3358,11872,1402,6568,11885,2549,7046,12067,5309,9101,12635,9625,7795,7654,9797,9019,10282,5877,10303,1488,5925,3563,3478,8778,1586,6276,3813,3485,1270,1317,9986,2425,2790,10009,4292,7005,5469,10746,8303,8821,1497,9004,11851,4972,11983,4271,8875,2854,6770,5028,11283,9059,8976,2730,12362,5635,8634,1517,7058,7051,2112,3962,12479,12661,6465,5661,12226,3130,6389,4584,10258,3439,8257,2762,5222,12826 /tmp/1651691785045.txt 2 ./1651691736393.json ./1651691736389.json
AD REPEATABILITY OF ONE-SLOT METHOD : 280
2.48584

[One slot] ALLOCATING WITH RANDOM METHOD: 280
2.69819

[Multi slots] ALLOCATING WITH RANDOM METHOD: 280
AD REPEATABILITY OF RANDOM METHOD: 280
5.2755

allocated
{'VFS_one_method': [0], 'VFS_multi_method': [0], 'new_method': [132], 'oneslot_method': [56]}
adrepp
{'VFS_one_method': ['2.69819'], 'VFS_multi_method': ['5.2755'], 'new_method': ['6.44673'], 'oneslot_method': ['2.48584']}
revenue
{'VFS_one_method': [], 'VFS_multi_method': [], 'new_method': [], 'oneslot_method': []}
got patterns
sorted patterns
started allocation
Allocation accuracy: 161
total views sold: 1477501
Allocation accuracy new method: 161
0.0
got patterns
sorted patterns
started allocation
Allocation accuracy: 54
total views sold: 501285
Allocation accuracy new method: 54
('META_DATA_FILE_PATH', '/home/preetham_sathineni/adslot/web_page_meta_dict_adslots_1_dataset_kosaraktxt.pkl')
/tmp/1651691927721.txt
Allocation accuracy: 31
total views sold: 384535
('META_DATA_FILE_PATH', '/home/preetham_sathineni/adslot/web_page_meta_dict_adslots_2_dataset_kosaraktxt.pkl')
/tmp/1651691938245.txt
Allocation accuracy: 65
total views sold: 767902
###############     ARGUMENTS     ############
['plot_results.py', '../test1/kosarak_minfreq_0.005_maxcs_1_maxor_0.04/patterns.txt', '../CMineMR-Mapreduce-algorithm-to-extract-coverage-patterns-master/dataset/kosarak.txt', '300', '7000', '6000', '2']
##############################################
web_page_to_adv_json_file : ./1651691843516.json
allocated_adslots_file: ./1651691843520.json
python alloc_fresh.py ../test1/kosarak_minfreq_0.005_maxcs_1_maxor_0.04/patterns.txt /home/preetham_sathineni/adslot/web_page_meta_dict_adslots_2_dataset_kosaraktxt.pkl /home/preetham_sathineni/adslot/web_page_freq_sorted_adslots_2_dataset_kosaraktxt.pkl 6020,7944,9466,8842,12735,8359,12679,12017,11685,3548,7779,5851,10293,6684,3974,4728,12143,7847,3901,5860,12620,12725,12011,4918,5579,12264,11994,6740,11650,4670,9200,10855,10955,1483,3450,9239,1048,2412,12992,7595,1480,11638,4311,11030,11426,4605,8684,12622,5344,1238,1282,12059,2515,6534,2529,3584,4309,1832,9943,3887,8235,5727,8510,2195,9640,4825,8163,5459,2290,7007,9622,3608,6644,1958,10175,7794,8346,12191,8510,11835,5965,11162,10446,8655,4753,4971,5017,1196,1760,2734,4299,12310,12795,5304,5796,4407,6316,5452,2250,12620,1976,1463,2112,6147,1659,4479,6769,5437,4843,10798,2052,9723,3686,7601,12416,10791,9718,6026,4129,7039,8577,2263,2306,9898,11265,6657,1489,2423,4456,3477,3108,11863,10915,3302,12975,11680,3454,12277,8848,9148,7255,8193,12238,4051,10490,8699,5613,3549,8891,7048,6699,10131,7159,7295,6369,4277,12037,11713,5612,1454,10913,3477,12890,5246,1884,5589,3049,5648,8686,11829,11789,4916,1829,12446,7102,1229,5454,4223,7033,2115,1801,11710,10222,2919,2717,6345,3230,10851,6315,3105,6283,9771,4542,7233,9186,9708,11731,6399,5902,10673,4969,6354,11073,7960,6323,5803,11137,7085,8571,11532,5731,8310,4791,2049,1823,7174,8336,5173,2749,9755,7832,11967,8123,9186,4230,11848,10277,6821,11772,10187,8293,6435,6738,5839,1700,5697,4637,8403,2748,6271,10978,7129,4539,7185,4330,9802,8506,5784,8159,9305,12395,6744,7782,6001,3541,1859,7802,12447,8340,7683,1707,10806,2222,12284,8063,7142,2059,9110,1473,9641,11431,8147,12308,8860,3632,5737,6782,2924,1622,5576,5027,8438,7673,1271,6967,3749,6970,9099,8114,11533,4273,9660,2710,11427,12312,12903,5262,9978,1589,9889 /tmp/1651691843524.txt 2 ./1651691843520.json ./1651691843516.json
AD REPEATABILITY OF OUR NEW METHOD : 300
6.56522

ALLOCATING WITH OUR OLD METHOD: 300
python alloc_fresh.py ../test1/kosarak_minfreq_0.005_maxcs_1_maxor_0.04/patterns.txt /home/preetham_sathineni/adslot/web_page_meta_dict_adslots_1_dataset_kosaraktxt.pkl /home/preetham_sathineni/adslot/web_page_freq_sorted_adslots_1_dataset_kosaraktxt.pkl 6020,7944,9466,8842,12735,8359,12679,12017,11685,3548,7779,5851,10293,6684,3974,4728,12143,7847,3901,5860,12620,12725,12011,4918,5579,12264,11994,6740,11650,4670,9200,10855,10955,1483,3450,9239,1048,2412,12992,7595,1480,11638,4311,11030,11426,4605,8684,12622,5344,1238,1282,12059,2515,6534,2529,3584,4309,1832,9943,3887,8235,5727,8510,2195,9640,4825,8163,5459,2290,7007,9622,3608,6644,1958,10175,7794,8346,12191,8510,11835,5965,11162,10446,8655,4753,4971,5017,1196,1760,2734,4299,12310,12795,5304,5796,4407,6316,5452,2250,12620,1976,1463,2112,6147,1659,4479,6769,5437,4843,10798,2052,9723,3686,7601,12416,10791,9718,6026,4129,7039,8577,2263,2306,9898,11265,6657,1489,2423,4456,3477,3108,11863,10915,3302,12975,11680,3454,12277,8848,9148,7255,8193,12238,4051,10490,8699,5613,3549,8891,7048,6699,10131,7159,7295,6369,4277,12037,11713,5612,1454,10913,3477,12890,5246,1884,5589,3049,5648,8686,11829,11789,4916,1829,12446,7102,1229,5454,4223,7033,2115,1801,11710,10222,2919,2717,6345,3230,10851,6315,3105,6283,9771,4542,7233,9186,9708,11731,6399,5902,10673,4969,6354,11073,7960,6323,5803,11137,7085,8571,11532,5731,8310,4791,2049,1823,7174,8336,5173,2749,9755,7832,11967,8123,9186,4230,11848,10277,6821,11772,10187,8293,6435,6738,5839,1700,5697,4637,8403,2748,6271,10978,7129,4539,7185,4330,9802,8506,5784,8159,9305,12395,6744,7782,6001,3541,1859,7802,12447,8340,7683,1707,10806,2222,12284,8063,7142,2059,9110,1473,9641,11431,8147,12308,8860,3632,5737,6782,2924,1622,5576,5027,8438,7673,1271,6967,3749,6970,9099,8114,11533,4273,9660,2710,11427,12312,12903,5262,9978,1589,9889 /tmp/1651691892638.txt 2 ./1651691843520.json ./1651691843516.json
AD REPEATABILITY OF ONE-SLOT METHOD : 300
2.4086

[One slot] ALLOCATING WITH RANDOM METHOD: 300
2.70768

[Multi slots] ALLOCATING WITH RANDOM METHOD: 300
AD REPEATABILITY OF RANDOM METHOD: 300
5.34981

allocated
{'VFS_one_method': [0], 'VFS_multi_method': [0], 'new_method': [161], 'oneslot_method': [54]}
adrepp
{'VFS_one_method': ['2.70768'], 'VFS_multi_method': ['5.34981'], 'new_method': ['6.56522'], 'oneslot_method': ['2.4086']}
revenue
{'VFS_one_method': [], 'VFS_multi_method': [], 'new_method': [], 'oneslot_method': []}
got patterns
sorted patterns
started allocation
Allocation accuracy: 135
total views sold: 1334938
Allocation accuracy new method: 135
0.0
got patterns
sorted patterns
started allocation
Allocation accuracy: 57
total views sold: 503736
Allocation accuracy new method: 57
('META_DATA_FILE_PATH', '/home/preetham_sathineni/adslot/web_page_meta_dict_adslots_1_dataset_kosaraktxt.pkl')
/tmp/1651692036317.txt
Allocation accuracy: 30
total views sold: 375593
('META_DATA_FILE_PATH', '/home/preetham_sathineni/adslot/web_page_meta_dict_adslots_2_dataset_kosaraktxt.pkl')
/tmp/1651692046940.txt
Allocation accuracy: 65
total views sold: 777250
###############     ARGUMENTS     ############
['plot_results.py', '../test1/kosarak_minfreq_0.005_maxcs_1_maxor_0.04/patterns.txt', '../CMineMR-Mapreduce-algorithm-to-extract-coverage-patterns-master/dataset/kosarak.txt', '320', '7000', '6000', '2']
##############################################
web_page_to_adv_json_file : ./1651691959816.json
allocated_adslots_file: ./1651691959820.json
python alloc_fresh.py ../test1/kosarak_minfreq_0.005_maxcs_1_maxor_0.04/patterns.txt /home/preetham_sathineni/adslot/web_page_meta_dict_adslots_2_dataset_kosaraktxt.pkl /home/preetham_sathineni/adslot/web_page_freq_sorted_adslots_2_dataset_kosaraktxt.pkl 1181,10035,9554,1540,1778,6754,9692,7982,11844,6280,12251,9350,8952,8510,11990,7192,10066,8060,12445,7414,7335,7673,6388,3469,10191,6523,3919,4941,3804,12582,7643,12796,9481,4688,10524,7072,11726,7719,1041,12751,7103,10750,12275,6311,10862,1067,6471,4526,3194,11920,5428,11502,2957,7200,7588,9586,5415,8253,4702,12424,9146,3364,12067,6950,8320,10558,1800,8958,9374,4533,12193,3175,12631,4536,6466,3231,8973,8195,11753,11797,1966,3206,2822,10575,9083,4839,6914,9004,10643,4459,5626,3937,3154,7191,3892,6853,9442,4290,11369,3601,1082,12459,10570,8397,6027,4059,11250,7664,1183,8721,10060,3015,8342,3381,12528,8456,2610,4534,9856,5291,6028,9506,7210,10623,6904,11065,10112,4096,10936,12945,11194,8271,10513,8976,11645,3819,7690,11594,10894,1159,2449,3477,10513,2256,5125,4609,4627,5146,10926,8326,1436,11093,7846,4149,12237,4285,9289,1317,3000,10504,1349,11725,11390,5864,1989,8698,12046,12459,5565,5693,5747,4524,6168,9401,3521,4803,6111,11300,9778,4876,10442,11832,3827,9884,11455,8797,5433,2342,12951,12779,10244,10576,9149,4586,12386,9267,5367,10258,6209,5605,4559,2472,4728,5223,1475,5694,1205,9956,12519,12215,10414,4924,10791,11024,1342,3426,10990,10445,11671,7654,11425,11241,4666,1881,5949,8303,8057,2479,11042,9161,10630,2155,12715,11550,10232,11716,9766,6111,2068,3789,3705,10163,4172,12069,4907,1516,2581,5501,3093,11982,3258,3897,4593,4052,10164,4658,1809,8293,5848,11279,7825,8528,12975,1767,12652,3952,2014,9109,2070,9350,8693,5666,10812,9305,10255,10131,10947,4257,9534,7347,11929,1938,12841,9899,10550,10851,11587,5580,6732,9046,7098,2135,10083,6405,2087,12427,4193,10318,6314,5235,3383,8142,7839,5798,9805,8229,3058,5042,7012,10672,12875,11685,12844,11209,6357,10047,12256,10307,10654,7799 /tmp/1651691959824.txt 2 ./1651691959820.json ./1651691959816.json
AD REPEATABILITY OF OUR NEW METHOD : 320
6.6523

ALLOCATING WITH OUR OLD METHOD: 320
python alloc_fresh.py ../test1/kosarak_minfreq_0.005_maxcs_1_maxor_0.04/patterns.txt /home/preetham_sathineni/adslot/web_page_meta_dict_adslots_1_dataset_kosaraktxt.pkl /home/preetham_sathineni/adslot/web_page_freq_sorted_adslots_1_dataset_kosaraktxt.pkl 1181,10035,9554,1540,1778,6754,9692,7982,11844,6280,12251,9350,8952,8510,11990,7192,10066,8060,12445,7414,7335,7673,6388,3469,10191,6523,3919,4941,3804,12582,7643,12796,9481,4688,10524,7072,11726,7719,1041,12751,7103,10750,12275,6311,10862,1067,6471,4526,3194,11920,5428,11502,2957,7200,7588,9586,5415,8253,4702,12424,9146,3364,12067,6950,8320,10558,1800,8958,9374,4533,12193,3175,12631,4536,6466,3231,8973,8195,11753,11797,1966,3206,2822,10575,9083,4839,6914,9004,10643,4459,5626,3937,3154,7191,3892,6853,9442,4290,11369,3601,1082,12459,10570,8397,6027,4059,11250,7664,1183,8721,10060,3015,8342,3381,12528,8456,2610,4534,9856,5291,6028,9506,7210,10623,6904,11065,10112,4096,10936,12945,11194,8271,10513,8976,11645,3819,7690,11594,10894,1159,2449,3477,10513,2256,5125,4609,4627,5146,10926,8326,1436,11093,7846,4149,12237,4285,9289,1317,3000,10504,1349,11725,11390,5864,1989,8698,12046,12459,5565,5693,5747,4524,6168,9401,3521,4803,6111,11300,9778,4876,10442,11832,3827,9884,11455,8797,5433,2342,12951,12779,10244,10576,9149,4586,12386,9267,5367,10258,6209,5605,4559,2472,4728,5223,1475,5694,1205,9956,12519,12215,10414,4924,10791,11024,1342,3426,10990,10445,11671,7654,11425,11241,4666,1881,5949,8303,8057,2479,11042,9161,10630,2155,12715,11550,10232,11716,9766,6111,2068,3789,3705,10163,4172,12069,4907,1516,2581,5501,3093,11982,3258,3897,4593,4052,10164,4658,1809,8293,5848,11279,7825,8528,12975,1767,12652,3952,2014,9109,2070,9350,8693,5666,10812,9305,10255,10131,10947,4257,9534,7347,11929,1938,12841,9899,10550,10851,11587,5580,6732,9046,7098,2135,10083,6405,2087,12427,4193,10318,6314,5235,3383,8142,7839,5798,9805,8229,3058,5042,7012,10672,12875,11685,12844,11209,6357,10047,12256,10307,10654,7799 /tmp/1651692013544.txt 2 ./1651691959820.json ./1651691959816.json
AD REPEATABILITY OF ONE-SLOT METHOD : 320
2.40277

[One slot] ALLOCATING WITH RANDOM METHOD: 320
2.76088

[Multi slots] ALLOCATING WITH RANDOM METHOD: 320
AD REPEATABILITY OF RANDOM METHOD: 320
5.35932

allocated
{'VFS_one_method': [0], 'VFS_multi_method': [0], 'new_method': [135], 'oneslot_method': [57]}
adrepp
{'VFS_one_method': ['2.76088'], 'VFS_multi_method': ['5.35932'], 'new_method': ['6.6523'], 'oneslot_method': ['2.40277']}
revenue
{'VFS_one_method': [], 'VFS_multi_method': [], 'new_method': [], 'oneslot_method': []}
got patterns
sorted patterns
started allocation
Allocation accuracy: 143
total views sold: 1450539
Allocation accuracy new method: 143
0.0
got patterns
sorted patterns
started allocation
Allocation accuracy: 51
total views sold: 501292
Allocation accuracy new method: 51
('META_DATA_FILE_PATH', '/home/preetham_sathineni/adslot/web_page_meta_dict_adslots_1_dataset_kosaraktxt.pkl')
/tmp/1651692155079.txt
Allocation accuracy: 30
total views sold: 378359
('META_DATA_FILE_PATH', '/home/preetham_sathineni/adslot/web_page_meta_dict_adslots_2_dataset_kosaraktxt.pkl')
/tmp/1651692165826.txt
Allocation accuracy: 63
total views sold: 758239
###############     ARGUMENTS     ############
['plot_results.py', '../test1/kosarak_minfreq_0.005_maxcs_1_maxor_0.04/patterns.txt', '../CMineMR-Mapreduce-algorithm-to-extract-coverage-patterns-master/dataset/kosarak.txt', '340', '7000', '6000', '2']
##############################################
web_page_to_adv_json_file : ./1651692068284.json
allocated_adslots_file: ./1651692068289.json
python alloc_fresh.py ../test1/kosarak_minfreq_0.005_maxcs_1_maxor_0.04/patterns.txt /home/preetham_sathineni/adslot/web_page_meta_dict_adslots_2_dataset_kosaraktxt.pkl /home/preetham_sathineni/adslot/web_page_freq_sorted_adslots_2_dataset_kosaraktxt.pkl 8810,4376,8255,1693,8263,9122,8940,10736,9875,1042,9136,5326,6702,7361,1812,9507,5524,8759,9993,7470,8444,11404,11545,7668,3321,8676,6043,3956,5885,10951,4922,5901,3564,10067,8752,1883,7250,8979,2721,9476,4688,8393,4330,7225,7707,9443,5388,10848,8835,2672,11945,9113,11272,7940,7097,12935,10987,1670,12619,6968,3075,9052,4546,9361,2721,5215,8314,3157,7460,12969,1319,8003,1334,12182,6047,9046,4189,11539,1722,4197,8372,6746,5328,12630,12408,9259,7062,3663,10567,2715,5369,6398,6440,11059,12942,4211,3515,2799,2918,2520,12649,6437,7974,11003,5866,6146,9678,9668,5729,2319,1804,1829,3767,6835,11041,2335,11111,2086,7088,4652,1849,12430,6533,3829,2973,8225,10524,10648,5560,7409,1748,9399,2636,4031,12819,7355,4869,10124,12555,7473,9136,6570,6841,11395,8461,5758,12536,12573,5941,6372,3788,12586,10004,3713,12476,4872,3031,8061,7805,4317,4501,8108,4305,12965,11870,2687,7690,12137,5845,1872,2471,2212,4979,3204,11125,5179,10026,9079,11117,11230,9958,7809,2744,11728,1192,12262,11765,1248,6130,3257,9326,8194,4428,7078,8596,11493,6195,8785,12200,12499,12030,7507,2139,2415,10825,8784,12429,3881,11720,6609,12812,9217,2340,10045,9949,11802,6087,5335,5403,2553,11942,2900,9366,11801,3365,8021,4101,11501,6796,4348,1694,5985,9687,10295,10764,8605,7050,8001,4007,9614,7471,4630,11684,8753,7891,8211,10887,8112,3587,1646,11345,2540,2150,12427,9743,3516,4820,8129,6884,4544,9652,7917,12515,12728,11602,8914,10869,4315,5350,2234,12830,10695,6770,3437,3055,8119,5782,5258,8533,7174,3214,10260,2701,12350,11219,3858,5584,7776,5928,3654,8384,12737,9576,3361,10181,5709,10563,1735,3306,9666,5974,12534,4921,4070,3302,5104,2873,12584,6111,5448,5023,10738,3462,11482,3011,1227,2923,9062,10353,12384,1202,4232,7125,6443,6499,6008,10793,1784,6687,9433,11427,11147,11217,12976,5051,4482,3156,3157,9576,3143 /tmp/1651692068293.txt 2 ./1651692068289.json ./1651692068284.json
AD REPEATABILITY OF OUR NEW METHOD : 340
7.04384

ALLOCATING WITH OUR OLD METHOD: 340
python alloc_fresh.py ../test1/kosarak_minfreq_0.005_maxcs_1_maxor_0.04/patterns.txt /home/preetham_sathineni/adslot/web_page_meta_dict_adslots_1_dataset_kosaraktxt.pkl /home/preetham_sathineni/adslot/web_page_freq_sorted_adslots_1_dataset_kosaraktxt.pkl 8810,4376,8255,1693,8263,9122,8940,10736,9875,1042,9136,5326,6702,7361,1812,9507,5524,8759,9993,7470,8444,11404,11545,7668,3321,8676,6043,3956,5885,10951,4922,5901,3564,10067,8752,1883,7250,8979,2721,9476,4688,8393,4330,7225,7707,9443,5388,10848,8835,2672,11945,9113,11272,7940,7097,12935,10987,1670,12619,6968,3075,9052,4546,9361,2721,5215,8314,3157,7460,12969,1319,8003,1334,12182,6047,9046,4189,11539,1722,4197,8372,6746,5328,12630,12408,9259,7062,3663,10567,2715,5369,6398,6440,11059,12942,4211,3515,2799,2918,2520,12649,6437,7974,11003,5866,6146,9678,9668,5729,2319,1804,1829,3767,6835,11041,2335,11111,2086,7088,4652,1849,12430,6533,3829,2973,8225,10524,10648,5560,7409,1748,9399,2636,4031,12819,7355,4869,10124,12555,7473,9136,6570,6841,11395,8461,5758,12536,12573,5941,6372,3788,12586,10004,3713,12476,4872,3031,8061,7805,4317,4501,8108,4305,12965,11870,2687,7690,12137,5845,1872,2471,2212,4979,3204,11125,5179,10026,9079,11117,11230,9958,7809,2744,11728,1192,12262,11765,1248,6130,3257,9326,8194,4428,7078,8596,11493,6195,8785,12200,12499,12030,7507,2139,2415,10825,8784,12429,3881,11720,6609,12812,9217,2340,10045,9949,11802,6087,5335,5403,2553,11942,2900,9366,11801,3365,8021,4101,11501,6796,4348,1694,5985,9687,10295,10764,8605,7050,8001,4007,9614,7471,4630,11684,8753,7891,8211,10887,8112,3587,1646,11345,2540,2150,12427,9743,3516,4820,8129,6884,4544,9652,7917,12515,12728,11602,8914,10869,4315,5350,2234,12830,10695,6770,3437,3055,8119,5782,5258,8533,7174,3214,10260,2701,12350,11219,3858,5584,7776,5928,3654,8384,12737,9576,3361,10181,5709,10563,1735,3306,9666,5974,12534,4921,4070,3302,5104,2873,12584,6111,5448,5023,10738,3462,11482,3011,1227,2923,9062,10353,12384,1202,4232,7125,6443,6499,6008,10793,1784,6687,9433,11427,11147,11217,12976,5051,4482,3156,3157,9576,3143 /tmp/1651692119635.txt 2 ./1651692068289.json ./1651692068284.json
AD REPEATABILITY OF ONE-SLOT METHOD : 340
2.45285

[One slot] ALLOCATING WITH RANDOM METHOD: 340
2.75992

[Multi slots] ALLOCATING WITH RANDOM METHOD: 340
AD REPEATABILITY OF RANDOM METHOD: 340
5.49138

allocated
{'VFS_one_method': [0], 'VFS_multi_method': [0], 'new_method': [143], 'oneslot_method': [51]}
adrepp
{'VFS_one_method': ['2.75992'], 'VFS_multi_method': ['5.49138'], 'new_method': ['7.04384'], 'oneslot_method': ['2.45285']}
revenue
{'VFS_one_method': [], 'VFS_multi_method': [], 'new_method': [], 'oneslot_method': []}
got patterns
sorted patterns
started allocation
Allocation accuracy: 127
total views sold: 1284802
Allocation accuracy new method: 127
0.0
got patterns
sorted patterns
started allocation
Allocation accuracy: 52
total views sold: 509841
Allocation accuracy new method: 52
('META_DATA_FILE_PATH', '/home/preetham_sathineni/adslot/web_page_meta_dict_adslots_1_dataset_kosaraktxt.pkl')
/tmp/1651692271662.txt
Allocation accuracy: 32
total views sold: 398507
('META_DATA_FILE_PATH', '/home/preetham_sathineni/adslot/web_page_meta_dict_adslots_2_dataset_kosaraktxt.pkl')
/tmp/1651692282151.txt
Allocation accuracy: 67
total views sold: 790019
###############     ARGUMENTS     ############
['plot_results.py', '../test1/kosarak_minfreq_0.005_maxcs_1_maxor_0.04/patterns.txt', '../CMineMR-Mapreduce-algorithm-to-extract-coverage-patterns-master/dataset/kosarak.txt', '360', '7000', '6000', '2']
##############################################
web_page_to_adv_json_file : ./1651692187151.json
allocated_adslots_file: ./1651692187156.json
python alloc_fresh.py ../test1/kosarak_minfreq_0.005_maxcs_1_maxor_0.04/patterns.txt /home/preetham_sathineni/adslot/web_page_meta_dict_adslots_2_dataset_kosaraktxt.pkl /home/preetham_sathineni/adslot/web_page_freq_sorted_adslots_2_dataset_kosaraktxt.pkl 9469,10730,3075,10765,9129,2367,4679,6606,4703,9897,8730,9831,5587,8784,6660,11976,8979,9317,7785,5564,8887,3345,12998,1749,3866,5180,2213,7157,1665,10192,4111,2911,3881,7670,8307,6438,7574,5958,4890,2080,3507,5975,1851,5724,11515,1986,3687,7831,5975,2950,7597,9007,11678,8320,7463,7262,5239,8226,7901,4485,9950,6277,6956,9741,11737,7460,6112,10263,2074,1462,2788,12589,2791,4817,2865,9784,10122,7923,3628,11507,3851,11163,6410,1209,12192,3901,5078,10698,1687,3260,8162,2461,5872,7825,9140,9261,10235,11482,7887,9612,2906,9414,2079,8662,2756,8570,8826,9745,12396,3892,2897,10330,9622,11884,12122,5567,4580,9720,1972,10963,7273,3085,2005,5870,5124,3377,12760,11088,7034,8162,6495,2271,7537,10331,1645,4725,12176,9935,1891,2061,9213,3658,7853,7090,8523,7314,2270,1673,11585,3743,8644,4817,10272,5038,7436,9533,3731,3229,6228,8241,1949,11641,5950,2716,2474,11373,8358,10176,10847,12261,7863,8470,2663,3639,1823,3227,4560,1837,1900,5718,5930,10441,7562,2803,10362,1975,9278,3555,10242,2371,2363,5353,12810,11669,12977,5954,3723,11077,8364,2316,6913,3746,9740,2953,11997,4893,2267,11157,10571,9833,7125,8412,10946,12709,3993,3473,4065,8576,11980,8816,6621,5029,11669,7529,3575,6704,12694,7992,1837,2103,1971,6601,11318,5022,11777,6251,1507,10474,12958,5141,12801,10740,2312,3935,6631,6205,9087,4935,12590,8535,1472,1616,4825,10140,7412,9820,3227,10085,4256,9048,10989,8100,12200,11907,1870,6640,6794,8104,4739,5225,12731,8626,7005,8075,1158,9734,8082,10520,10762,5469,9724,5199,11478,10618,7641,10030,2949,3631,4988,9603,4769,6621,7817,4660,2698,2140,4855,7562,3467,11833,2119,3044,2806,5703,7829,6576,1690,11814,4332,8665,12371,7861,3527,11495,8704,5249,8175,4800,12432,9843,12979,6293,11445,6025,12236,8839,9633,7453,8793,9098,3138,1185,12599,11165,2464,6426,3303,3921,8356,12957,6494,9130,3588,9542,4707,11773,4442,9515,3009,1191,7653,1921,11097,10459,8966,9619,12754,1683,8217,12824 /tmp/1651692187159.txt 2 ./1651692187156.json ./1651692187151.json
AD REPEATABILITY OF OUR NEW METHOD : 360
6.15782

ALLOCATING WITH OUR OLD METHOD: 360
python alloc_fresh.py ../test1/kosarak_minfreq_0.005_maxcs_1_maxor_0.04/patterns.txt /home/preetham_sathineni/adslot/web_page_meta_dict_adslots_1_dataset_kosaraktxt.pkl /home/preetham_sathineni/adslot/web_page_freq_sorted_adslots_1_dataset_kosaraktxt.pkl 9469,10730,3075,10765,9129,2367,4679,6606,4703,9897,8730,9831,5587,8784,6660,11976,8979,9317,7785,5564,8887,3345,12998,1749,3866,5180,2213,7157,1665,10192,4111,2911,3881,7670,8307,6438,7574,5958,4890,2080,3507,5975,1851,5724,11515,1986,3687,7831,5975,2950,7597,9007,11678,8320,7463,7262,5239,8226,7901,4485,9950,6277,6956,9741,11737,7460,6112,10263,2074,1462,2788,12589,2791,4817,2865,9784,10122,7923,3628,11507,3851,11163,6410,1209,12192,3901,5078,10698,1687,3260,8162,2461,5872,7825,9140,9261,10235,11482,7887,9612,2906,9414,2079,8662,2756,8570,8826,9745,12396,3892,2897,10330,9622,11884,12122,5567,4580,9720,1972,10963,7273,3085,2005,5870,5124,3377,12760,11088,7034,8162,6495,2271,7537,10331,1645,4725,12176,9935,1891,2061,9213,3658,7853,7090,8523,7314,2270,1673,11585,3743,8644,4817,10272,5038,7436,9533,3731,3229,6228,8241,1949,11641,5950,2716,2474,11373,8358,10176,10847,12261,7863,8470,2663,3639,1823,3227,4560,1837,1900,5718,5930,10441,7562,2803,10362,1975,9278,3555,10242,2371,2363,5353,12810,11669,12977,5954,3723,11077,8364,2316,6913,3746,9740,2953,11997,4893,2267,11157,10571,9833,7125,8412,10946,12709,3993,3473,4065,8576,11980,8816,6621,5029,11669,7529,3575,6704,12694,7992,1837,2103,1971,6601,11318,5022,11777,6251,1507,10474,12958,5141,12801,10740,2312,3935,6631,6205,9087,4935,12590,8535,1472,1616,4825,10140,7412,9820,3227,10085,4256,9048,10989,8100,12200,11907,1870,6640,6794,8104,4739,5225,12731,8626,7005,8075,1158,9734,8082,10520,10762,5469,9724,5199,11478,10618,7641,10030,2949,3631,4988,9603,4769,6621,7817,4660,2698,2140,4855,7562,3467,11833,2119,3044,2806,5703,7829,6576,1690,11814,4332,8665,12371,7861,3527,11495,8704,5249,8175,4800,12432,9843,12979,6293,11445,6025,12236,8839,9633,7453,8793,9098,3138,1185,12599,11165,2464,6426,3303,3921,8356,12957,6494,9130,3588,9542,4707,11773,4442,9515,3009,1191,7653,1921,11097,10459,8966,9619,12754,1683,8217,12824 /tmp/1651692239604.txt 2 ./1651692187156.json ./1651692187151.json
AD REPEATABILITY OF ONE-SLOT METHOD : 360
2.5654

[One slot] ALLOCATING WITH RANDOM METHOD: 360
2.58901

[Multi slots] ALLOCATING WITH RANDOM METHOD: 360
AD REPEATABILITY OF RANDOM METHOD: 360
5.34738

allocated
{'VFS_one_method': [0], 'VFS_multi_method': [0], 'new_method': [127], 'oneslot_method': [52]}
adrepp
{'VFS_one_method': ['2.58901'], 'VFS_multi_method': ['5.34738'], 'new_method': ['6.15782'], 'oneslot_method': ['2.5654']}
revenue
{'VFS_one_method': [], 'VFS_multi_method': [], 'new_method': [], 'oneslot_method': []}
got patterns
sorted patterns
started allocation
Allocation accuracy: 159
total views sold: 1438415
Allocation accuracy new method: 159
0.0
got patterns
sorted patterns
started allocation
Allocation accuracy: 60
total views sold: 517369
Allocation accuracy new method: 60
('META_DATA_FILE_PATH', '/home/preetham_sathineni/adslot/web_page_meta_dict_adslots_1_dataset_kosaraktxt.pkl')
/tmp/1651692391314.txt
Allocation accuracy: 31
total views sold: 389100
('META_DATA_FILE_PATH', '/home/preetham_sathineni/adslot/web_page_meta_dict_adslots_2_dataset_kosaraktxt.pkl')
/tmp/1651692401806.txt
Allocation accuracy: 66
total views sold: 774730
###############     ARGUMENTS     ############
['plot_results.py', '../test1/kosarak_minfreq_0.005_maxcs_1_maxor_0.04/patterns.txt', '../CMineMR-Mapreduce-algorithm-to-extract-coverage-patterns-master/dataset/kosarak.txt', '380', '7000', '6000', '2']
##############################################
web_page_to_adv_json_file : ./1651692303460.json
allocated_adslots_file: ./1651692303464.json
python alloc_fresh.py ../test1/kosarak_minfreq_0.005_maxcs_1_maxor_0.04/patterns.txt /home/preetham_sathineni/adslot/web_page_meta_dict_adslots_2_dataset_kosaraktxt.pkl /home/preetham_sathineni/adslot/web_page_freq_sorted_adslots_2_dataset_kosaraktxt.pkl 6804,6785,10316,8106,8805,1080,6654,5484,1829,5895,6435,7899,9830,4610,7870,3497,5706,5632,4524,9178,5670,11345,8126,6060,5955,7780,1466,4893,8607,9196,9097,6001,5298,2284,12362,1332,2346,8459,7369,9389,11362,5628,9135,8450,5698,11340,7950,9339,3450,11186,10335,2935,3520,7162,12965,3918,2421,5985,10532,2242,11848,2062,10049,10395,8449,9212,1578,7254,5926,5856,8348,12646,5427,2387,4070,12862,12128,4865,7312,9043,12962,9425,10168,6227,9869,8596,10467,4748,12801,12260,7778,7917,6106,12958,4243,7470,8748,4495,12552,5355,12658,11401,11909,3663,3913,8452,12704,8304,3239,3461,12117,10751,11261,7938,4763,3683,11044,10612,10356,4173,1892,11536,9670,11353,9527,5439,6955,3778,6676,5240,10683,4140,2324,3129,11939,8519,4202,7939,6259,11936,10811,4790,11287,3665,9912,2004,5812,10657,3973,9168,3801,5964,1181,1451,1167,1312,7735,8073,2782,7208,12901,2188,3889,1338,5610,3278,3653,9494,4829,2930,9424,1120,4758,11066,10433,10936,6498,5035,11225,3892,4682,5900,8343,10015,8219,1210,6990,8297,2596,9125,5430,7320,3180,1833,1867,2569,7371,5707,4441,8136,10521,12694,9168,6109,10148,10623,9671,9329,11027,10223,8384,8023,7948,4804,10131,7386,9492,6295,12760,2808,4181,9620,2434,3262,3719,12922,9424,3994,3717,5349,9070,5993,4138,12651,12496,7603,7848,1572,10277,3440,7251,7130,9184,6782,1376,3165,2349,4548,6868,2628,12968,4143,5841,11191,7865,8288,8855,1692,6739,7166,9261,8812,12758,8152,4142,6985,7898,1455,7376,6759,3910,3316,1195,5511,6527,4135,12462,5147,8921,1527,3738,5381,4802,2296,7091,6793,10728,9935,1207,3563,10299,10253,10229,2658,2120,2957,1180,3527,3133,8930,7067,3292,10537,5150,8570,10235,8384,1254,9553,10816,4547,1585,1621,10690,9543,11995,12356,6575,10969,8382,9189,8228,4373,9667,5359,10992,10407,7567,6552,1043,7533,9092,5030,10292,2472,10321,8857,10887,1768,4300,10114,2164,7239,1137,5853,2722,9547,9655,12803,1281,7290,11822,1103,2344,9159,1745,5789,5731,8493,6998,9977,6483,3319,12865,7653,2592,12153,7712,7647,8519,2298,11018,10450,12557,9399,6640,5234,7407,11106,6980 /tmp/1651692303468.txt 2 ./1651692303464.json ./1651692303460.json
AD REPEATABILITY OF OUR NEW METHOD : 380
6.7939

ALLOCATING WITH OUR OLD METHOD: 380
python alloc_fresh.py ../test1/kosarak_minfreq_0.005_maxcs_1_maxor_0.04/patterns.txt /home/preetham_sathineni/adslot/web_page_meta_dict_adslots_1_dataset_kosaraktxt.pkl /home/preetham_sathineni/adslot/web_page_freq_sorted_adslots_1_dataset_kosaraktxt.pkl 6804,6785,10316,8106,8805,1080,6654,5484,1829,5895,6435,7899,9830,4610,7870,3497,5706,5632,4524,9178,5670,11345,8126,6060,5955,7780,1466,4893,8607,9196,9097,6001,5298,2284,12362,1332,2346,8459,7369,9389,11362,5628,9135,8450,5698,11340,7950,9339,3450,11186,10335,2935,3520,7162,12965,3918,2421,5985,10532,2242,11848,2062,10049,10395,8449,9212,1578,7254,5926,5856,8348,12646,5427,2387,4070,12862,12128,4865,7312,9043,12962,9425,10168,6227,9869,8596,10467,4748,12801,12260,7778,7917,6106,12958,4243,7470,8748,4495,12552,5355,12658,11401,11909,3663,3913,8452,12704,8304,3239,3461,12117,10751,11261,7938,4763,3683,11044,10612,10356,4173,1892,11536,9670,11353,9527,5439,6955,3778,6676,5240,10683,4140,2324,3129,11939,8519,4202,7939,6259,11936,10811,4790,11287,3665,9912,2004,5812,10657,3973,9168,3801,5964,1181,1451,1167,1312,7735,8073,2782,7208,12901,2188,3889,1338,5610,3278,3653,9494,4829,2930,9424,1120,4758,11066,10433,10936,6498,5035,11225,3892,4682,5900,8343,10015,8219,1210,6990,8297,2596,9125,5430,7320,3180,1833,1867,2569,7371,5707,4441,8136,10521,12694,9168,6109,10148,10623,9671,9329,11027,10223,8384,8023,7948,4804,10131,7386,9492,6295,12760,2808,4181,9620,2434,3262,3719,12922,9424,3994,3717,5349,9070,5993,4138,12651,12496,7603,7848,1572,10277,3440,7251,7130,9184,6782,1376,3165,2349,4548,6868,2628,12968,4143,5841,11191,7865,8288,8855,1692,6739,7166,9261,8812,12758,8152,4142,6985,7898,1455,7376,6759,3910,3316,1195,5511,6527,4135,12462,5147,8921,1527,3738,5381,4802,2296,7091,6793,10728,9935,1207,3563,10299,10253,10229,2658,2120,2957,1180,3527,3133,8930,7067,3292,10537,5150,8570,10235,8384,1254,9553,10816,4547,1585,1621,10690,9543,11995,12356,6575,10969,8382,9189,8228,4373,9667,5359,10992,10407,7567,6552,1043,7533,9092,5030,10292,2472,10321,8857,10887,1768,4300,10114,2164,7239,1137,5853,2722,9547,9655,12803,1281,7290,11822,1103,2344,9159,1745,5789,5731,8493,6998,9977,6483,3319,12865,7653,2592,12153,7712,7647,8519,2298,11018,10450,12557,9399,6640,5234,7407,11106,6980 /tmp/1651692359570.txt 2 ./1651692303464.json ./1651692303460.json
AD REPEATABILITY OF ONE-SLOT METHOD : 380
2.51845

[One slot] ALLOCATING WITH RANDOM METHOD: 380
2.67565

[Multi slots] ALLOCATING WITH RANDOM METHOD: 380
AD REPEATABILITY OF RANDOM METHOD: 380
5.36859

allocated
{'VFS_one_method': [0], 'VFS_multi_method': [0], 'new_method': [159], 'oneslot_method': [60]}
adrepp
{'VFS_one_method': ['2.67565'], 'VFS_multi_method': ['5.36859'], 'new_method': ['6.7939'], 'oneslot_method': ['2.51845']}
revenue
{'VFS_one_method': [], 'VFS_multi_method': [], 'new_method': [], 'oneslot_method': []}
got patterns
sorted patterns
started allocation
Allocation accuracy: 203
total views sold: 1645903
Allocation accuracy new method: 203
0.0
got patterns
sorted patterns
started allocation
Allocation accuracy: 60
total views sold: 509360
Allocation accuracy new method: 60
('META_DATA_FILE_PATH', '/home/preetham_sathineni/adslot/web_page_meta_dict_adslots_1_dataset_kosaraktxt.pkl')
/tmp/1651692527349.txt
Allocation accuracy: 30
total views sold: 378233
('META_DATA_FILE_PATH', '/home/preetham_sathineni/adslot/web_page_meta_dict_adslots_2_dataset_kosaraktxt.pkl')
/tmp/1651692538195.txt
Allocation accuracy: 63
total views sold: 767232
###############     ARGUMENTS     ############
['plot_results.py', '../test1/kosarak_minfreq_0.005_maxcs_1_maxor_0.04/patterns.txt', '../CMineMR-Mapreduce-algorithm-to-extract-coverage-patterns-master/dataset/kosarak.txt', '400', '7000', '6000', '2']
##############################################
web_page_to_adv_json_file : ./1651692423235.json
allocated_adslots_file: ./1651692423240.json
python alloc_fresh.py ../test1/kosarak_minfreq_0.005_maxcs_1_maxor_0.04/patterns.txt /home/preetham_sathineni/adslot/web_page_meta_dict_adslots_2_dataset_kosaraktxt.pkl /home/preetham_sathineni/adslot/web_page_freq_sorted_adslots_2_dataset_kosaraktxt.pkl 6072,10261,3951,10018,10915,2563,5506,7289,10507,6845,4977,10183,8202,12424,6742,11404,6475,2769,5145,5062,8737,11411,3454,12909,8497,5127,3800,4945,11262,9233,2385,9164,1302,11320,6254,4701,8591,12421,5903,7901,6295,4207,12567,1064,3422,8948,3150,12942,10912,8660,6694,7271,9039,11796,10109,1173,8938,8561,4010,12748,4848,2040,3841,10977,5985,4337,12114,9005,5560,12077,8586,4614,7378,2960,5875,10087,4571,7600,11215,7293,3292,10400,3425,4784,4262,12343,12450,9335,12907,2425,2094,12595,6494,11432,2582,8463,4629,4631,6350,10973,7583,5313,7147,1513,3630,9471,10055,4705,5776,8933,11502,7606,9041,11641,5112,9905,5381,10687,1590,11122,11107,9954,4056,11816,10134,1855,8965,5909,3108,10928,9797,1995,7676,2133,1994,11573,6087,12163,5613,2563,3778,8022,4057,10314,7515,9553,4204,11790,8586,6741,6313,7133,10235,3018,11368,10955,12720,6027,12307,3224,9454,8049,3898,2411,3661,7285,5558,5552,3163,4470,8792,1264,3281,6610,1978,8958,3119,6202,2353,7641,12330,6922,2793,1993,11822,11133,2169,4315,2811,11516,10304,7577,12414,11229,11551,4200,8202,4037,5082,10295,6970,9169,8666,12267,4874,2591,4750,3450,6900,1030,6412,12162,12633,11566,8917,4143,2569,8306,9239,1152,5497,10874,3156,2243,3653,8137,11991,1692,12146,5211,1171,4593,12029,4697,9205,1318,9973,5987,7016,10783,12437,3375,11019,10356,11576,1186,1442,3770,4682,9091,12541,1886,9966,12684,1093,4281,9023,2724,8137,12421,4134,12921,7317,10947,9492,4682,8227,5618,7095,1555,2954,9856,9810,6418,11322,10102,1222,6835,12596,11928,2536,12791,9090,2652,3698,12354,10789,5082,2357,5833,5749,8353,10738,1142,1292,10518,1267,7991,4215,6131,6300,10033,11176,7404,9282,11832,10570,6542,12192,3879,4570,6846,5063,10371,2273,11210,1948,4211,10577,1501,6946,4134,10190,9537,10829,2704,9931,4107,7593,1988,3697,12542,7307,2814,6978,9024,12195,3887,7823,2791,1890,5527,11408,9956,6161,5628,9943,3598,12237,4873,12553,1863,1232,2039,9597,9425,7931,5733,7015,4676,12391,3526,7330,4314,9542,10130,4743,11577,5979,8727,3542,2132,10807,1978,6900,1408,5517,4347,7603,12969,6140,2625,2370,6018,11426,11856,2337,11635,1306,10476,10172,6464,8995,10633,12757,10674,12862,9042,6493,12704 /tmp/1651692423244.txt 2 ./1651692423240.json ./1651692423235.json
AD REPEATABILITY OF OUR NEW METHOD : 400
6.45163

ALLOCATING WITH OUR OLD METHOD: 400
python alloc_fresh.py ../test1/kosarak_minfreq_0.005_maxcs_1_maxor_0.04/patterns.txt /home/preetham_sathineni/adslot/web_page_meta_dict_adslots_1_dataset_kosaraktxt.pkl /home/preetham_sathineni/adslot/web_page_freq_sorted_adslots_1_dataset_kosaraktxt.pkl 6072,10261,3951,10018,10915,2563,5506,7289,10507,6845,4977,10183,8202,12424,6742,11404,6475,2769,5145,5062,8737,11411,3454,12909,8497,5127,3800,4945,11262,9233,2385,9164,1302,11320,6254,4701,8591,12421,5903,7901,6295,4207,12567,1064,3422,8948,3150,12942,10912,8660,6694,7271,9039,11796,10109,1173,8938,8561,4010,12748,4848,2040,3841,10977,5985,4337,12114,9005,5560,12077,8586,4614,7378,2960,5875,10087,4571,7600,11215,7293,3292,10400,3425,4784,4262,12343,12450,9335,12907,2425,2094,12595,6494,11432,2582,8463,4629,4631,6350,10973,7583,5313,7147,1513,3630,9471,10055,4705,5776,8933,11502,7606,9041,11641,5112,9905,5381,10687,1590,11122,11107,9954,4056,11816,10134,1855,8965,5909,3108,10928,9797,1995,7676,2133,1994,11573,6087,12163,5613,2563,3778,8022,4057,10314,7515,9553,4204,11790,8586,6741,6313,7133,10235,3018,11368,10955,12720,6027,12307,3224,9454,8049,3898,2411,3661,7285,5558,5552,3163,4470,8792,1264,3281,6610,1978,8958,3119,6202,2353,7641,12330,6922,2793,1993,11822,11133,2169,4315,2811,11516,10304,7577,12414,11229,11551,4200,8202,4037,5082,10295,6970,9169,8666,12267,4874,2591,4750,3450,6900,1030,6412,12162,12633,11566,8917,4143,2569,8306,9239,1152,5497,10874,3156,2243,3653,8137,11991,1692,12146,5211,1171,4593,12029,4697,9205,1318,9973,5987,7016,10783,12437,3375,11019,10356,11576,1186,1442,3770,4682,9091,12541,1886,9966,12684,1093,4281,9023,2724,8137,12421,4134,12921,7317,10947,9492,4682,8227,5618,7095,1555,2954,9856,9810,6418,11322,10102,1222,6835,12596,11928,2536,12791,9090,2652,3698,12354,10789,5082,2357,5833,5749,8353,10738,1142,1292,10518,1267,7991,4215,6131,6300,10033,11176,7404,9282,11832,10570,6542,12192,3879,4570,6846,5063,10371,2273,11210,1948,4211,10577,1501,6946,4134,10190,9537,10829,2704,9931,4107,7593,1988,3697,12542,7307,2814,6978,9024,12195,3887,7823,2791,1890,5527,11408,9956,6161,5628,9943,3598,12237,4873,12553,1863,1232,2039,9597,9425,7931,5733,7015,4676,12391,3526,7330,4314,9542,10130,4743,11577,5979,8727,3542,2132,10807,1978,6900,1408,5517,4347,7603,12969,6140,2625,2370,6018,11426,11856,2337,11635,1306,10476,10172,6464,8995,10633,12757,10674,12862,9042,6493,12704 /tmp/1651692477507.txt 2 ./1651692423240.json ./1651692423235.json
AD REPEATABILITY OF ONE-SLOT METHOD : 400
2.44928

[One slot] ALLOCATING WITH RANDOM METHOD: 400
2.75004

[Multi slots] ALLOCATING WITH RANDOM METHOD: 400
AD REPEATABILITY OF RANDOM METHOD: 400
5.49283

allocated
{'VFS_one_method': [0], 'VFS_multi_method': [0], 'new_method': [203], 'oneslot_method': [60]}
adrepp
{'VFS_one_method': ['2.75004'], 'VFS_multi_method': ['5.49283'], 'new_method': ['6.45163'], 'oneslot_method': ['2.44928']}
revenue
{'VFS_one_method': [], 'VFS_multi_method': [], 'new_method': [], 'oneslot_method': []}
