Loaded all files
got patterns
Required: 17976 Min: 502 Max: 28738 Allocate: 18250
Required: 17928 Min: 502 Max: 28738 Allocate: 18250
Required: 17910 Min: 502 Max: 28738 Allocate: 18250
Required: 17878 Min: 502 Max: 28738 Allocate: 18250
Required: 17867 Min: 502 Max: 28738 Allocate: 18250
Required: 17863 Min: 0 Max: 28738 Allocate: 18491
Required: 17830 Min: 0 Max: 28738 Allocate: 18491
Required: 17816 Min: 0 Max: 28738 Allocate: 18491
Required: 17800 Min: 0 Max: 28738 Allocate: 18491
Required: 17794 Min: 0 Max: 28738 Allocate: 18491
Required: 17750 Min: 0 Max: 28738 Allocate: 18921
Required: 17732 Min: 0 Max: 28738 Allocate: 18921
Required: 17730 Min: 0 Max: 28738 Allocate: 18921
Required: 17719 Min: 0 Max: 28738 Allocate: 18921
Required: 17699 Min: 0 Max: 28738 Allocate: 18921
Required: 17667 Min: 0 Max: 28738 Allocate: 19326
Required: 17642 Min: 0 Max: 28738 Allocate: 19326
Required: 17630 Min: 0 Max: 28738 Allocate: 19326
Required: 17582 Min: 0 Max: 28738 Allocate: 19326
Required: 17579 Min: 0 Max: 28738 Allocate: 19326
Required: 17567 Min: 0 Max: 28738 Allocate: 20125
Required: 17557 Min: 0 Max: 28738 Allocate: 20125
Required: 17469 Min: 0 Max: 28738 Allocate: 20125
Required: 17425 Min: 0 Max: 28738 Allocate: 17427
Required: 17422 Min: 0 Max: 28738 Allocate: 17427
Required: 17402 Min: 0 Max: 28738 Allocate: 17427
Required: 17390 Min: 0 Max: 28738 Allocate: 17427
Required: 17382 Min: 0 Max: 28738 Allocate: 17427
Required: 17382 Min: 0 Max: 28738 Allocate: 20125
Required: 17375 Min: 0 Max: 28738 Allocate: 20125
Required: 17373 Min: 0 Max: 28738 Allocate: 20216
Required: 17348 Min: 0 Max: 28738 Allocate: 20216
Required: 17346 Min: 0 Max: 28738 Allocate: 20216
Required: 17340 Min: 0 Max: 28738 Allocate: 17343
Required: 17336 Min: 0 Max: 28738 Allocate: 17343
Required: 17330 Min: 0 Max: 28738 Allocate: 17343
Required: 17281 Min: 0 Max: 28738 Allocate: 17343
Required: 17266 Min: 0 Max: 28738 Allocate: 17343
Required: 17247 Min: 0 Max: 28738 Allocate: 20216
Required: 17237 Min: 0 Max: 28738 Allocate: 20216
Required: 17205 Min: 0 Max: 28738 Allocate: 23121
Required: 17188 Min: 0 Max: 28738 Allocate: 17203
Required: 17177 Min: 0 Max: 28738 Allocate: 17203
Required: 17166 Min: 0 Max: 28738 Allocate: 17203
Required: 17149 Min: 0 Max: 28738 Allocate: 17203
Required: 17124 Min: 0 Max: 28738 Allocate: 17203
Required: 17112 Min: 0 Max: 28738 Allocate: 17116
Required: 17074 Min: 0 Max: 28738 Allocate: 17116
Required: 17038 Min: 0 Max: 28738 Allocate: 17116
Required: 17025 Min: 0 Max: 28738 Allocate: 17116
Required: 17011 Min: 0 Max: 28738 Allocate: 17116
Required: 17009 Min: 0 Max: 28738 Allocate: 23121
Required: 16996 Min: 0 Max: 28738 Allocate: 23121
Required: 16960 Min: 0 Max: 28738 Allocate: 23121
Required: 16950 Min: 0 Max: 28738 Allocate: 23121
Required: 16945 Min: 0 Max: 28738 Allocate: 23384
Required: 16938 Min: 0 Max: 28738 Allocate: 23384
Required: 16923 Min: 0 Max: 28738 Allocate: 23384
Required: 16903 Min: 0 Max: 28738 Allocate: 23384
Required: 16892 Min: 0 Max: 28738 Allocate: 23384
Required: 16822 Min: 0 Max: 28738 Allocate: 28738
Required: 16821 Min: 0 Max: 28738 Allocate: 28738
Required: 16815 Min: 0 Max: 28738 Allocate: 28738
Required: 16770 Min: 0 Max: 28738 Allocate: 28738
Required: 16769 Min: 0 Max: 28738 Allocate: 28738
Required: 16739 Min: 0 Max: 16638 Allocate: None
Required: 16715 Min: 0 Max: 16638 Allocate: None
Required: 16710 Min: 0 Max: 16638 Allocate: None
Required: 16687 Min: 0 Max: 16638 Allocate: None
Required: 16658 Min: 0 Max: 16638 Allocate: None
Required: 16635 Min: 0 Max: 16638 Allocate: 16638
Required: 16627 Min: 0 Max: 16638 Allocate: 16638
Required: 16581 Min: 0 Max: 16638 Allocate: 16638
Required: 16529 Min: 0 Max: 16638 Allocate: 16638
Required: 16515 Min: 0 Max: 16638 Allocate: 16638
Required: 16489 Min: 0 Max: 16311 Allocate: None
Required: 16479 Min: 0 Max: 16311 Allocate: None
Required: 16478 Min: 0 Max: 16311 Allocate: None
Required: 16464 Min: 0 Max: 16311 Allocate: None
Required: 16438 Min: 0 Max: 16311 Allocate: None
Required: 16417 Min: 0 Max: 16311 Allocate: None
Required: 16416 Min: 0 Max: 16311 Allocate: None
Required: 16368 Min: 0 Max: 16311 Allocate: None
Required: 16355 Min: 0 Max: 16311 Allocate: None
Required: 16339 Min: 0 Max: 16311 Allocate: None
Required: 16316 Min: 0 Max: 16311 Allocate: None
Required: 16286 Min: 0 Max: 16311 Allocate: 16311
Required: 16270 Min: 0 Max: 16311 Allocate: 16311
Required: 16227 Min: 0 Max: 16311 Allocate: 16311
Required: 16218 Min: 0 Max: 16311 Allocate: 16311
Required: 16213 Min: 0 Max: 16311 Allocate: 16311
Required: 16201 Min: 0 Max: 16203 Allocate: 16203
Required: 16180 Min: 0 Max: 16203 Allocate: 16203
Required: 16178 Min: 0 Max: 16203 Allocate: 16203
Required: 16157 Min: 0 Max: 16203 Allocate: 16203
Required: 16127 Min: 0 Max: 16203 Allocate: 16203
Required: 16125 Min: 0 Max: 16040 Allocate: None
Required: 16116 Min: 0 Max: 16040 Allocate: None
Required: 16102 Min: 0 Max: 16040 Allocate: None
Required: 16095 Min: 0 Max: 16040 Allocate: None
Required: 16066 Min: 0 Max: 16040 Allocate: None
Required: 16055 Min: 0 Max: 16040 Allocate: None
Required: 16042 Min: 0 Max: 16040 Allocate: None
Required: 16040 Min: 0 Max: 16040 Allocate: 16040
Required: 16002 Min: 0 Max: 16040 Allocate: 16040
Required: 15964 Min: 0 Max: 16040 Allocate: 16040
Required: 15961 Min: 0 Max: 16040 Allocate: 16040
Required: 15958 Min: 0 Max: 16040 Allocate: 16040
Required: 15940 Min: 0 Max: 15706 Allocate: None
Required: 15940 Min: 0 Max: 15706 Allocate: None
Required: 15935 Min: 0 Max: 15706 Allocate: None
Required: 15932 Min: 0 Max: 15706 Allocate: None
Required: 15914 Min: 0 Max: 15706 Allocate: None
Required: 15858 Min: 0 Max: 15706 Allocate: None
Required: 15819 Min: 0 Max: 15706 Allocate: None
Required: 15802 Min: 0 Max: 15706 Allocate: None
Required: 15788 Min: 0 Max: 15706 Allocate: None
Required: 15758 Min: 0 Max: 15706 Allocate: None
Required: 15753 Min: 0 Max: 15706 Allocate: None
Required: 15741 Min: 0 Max: 15706 Allocate: None
Required: 15739 Min: 0 Max: 15706 Allocate: None
Required: 15728 Min: 0 Max: 15706 Allocate: None
Required: 15720 Min: 0 Max: 15706 Allocate: None
Required: 15711 Min: 0 Max: 15706 Allocate: None
Required: 15705 Min: 0 Max: 15706 Allocate: 15706
Required: 15646 Min: 0 Max: 15706 Allocate: 15706
Required: 15643 Min: 0 Max: 15706 Allocate: 15706
Required: 15624 Min: 0 Max: 15706 Allocate: 15706
Required: 15561 Min: 0 Max: 15706 Allocate: 15706
Required: 15555 Min: 0 Max: 15259 Allocate: None
Required: 15550 Min: 0 Max: 15259 Allocate: None
Required: 15517 Min: 0 Max: 15259 Allocate: None
Required: 15515 Min: 0 Max: 15259 Allocate: None
Required: 15479 Min: 0 Max: 15259 Allocate: None
Required: 15449 Min: 0 Max: 15259 Allocate: None
Required: 15448 Min: 0 Max: 15259 Allocate: None
Required: 15445 Min: 0 Max: 15259 Allocate: None
Required: 15431 Min: 0 Max: 15259 Allocate: None
Required: 15418 Min: 0 Max: 15259 Allocate: None
Required: 15397 Min: 0 Max: 15259 Allocate: None
Required: 15370 Min: 0 Max: 15259 Allocate: None
Required: 15335 Min: 0 Max: 15259 Allocate: None
Required: 15333 Min: 0 Max: 15259 Allocate: None
Required: 15331 Min: 0 Max: 15259 Allocate: None
Required: 15312 Min: 0 Max: 15259 Allocate: None
Required: 15281 Min: 0 Max: 15259 Allocate: None
Required: 15281 Min: 0 Max: 15259 Allocate: None
Required: 15277 Min: 0 Max: 15259 Allocate: None
Required: 15273 Min: 0 Max: 15259 Allocate: None
Required: 15264 Min: 0 Max: 15259 Allocate: None
Required: 15253 Min: 0 Max: 15259 Allocate: 15259
Required: 15233 Min: 0 Max: 15259 Allocate: 15259
Required: 15229 Min: 0 Max: 15259 Allocate: 15259
Required: 15202 Min: 0 Max: 15259 Allocate: 15259
Required: 15183 Min: 0 Max: 15259 Allocate: 15259
Required: 15157 Min: 0 Max: 14992 Allocate: None
Required: 15141 Min: 0 Max: 14992 Allocate: None
Required: 15108 Min: 0 Max: 14992 Allocate: None
Required: 15102 Min: 0 Max: 14992 Allocate: None
Required: 15088 Min: 0 Max: 14992 Allocate: None
Required: 15056 Min: 0 Max: 14992 Allocate: None
Required: 15055 Min: 0 Max: 14992 Allocate: None
Required: 15023 Min: 0 Max: 14992 Allocate: None
Required: 15000 Min: 0 Max: 14992 Allocate: None
Required: 14984 Min: 0 Max: 14992 Allocate: 14992
Required: 14978 Min: 0 Max: 14992 Allocate: 14992
Required: 14946 Min: 0 Max: 14992 Allocate: 14992
Required: 14941 Min: 0 Max: 14992 Allocate: 14992
Required: 14939 Min: 0 Max: 14992 Allocate: 14992
Required: 14887 Min: 0 Max: 14727 Allocate: None
Required: 14886 Min: 0 Max: 14727 Allocate: None
Required: 14884 Min: 0 Max: 14727 Allocate: None
Required: 14865 Min: 0 Max: 14727 Allocate: None
Required: 14812 Min: 0 Max: 14727 Allocate: None
Required: 14812 Min: 0 Max: 14727 Allocate: None
Required: 14769 Min: 0 Max: 14727 Allocate: None
Required: 14764 Min: 0 Max: 14727 Allocate: None
Required: 14763 Min: 0 Max: 14727 Allocate: None
Required: 14702 Min: 0 Max: 14727 Allocate: 14727
Required: 14675 Min: 0 Max: 14727 Allocate: 14680
Required: 14662 Min: 0 Max: 14727 Allocate: 14680
Required: 14632 Min: 0 Max: 14727 Allocate: 14680
Required: 14626 Min: 0 Max: 14727 Allocate: 14680
Required: 14621 Min: 0 Max: 14727 Allocate: 14680
Required: 14610 Min: 0 Max: 14727 Allocate: 14682
Required: 14598 Min: 0 Max: 14727 Allocate: 14682
Required: 14595 Min: 0 Max: 14727 Allocate: 14682
Required: 14592 Min: 0 Max: 14727 Allocate: 14682
Required: 14564 Min: 0 Max: 14727 Allocate: 14682
Required: 14548 Min: 0 Max: 14727 Allocate: 14727
Required: 14536 Min: 0 Max: 14727 Allocate: 14727
Required: 14518 Min: 0 Max: 14727 Allocate: 14727
Required: 14515 Min: 0 Max: 14727 Allocate: 14727
Required: 14489 Min: 0 Max: 14249 Allocate: None
Required: 14443 Min: 0 Max: 14249 Allocate: None
Required: 14435 Min: 0 Max: 14249 Allocate: None
Required: 14374 Min: 0 Max: 14249 Allocate: None
Required: 14371 Min: 0 Max: 14249 Allocate: None
Required: 14340 Min: 0 Max: 14249 Allocate: None
Required: 14335 Min: 0 Max: 14249 Allocate: None
Required: 14324 Min: 0 Max: 14249 Allocate: None
Required: 14303 Min: 0 Max: 14249 Allocate: None
Required: 14267 Min: 0 Max: 14249 Allocate: None
Required: 14235 Min: 0 Max: 14249 Allocate: 14249
Required: 14211 Min: 0 Max: 14249 Allocate: 14249
Required: 14159 Min: 0 Max: 14249 Allocate: 14249
Required: 14156 Min: 0 Max: 14249 Allocate: 14249
Required: 14133 Min: 0 Max: 14249 Allocate: 14249
Required: 14075 Min: 0 Max: 13775 Allocate: None
Required: 14027 Min: 0 Max: 13775 Allocate: None
Required: 14004 Min: 0 Max: 13775 Allocate: None
Required: 14000 Min: 0 Max: 13775 Allocate: None
Required: 13998 Min: 0 Max: 13775 Allocate: None
Required: 13997 Min: 0 Max: 13775 Allocate: None
Required: 13966 Min: 0 Max: 13775 Allocate: None
Required: 13948 Min: 0 Max: 13775 Allocate: None
Required: 13918 Min: 0 Max: 13775 Allocate: None
Required: 13886 Min: 0 Max: 13775 Allocate: None
Required: 13857 Min: 0 Max: 13775 Allocate: None
Required: 13846 Min: 0 Max: 13775 Allocate: None
Required: 13832 Min: 0 Max: 13775 Allocate: None
Required: 13804 Min: 0 Max: 13775 Allocate: None
Required: 13779 Min: 0 Max: 13775 Allocate: None
Required: 13738 Min: 0 Max: 13775 Allocate: 13771
Required: 13724 Min: 0 Max: 13775 Allocate: 13771
Required: 13689 Min: 0 Max: 13775 Allocate: 13771
Required: 13681 Min: 0 Max: 13775 Allocate: 13771
Required: 13679 Min: 0 Max: 13775 Allocate: 13771
Required: 13660 Min: 0 Max: 13775 Allocate: 13775
Required: 13615 Min: 0 Max: 13775 Allocate: 13775
Required: 13595 Min: 0 Max: 13775 Allocate: 13775
Required: 13572 Min: 0 Max: 13775 Allocate: 13775
Required: 13565 Min: 0 Max: 13775 Allocate: 13775
Required: 13546 Min: 0 Max: 13540 Allocate: None
Required: 13545 Min: 0 Max: 13540 Allocate: None
Required: 13512 Min: 0 Max: 13540 Allocate: 13529
Required: 13503 Min: 0 Max: 13540 Allocate: 13529
Required: 13488 Min: 0 Max: 13540 Allocate: 13529
Required: 13456 Min: 0 Max: 13540 Allocate: 13478
Required: 13446 Min: 0 Max: 13540 Allocate: 13478
Required: 13430 Min: 0 Max: 13540 Allocate: 13436
Required: 13400 Min: 0 Max: 13540 Allocate: 13436
Required: 13380 Min: 0 Max: 13540 Allocate: 13384
Required: 13374 Min: 0 Max: 13540 Allocate: 13384
Required: 13334 Min: 0 Max: 13540 Allocate: 13343
Required: 13330 Min: 0 Max: 13540 Allocate: 13343
Required: 13309 Min: 0 Max: 13540 Allocate: 13324
Required: 13290 Min: 0 Max: 13540 Allocate: 13324
Required: 13282 Min: 0 Max: 13540 Allocate: 13324
Required: 13273 Min: 0 Max: 13540 Allocate: 13324
Required: 13255 Min: 0 Max: 13540 Allocate: 13324
Required: 13219 Min: 0 Max: 13540 Allocate: 13343
Required: 13208 Min: 0 Max: 13540 Allocate: 13343
Required: 13200 Min: 0 Max: 13540 Allocate: 13204
Required: 13174 Min: 0 Max: 13540 Allocate: 13204
Required: 13144 Min: 0 Max: 13540 Allocate: 13204
Required: 13135 Min: 0 Max: 13540 Allocate: 13204
Required: 13119 Min: 0 Max: 13540 Allocate: 13204
Required: 13087 Min: 0 Max: 13540 Allocate: 13343
Required: 13083 Min: 0 Max: 13540 Allocate: 13384
Required: 13063 Min: 0 Max: 13540 Allocate: 13384
Required: 13062 Min: 0 Max: 13540 Allocate: 13384
Required: 13028 Min: 0 Max: 13540 Allocate: 13436
Required: 13026 Min: 0 Max: 13540 Allocate: 13436
Required: 13018 Min: 0 Max: 13540 Allocate: 13436
Required: 13009 Min: 0 Max: 13540 Allocate: 13014
Required: 12959 Min: 0 Max: 13540 Allocate: 12980
Required: 12930 Min: 0 Max: 13540 Allocate: 12980
Required: 12927 Min: 0 Max: 13540 Allocate: 12980
Required: 12904 Min: 0 Max: 13540 Allocate: 12980
Required: 12890 Min: 0 Max: 13540 Allocate: 12980
Required: 12885 Min: 0 Max: 13540 Allocate: 13014
Required: 12865 Min: 0 Max: 13540 Allocate: 13014
Required: 12835 Min: 0 Max: 13540 Allocate: 13014
Required: 12830 Min: 0 Max: 13540 Allocate: 13014
Required: 12789 Min: 0 Max: 13540 Allocate: 12819
Required: 12777 Min: 0 Max: 13540 Allocate: 12819
Required: 12775 Min: 0 Max: 13540 Allocate: 12819
Required: 12756 Min: 0 Max: 13540 Allocate: 12819
Required: 12739 Min: 0 Max: 13540 Allocate: 12819
Required: 12711 Min: 0 Max: 13540 Allocate: 12724
Required: 12708 Min: 0 Max: 13540 Allocate: 12724
Required: 12655 Min: 0 Max: 13540 Allocate: 12724
Required: 12652 Min: 0 Max: 13540 Allocate: 12724
Required: 12625 Min: 0 Max: 13540 Allocate: 12637
Required: 12561 Min: 0 Max: 13540 Allocate: 12637
Required: 12551 Min: 0 Max: 13540 Allocate: 12637
Required: 12536 Min: 0 Max: 13540 Allocate: 12540
Required: 12517 Min: 0 Max: 13540 Allocate: 12540
Required: 12511 Min: 0 Max: 13540 Allocate: 12540
Required: 12505 Min: 0 Max: 13540 Allocate: 12540
Required: 12493 Min: 0 Max: 13540 Allocate: 12494
Required: 12490 Min: 0 Max: 13540 Allocate: 12494
Required: 12483 Min: 0 Max: 13540 Allocate: 12494
Required: 12482 Min: 0 Max: 13540 Allocate: 12494
Required: 12475 Min: 0 Max: 13540 Allocate: 12494
Required: 12459 Min: 0 Max: 13540 Allocate: 12540
Required: 12456 Min: 0 Max: 13540 Allocate: 12637
Required: 12404 Min: 0 Max: 13540 Allocate: 12455
Required: 12337 Min: 0 Max: 13540 Allocate: 12364
Required: 12335 Min: 0 Max: 13540 Allocate: 12364
Required: 12328 Min: 0 Max: 13540 Allocate: 12364
Required: 12324 Min: 0 Max: 13540 Allocate: 12364
Required: 12296 Min: 0 Max: 13540 Allocate: 12303
Required: 12258 Min: 0 Max: 13540 Allocate: 12303
Required: 12247 Min: 0 Max: 13540 Allocate: 12303
Required: 12217 Min: 0 Max: 13540 Allocate: 12303
Required: 12206 Min: 0 Max: 13540 Allocate: 12212
Required: 12168 Min: 0 Max: 13540 Allocate: 12212
Required: 12167 Min: 0 Max: 13540 Allocate: 12212
Required: 12164 Min: 0 Max: 13540 Allocate: 12212
Required: 12147 Min: 0 Max: 13540 Allocate: 12212
Required: 12125 Min: 0 Max: 13540 Allocate: 12140
Required: 12115 Min: 0 Max: 13540 Allocate: 12140
Required: 12107 Min: 0 Max: 13540 Allocate: 12140
Required: 12103 Min: 0 Max: 13540 Allocate: 12140
Required: 12100 Min: 0 Max: 13540 Allocate: 12140
Required: 12044 Min: 0 Max: 13540 Allocate: 12140
Required: 12033 Min: 0 Max: 13540 Allocate: 12140
Required: 12028 Min: 0 Max: 13540 Allocate: 12140
Required: 12017 Min: 0 Max: 13540 Allocate: 12140
Required: 11994 Min: 0 Max: 13540 Allocate: 12140
Required: 11980 Min: 0 Max: 13540 Allocate: 12303
Required: 11966 Min: 0 Max: 13540 Allocate: 12320
Required: 11964 Min: 0 Max: 13540 Allocate: 12320
Required: 11922 Min: 0 Max: 13540 Allocate: 12320
Required: 11911 Min: 0 Max: 13540 Allocate: 12320
Required: 11910 Min: 0 Max: 13540 Allocate: 12320
Required: 11900 Min: 0 Max: 13540 Allocate: 12364
Required: 11895 Min: 0 Max: 13540 Allocate: 12455
Required: 11843 Min: 0 Max: 13540 Allocate: 11886
Required: 11842 Min: 0 Max: 13540 Allocate: 11886
Required: 11838 Min: 0 Max: 13540 Allocate: 11886
Required: 11804 Min: 0 Max: 13540 Allocate: 11823
Required: 11793 Min: 0 Max: 13540 Allocate: 11823
Required: 11789 Min: 0 Max: 13540 Allocate: 11823
Required: 11762 Min: 0 Max: 13540 Allocate: 11778
Required: 11758 Min: 0 Max: 13540 Allocate: 11778
Required: 11754 Min: 0 Max: 13540 Allocate: 11778
Required: 11743 Min: 0 Max: 13540 Allocate: 11778
Required: 11729 Min: 0 Max: 13540 Allocate: 11778
Required: 11707 Min: 0 Max: 13540 Allocate: 11710
Required: 11705 Min: 0 Max: 13540 Allocate: 11710
Required: 11679 Min: 0 Max: 13540 Allocate: 11710
Required: 11609 Min: 0 Max: 13540 Allocate: 11710
Required: 11593 Min: 0 Max: 13540 Allocate: 11710
Required: 11569 Min: 0 Max: 13540 Allocate: 11585
Required: 11542 Min: 0 Max: 13540 Allocate: 11543
Required: 11479 Min: 0 Max: 13540 Allocate: 11540
Required: 11441 Min: 0 Max: 13540 Allocate: 11540
Required: 11400 Min: 0 Max: 13540 Allocate: 11540
Required: 11397 Min: 0 Max: 13540 Allocate: 11540
Required: 11375 Min: 0 Max: 13540 Allocate: 11383
Required: 11354 Min: 0 Max: 13540 Allocate: 11383
Required: 11339 Min: 0 Max: 13540 Allocate: 11383
Required: 11297 Min: 0 Max: 13540 Allocate: 11307
Required: 11283 Min: 0 Max: 13540 Allocate: 11307
Required: 11275 Min: 0 Max: 13540 Allocate: 11307
Required: 11158 Min: 0 Max: 13540 Allocate: 11166
Required: 11148 Min: 0 Max: 13540 Allocate: 11166
Required: 11136 Min: 0 Max: 13540 Allocate: 11138
Required: 11128 Min: 0 Max: 13540 Allocate: 11138
Required: 11089 Min: 0 Max: 13540 Allocate: 11138
Required: 11078 Min: 0 Max: 13540 Allocate: 11138
Required: 11065 Min: 0 Max: 13540 Allocate: 11138
Required: 11044 Min: 0 Max: 13540 Allocate: 11166
Required: 10997 Min: 0 Max: 13540 Allocate: 11040
Required: 10986 Min: 0 Max: 13540 Allocate: 11040
Required: 10971 Min: 0 Max: 13540 Allocate: 11040
Required: 10970 Min: 0 Max: 13540 Allocate: 11040
Required: 10962 Min: 0 Max: 13540 Allocate: 10963
Required: 10909 Min: 0 Max: 13540 Allocate: 10940
Required: 10889 Min: 0 Max: 13540 Allocate: 10940
Required: 10886 Min: 0 Max: 13540 Allocate: 10940
Required: 10835 Min: 0 Max: 13540 Allocate: 10940
Required: 10819 Min: 0 Max: 13540 Allocate: 10963
Required: 10811 Min: 0 Max: 13540 Allocate: 10963
Required: 10795 Min: 0 Max: 13540 Allocate: 10805
Required: 10785 Min: 0 Max: 13540 Allocate: 10805
Required: 10781 Min: 0 Max: 13540 Allocate: 10805
Required: 10750 Min: 0 Max: 13540 Allocate: 10805
Required: 10738 Min: 0 Max: 13540 Allocate: 10963
Required: 10724 Min: 0 Max: 13540 Allocate: 10963
Required: 10721 Min: 0 Max: 13540 Allocate: 10963
Required: 10703 Min: 0 Max: 13540 Allocate: 10963
Required: 10603 Min: 0 Max: 13540 Allocate: 10646
Required: 10596 Min: 0 Max: 13540 Allocate: 10646
Required: 10575 Min: 0 Max: 13540 Allocate: 10646
Required: 10557 Min: 0 Max: 13540 Allocate: 10646
Required: 10552 Min: 0 Max: 13540 Allocate: 10963
Required: 10545 Min: 0 Max: 13540 Allocate: 10963
Required: 10539 Min: 0 Max: 13540 Allocate: 11040
Required: 10521 Min: 0 Max: 13540 Allocate: 11166
Required: 10515 Min: 0 Max: 13540 Allocate: 10519
Required: 10514 Min: 0 Max: 13540 Allocate: 10519
Required: 10489 Min: 0 Max: 13540 Allocate: 10502
Required: 10482 Min: 0 Max: 13540 Allocate: 10502
Required: 10470 Min: 0 Max: 13540 Allocate: 10480
Required: 10453 Min: 0 Max: 13540 Allocate: 10480
Required: 10400 Min: 0 Max: 13540 Allocate: 10404
Required: 10385 Min: 0 Max: 13540 Allocate: 10404
Required: 10377 Min: 0 Max: 13540 Allocate: 10377
Required: 10347 Min: 0 Max: 13540 Allocate: 10358
Required: 10299 Min: 0 Max: 13540 Allocate: 10332
Required: 10289 Min: 0 Max: 13540 Allocate: 10332
Required: 10279 Min: 0 Max: 13540 Allocate: 10284
Required: 10254 Min: 0 Max: 13540 Allocate: 10284
Required: 10253 Min: 0 Max: 13540 Allocate: 10284
Required: 10239 Min: 0 Max: 13540 Allocate: 10243
Required: 10152 Min: 0 Max: 13540 Allocate: 10165
Required: 10150 Min: 0 Max: 13540 Allocate: 10165
Required: 10118 Min: 0 Max: 13540 Allocate: 10165
Required: 10087 Min: 0 Max: 13540 Allocate: 10165
Required: 10076 Min: 0 Max: 13540 Allocate: 10212
Required: 10067 Min: 0 Max: 13540 Allocate: 10072
Required: 10052 Min: 0 Max: 13540 Allocate: 10072
Required: 10046 Min: 0 Max: 13540 Allocate: 10072
Required: 10045 Min: 0 Max: 13540 Allocate: 10072
Required: 10002 Min: 0 Max: 13540 Allocate: 10212
Required: 9973 Min: 0 Max: 13540 Allocate: 10212
Required: 9960 Min: 0 Max: 13540 Allocate: 10212
Required: 9912 Min: 0 Max: 13540 Allocate: 10223
Required: 9911 Min: 0 Max: 13540 Allocate: 10223
Required: 9894 Min: 0 Max: 13540 Allocate: 10223
Required: 9861 Min: 0 Max: 13540 Allocate: 10223
Required: 9807 Min: 0 Max: 13540 Allocate: 9828
Required: 9784 Min: 0 Max: 13540 Allocate: 9789
Required: 9780 Min: 0 Max: 13540 Allocate: 9789
Required: 9722 Min: 0 Max: 13540 Allocate: 9730
Required: 9709 Min: 0 Max: 13540 Allocate: 9720
Required: 9687 Min: 0 Max: 13540 Allocate: 9720
Required: 9672 Min: 0 Max: 13540 Allocate: 9720
Required: 9614 Min: 0 Max: 13540 Allocate: 9614
Required: 9580 Min: 0 Max: 13540 Allocate: 9614
Required: 9569 Min: 0 Max: 13540 Allocate: 9614
Required: 9566 Min: 0 Max: 13540 Allocate: 9614
Required: 9560 Min: 0 Max: 13540 Allocate: 9659
Required: 9550 Min: 0 Max: 13540 Allocate: 9659
Required: 9511 Min: 0 Max: 13540 Allocate: 9659
Required: 9509 Min: 0 Max: 13540 Allocate: 9659
Required: 9450 Min: 0 Max: 13540 Allocate: 9502
Required: 9440 Min: 0 Max: 13540 Allocate: 9441
Required: 9423 Min: 0 Max: 13540 Allocate: 9441
Required: 9417 Min: 0 Max: 13540 Allocate: 9441
Required: 9394 Min: 0 Max: 13540 Allocate: 9404
Required: 9386 Min: 0 Max: 13540 Allocate: 9391
Required: 9371 Min: 0 Max: 13540 Allocate: 9391
Required: 9340 Min: 0 Max: 13540 Allocate: 9357
Required: 9297 Min: 0 Max: 13540 Allocate: 9319
Required: 9296 Min: 0 Max: 13540 Allocate: 9319
Required: 9280 Min: 0 Max: 13540 Allocate: 9282
Required: 9275 Min: 0 Max: 13540 Allocate: 9282
Required: 9270 Min: 0 Max: 13540 Allocate: 9273
Required: 9263 Min: 0 Max: 13540 Allocate: 9273
Required: 9246 Min: 0 Max: 13540 Allocate: 9273
Required: 9222 Min: 0 Max: 13540 Allocate: 9273
Required: 9140 Min: 0 Max: 13540 Allocate: 9154
Required: 9108 Min: 0 Max: 13540 Allocate: 9128
Required: 9099 Min: 0 Max: 13540 Allocate: 9128
Required: 9091 Min: 0 Max: 13540 Allocate: 9128
Required: 9069 Min: 0 Max: 13540 Allocate: 9128
Required: 9066 Min: 0 Max: 13540 Allocate: 9154
Required: 9051 Min: 0 Max: 13540 Allocate: 9056
Required: 9047 Min: 0 Max: 13540 Allocate: 9056
Required: 9041 Min: 0 Max: 13540 Allocate: 9056
Required: 9022 Min: 0 Max: 13540 Allocate: 9035
Required: 9008 Min: 0 Max: 13540 Allocate: 9035
Required: 8986 Min: 0 Max: 13540 Allocate: 9001
Required: 8972 Min: 0 Max: 13540 Allocate: 8975
Required: 8961 Min: 0 Max: 13540 Allocate: 8975
Required: 8911 Min: 0 Max: 13540 Allocate: 8975
Required: 8900 Min: 0 Max: 13540 Allocate: 8975
Required: 8890 Min: 0 Max: 13540 Allocate: 8895
Required: 8888 Min: 0 Max: 13540 Allocate: 8895
Required: 8886 Min: 0 Max: 13540 Allocate: 8895
Required: 8876 Min: 0 Max: 13540 Allocate: 8895
Required: 8867 Min: 0 Max: 13540 Allocate: 9001
Required: 8840 Min: 0 Max: 13540 Allocate: 8856
Required: 8833 Min: 0 Max: 13540 Allocate: 8856
Required: 8808 Min: 0 Max: 13540 Allocate: 8856
Required: 8767 Min: 0 Max: 13540 Allocate: 8767
Required: 8759 Min: 0 Max: 13540 Allocate: 8767
Required: 8754 Min: 0 Max: 13540 Allocate: 8767
Required: 8753 Min: 0 Max: 13540 Allocate: 8767
Required: 8740 Min: 0 Max: 13540 Allocate: 8744
Required: 8713 Min: 0 Max: 13540 Allocate: 8744
Required: 8660 Min: 0 Max: 13540 Allocate: 8662
Required: 8635 Min: 0 Max: 13540 Allocate: 8639
Required: 8635 Min: 0 Max: 13540 Allocate: 8639
Required: 8604 Min: 0 Max: 13540 Allocate: 8639
Required: 8588 Min: 0 Max: 13540 Allocate: 8639
Required: 8574 Min: 0 Max: 13540 Allocate: 8579
Required: 8537 Min: 0 Max: 13540 Allocate: 8579
Required: 8486 Min: 0 Max: 13540 Allocate: 8493
Required: 8476 Min: 0 Max: 13540 Allocate: 8493
Required: 8474 Min: 0 Max: 13540 Allocate: 8493
Required: 8457 Min: 0 Max: 13540 Allocate: 8493
Required: 8452 Min: 0 Max: 13540 Allocate: 8529
Required: 8401 Min: 0 Max: 13540 Allocate: 8426
Required: 8376 Min: 0 Max: 13540 Allocate: 8426
Required: 8361 Min: 0 Max: 13540 Allocate: 8362
Required: 8355 Min: 0 Max: 13540 Allocate: 8362
Required: 8343 Min: 0 Max: 13540 Allocate: 8343
Required: 8259 Min: 0 Max: 13540 Allocate: 8270
Required: 8245 Min: 0 Max: 13540 Allocate: 8270
Required: 8242 Min: 0 Max: 13540 Allocate: 8270
Required: 8236 Min: 0 Max: 13540 Allocate: 8239
Required: 8195 Min: 0 Max: 13540 Allocate: 8204
Required: 8189 Min: 0 Max: 13540 Allocate: 8194
Required: 8171 Min: 0 Max: 13540 Allocate: 8183
Required: 8152 Min: 0 Max: 13540 Allocate: 8163
Required: 8138 Min: 0 Max: 13540 Allocate: 8163
Required: 8137 Min: 0 Max: 13540 Allocate: 8163
Required: 8119 Min: 0 Max: 13540 Allocate: 8163
Required: 8117 Min: 0 Max: 13540 Allocate: 8183
Required: 8101 Min: 0 Max: 13540 Allocate: 8183
Required: 8030 Min: 0 Max: 13540 Allocate: 8033
Required: 8007 Min: 0 Max: 13540 Allocate: 8033
Required: 8002 Min: 0 Max: 13540 Allocate: 8033
Required: 7986 Min: 0 Max: 13540 Allocate: 7998
Required: 7985 Min: 0 Max: 13540 Allocate: 7998
Required: 7982 Min: 0 Max: 13540 Allocate: 7998
Required: 7952 Min: 0 Max: 13540 Allocate: 7981
Required: 7938 Min: 0 Max: 13540 Allocate: 7946
Required: 7908 Min: 0 Max: 13540 Allocate: 7912
Required: 7894 Min: 0 Max: 13540 Allocate: 7912
Required: 7809 Min: 0 Max: 13540 Allocate: 7815
Required: 7784 Min: 0 Max: 13540 Allocate: 7802
Required: 7778 Min: 0 Max: 13540 Allocate: 7783
Required: 7756 Min: 0 Max: 13540 Allocate: 7783
Required: 7725 Min: 0 Max: 13540 Allocate: 7783
Required: 7694 Min: 0 Max: 13540 Allocate: 7783
Required: 7683 Min: 0 Max: 13540 Allocate: 7802
Required: 7654 Min: 0 Max: 13540 Allocate: 7669
Required: 7654 Min: 0 Max: 13540 Allocate: 7669
Required: 7629 Min: 0 Max: 13540 Allocate: 7669
Required: 7626 Min: 0 Max: 13540 Allocate: 7669
Required: 7605 Min: 0 Max: 13540 Allocate: 7617
Required: 7580 Min: 0 Max: 13540 Allocate: 7590
Required: 7497 Min: 0 Max: 13540 Allocate: 7501
Required: 7490 Min: 0 Max: 13540 Allocate: 7491
Required: 7477 Min: 0 Max: 13540 Allocate: 7491
Required: 7474 Min: 0 Max: 13540 Allocate: 7491
Required: 7454 Min: 0 Max: 13540 Allocate: 7491
Required: 7430 Min: 0 Max: 13540 Allocate: 7442
Required: 7422 Min: 0 Max: 13540 Allocate: 7442
Required: 7410 Min: 0 Max: 13540 Allocate: 7442
Required: 7407 Min: 0 Max: 13540 Allocate: 7445
Required: 7389 Min: 0 Max: 13540 Allocate: 7445
Required: 7355 Min: 0 Max: 13540 Allocate: 7375
Required: 7343 Min: 0 Max: 13540 Allocate: 7351
Required: 7300 Min: 0 Max: 13540 Allocate: 7304
Required: 7291 Min: 0 Max: 13540 Allocate: 7294
Required: 7261 Min: 0 Max: 13540 Allocate: 7281
Required: 7219 Min: 0 Max: 13540 Allocate: 7223
Required: 7208 Min: 0 Max: 13540 Allocate: 7218
Required: 7162 Min: 0 Max: 13540 Allocate: 7218
Required: 7141 Min: 0 Max: 13540 Allocate: 7155
Required: 7099 Min: 0 Max: 13540 Allocate: 7112
Required: 7083 Min: 0 Max: 13540 Allocate: 7112
Required: 7072 Min: 0 Max: 13540 Allocate: 7112
Required: 7065 Min: 0 Max: 13540 Allocate: 7065
Required: 7053 Min: 0 Max: 13540 Allocate: 7065
Required: 7040 Min: 0 Max: 13540 Allocate: 7065
Required: 7034 Min: 0 Max: 13540 Allocate: 7069
Required: 7031 Min: 0 Max: 13540 Allocate: 7069
Required: 6959 Min: 0 Max: 13540 Allocate: 6976
Required: 6954 Min: 0 Max: 13540 Allocate: 6976
Required: 6940 Min: 0 Max: 13540 Allocate: 6976
Required: 6917 Min: 0 Max: 13540 Allocate: 7069
Required: 6909 Min: 0 Max: 13540 Allocate: 7113
Required: 6905 Min: 0 Max: 13540 Allocate: 7113
Required: 6852 Min: 0 Max: 13540 Allocate: 6856
Required: 6821 Min: 0 Max: 13540 Allocate: 6841
Required: 6805 Min: 0 Max: 13540 Allocate: 6806
Required: 6785 Min: 0 Max: 13540 Allocate: 6800
Required: 6756 Min: 0 Max: 13540 Allocate: 6767
Required: 6679 Min: 0 Max: 13540 Allocate: 6680
Required: 6674 Min: 0 Max: 13540 Allocate: 6680
Required: 6664 Min: 0 Max: 13540 Allocate: 6680
Required: 6664 Min: 0 Max: 13540 Allocate: 6682
Required: 6650 Min: 0 Max: 13540 Allocate: 6660
Required: 6640 Min: 0 Max: 13540 Allocate: 6660
Required: 6586 Min: 0 Max: 13540 Allocate: 6623
Required: 6549 Min: 0 Max: 13540 Allocate: 6584
Required: 6519 Min: 0 Max: 13540 Allocate: 6526
Required: 6455 Min: 0 Max: 13540 Allocate: 6471
Required: 6450 Min: 0 Max: 13540 Allocate: 6471
Required: 6446 Min: 0 Max: 13540 Allocate: 6471
Required: 6413 Min: 0 Max: 13540 Allocate: 6434
Required: 6407 Min: 0 Max: 13540 Allocate: 6434
Required: 6401 Min: 0 Max: 13540 Allocate: 6434
Required: 6381 Min: 0 Max: 13540 Allocate: 6384
Required: 6343 Min: 0 Max: 13540 Allocate: 6371
Required: 6333 Min: 0 Max: 13540 Allocate: 6371
Required: 6321 Min: 0 Max: 13540 Allocate: 6327
Required: 6300 Min: 0 Max: 13540 Allocate: 6312
Required: 6284 Min: 0 Max: 13540 Allocate: 6299
Required: 6242 Min: 0 Max: 13540 Allocate: 6243
Required: 6227 Min: 0 Max: 13540 Allocate: 6235
Required: 6182 Min: 0 Max: 13540 Allocate: 6191
Required: 6125 Min: 0 Max: 13540 Allocate: 6146
Required: 6114 Min: 0 Max: 13540 Allocate: 6146
Required: 6093 Min: 0 Max: 13540 Allocate: 6105
Required: 6067 Min: 0 Max: 13540 Allocate: 6077
Required: 6057 Min: 0 Max: 13540 Allocate: 6077
Required: 6050 Min: 0 Max: 13540 Allocate: 6050
Required: 6041 Min: 0 Max: 13540 Allocate: 6042
Required: 6035 Min: 0 Max: 13540 Allocate: 6042
Required: 6030 Min: 0 Max: 13540 Allocate: 6042
Required: 6011 Min: 0 Max: 13540 Allocate: 6025
Required: 5987 Min: 0 Max: 13540 Allocate: 6006
Required: 5980 Min: 0 Max: 13540 Allocate: 6006
Required: 5969 Min: 0 Max: 13540 Allocate: 6006
Required: 5925 Min: 0 Max: 13540 Allocate: 5944
Required: 5899 Min: 0 Max: 13540 Allocate: 5921
Required: 5890 Min: 0 Max: 13540 Allocate: 5921
Required: 5857 Min: 0 Max: 13540 Allocate: 5861
Required: 5818 Min: 0 Max: 13540 Allocate: 5847
Required: 5780 Min: 0 Max: 13540 Allocate: 5803
Required: 5771 Min: 0 Max: 13540 Allocate: 5773
Required: 5766 Min: 0 Max: 13540 Allocate: 5768
Required: 5679 Min: 0 Max: 13540 Allocate: 5682
Required: 5652 Min: 0 Max: 13540 Allocate: 5682
Required: 5652 Min: 0 Max: 13540 Allocate: 5682
Required: 5652 Min: 0 Max: 13540 Allocate: 5688
Required: 5574 Min: 0 Max: 13540 Allocate: 5579
Required: 5566 Min: 0 Max: 13540 Allocate: 5568
Required: 5556 Min: 0 Max: 13540 Allocate: 5568
Required: 5553 Min: 0 Max: 13540 Allocate: 5568
Required: 5549 Min: 0 Max: 13540 Allocate: 5549
Required: 5542 Min: 0 Max: 13540 Allocate: 5549
Required: 5532 Min: 0 Max: 13540 Allocate: 5549
Required: 5508 Min: 0 Max: 13540 Allocate: 5523
Required: 5492 Min: 0 Max: 13540 Allocate: 5523
Required: 5480 Min: 0 Max: 13540 Allocate: 5483
Required: 5477 Min: 0 Max: 13540 Allocate: 5483
Required: 5471 Min: 0 Max: 13540 Allocate: 5483
Required: 5464 Min: 0 Max: 13540 Allocate: 5487
Required: 5361 Min: 0 Max: 13540 Allocate: 5411
Required: 5322 Min: 0 Max: 13540 Allocate: 5336
Required: 5288 Min: 0 Max: 13540 Allocate: 5295
Required: 5286 Min: 0 Max: 13540 Allocate: 5295
Required: 5274 Min: 0 Max: 13540 Allocate: 5278
Required: 5248 Min: 0 Max: 13540 Allocate: 5252
Required: 5221 Min: 0 Max: 13540 Allocate: 5252
Required: 5191 Min: 0 Max: 13540 Allocate: 5201
Required: 5172 Min: 0 Max: 13540 Allocate: 5178
Required: 5164 Min: 0 Max: 13540 Allocate: 5178
Required: 5134 Min: 0 Max: 13540 Allocate: 5178
Required: 5132 Min: 0 Max: 13540 Allocate: 5201
Required: 5125 Min: 0 Max: 13540 Allocate: 5126
Required: 5118 Min: 0 Max: 13540 Allocate: 5118
Required: 5062 Min: 0 Max: 13540 Allocate: 5072
Required: 5014 Min: 0 Max: 13540 Allocate: 5014
Required: 4948 Min: 0 Max: 13540 Allocate: 5003
Required: 4870 Min: 0 Max: 13540 Allocate: 4873
Required: 4809 Min: 0 Max: 13540 Allocate: 4813
Required: 4788 Min: 0 Max: 13540 Allocate: 4788
Required: 4784 Min: 0 Max: 13540 Allocate: 4788
Required: 4784 Min: 0 Max: 13540 Allocate: 4788
Required: 4779 Min: 0 Max: 13540 Allocate: 4796
Required: 4743 Min: 0 Max: 13540 Allocate: 4765
Required: 4731 Min: 0 Max: 13540 Allocate: 4734
Required: 4718 Min: 0 Max: 13540 Allocate: 4727
Required: 4717 Min: 0 Max: 13540 Allocate: 4727
Required: 4706 Min: 0 Max: 13540 Allocate: 4710
Required: 4690 Min: 0 Max: 13540 Allocate: 4710
Required: 4682 Min: 0 Max: 13540 Allocate: 4710
Required: 4679 Min: 0 Max: 13540 Allocate: 4727
Required: 4663 Min: 0 Max: 13540 Allocate: 4734
Required: 4615 Min: 0 Max: 13540 Allocate: 4616
Required: 4614 Min: 0 Max: 13540 Allocate: 4616
Required: 4609 Min: 0 Max: 13540 Allocate: 4616
Required: 4578 Min: 0 Max: 13540 Allocate: 4586
Required: 4564 Min: 0 Max: 13540 Allocate: 4566
Required: 4531 Min: 0 Max: 13540 Allocate: 4538
Required: 4423 Min: 0 Max: 13540 Allocate: 4452
Required: 4422 Min: 0 Max: 13540 Allocate: 4422
Required: 4417 Min: 0 Max: 13540 Allocate: 4453
Required: 4417 Min: 0 Max: 13540 Allocate: 4453
Required: 4406 Min: 0 Max: 13540 Allocate: 4454
Required: 4394 Min: 0 Max: 13540 Allocate: 4395
Required: 4382 Min: 0 Max: 13540 Allocate: 4383
Required: 4381 Min: 0 Max: 13540 Allocate: 4381
Required: 4381 Min: 0 Max: 13540 Allocate: 4383
Required: 4373 Min: 0 Max: 13540 Allocate: 4376
Required: 4327 Min: 0 Max: 13540 Allocate: 4330
Required: 4305 Min: 0 Max: 13540 Allocate: 4305
Required: 4302 Min: 0 Max: 13540 Allocate: 4302
Required: 4297 Min: 0 Max: 13540 Allocate: 4302
Required: 4272 Min: 0 Max: 13540 Allocate: 4272
Required: 4265 Min: 0 Max: 13540 Allocate: 4266
Required: 4243 Min: 0 Max: 13540 Allocate: 4248
Required: 4238 Min: 0 Max: 13540 Allocate: 4266
Required: 4200 Min: 0 Max: 13540 Allocate: 4204
Required: 4199 Min: 0 Max: 13540 Allocate: 4208
Required: 4169 Min: 0 Max: 13540 Allocate: 4169
Required: 4133 Min: 0 Max: 13540 Allocate: 4146
Required: 4034 Min: 0 Max: 13540 Allocate: 4037
Allocation accuracy new method: 595
views wasted:315
Loaded all files
got patterns
Required: 17976 Min: 502 Max: 28738 Allocate: 18250
Required: 17928 Min: 0 Max: 28738 Allocate: 18491
Required: 17910 Min: 0 Max: 28738 Allocate: 18921
Required: 17878 Min: 0 Max: 28738 Allocate: 19326
Required: 17867 Min: 0 Max: 28738 Allocate: 20125
Required: 17863 Min: 0 Max: 28738 Allocate: 20216
Required: 17830 Min: 0 Max: 28738 Allocate: 23121
Required: 17816 Min: 0 Max: 28738 Allocate: 23384
Required: 17800 Min: 0 Max: 28738 Allocate: 28738
Required: 17794 Min: 0 Max: 17427 Allocate: None
Required: 17750 Min: 0 Max: 17427 Allocate: None
Required: 17732 Min: 0 Max: 17427 Allocate: None
Required: 17730 Min: 0 Max: 17427 Allocate: None
Required: 17719 Min: 0 Max: 17427 Allocate: None
Required: 17699 Min: 0 Max: 17427 Allocate: None
Required: 17667 Min: 0 Max: 17427 Allocate: None
Required: 17642 Min: 0 Max: 17427 Allocate: None
Required: 17630 Min: 0 Max: 17427 Allocate: None
Required: 17582 Min: 0 Max: 17427 Allocate: None
Required: 17579 Min: 0 Max: 17427 Allocate: None
Required: 17567 Min: 0 Max: 17427 Allocate: None
Required: 17557 Min: 0 Max: 17427 Allocate: None
Required: 17469 Min: 0 Max: 17427 Allocate: None
Required: 17425 Min: 0 Max: 17427 Allocate: 17427
Required: 17422 Min: 0 Max: 17343 Allocate: None
Required: 17402 Min: 0 Max: 17343 Allocate: None
Required: 17390 Min: 0 Max: 17343 Allocate: None
Required: 17382 Min: 0 Max: 17343 Allocate: None
Required: 17382 Min: 0 Max: 17343 Allocate: None
Required: 17375 Min: 0 Max: 17343 Allocate: None
Required: 17373 Min: 0 Max: 17343 Allocate: None
Required: 17348 Min: 0 Max: 17343 Allocate: None
Required: 17346 Min: 0 Max: 17343 Allocate: None
Required: 17340 Min: 0 Max: 17343 Allocate: 17343
Required: 17336 Min: 0 Max: 17203 Allocate: None
Required: 17330 Min: 0 Max: 17203 Allocate: None
Required: 17281 Min: 0 Max: 17203 Allocate: None
Required: 17266 Min: 0 Max: 17203 Allocate: None
Required: 17247 Min: 0 Max: 17203 Allocate: None
Required: 17237 Min: 0 Max: 17203 Allocate: None
Required: 17205 Min: 0 Max: 17203 Allocate: None
Required: 17188 Min: 0 Max: 17203 Allocate: 17203
Required: 17177 Min: 0 Max: 17116 Allocate: None
Required: 17166 Min: 0 Max: 17116 Allocate: None
Required: 17149 Min: 0 Max: 17116 Allocate: None
Required: 17124 Min: 0 Max: 17116 Allocate: None
Required: 17112 Min: 0 Max: 17116 Allocate: 17116
Required: 17074 Min: 0 Max: 16638 Allocate: None
Required: 17038 Min: 0 Max: 16638 Allocate: None
Required: 17025 Min: 0 Max: 16638 Allocate: None
Required: 17011 Min: 0 Max: 16638 Allocate: None
Required: 17009 Min: 0 Max: 16638 Allocate: None
Required: 16996 Min: 0 Max: 16638 Allocate: None
Required: 16960 Min: 0 Max: 16638 Allocate: None
Required: 16950 Min: 0 Max: 16638 Allocate: None
Required: 16945 Min: 0 Max: 16638 Allocate: None
Required: 16938 Min: 0 Max: 16638 Allocate: None
Required: 16923 Min: 0 Max: 16638 Allocate: None
Required: 16903 Min: 0 Max: 16638 Allocate: None
Required: 16892 Min: 0 Max: 16638 Allocate: None
Required: 16822 Min: 0 Max: 16638 Allocate: None
Required: 16821 Min: 0 Max: 16638 Allocate: None
Required: 16815 Min: 0 Max: 16638 Allocate: None
Required: 16770 Min: 0 Max: 16638 Allocate: None
Required: 16769 Min: 0 Max: 16638 Allocate: None
Required: 16739 Min: 0 Max: 16638 Allocate: None
Required: 16715 Min: 0 Max: 16638 Allocate: None
Required: 16710 Min: 0 Max: 16638 Allocate: None
Required: 16687 Min: 0 Max: 16638 Allocate: None
Required: 16658 Min: 0 Max: 16638 Allocate: None
Required: 16635 Min: 0 Max: 16638 Allocate: 16638
Required: 16627 Min: 0 Max: 16311 Allocate: None
Required: 16581 Min: 0 Max: 16311 Allocate: None
Required: 16529 Min: 0 Max: 16311 Allocate: None
Required: 16515 Min: 0 Max: 16311 Allocate: None
Required: 16489 Min: 0 Max: 16311 Allocate: None
Required: 16479 Min: 0 Max: 16311 Allocate: None
Required: 16478 Min: 0 Max: 16311 Allocate: None
Required: 16464 Min: 0 Max: 16311 Allocate: None
Required: 16438 Min: 0 Max: 16311 Allocate: None
Required: 16417 Min: 0 Max: 16311 Allocate: None
Required: 16416 Min: 0 Max: 16311 Allocate: None
Required: 16368 Min: 0 Max: 16311 Allocate: None
Required: 16355 Min: 0 Max: 16311 Allocate: None
Required: 16339 Min: 0 Max: 16311 Allocate: None
Required: 16316 Min: 0 Max: 16311 Allocate: None
Required: 16286 Min: 0 Max: 16311 Allocate: 16311
Required: 16270 Min: 0 Max: 16203 Allocate: None
Required: 16227 Min: 0 Max: 16203 Allocate: None
Required: 16218 Min: 0 Max: 16203 Allocate: None
Required: 16213 Min: 0 Max: 16203 Allocate: None
Required: 16201 Min: 0 Max: 16203 Allocate: 16203
Required: 16180 Min: 0 Max: 16040 Allocate: None
Required: 16178 Min: 0 Max: 16040 Allocate: None
Required: 16157 Min: 0 Max: 16040 Allocate: None
Required: 16127 Min: 0 Max: 16040 Allocate: None
Required: 16125 Min: 0 Max: 16040 Allocate: None
Required: 16116 Min: 0 Max: 16040 Allocate: None
Required: 16102 Min: 0 Max: 16040 Allocate: None
Required: 16095 Min: 0 Max: 16040 Allocate: None
Required: 16066 Min: 0 Max: 16040 Allocate: None
Required: 16055 Min: 0 Max: 16040 Allocate: None
Required: 16042 Min: 0 Max: 16040 Allocate: None
Required: 16040 Min: 0 Max: 16040 Allocate: 16040
Required: 16002 Min: 0 Max: 15706 Allocate: None
Required: 15964 Min: 0 Max: 15706 Allocate: None
Required: 15961 Min: 0 Max: 15706 Allocate: None
Required: 15958 Min: 0 Max: 15706 Allocate: None
Required: 15940 Min: 0 Max: 15706 Allocate: None
Required: 15940 Min: 0 Max: 15706 Allocate: None
Required: 15935 Min: 0 Max: 15706 Allocate: None
Required: 15932 Min: 0 Max: 15706 Allocate: None
Required: 15914 Min: 0 Max: 15706 Allocate: None
Required: 15858 Min: 0 Max: 15706 Allocate: None
Required: 15819 Min: 0 Max: 15706 Allocate: None
Required: 15802 Min: 0 Max: 15706 Allocate: None
Required: 15788 Min: 0 Max: 15706 Allocate: None
Required: 15758 Min: 0 Max: 15706 Allocate: None
Required: 15753 Min: 0 Max: 15706 Allocate: None
Required: 15741 Min: 0 Max: 15706 Allocate: None
Required: 15739 Min: 0 Max: 15706 Allocate: None
Required: 15728 Min: 0 Max: 15706 Allocate: None
Required: 15720 Min: 0 Max: 15706 Allocate: None
Required: 15711 Min: 0 Max: 15706 Allocate: None
Required: 15705 Min: 0 Max: 15706 Allocate: 15706
Required: 15646 Min: 0 Max: 15259 Allocate: None
Required: 15643 Min: 0 Max: 15259 Allocate: None
Required: 15624 Min: 0 Max: 15259 Allocate: None
Required: 15561 Min: 0 Max: 15259 Allocate: None
Required: 15555 Min: 0 Max: 15259 Allocate: None
Required: 15550 Min: 0 Max: 15259 Allocate: None
Required: 15517 Min: 0 Max: 15259 Allocate: None
Required: 15515 Min: 0 Max: 15259 Allocate: None
Required: 15479 Min: 0 Max: 15259 Allocate: None
Required: 15449 Min: 0 Max: 15259 Allocate: None
Required: 15448 Min: 0 Max: 15259 Allocate: None
Required: 15445 Min: 0 Max: 15259 Allocate: None
Required: 15431 Min: 0 Max: 15259 Allocate: None
Required: 15418 Min: 0 Max: 15259 Allocate: None
Required: 15397 Min: 0 Max: 15259 Allocate: None
Required: 15370 Min: 0 Max: 15259 Allocate: None
Required: 15335 Min: 0 Max: 15259 Allocate: None
Required: 15333 Min: 0 Max: 15259 Allocate: None
Required: 15331 Min: 0 Max: 15259 Allocate: None
Required: 15312 Min: 0 Max: 15259 Allocate: None
Required: 15281 Min: 0 Max: 15259 Allocate: None
Required: 15281 Min: 0 Max: 15259 Allocate: None
Required: 15277 Min: 0 Max: 15259 Allocate: None
Required: 15273 Min: 0 Max: 15259 Allocate: None
Required: 15264 Min: 0 Max: 15259 Allocate: None
Required: 15253 Min: 0 Max: 15259 Allocate: 15259
Required: 15233 Min: 0 Max: 14992 Allocate: None
Required: 15229 Min: 0 Max: 14992 Allocate: None
Required: 15202 Min: 0 Max: 14992 Allocate: None
Required: 15183 Min: 0 Max: 14992 Allocate: None
Required: 15157 Min: 0 Max: 14992 Allocate: None
Required: 15141 Min: 0 Max: 14992 Allocate: None
Required: 15108 Min: 0 Max: 14992 Allocate: None
Required: 15102 Min: 0 Max: 14992 Allocate: None
Required: 15088 Min: 0 Max: 14992 Allocate: None
Required: 15056 Min: 0 Max: 14992 Allocate: None
Required: 15055 Min: 0 Max: 14992 Allocate: None
Required: 15023 Min: 0 Max: 14992 Allocate: None
Required: 15000 Min: 0 Max: 14992 Allocate: None
Required: 14984 Min: 0 Max: 14992 Allocate: 14992
Required: 14978 Min: 0 Max: 14727 Allocate: None
Required: 14946 Min: 0 Max: 14727 Allocate: None
Required: 14941 Min: 0 Max: 14727 Allocate: None
Required: 14939 Min: 0 Max: 14727 Allocate: None
Required: 14887 Min: 0 Max: 14727 Allocate: None
Required: 14886 Min: 0 Max: 14727 Allocate: None
Required: 14884 Min: 0 Max: 14727 Allocate: None
Required: 14865 Min: 0 Max: 14727 Allocate: None
Required: 14812 Min: 0 Max: 14727 Allocate: None
Required: 14812 Min: 0 Max: 14727 Allocate: None
Required: 14769 Min: 0 Max: 14727 Allocate: None
Required: 14764 Min: 0 Max: 14727 Allocate: None
Required: 14763 Min: 0 Max: 14727 Allocate: None
Required: 14702 Min: 0 Max: 14727 Allocate: 14727
Required: 14675 Min: 0 Max: 14682 Allocate: 14680
Required: 14662 Min: 0 Max: 14682 Allocate: 14682
Required: 14632 Min: 0 Max: 14249 Allocate: None
Required: 14626 Min: 0 Max: 14249 Allocate: None
Required: 14621 Min: 0 Max: 14249 Allocate: None
Required: 14610 Min: 0 Max: 14249 Allocate: None
Required: 14598 Min: 0 Max: 14249 Allocate: None
Required: 14595 Min: 0 Max: 14249 Allocate: None
Required: 14592 Min: 0 Max: 14249 Allocate: None
Required: 14564 Min: 0 Max: 14249 Allocate: None
Required: 14548 Min: 0 Max: 14249 Allocate: None
Required: 14536 Min: 0 Max: 14249 Allocate: None
Required: 14518 Min: 0 Max: 14249 Allocate: None
Required: 14515 Min: 0 Max: 14249 Allocate: None
Required: 14489 Min: 0 Max: 14249 Allocate: None
Required: 14443 Min: 0 Max: 14249 Allocate: None
Required: 14435 Min: 0 Max: 14249 Allocate: None
Required: 14374 Min: 0 Max: 14249 Allocate: None
Required: 14371 Min: 0 Max: 14249 Allocate: None
Required: 14340 Min: 0 Max: 14249 Allocate: None
Required: 14335 Min: 0 Max: 14249 Allocate: None
Required: 14324 Min: 0 Max: 14249 Allocate: None
Required: 14303 Min: 0 Max: 14249 Allocate: None
Required: 14267 Min: 0 Max: 14249 Allocate: None
Required: 14235 Min: 0 Max: 14249 Allocate: 14249
Required: 14211 Min: 0 Max: 13775 Allocate: None
Required: 14159 Min: 0 Max: 13775 Allocate: None
Required: 14156 Min: 0 Max: 13775 Allocate: None
Required: 14133 Min: 0 Max: 13775 Allocate: None
Required: 14075 Min: 0 Max: 13775 Allocate: None
Required: 14027 Min: 0 Max: 13775 Allocate: None
Required: 14004 Min: 0 Max: 13775 Allocate: None
Required: 14000 Min: 0 Max: 13775 Allocate: None
Required: 13998 Min: 0 Max: 13775 Allocate: None
Required: 13997 Min: 0 Max: 13775 Allocate: None
Required: 13966 Min: 0 Max: 13775 Allocate: None
Required: 13948 Min: 0 Max: 13775 Allocate: None
Required: 13918 Min: 0 Max: 13775 Allocate: None
Required: 13886 Min: 0 Max: 13775 Allocate: None
Required: 13857 Min: 0 Max: 13775 Allocate: None
Required: 13846 Min: 0 Max: 13775 Allocate: None
Required: 13832 Min: 0 Max: 13775 Allocate: None
Required: 13804 Min: 0 Max: 13775 Allocate: None
Required: 13779 Min: 0 Max: 13775 Allocate: None
Required: 13738 Min: 0 Max: 13775 Allocate: 13771
Required: 13724 Min: 0 Max: 13775 Allocate: 13775
Required: 13689 Min: 0 Max: 13540 Allocate: None
Required: 13681 Min: 0 Max: 13540 Allocate: None
Required: 13679 Min: 0 Max: 13540 Allocate: None
Required: 13660 Min: 0 Max: 13540 Allocate: None
Required: 13615 Min: 0 Max: 13540 Allocate: None
Required: 13595 Min: 0 Max: 13540 Allocate: None
Required: 13572 Min: 0 Max: 13540 Allocate: None
Required: 13565 Min: 0 Max: 13540 Allocate: None
Required: 13546 Min: 0 Max: 13540 Allocate: None
Required: 13545 Min: 0 Max: 13540 Allocate: None
Required: 13512 Min: 0 Max: 13540 Allocate: 13529
Required: 13503 Min: 0 Max: 13540 Allocate: 13540
Required: 13488 Min: 0 Max: 13478 Allocate: None
Required: 13456 Min: 0 Max: 13478 Allocate: 13478
Required: 13446 Min: 0 Max: 13436 Allocate: None
Required: 13430 Min: 0 Max: 13436 Allocate: 13436
Required: 13400 Min: 0 Max: 13384 Allocate: None
Required: 13380 Min: 0 Max: 13384 Allocate: 13384
Required: 13374 Min: 0 Max: 13343 Allocate: None
Required: 13334 Min: 0 Max: 13343 Allocate: 13343
Required: 13330 Min: 0 Max: 13324 Allocate: None
Required: 13309 Min: 0 Max: 13324 Allocate: 13324
Required: 13290 Min: 0 Max: 13204 Allocate: None
Required: 13282 Min: 0 Max: 13204 Allocate: None
Required: 13273 Min: 0 Max: 13204 Allocate: None
Required: 13255 Min: 0 Max: 13204 Allocate: None
Required: 13219 Min: 0 Max: 13204 Allocate: None
Required: 13208 Min: 0 Max: 13204 Allocate: None
Required: 13200 Min: 0 Max: 13204 Allocate: 13204
Required: 13174 Min: 0 Max: 13014 Allocate: None
Required: 13144 Min: 0 Max: 13014 Allocate: None
Required: 13135 Min: 0 Max: 13014 Allocate: None
Required: 13119 Min: 0 Max: 13014 Allocate: None
Required: 13087 Min: 0 Max: 13014 Allocate: None
Required: 13083 Min: 0 Max: 13014 Allocate: None
Required: 13063 Min: 0 Max: 13014 Allocate: None
Required: 13062 Min: 0 Max: 13014 Allocate: None
Required: 13028 Min: 0 Max: 13014 Allocate: None
Required: 13026 Min: 0 Max: 13014 Allocate: None
Required: 13018 Min: 0 Max: 13014 Allocate: None
Required: 13009 Min: 0 Max: 13014 Allocate: 13014
Required: 12959 Min: 0 Max: 12980 Allocate: 12980
Required: 12930 Min: 0 Max: 12819 Allocate: None
Required: 12927 Min: 0 Max: 12819 Allocate: None
Required: 12904 Min: 0 Max: 12819 Allocate: None
Required: 12890 Min: 0 Max: 12819 Allocate: None
Required: 12885 Min: 0 Max: 12819 Allocate: None
Required: 12865 Min: 0 Max: 12819 Allocate: None
Required: 12835 Min: 0 Max: 12819 Allocate: None
Required: 12830 Min: 0 Max: 12819 Allocate: None
Required: 12789 Min: 0 Max: 12819 Allocate: 12819
Required: 12777 Min: 0 Max: 12724 Allocate: None
Required: 12775 Min: 0 Max: 12724 Allocate: None
Required: 12756 Min: 0 Max: 12724 Allocate: None
Required: 12739 Min: 0 Max: 12724 Allocate: None
Required: 12711 Min: 0 Max: 12724 Allocate: 12724
Required: 12708 Min: 0 Max: 12637 Allocate: None
Required: 12655 Min: 0 Max: 12637 Allocate: None
Required: 12652 Min: 0 Max: 12637 Allocate: None
Required: 12625 Min: 0 Max: 12637 Allocate: 12637
Required: 12561 Min: 0 Max: 12540 Allocate: None
Required: 12551 Min: 0 Max: 12540 Allocate: None
Required: 12536 Min: 0 Max: 12540 Allocate: 12540
Required: 12517 Min: 0 Max: 12494 Allocate: None
Required: 12511 Min: 0 Max: 12494 Allocate: None
Required: 12505 Min: 0 Max: 12494 Allocate: None
Required: 12493 Min: 0 Max: 12494 Allocate: 12494
Required: 12490 Min: 0 Max: 12455 Allocate: None
Required: 12483 Min: 0 Max: 12455 Allocate: None
Required: 12482 Min: 0 Max: 12455 Allocate: None
Required: 12475 Min: 0 Max: 12455 Allocate: None
Required: 12459 Min: 0 Max: 12455 Allocate: None
Required: 12456 Min: 0 Max: 12455 Allocate: None
Required: 12404 Min: 0 Max: 12455 Allocate: 12455
Required: 12337 Min: 0 Max: 12364 Allocate: 12364
Required: 12335 Min: 0 Max: 12320 Allocate: None
Required: 12328 Min: 0 Max: 12320 Allocate: None
Required: 12324 Min: 0 Max: 12320 Allocate: None
Required: 12296 Min: 0 Max: 12320 Allocate: 12303
Required: 12258 Min: 0 Max: 12320 Allocate: 12320
Required: 12247 Min: 0 Max: 12212 Allocate: None
Required: 12217 Min: 0 Max: 12212 Allocate: None
Required: 12206 Min: 0 Max: 12212 Allocate: 12212
Required: 12168 Min: 0 Max: 12140 Allocate: None
Required: 12167 Min: 0 Max: 12140 Allocate: None
Required: 12164 Min: 0 Max: 12140 Allocate: None
Required: 12147 Min: 0 Max: 12140 Allocate: None
Required: 12125 Min: 0 Max: 12140 Allocate: 12140
Required: 12115 Min: 0 Max: 12140 Allocate: 12140
Required: 12107 Min: 0 Max: 11886 Allocate: None
Required: 12103 Min: 0 Max: 11886 Allocate: None
Required: 12100 Min: 0 Max: 11886 Allocate: None
Required: 12044 Min: 0 Max: 11886 Allocate: None
Required: 12033 Min: 0 Max: 11886 Allocate: None
Required: 12028 Min: 0 Max: 11886 Allocate: None
Required: 12017 Min: 0 Max: 11886 Allocate: None
Required: 11994 Min: 0 Max: 11886 Allocate: None
Required: 11980 Min: 0 Max: 11886 Allocate: None
Required: 11966 Min: 0 Max: 11886 Allocate: None
Required: 11964 Min: 0 Max: 11886 Allocate: None
Required: 11922 Min: 0 Max: 11886 Allocate: None
Required: 11911 Min: 0 Max: 11886 Allocate: None
Required: 11910 Min: 0 Max: 11886 Allocate: None
Required: 11900 Min: 0 Max: 11886 Allocate: None
Required: 11895 Min: 0 Max: 11886 Allocate: None
Required: 11843 Min: 0 Max: 11886 Allocate: 11886
Required: 11842 Min: 0 Max: 11823 Allocate: None
Required: 11838 Min: 0 Max: 11823 Allocate: None
Required: 11804 Min: 0 Max: 11823 Allocate: 11823
Required: 11793 Min: 0 Max: 11778 Allocate: None
Required: 11789 Min: 0 Max: 11778 Allocate: None
Required: 11762 Min: 0 Max: 11778 Allocate: 11778
Required: 11758 Min: 0 Max: 11710 Allocate: None
Required: 11754 Min: 0 Max: 11710 Allocate: None
Required: 11743 Min: 0 Max: 11710 Allocate: None
Required: 11729 Min: 0 Max: 11710 Allocate: None
Required: 11707 Min: 0 Max: 11710 Allocate: 11710
Required: 11705 Min: 0 Max: 11590 Allocate: None
Required: 11679 Min: 0 Max: 11590 Allocate: None
Required: 11609 Min: 0 Max: 11590 Allocate: None
Required: 11593 Min: 0 Max: 11590 Allocate: None
Required: 11569 Min: 0 Max: 11590 Allocate: 11585
Required: 11542 Min: 0 Max: 11590 Allocate: 11543
Required: 11479 Min: 0 Max: 11590 Allocate: 11540
Required: 11441 Min: 0 Max: 11590 Allocate: 11590
Required: 11400 Min: 0 Max: 11383 Allocate: None
Required: 11397 Min: 0 Max: 11383 Allocate: None
Required: 11375 Min: 0 Max: 11383 Allocate: 11383
Required: 11354 Min: 0 Max: 11307 Allocate: None
Required: 11339 Min: 0 Max: 11307 Allocate: None
Required: 11297 Min: 0 Max: 11307 Allocate: 11307
Required: 11283 Min: 0 Max: 11264 Allocate: None
Required: 11275 Min: 0 Max: 11264 Allocate: None
Required: 11158 Min: 0 Max: 11264 Allocate: 11166
Required: 11148 Min: 0 Max: 11264 Allocate: 11264
Required: 11136 Min: 0 Max: 11138 Allocate: 11138
Required: 11128 Min: 0 Max: 11040 Allocate: None
Required: 11089 Min: 0 Max: 11040 Allocate: None
Required: 11078 Min: 0 Max: 11040 Allocate: None
Required: 11065 Min: 0 Max: 11040 Allocate: None
Required: 11044 Min: 0 Max: 11040 Allocate: None
Required: 10997 Min: 0 Max: 11040 Allocate: 11040
Required: 10986 Min: 0 Max: 10963 Allocate: None
Required: 10971 Min: 0 Max: 10963 Allocate: None
Required: 10970 Min: 0 Max: 10963 Allocate: None
Required: 10962 Min: 0 Max: 10963 Allocate: 10963
Required: 10909 Min: 0 Max: 10963 Allocate: 10940
Required: 10889 Min: 0 Max: 10963 Allocate: 10963
Required: 10886 Min: 0 Max: 10805 Allocate: None
Required: 10835 Min: 0 Max: 10805 Allocate: None
Required: 10819 Min: 0 Max: 10805 Allocate: None
Required: 10811 Min: 0 Max: 10805 Allocate: None
Required: 10795 Min: 0 Max: 10805 Allocate: 10805
Required: 10785 Min: 0 Max: 10646 Allocate: None
Required: 10781 Min: 0 Max: 10646 Allocate: None
Required: 10750 Min: 0 Max: 10646 Allocate: None
Required: 10738 Min: 0 Max: 10646 Allocate: None
Required: 10724 Min: 0 Max: 10646 Allocate: None
Required: 10721 Min: 0 Max: 10646 Allocate: None
Required: 10703 Min: 0 Max: 10646 Allocate: None
Required: 10603 Min: 0 Max: 10646 Allocate: 10646
Required: 10596 Min: 0 Max: 10519 Allocate: None
Required: 10575 Min: 0 Max: 10519 Allocate: None
Required: 10557 Min: 0 Max: 10519 Allocate: None
Required: 10552 Min: 0 Max: 10519 Allocate: None
Required: 10545 Min: 0 Max: 10519 Allocate: None
Required: 10539 Min: 0 Max: 10519 Allocate: None
Required: 10521 Min: 0 Max: 10519 Allocate: None
Required: 10515 Min: 0 Max: 10519 Allocate: 10519
Required: 10514 Min: 0 Max: 10502 Allocate: None
Required: 10489 Min: 0 Max: 10502 Allocate: 10502
Required: 10482 Min: 0 Max: 10480 Allocate: None
Required: 10470 Min: 0 Max: 10480 Allocate: 10480
Required: 10453 Min: 0 Max: 10409 Allocate: None
Required: 10400 Min: 0 Max: 10409 Allocate: 10404
Required: 10385 Min: 0 Max: 10409 Allocate: 10409
Required: 10377 Min: 0 Max: 10377 Allocate: 10377
Required: 10347 Min: 0 Max: 10358 Allocate: 10358
Required: 10299 Min: 0 Max: 10332 Allocate: 10332
Required: 10289 Min: 0 Max: 10284 Allocate: None
Required: 10279 Min: 0 Max: 10284 Allocate: 10284
Required: 10254 Min: 0 Max: 10243 Allocate: None
Required: 10253 Min: 0 Max: 10243 Allocate: None
Required: 10239 Min: 0 Max: 10243 Allocate: 10243
Required: 10152 Min: 0 Max: 10226 Allocate: 10165
Required: 10150 Min: 0 Max: 10226 Allocate: 10212
Required: 10118 Min: 0 Max: 10226 Allocate: 10223
Required: 10087 Min: 0 Max: 10226 Allocate: 10226
Required: 10076 Min: 0 Max: 10072 Allocate: None
Required: 10067 Min: 0 Max: 10072 Allocate: 10072
Required: 10052 Min: 0 Max: 9837 Allocate: None
Required: 10046 Min: 0 Max: 9837 Allocate: None
Required: 10045 Min: 0 Max: 9837 Allocate: None
Required: 10002 Min: 0 Max: 9837 Allocate: None
Required: 9973 Min: 0 Max: 9837 Allocate: None
Required: 9960 Min: 0 Max: 9837 Allocate: None
Required: 9912 Min: 0 Max: 9837 Allocate: None
Required: 9911 Min: 0 Max: 9837 Allocate: None
Required: 9894 Min: 0 Max: 9837 Allocate: None
Required: 9861 Min: 0 Max: 9837 Allocate: None
Required: 9807 Min: 0 Max: 9837 Allocate: 9828
Required: 9784 Min: 0 Max: 9837 Allocate: 9789
Required: 9780 Min: 0 Max: 9837 Allocate: 9837
Required: 9722 Min: 0 Max: 9749 Allocate: 9730
Required: 9709 Min: 0 Max: 9749 Allocate: 9720
Required: 9687 Min: 0 Max: 9749 Allocate: 9734
Required: 9672 Min: 0 Max: 9749 Allocate: 9749
Required: 9614 Min: 0 Max: 9659 Allocate: 9614
Required: 9580 Min: 0 Max: 9659 Allocate: 9659
Required: 9569 Min: 0 Max: 9502 Allocate: None
Required: 9566 Min: 0 Max: 9502 Allocate: None
Required: 9560 Min: 0 Max: 9502 Allocate: None
Required: 9550 Min: 0 Max: 9502 Allocate: None
Required: 9511 Min: 0 Max: 9502 Allocate: None
Required: 9509 Min: 0 Max: 9502 Allocate: None
Required: 9450 Min: 0 Max: 9502 Allocate: 9502
Required: 9440 Min: 0 Max: 9445 Allocate: 9441
Required: 9423 Min: 0 Max: 9445 Allocate: 9445
Required: 9417 Min: 0 Max: 9404 Allocate: None
Required: 9394 Min: 0 Max: 9404 Allocate: 9404
Required: 9386 Min: 0 Max: 9391 Allocate: 9391
Required: 9371 Min: 0 Max: 9357 Allocate: None
Required: 9340 Min: 0 Max: 9357 Allocate: 9357
Required: 9297 Min: 0 Max: 9357 Allocate: 9319
Required: 9296 Min: 0 Max: 9357 Allocate: 9328
Required: 9280 Min: 0 Max: 9357 Allocate: 9282
Required: 9275 Min: 0 Max: 9357 Allocate: 9332
Required: 9270 Min: 0 Max: 9357 Allocate: 9273
Required: 9263 Min: 0 Max: 9357 Allocate: 9357
Required: 9246 Min: 0 Max: 9154 Allocate: None
Required: 9222 Min: 0 Max: 9154 Allocate: None
Required: 9140 Min: 0 Max: 9154 Allocate: 9154
Required: 9108 Min: 0 Max: 9128 Allocate: 9128
Required: 9099 Min: 0 Max: 9059 Allocate: None
Required: 9091 Min: 0 Max: 9059 Allocate: None
Required: 9069 Min: 0 Max: 9059 Allocate: None
Required: 9066 Min: 0 Max: 9059 Allocate: None
Required: 9051 Min: 0 Max: 9059 Allocate: 9056
Required: 9047 Min: 0 Max: 9059 Allocate: 9059
Required: 9041 Min: 0 Max: 9059 Allocate: 9059
Required: 9022 Min: 0 Max: 9035 Allocate: 9035
Required: 9008 Min: 0 Max: 9001 Allocate: None
Required: 8986 Min: 0 Max: 9001 Allocate: 9001
Required: 8972 Min: 0 Max: 8975 Allocate: 8975
Required: 8961 Min: 0 Max: 8895 Allocate: None
Required: 8911 Min: 0 Max: 8895 Allocate: None
Required: 8900 Min: 0 Max: 8895 Allocate: None
Required: 8890 Min: 0 Max: 8895 Allocate: 8895
Required: 8888 Min: 0 Max: 8856 Allocate: None
Required: 8886 Min: 0 Max: 8856 Allocate: None
Required: 8876 Min: 0 Max: 8856 Allocate: None
Required: 8867 Min: 0 Max: 8856 Allocate: None
Required: 8840 Min: 0 Max: 8856 Allocate: 8856
Required: 8833 Min: 0 Max: 8767 Allocate: None
Required: 8808 Min: 0 Max: 8767 Allocate: None
Required: 8767 Min: 0 Max: 8767 Allocate: 8767
Required: 8759 Min: 0 Max: 8744 Allocate: None
Required: 8754 Min: 0 Max: 8744 Allocate: None
Required: 8753 Min: 0 Max: 8744 Allocate: None
Required: 8740 Min: 0 Max: 8744 Allocate: 8744
Required: 8713 Min: 0 Max: 8703 Allocate: None
Required: 8660 Min: 0 Max: 8703 Allocate: 8662
Required: 8635 Min: 0 Max: 8703 Allocate: 8639
Required: 8635 Min: 0 Max: 8703 Allocate: 8703
Required: 8604 Min: 0 Max: 8579 Allocate: None
Required: 8588 Min: 0 Max: 8579 Allocate: None
Required: 8574 Min: 0 Max: 8579 Allocate: 8579
Required: 8537 Min: 0 Max: 8529 Allocate: None
Required: 8486 Min: 0 Max: 8529 Allocate: 8493
Required: 8476 Min: 0 Max: 8529 Allocate: 8529
Required: 8474 Min: 0 Max: 8436 Allocate: None
Required: 8457 Min: 0 Max: 8436 Allocate: None
Required: 8452 Min: 0 Max: 8436 Allocate: None
Required: 8401 Min: 0 Max: 8436 Allocate: 8426
Required: 8376 Min: 0 Max: 8436 Allocate: 8436
Required: 8361 Min: 0 Max: 8362 Allocate: 8362
Required: 8355 Min: 0 Max: 8343 Allocate: None
Required: 8343 Min: 0 Max: 8343 Allocate: 8343
Required: 8259 Min: 0 Max: 8337 Allocate: 8270
Required: 8245 Min: 0 Max: 8337 Allocate: 8328
Required: 8242 Min: 0 Max: 8337 Allocate: 8337
Required: 8236 Min: 0 Max: 8239 Allocate: 8239
Required: 8195 Min: 0 Max: 8204 Allocate: 8204
Required: 8189 Min: 0 Max: 8194 Allocate: 8194
Required: 8171 Min: 0 Max: 8187 Allocate: 8183
Required: 8152 Min: 0 Max: 8187 Allocate: 8163
Required: 8138 Min: 0 Max: 8187 Allocate: 8187
Required: 8137 Min: 0 Max: 8077 Allocate: None
Required: 8119 Min: 0 Max: 8077 Allocate: None
Required: 8117 Min: 0 Max: 8077 Allocate: None
Required: 8101 Min: 0 Max: 8077 Allocate: None
Required: 8030 Min: 0 Max: 8077 Allocate: 8033
Required: 8007 Min: 0 Max: 8077 Allocate: 8077
Required: 8002 Min: 0 Max: 8001 Allocate: None
Required: 7986 Min: 0 Max: 8001 Allocate: 7998
Required: 7985 Min: 0 Max: 8001 Allocate: 8001
Required: 7982 Min: 0 Max: 7981 Allocate: None
Required: 7952 Min: 0 Max: 7981 Allocate: 7981
Required: 7938 Min: 0 Max: 7946 Allocate: 7946
Required: 7908 Min: 0 Max: 7913 Allocate: 7912
Required: 7894 Min: 0 Max: 7913 Allocate: 7913
Required: 7809 Min: 0 Max: 7871 Allocate: 7815
Required: 7784 Min: 0 Max: 7871 Allocate: 7802
Required: 7778 Min: 0 Max: 7871 Allocate: 7783
Required: 7756 Min: 0 Max: 7871 Allocate: 7803
Required: 7725 Min: 0 Max: 7871 Allocate: 7828
Required: 7694 Min: 0 Max: 7871 Allocate: 7871
Required: 7683 Min: 0 Max: 7669 Allocate: None
Required: 7654 Min: 0 Max: 7669 Allocate: 7669
Required: 7654 Min: 0 Max: 7617 Allocate: None
Required: 7629 Min: 0 Max: 7617 Allocate: None
Required: 7626 Min: 0 Max: 7617 Allocate: None
Required: 7605 Min: 0 Max: 7617 Allocate: 7617
Required: 7580 Min: 0 Max: 7590 Allocate: 7590
Required: 7497 Min: 0 Max: 7579 Allocate: 7501
Required: 7490 Min: 0 Max: 7579 Allocate: 7491
Required: 7477 Min: 0 Max: 7579 Allocate: 7537
Required: 7474 Min: 0 Max: 7579 Allocate: 7541
Required: 7454 Min: 0 Max: 7579 Allocate: 7558
Required: 7430 Min: 0 Max: 7579 Allocate: 7442
Required: 7422 Min: 0 Max: 7579 Allocate: 7445
Required: 7410 Min: 0 Max: 7579 Allocate: 7448
Required: 7407 Min: 0 Max: 7579 Allocate: 7451
Required: 7389 Min: 0 Max: 7579 Allocate: 7579
Required: 7355 Min: 0 Max: 7377 Allocate: 7375
Required: 7343 Min: 0 Max: 7377 Allocate: 7351
Required: 7300 Min: 0 Max: 7377 Allocate: 7304
Required: 7291 Min: 0 Max: 7377 Allocate: 7294
Required: 7261 Min: 0 Max: 7377 Allocate: 7281
Required: 7219 Min: 0 Max: 7377 Allocate: 7223
Required: 7208 Min: 0 Max: 7377 Allocate: 7218
Required: 7162 Min: 0 Max: 7377 Allocate: 7234
Required: 7141 Min: 0 Max: 7377 Allocate: 7155
Required: 7099 Min: 0 Max: 7377 Allocate: 7112
Required: 7083 Min: 0 Max: 7377 Allocate: 7113
Required: 7072 Min: 0 Max: 7377 Allocate: 7125
Required: 7065 Min: 0 Max: 7377 Allocate: 7065
Required: 7053 Min: 0 Max: 7377 Allocate: 7069
Required: 7040 Min: 0 Max: 7377 Allocate: 7244
Required: 7034 Min: 0 Max: 7377 Allocate: 7256
Required: 7031 Min: 0 Max: 7377 Allocate: 7259
Required: 6959 Min: 0 Max: 7377 Allocate: 6976
Required: 6954 Min: 0 Max: 7377 Allocate: 7314
Required: 6940 Min: 0 Max: 7377 Allocate: 7337
Required: 6917 Min: 0 Max: 7377 Allocate: 7353
Required: 6909 Min: 0 Max: 7377 Allocate: 7377
Required: 6905 Min: 0 Max: 6894 Allocate: None
Required: 6852 Min: 0 Max: 6894 Allocate: 6856
Required: 6821 Min: 0 Max: 6894 Allocate: 6841
Required: 6805 Min: 0 Max: 6894 Allocate: 6806
Required: 6785 Min: 0 Max: 6894 Allocate: 6800
Required: 6756 Min: 0 Max: 6894 Allocate: 6767
Required: 6679 Min: 0 Max: 6894 Allocate: 6680
Required: 6674 Min: 0 Max: 6894 Allocate: 6682
Required: 6664 Min: 0 Max: 6894 Allocate: 6691
Required: 6664 Min: 0 Max: 6894 Allocate: 6694
Required: 6650 Min: 0 Max: 6894 Allocate: 6660
Required: 6640 Min: 0 Max: 6894 Allocate: 6699
Required: 6586 Min: 0 Max: 6894 Allocate: 6623
Required: 6549 Min: 0 Max: 6894 Allocate: 6584
Required: 6519 Min: 0 Max: 6894 Allocate: 6526
Required: 6455 Min: 0 Max: 6894 Allocate: 6471
Required: 6450 Min: 0 Max: 6894 Allocate: 6485
Required: 6446 Min: 0 Max: 6894 Allocate: 6497
Required: 6413 Min: 0 Max: 6894 Allocate: 6434
Required: 6407 Min: 0 Max: 6894 Allocate: 6501
Required: 6401 Min: 0 Max: 6894 Allocate: 6539
Required: 6381 Min: 0 Max: 6894 Allocate: 6384
Required: 6343 Min: 0 Max: 6894 Allocate: 6371
Required: 6333 Min: 0 Max: 6894 Allocate: 6390
Required: 6321 Min: 0 Max: 6894 Allocate: 6327
Required: 6300 Min: 0 Max: 6894 Allocate: 6312
Required: 6284 Min: 0 Max: 6894 Allocate: 6299
Required: 6242 Min: 0 Max: 6894 Allocate: 6243
Required: 6227 Min: 0 Max: 6894 Allocate: 6235
Required: 6182 Min: 0 Max: 6894 Allocate: 6191
Required: 6125 Min: 0 Max: 6894 Allocate: 6146
Required: 6114 Min: 0 Max: 6894 Allocate: 6208
Required: 6093 Min: 0 Max: 6894 Allocate: 6105
Required: 6067 Min: 0 Max: 6894 Allocate: 6077
Required: 6057 Min: 0 Max: 6894 Allocate: 6209
Required: 6050 Min: 0 Max: 6894 Allocate: 6050
Required: 6041 Min: 0 Max: 6894 Allocate: 6042
Required: 6035 Min: 0 Max: 6894 Allocate: 6046
Required: 6030 Min: 0 Max: 6894 Allocate: 6053
Required: 6011 Min: 0 Max: 6894 Allocate: 6025
Required: 5987 Min: 0 Max: 6894 Allocate: 6006
Required: 5980 Min: 0 Max: 6894 Allocate: 6027
Required: 5969 Min: 0 Max: 6894 Allocate: 6029
Required: 5925 Min: 0 Max: 6894 Allocate: 5944
Required: 5899 Min: 0 Max: 6894 Allocate: 5921
Required: 5890 Min: 0 Max: 6894 Allocate: 5962
Required: 5857 Min: 0 Max: 6894 Allocate: 5861
Required: 5818 Min: 0 Max: 6894 Allocate: 5847
Required: 5780 Min: 0 Max: 6894 Allocate: 5803
Required: 5771 Min: 0 Max: 6894 Allocate: 5773
Required: 5766 Min: 0 Max: 6894 Allocate: 5768
Required: 5679 Min: 0 Max: 6894 Allocate: 5682
Required: 5652 Min: 0 Max: 6894 Allocate: 5688
Required: 5652 Min: 0 Max: 6894 Allocate: 5698
Required: 5652 Min: 0 Max: 6894 Allocate: 5701
Required: 5574 Min: 0 Max: 6894 Allocate: 5579
Required: 5566 Min: 0 Max: 6894 Allocate: 5568
Required: 5556 Min: 0 Max: 6894 Allocate: 5587
Required: 5553 Min: 0 Max: 6894 Allocate: 5588
Required: 5549 Min: 0 Max: 6894 Allocate: 5549
Required: 5542 Min: 0 Max: 6894 Allocate: 5551
Required: 5532 Min: 0 Max: 6894 Allocate: 5594
Required: 5508 Min: 0 Max: 6894 Allocate: 5523
Required: 5492 Min: 0 Max: 6894 Allocate: 5620
Required: 5480 Min: 0 Max: 6894 Allocate: 5483
Required: 5477 Min: 0 Max: 6894 Allocate: 5487
Required: 5471 Min: 0 Max: 6894 Allocate: 5622
Required: 5464 Min: 0 Max: 6894 Allocate: 5647
Required: 5361 Min: 0 Max: 6894 Allocate: 5411
Required: 5322 Min: 0 Max: 6894 Allocate: 5336
Required: 5288 Min: 0 Max: 6894 Allocate: 5295
Required: 5286 Min: 0 Max: 6894 Allocate: 5302
Required: 5274 Min: 0 Max: 6894 Allocate: 5278
Required: 5248 Min: 0 Max: 6894 Allocate: 5252
Required: 5221 Min: 0 Max: 6894 Allocate: 5252
Required: 5191 Min: 0 Max: 6894 Allocate: 5201
Required: 5172 Min: 0 Max: 6894 Allocate: 5178
Required: 5164 Min: 0 Max: 6894 Allocate: 5266
Required: 5134 Min: 0 Max: 6894 Allocate: 5279
Required: 5132 Min: 0 Max: 6894 Allocate: 5309
Required: 5125 Min: 0 Max: 6894 Allocate: 5126
Required: 5118 Min: 0 Max: 6894 Allocate: 5118
Required: 5062 Min: 0 Max: 6894 Allocate: 5072
Required: 5014 Min: 0 Max: 6894 Allocate: 5014
Required: 4948 Min: 0 Max: 6894 Allocate: 5003
Required: 4870 Min: 0 Max: 6894 Allocate: 4873
Required: 4809 Min: 0 Max: 6894 Allocate: 4813
Required: 4788 Min: 0 Max: 6894 Allocate: 4788
Required: 4784 Min: 0 Max: 6894 Allocate: 4796
Required: 4784 Min: 0 Max: 6894 Allocate: 4797
Required: 4779 Min: 0 Max: 6894 Allocate: 4819
Required: 4743 Min: 0 Max: 6894 Allocate: 4765
Required: 4731 Min: 0 Max: 6894 Allocate: 4734
Required: 4718 Min: 0 Max: 6894 Allocate: 4727
Required: 4717 Min: 0 Max: 6894 Allocate: 4734
Required: 4706 Min: 0 Max: 6894 Allocate: 4710
Required: 4690 Min: 0 Max: 6894 Allocate: 4765
Required: 4682 Min: 0 Max: 6894 Allocate: 4776
Required: 4679 Min: 0 Max: 6894 Allocate: 4825
Required: 4663 Min: 0 Max: 6894 Allocate: 4851
Required: 4615 Min: 0 Max: 6894 Allocate: 4616
Required: 4614 Min: 0 Max: 6894 Allocate: 4643
Required: 4609 Min: 0 Max: 6894 Allocate: 4647
Required: 4578 Min: 0 Max: 6894 Allocate: 4586
Required: 4564 Min: 0 Max: 6894 Allocate: 4574
Required: 4531 Min: 0 Max: 6894 Allocate: 4538
Required: 4423 Min: 0 Max: 6894 Allocate: 4452
Required: 4422 Min: 0 Max: 6894 Allocate: 4422
Required: 4417 Min: 0 Max: 6894 Allocate: 4453
Required: 4417 Min: 0 Max: 6894 Allocate: 4454
Required: 4406 Min: 0 Max: 6894 Allocate: 4455
Required: 4394 Min: 0 Max: 6894 Allocate: 4395
Required: 4382 Min: 0 Max: 6894 Allocate: 4383
Required: 4381 Min: 0 Max: 6894 Allocate: 4381
Required: 4381 Min: 0 Max: 6894 Allocate: 4397
Required: 4373 Min: 0 Max: 6894 Allocate: 4376
Required: 4327 Min: 0 Max: 6894 Allocate: 4330
Required: 4305 Min: 0 Max: 6894 Allocate: 4305
Required: 4302 Min: 0 Max: 6894 Allocate: 4302
Required: 4297 Min: 0 Max: 6894 Allocate: 4302
Required: 4272 Min: 0 Max: 6894 Allocate: 4272
Required: 4265 Min: 0 Max: 6894 Allocate: 4266
Required: 4243 Min: 0 Max: 6894 Allocate: 4273
Required: 4238 Min: 0 Max: 6894 Allocate: 4277
Required: 4200 Min: 0 Max: 6894 Allocate: 4204
Required: 4199 Min: 0 Max: 6894 Allocate: 4211
Required: 4169 Min: 0 Max: 6894 Allocate: 4169
Required: 4133 Min: 0 Max: 6894 Allocate: 4149
Required: 4034 Min: 0 Max: 6894 Allocate: 4037
Allocation accuracy new method: 311
views wasted:355
limit 1 to 1
/tmp/1619344183518.txt
Allocation accuracy: 186
limit 2 to 5
/tmp/1619344191271.txt
Allocation accuracy: 688
###############     ARGUMENTS     ############
['plot_results.py', 'patterns/TIK1.txt', 'dataset/T40I10D100K.txt', '700', '11000', '7000']
##############################################
web_page_to_adv_json_file : ./1619340633211.json
allocated_adslots_file: ./1619340633216.json
ALLOCATING WITH OUR NEW METHOD: 700
AD REPEATABILITY OF OUR NEW METHOD : 700
0.00315

ALLOCATING WITH OUR OLD METHOD: 700
AD REPEATABILITY OF ONE-SLOT METHOD : 700
0.00355

[One slot] ALLOCATING WITH RANDOM METHOD: 700
AD REPEATABILITY OF RANDOM METHOD: 700
1.23808

[Multi slots] ALLOCATING WITH RANDOM METHOD: 700
AD REPEATABILITY OF RANDOM METHOD: 700
4.88423

allocated
{'VFS_one_method': [187], 'VFS_multi_method': [688], 'new_method': [595], 'oneslot_method': [311]}
adrepp
{'VFS_one_method': ['1.23808'], 'VFS_multi_method': ['4.88423'], 'new_method': ['0.00315'], 'oneslot_method': ['0.00355']}
revenue
{'VFS_one_method': [2060107], 'VFS_multi_method': [7720850], 'new_method': [6266677], 'oneslot_method': [2601555]}
