==========================================
SLURM_JOB_ID = 374396
SLURM_NODELIST = gnode53
SLURM_JOB_GPUS = 
==========================================
Loaded all files
got patterns
(28738, 502)
Allocation accuracy new method: 342
views wasted:0
Loaded all files
got patterns
(28738, 502)
Allocation accuracy new method: 307
views wasted:0
limit 1 to 5
/tmp/1619202277390.txt
Allocation accuracy: 367
limit 1 to 5
/tmp/1619202294513.txt
Allocation accuracy: 486
###############     ARGUMENTS     ############
['plot_results.py', 'patterns/TIK1.txt', 'dataset/T40I10D100K.txt', '500', '15000', '8000']
##############################################
web_page_to_adv_json_file : ./1619201993320.json
allocated_adslots_file: ./1619201993324.json
ALLOCATING WITH OUR NEW METHOD: 500
AD REPEATABILITY OF OUR NEW METHOD : 500
0.0

ALLOCATING WITH OUR OLD METHOD: 500
AD REPEATABILITY OF ONE-SLOT METHOD : 500
0.0

[One slot] ALLOCATING WITH RANDOM METHOD: 500
AD REPEATABILITY OF RANDOM METHOD: 500
4.69102

[Multi slots] ALLOCATING WITH RANDOM METHOD: 500
AD REPEATABILITY OF RANDOM METHOD: 500
6.17175

allocated
{'VFS_one_method': [367], 'VFS_multi_method': [486], 'new_method': [342], 'oneslot_method': [307]}
adrepp
{'VFS_one_method': ['4.69102'], 'VFS_multi_method': ['6.17175'], 'new_method': ['0.0'], 'oneslot_method': ['0.0']}
revenue
{'VFS_one_method': [5439652], 'VFS_multi_method': [7225101], 'new_method': [4421176], 'oneslot_method': [3855147]}
